--------------- Clean Started: 11/02/2017 18:53:42 Project: Node-Elephant, Configuration: ARM GCC 5.4-2016-q2-update Debug ---------------
Deleting file ".\CortexM3\ARM_GCC_541\Debug\EEPROM_util.o"
Deleting file ".\CortexM3\ARM_GCC_541\Debug\main.o"
Deleting file ".\CortexM3\ARM_GCC_541\Debug\cyfitter_cfg.o"
Deleting file ".\CortexM3\ARM_GCC_541\Debug\cymetadata.o"
Deleting file ".\CortexM3\ARM_GCC_541\Debug\EEPROM.o"
Deleting file ".\CortexM3\ARM_GCC_541\Debug\LCD.o"
Deleting file ".\CortexM3\ARM_GCC_541\Debug\LCD_PM.o"
Deleting file ".\CortexM3\ARM_GCC_541\Debug\ADC_SAR.o"
Deleting file ".\CortexM3\ARM_GCC_541\Debug\ADC_SAR_PM.o"
Deleting file ".\CortexM3\ARM_GCC_541\Debug\ADC_SAR_INT.o"
Deleting file ".\CortexM3\ARM_GCC_541\Debug\LCD_LCDPort.o"
Deleting file ".\CortexM3\ARM_GCC_541\Debug\ADC_SAR_SAR.o"
Deleting file ".\CortexM3\ARM_GCC_541\Debug\ADC_SAR_SAR_INT.o"
Deleting file ".\CortexM3\ARM_GCC_541\Debug\ADC_SAR_SAR_PM.o"
Deleting file ".\CortexM3\ARM_GCC_541\Debug\ADC_SAR_IntClock.o"
Deleting file ".\CortexM3\ARM_GCC_541\Debug\ADC_SAR_TempBuf_dma.o"
Deleting file ".\CortexM3\ARM_GCC_541\Debug\ADC_SAR_FinalBuf_dma.o"
Deleting file ".\CortexM3\ARM_GCC_541\Debug\ADC_SAR_IRQ.o"
Deleting file ".\CortexM3\ARM_GCC_541\Debug\Cm3Start.o"
Deleting file ".\CortexM3\ARM_GCC_541\Debug\CyBootAsmGnu.o"
Deleting file ".\CortexM3\ARM_GCC_541\Debug\CyDmac.o"
Deleting file ".\CortexM3\ARM_GCC_541\Debug\CyFlash.o"
Deleting file ".\CortexM3\ARM_GCC_541\Debug\CyLib.o"
Deleting file ".\CortexM3\ARM_GCC_541\Debug\cyPm.o"
Deleting file ".\CortexM3\ARM_GCC_541\Debug\CySpc.o"
Deleting file ".\CortexM3\ARM_GCC_541\Debug\cyutils.o"
Deleting file ".\CortexM3\ARM_GCC_541\Debug\Brake_2.o"
Deleting file ".\CortexM3\ARM_GCC_541\Debug\Brake_1.o"
Deleting file ".\CortexM3\ARM_GCC_541\Debug\Throttle_2.o"
Deleting file ".\CortexM3\ARM_GCC_541\Debug\Throttle_1.o"
Deleting file ".\CortexM3\ARM_GCC_541\Debug\Steering.o"
Deleting file ".\CortexM3\ARM_GCC_541\Debug\Button.o"
Deleting file ".\CortexM3\ARM_GCC_541\Debug\LED.o"
Deleting file ".\CortexM3\ARM_GCC_541\Debug\Rx_1.o"
Deleting file ".\CortexM3\ARM_GCC_541\Debug\Tx_1.o"
Deleting file ".\CortexM3\ARM_GCC_541\Debug\CAN.o"
Deleting file ".\CortexM3\ARM_GCC_541\Debug\CAN_INT.o"
Deleting file ".\CortexM3\ARM_GCC_541\Debug\CAN_PM.o"
Deleting file ".\CortexM3\ARM_GCC_541\Debug\CAN_TX_RX_func.o"
Deleting file ".\CortexM3\ARM_GCC_541\Debug\EEPROM_ERROR_LED.o"
Deleting file ".\CortexM3\ARM_GCC_541\Debug\isr_calibration.o"
Deleting file ".\CortexM3\ARM_GCC_541\Debug\CAN_timer.o"
Deleting file ".\CortexM3\ARM_GCC_541\Debug\CAN_timer_PM.o"
Deleting file ".\CortexM3\ARM_GCC_541\Debug\CAN_timer_clock.o"
Deleting file ".\CortexM3\ARM_GCC_541\Debug\isr_CAN.o"
Deleting file ".\CortexM3\ARM_GCC_541\Debug\isr_start.o"
Deleting file ".\CortexM3\ARM_GCC_541\Debug\Start_button.o"
Deleting file ".\CortexM3\ARM_GCC_541\Debug\USBUART.o"
Deleting file ".\CortexM3\ARM_GCC_541\Debug\USBUART_audio.o"
Deleting file ".\CortexM3\ARM_GCC_541\Debug\USBUART_boot.o"
Deleting file ".\CortexM3\ARM_GCC_541\Debug\USBUART_cdc.o"
Deleting file ".\CortexM3\ARM_GCC_541\Debug\USBUART_cls.o"
Deleting file ".\CortexM3\ARM_GCC_541\Debug\USBUART_descr.o"
Deleting file ".\CortexM3\ARM_GCC_541\Debug\USBUART_drv.o"
Deleting file ".\CortexM3\ARM_GCC_541\Debug\USBUART_episr.o"
Deleting file ".\CortexM3\ARM_GCC_541\Debug\USBUART_hid.o"
Deleting file ".\CortexM3\ARM_GCC_541\Debug\USBUART_pm.o"
Deleting file ".\CortexM3\ARM_GCC_541\Debug\USBUART_std.o"
Deleting file ".\CortexM3\ARM_GCC_541\Debug\USBUART_vnd.o"
Deleting file ".\CortexM3\ARM_GCC_541\Debug\USBUART_midi.o"
Deleting file ".\CortexM3\ARM_GCC_541\Debug\USBUART_msc.o"
Deleting file ".\CortexM3\ARM_GCC_541\Debug\USBUART_Dm.o"
Deleting file ".\CortexM3\ARM_GCC_541\Debug\USBUART_Dp.o"
Deleting file ".\CortexM3\ARM_GCC_541\Debug\SwClk.o"
Deleting file ".\CortexM3\ARM_GCC_541\Debug\Start_Reset.o"
Deleting file ".\CortexM3\ARM_GCC_541\Debug\Start_Reset_PM.o"
Deleting file ".\CortexM3\ARM_GCC_541\Debug\Neutral_button.o"
Deleting file ".\CortexM3\ARM_GCC_541\Debug\isr_neutral.o"
Deleting file ".\CortexM3\ARM_GCC_541\Debug\SwClk_1.o"
Deleting file ".\CortexM3\ARM_GCC_541\Debug\Neutral_Reset.o"
Deleting file ".\CortexM3\ARM_GCC_541\Debug\Neutral_Reset_PM.o"
Deleting file ".\CortexM3\ARM_GCC_541\Debug\timer_clock.o"
Deleting file ".\CortexM3\ARM_GCC_541\Debug\cali_timer.o"
Deleting file ".\CortexM3\ARM_GCC_541\Debug\cali_timer_PM.o"
Deleting file ".\CortexM3\ARM_GCC_541\Debug\isr_cali_done.o"
Deleting file ".\CortexM3\ARM_GCC_541\Debug\Node-Elephant.hex"
Deleting file ".\CortexM3\ARM_GCC_541\Debug\Node-Elephant.elf"
Deleting file ".\CortexM3\ARM_GCC_541\Debug\Node-Elephant.map"
Deleting file ".\Node-Elephant.cycdx"
Deleting file ".\Node-Elephant.svd"
Deleting file ".\Node-Elephant.rpt"
Deleting file ".\Node-Elephant_timing.html"
Deleting file ".\CortexM3\ARM_GCC_541\Debug\.deps\SOURCE_C__ARM_GCC_GENERIC.P"
Deleting file ".\CortexM3\ARM_GCC_541\Debug\.deps\SOURCE_ASM__ARM_GCC_GENERIC.P"
--------------- Clean Succeeded: 11/02/2017 18:53:42 ---------------
