ARM GAS  C:\Users\CHAIYA~1\AppData\Local\Temp\cc6yFzMA.s 			page 1


   1              		.syntax unified
   2              		.cpu cortex-m3
   3              		.fpu softvfp
   4              		.eabi_attribute 20, 1
   5              		.eabi_attribute 21, 1
   6              		.eabi_attribute 23, 3
   7              		.eabi_attribute 24, 1
   8              		.eabi_attribute 25, 1
   9              		.eabi_attribute 26, 1
  10              		.eabi_attribute 30, 6
  11              		.eabi_attribute 34, 1
  12              		.eabi_attribute 18, 4
  13              		.thumb
  14              		.file	"ADC_SAR_FinalBuf_dma.c"
  15              		.text
  16              	.Ltext0:
  17              		.cfi_sections	.debug_frame
  18              		.global	ADC_SAR_FinalBuf_DmaHandle
  19              		.data
  20              		.type	ADC_SAR_FinalBuf_DmaHandle, %object
  21              		.size	ADC_SAR_FinalBuf_DmaHandle, 1
  22              	ADC_SAR_FinalBuf_DmaHandle:
  23 0000 FF       		.byte	-1
  24              		.section	.text.ADC_SAR_FinalBuf_DmaInitialize,"ax",%progbits
  25              		.align	2
  26              		.global	ADC_SAR_FinalBuf_DmaInitialize
  27              		.thumb
  28              		.thumb_func
  29              		.type	ADC_SAR_FinalBuf_DmaInitialize, %function
  30              	ADC_SAR_FinalBuf_DmaInitialize:
  31              	.LFB0:
  32              		.file 1 ".\\Generated_Source\\PSoC5\\ADC_SAR_FinalBuf_dma.c"
   1:.\Generated_Source\PSoC5/ADC_SAR_FinalBuf_dma.c **** /***************************************************************************
   2:.\Generated_Source\PSoC5/ADC_SAR_FinalBuf_dma.c **** * File Name: ADC_SAR_FinalBuf_dma.c  
   3:.\Generated_Source\PSoC5/ADC_SAR_FinalBuf_dma.c **** * Version 1.70
   4:.\Generated_Source\PSoC5/ADC_SAR_FinalBuf_dma.c **** *
   5:.\Generated_Source\PSoC5/ADC_SAR_FinalBuf_dma.c **** *  Description:
   6:.\Generated_Source\PSoC5/ADC_SAR_FinalBuf_dma.c **** *   Provides an API for the DMAC component. The API includes functions
   7:.\Generated_Source\PSoC5/ADC_SAR_FinalBuf_dma.c **** *   for the DMA controller, DMA channels and Transfer Descriptors.
   8:.\Generated_Source\PSoC5/ADC_SAR_FinalBuf_dma.c **** *
   9:.\Generated_Source\PSoC5/ADC_SAR_FinalBuf_dma.c **** *
  10:.\Generated_Source\PSoC5/ADC_SAR_FinalBuf_dma.c **** *   Note:
  11:.\Generated_Source\PSoC5/ADC_SAR_FinalBuf_dma.c **** *     This module requires the developer to finish or fill in the auto
  12:.\Generated_Source\PSoC5/ADC_SAR_FinalBuf_dma.c **** *     generated funcions and setup the dma channel and TD's.
  13:.\Generated_Source\PSoC5/ADC_SAR_FinalBuf_dma.c **** *
  14:.\Generated_Source\PSoC5/ADC_SAR_FinalBuf_dma.c **** ********************************************************************************
  15:.\Generated_Source\PSoC5/ADC_SAR_FinalBuf_dma.c **** * Copyright 2008-2010, Cypress Semiconductor Corporation.  All rights reserved.
  16:.\Generated_Source\PSoC5/ADC_SAR_FinalBuf_dma.c **** * You may use this file only in accordance with the license, terms, conditions, 
  17:.\Generated_Source\PSoC5/ADC_SAR_FinalBuf_dma.c **** * disclaimers, and limitations in the end user license agreement accompanying 
  18:.\Generated_Source\PSoC5/ADC_SAR_FinalBuf_dma.c **** * the software package with which this file was provided.
  19:.\Generated_Source\PSoC5/ADC_SAR_FinalBuf_dma.c **** ********************************************************************************/
  20:.\Generated_Source\PSoC5/ADC_SAR_FinalBuf_dma.c **** #include <CYLIB.H>
  21:.\Generated_Source\PSoC5/ADC_SAR_FinalBuf_dma.c **** #include <CYDMAC.H>
  22:.\Generated_Source\PSoC5/ADC_SAR_FinalBuf_dma.c **** #include <ADC_SAR_FinalBuf_dma.H>
  23:.\Generated_Source\PSoC5/ADC_SAR_FinalBuf_dma.c **** 
  24:.\Generated_Source\PSoC5/ADC_SAR_FinalBuf_dma.c **** 
  25:.\Generated_Source\PSoC5/ADC_SAR_FinalBuf_dma.c **** 
ARM GAS  C:\Users\CHAIYA~1\AppData\Local\Temp\cc6yFzMA.s 			page 2


  26:.\Generated_Source\PSoC5/ADC_SAR_FinalBuf_dma.c **** /****************************************************************************
  27:.\Generated_Source\PSoC5/ADC_SAR_FinalBuf_dma.c **** * 
  28:.\Generated_Source\PSoC5/ADC_SAR_FinalBuf_dma.c **** * The following defines are available in Cyfitter.h
  29:.\Generated_Source\PSoC5/ADC_SAR_FinalBuf_dma.c **** * 
  30:.\Generated_Source\PSoC5/ADC_SAR_FinalBuf_dma.c **** * 
  31:.\Generated_Source\PSoC5/ADC_SAR_FinalBuf_dma.c **** * 
  32:.\Generated_Source\PSoC5/ADC_SAR_FinalBuf_dma.c **** * ADC_SAR_FinalBuf__DRQ_CTL_REG
  33:.\Generated_Source\PSoC5/ADC_SAR_FinalBuf_dma.c **** * 
  34:.\Generated_Source\PSoC5/ADC_SAR_FinalBuf_dma.c **** * 
  35:.\Generated_Source\PSoC5/ADC_SAR_FinalBuf_dma.c **** * ADC_SAR_FinalBuf__DRQ_NUMBER
  36:.\Generated_Source\PSoC5/ADC_SAR_FinalBuf_dma.c **** * 
  37:.\Generated_Source\PSoC5/ADC_SAR_FinalBuf_dma.c **** * Number of TD's used by this channel.
  38:.\Generated_Source\PSoC5/ADC_SAR_FinalBuf_dma.c **** * ADC_SAR_FinalBuf__NUMBEROF_TDS
  39:.\Generated_Source\PSoC5/ADC_SAR_FinalBuf_dma.c **** * 
  40:.\Generated_Source\PSoC5/ADC_SAR_FinalBuf_dma.c **** * Priority of this channel.
  41:.\Generated_Source\PSoC5/ADC_SAR_FinalBuf_dma.c **** * ADC_SAR_FinalBuf__PRIORITY
  42:.\Generated_Source\PSoC5/ADC_SAR_FinalBuf_dma.c **** * 
  43:.\Generated_Source\PSoC5/ADC_SAR_FinalBuf_dma.c **** * True if ADC_SAR_FinalBuf_TERMIN_SEL is used.
  44:.\Generated_Source\PSoC5/ADC_SAR_FinalBuf_dma.c **** * ADC_SAR_FinalBuf__TERMIN_EN
  45:.\Generated_Source\PSoC5/ADC_SAR_FinalBuf_dma.c **** * 
  46:.\Generated_Source\PSoC5/ADC_SAR_FinalBuf_dma.c **** * TERMIN interrupt line to signal terminate.
  47:.\Generated_Source\PSoC5/ADC_SAR_FinalBuf_dma.c **** * ADC_SAR_FinalBuf__TERMIN_SEL
  48:.\Generated_Source\PSoC5/ADC_SAR_FinalBuf_dma.c **** * 
  49:.\Generated_Source\PSoC5/ADC_SAR_FinalBuf_dma.c **** * 
  50:.\Generated_Source\PSoC5/ADC_SAR_FinalBuf_dma.c **** * True if ADC_SAR_FinalBuf_TERMOUT0_SEL is used.
  51:.\Generated_Source\PSoC5/ADC_SAR_FinalBuf_dma.c **** * ADC_SAR_FinalBuf__TERMOUT0_EN
  52:.\Generated_Source\PSoC5/ADC_SAR_FinalBuf_dma.c **** * 
  53:.\Generated_Source\PSoC5/ADC_SAR_FinalBuf_dma.c **** * 
  54:.\Generated_Source\PSoC5/ADC_SAR_FinalBuf_dma.c **** * TERMOUT0 interrupt line to signal completion.
  55:.\Generated_Source\PSoC5/ADC_SAR_FinalBuf_dma.c **** * ADC_SAR_FinalBuf__TERMOUT0_SEL
  56:.\Generated_Source\PSoC5/ADC_SAR_FinalBuf_dma.c **** * 
  57:.\Generated_Source\PSoC5/ADC_SAR_FinalBuf_dma.c **** * 
  58:.\Generated_Source\PSoC5/ADC_SAR_FinalBuf_dma.c **** * True if ADC_SAR_FinalBuf_TERMOUT1_SEL is used.
  59:.\Generated_Source\PSoC5/ADC_SAR_FinalBuf_dma.c **** * ADC_SAR_FinalBuf__TERMOUT1_EN
  60:.\Generated_Source\PSoC5/ADC_SAR_FinalBuf_dma.c **** * 
  61:.\Generated_Source\PSoC5/ADC_SAR_FinalBuf_dma.c **** * 
  62:.\Generated_Source\PSoC5/ADC_SAR_FinalBuf_dma.c **** * TERMOUT1 interrupt line to signal completion.
  63:.\Generated_Source\PSoC5/ADC_SAR_FinalBuf_dma.c **** * ADC_SAR_FinalBuf__TERMOUT1_SEL
  64:.\Generated_Source\PSoC5/ADC_SAR_FinalBuf_dma.c **** * 
  65:.\Generated_Source\PSoC5/ADC_SAR_FinalBuf_dma.c **** ****************************************************************************/
  66:.\Generated_Source\PSoC5/ADC_SAR_FinalBuf_dma.c **** 
  67:.\Generated_Source\PSoC5/ADC_SAR_FinalBuf_dma.c **** 
  68:.\Generated_Source\PSoC5/ADC_SAR_FinalBuf_dma.c **** /* Zero based index of ADC_SAR_FinalBuf dma channel */
  69:.\Generated_Source\PSoC5/ADC_SAR_FinalBuf_dma.c **** uint8 ADC_SAR_FinalBuf_DmaHandle = DMA_INVALID_CHANNEL;
  70:.\Generated_Source\PSoC5/ADC_SAR_FinalBuf_dma.c **** 
  71:.\Generated_Source\PSoC5/ADC_SAR_FinalBuf_dma.c **** /*********************************************************************
  72:.\Generated_Source\PSoC5/ADC_SAR_FinalBuf_dma.c **** * Function Name: uint8 ADC_SAR_FinalBuf_DmaInitalize
  73:.\Generated_Source\PSoC5/ADC_SAR_FinalBuf_dma.c **** **********************************************************************
  74:.\Generated_Source\PSoC5/ADC_SAR_FinalBuf_dma.c **** * Summary:
  75:.\Generated_Source\PSoC5/ADC_SAR_FinalBuf_dma.c **** *   Allocates and initialises a channel of the DMAC to be used by the
  76:.\Generated_Source\PSoC5/ADC_SAR_FinalBuf_dma.c **** *   caller.
  77:.\Generated_Source\PSoC5/ADC_SAR_FinalBuf_dma.c **** *
  78:.\Generated_Source\PSoC5/ADC_SAR_FinalBuf_dma.c **** * Parameters:
  79:.\Generated_Source\PSoC5/ADC_SAR_FinalBuf_dma.c **** *   BurstCount.
  80:.\Generated_Source\PSoC5/ADC_SAR_FinalBuf_dma.c **** *       
  81:.\Generated_Source\PSoC5/ADC_SAR_FinalBuf_dma.c **** *       
  82:.\Generated_Source\PSoC5/ADC_SAR_FinalBuf_dma.c **** *   ReqestPerBurst.
ARM GAS  C:\Users\CHAIYA~1\AppData\Local\Temp\cc6yFzMA.s 			page 3


  83:.\Generated_Source\PSoC5/ADC_SAR_FinalBuf_dma.c **** *       
  84:.\Generated_Source\PSoC5/ADC_SAR_FinalBuf_dma.c **** *       
  85:.\Generated_Source\PSoC5/ADC_SAR_FinalBuf_dma.c **** *   UpperSrcAddress.
  86:.\Generated_Source\PSoC5/ADC_SAR_FinalBuf_dma.c **** *       
  87:.\Generated_Source\PSoC5/ADC_SAR_FinalBuf_dma.c **** *       
  88:.\Generated_Source\PSoC5/ADC_SAR_FinalBuf_dma.c **** *   UpperDestAddress.
  89:.\Generated_Source\PSoC5/ADC_SAR_FinalBuf_dma.c **** *       
  90:.\Generated_Source\PSoC5/ADC_SAR_FinalBuf_dma.c **** *
  91:.\Generated_Source\PSoC5/ADC_SAR_FinalBuf_dma.c **** * Return:
  92:.\Generated_Source\PSoC5/ADC_SAR_FinalBuf_dma.c **** *   The channel that can be used by the caller for DMA activity.
  93:.\Generated_Source\PSoC5/ADC_SAR_FinalBuf_dma.c **** *   DMA_INVALID_CHANNEL (0xFF) if there are no channels left. 
  94:.\Generated_Source\PSoC5/ADC_SAR_FinalBuf_dma.c **** *
  95:.\Generated_Source\PSoC5/ADC_SAR_FinalBuf_dma.c **** *
  96:.\Generated_Source\PSoC5/ADC_SAR_FinalBuf_dma.c **** *******************************************************************/
  97:.\Generated_Source\PSoC5/ADC_SAR_FinalBuf_dma.c **** uint8 ADC_SAR_FinalBuf_DmaInitialize(uint8 BurstCount, uint8 ReqestPerBurst, uint16 UpperSrcAddress
  98:.\Generated_Source\PSoC5/ADC_SAR_FinalBuf_dma.c **** {
  33              		.loc 1 98 0
  34              		.cfi_startproc
  35              		@ args = 0, pretend = 0, frame = 8
  36              		@ frame_needed = 1, uses_anonymous_args = 0
  37 0000 80B5     		push	{r7, lr}
  38              		.cfi_def_cfa_offset 8
  39              		.cfi_offset 7, -8
  40              		.cfi_offset 14, -4
  41 0002 84B0     		sub	sp, sp, #16
  42              		.cfi_def_cfa_offset 24
  43 0004 02AF     		add	r7, sp, #8
  44              		.cfi_def_cfa 7, 16
  45 0006 F871     		strb	r0, [r7, #7]
  46 0008 B971     		strb	r1, [r7, #6]
  47 000a BA80     		strh	r2, [r7, #4]	@ movhi
  48 000c 7B80     		strh	r3, [r7, #2]	@ movhi
  99:.\Generated_Source\PSoC5/ADC_SAR_FinalBuf_dma.c **** 
 100:.\Generated_Source\PSoC5/ADC_SAR_FinalBuf_dma.c ****     /* Allocate a DMA channel. */
 101:.\Generated_Source\PSoC5/ADC_SAR_FinalBuf_dma.c ****     ADC_SAR_FinalBuf_DmaHandle = (uint8)ADC_SAR_FinalBuf__DRQ_NUMBER;
  49              		.loc 1 101 0
  50 000e 134B     		ldr	r3, .L3
  51 0010 0022     		movs	r2, #0
  52 0012 1A70     		strb	r2, [r3]
 102:.\Generated_Source\PSoC5/ADC_SAR_FinalBuf_dma.c **** 
 103:.\Generated_Source\PSoC5/ADC_SAR_FinalBuf_dma.c ****     /* Configure the channel. */
 104:.\Generated_Source\PSoC5/ADC_SAR_FinalBuf_dma.c ****     (void)CyDmaChSetConfiguration(ADC_SAR_FinalBuf_DmaHandle,
  53              		.loc 1 104 0
  54 0014 114B     		ldr	r3, .L3
  55 0016 1978     		ldrb	r1, [r3]	@ zero_extendqisi2
  56 0018 FA79     		ldrb	r2, [r7, #7]	@ zero_extendqisi2
  57 001a BB79     		ldrb	r3, [r7, #6]	@ zero_extendqisi2
  58 001c 0020     		movs	r0, #0
  59 001e 0090     		str	r0, [sp]
  60 0020 0020     		movs	r0, #0
  61 0022 0190     		str	r0, [sp, #4]
  62 0024 0846     		mov	r0, r1
  63 0026 1146     		mov	r1, r2
  64 0028 1A46     		mov	r2, r3
  65 002a 0023     		movs	r3, #0
  66 002c FFF7FEFF 		bl	CyDmaChSetConfiguration
 105:.\Generated_Source\PSoC5/ADC_SAR_FinalBuf_dma.c ****                                   BurstCount,
ARM GAS  C:\Users\CHAIYA~1\AppData\Local\Temp\cc6yFzMA.s 			page 4


 106:.\Generated_Source\PSoC5/ADC_SAR_FinalBuf_dma.c ****                                   ReqestPerBurst,
 107:.\Generated_Source\PSoC5/ADC_SAR_FinalBuf_dma.c ****                                   (uint8)ADC_SAR_FinalBuf__TERMOUT0_SEL,
 108:.\Generated_Source\PSoC5/ADC_SAR_FinalBuf_dma.c ****                                   (uint8)ADC_SAR_FinalBuf__TERMOUT1_SEL,
 109:.\Generated_Source\PSoC5/ADC_SAR_FinalBuf_dma.c ****                                   (uint8)ADC_SAR_FinalBuf__TERMIN_SEL);
 110:.\Generated_Source\PSoC5/ADC_SAR_FinalBuf_dma.c **** 
 111:.\Generated_Source\PSoC5/ADC_SAR_FinalBuf_dma.c ****     /* Set the extended address for the transfers */
 112:.\Generated_Source\PSoC5/ADC_SAR_FinalBuf_dma.c ****     (void)CyDmaChSetExtendedAddress(ADC_SAR_FinalBuf_DmaHandle, UpperSrcAddress, UpperDestAddress);
  67              		.loc 1 112 0
  68 0030 0A4B     		ldr	r3, .L3
  69 0032 1978     		ldrb	r1, [r3]	@ zero_extendqisi2
  70 0034 BA88     		ldrh	r2, [r7, #4]
  71 0036 7B88     		ldrh	r3, [r7, #2]
  72 0038 0846     		mov	r0, r1
  73 003a 1146     		mov	r1, r2
  74 003c 1A46     		mov	r2, r3
  75 003e FFF7FEFF 		bl	CyDmaChSetExtendedAddress
 113:.\Generated_Source\PSoC5/ADC_SAR_FinalBuf_dma.c **** 
 114:.\Generated_Source\PSoC5/ADC_SAR_FinalBuf_dma.c ****     /* Set the priority for this channel */
 115:.\Generated_Source\PSoC5/ADC_SAR_FinalBuf_dma.c ****     (void)CyDmaChPriority(ADC_SAR_FinalBuf_DmaHandle, (uint8)ADC_SAR_FinalBuf__PRIORITY);
  76              		.loc 1 115 0
  77 0042 064B     		ldr	r3, .L3
  78 0044 1B78     		ldrb	r3, [r3]	@ zero_extendqisi2
  79 0046 1846     		mov	r0, r3
  80 0048 0221     		movs	r1, #2
  81 004a FFF7FEFF 		bl	CyDmaChPriority
 116:.\Generated_Source\PSoC5/ADC_SAR_FinalBuf_dma.c ****     
 117:.\Generated_Source\PSoC5/ADC_SAR_FinalBuf_dma.c ****     return ADC_SAR_FinalBuf_DmaHandle;
  82              		.loc 1 117 0
  83 004e 034B     		ldr	r3, .L3
  84 0050 1B78     		ldrb	r3, [r3]	@ zero_extendqisi2
 118:.\Generated_Source\PSoC5/ADC_SAR_FinalBuf_dma.c **** }
  85              		.loc 1 118 0
  86 0052 1846     		mov	r0, r3
  87 0054 0837     		adds	r7, r7, #8
  88 0056 BD46     		mov	sp, r7
  89              		@ sp needed
  90 0058 80BD     		pop	{r7, pc}
  91              	.L4:
  92 005a 00BF     		.align	2
  93              	.L3:
  94 005c 00000000 		.word	ADC_SAR_FinalBuf_DmaHandle
  95              		.cfi_endproc
  96              	.LFE0:
  97              		.size	ADC_SAR_FinalBuf_DmaInitialize, .-ADC_SAR_FinalBuf_DmaInitialize
  98              		.section	.text.ADC_SAR_FinalBuf_DmaRelease,"ax",%progbits
  99              		.align	2
 100              		.global	ADC_SAR_FinalBuf_DmaRelease
 101              		.thumb
 102              		.thumb_func
 103              		.type	ADC_SAR_FinalBuf_DmaRelease, %function
 104              	ADC_SAR_FinalBuf_DmaRelease:
 105              	.LFB1:
 119:.\Generated_Source\PSoC5/ADC_SAR_FinalBuf_dma.c **** 
 120:.\Generated_Source\PSoC5/ADC_SAR_FinalBuf_dma.c **** /*********************************************************************
 121:.\Generated_Source\PSoC5/ADC_SAR_FinalBuf_dma.c **** * Function Name: void ADC_SAR_FinalBuf_DmaRelease
 122:.\Generated_Source\PSoC5/ADC_SAR_FinalBuf_dma.c **** **********************************************************************
 123:.\Generated_Source\PSoC5/ADC_SAR_FinalBuf_dma.c **** * Summary:
ARM GAS  C:\Users\CHAIYA~1\AppData\Local\Temp\cc6yFzMA.s 			page 5


 124:.\Generated_Source\PSoC5/ADC_SAR_FinalBuf_dma.c **** *   Frees the channel associated with ADC_SAR_FinalBuf.
 125:.\Generated_Source\PSoC5/ADC_SAR_FinalBuf_dma.c **** *
 126:.\Generated_Source\PSoC5/ADC_SAR_FinalBuf_dma.c **** *
 127:.\Generated_Source\PSoC5/ADC_SAR_FinalBuf_dma.c **** * Parameters:
 128:.\Generated_Source\PSoC5/ADC_SAR_FinalBuf_dma.c **** *   void.
 129:.\Generated_Source\PSoC5/ADC_SAR_FinalBuf_dma.c **** *
 130:.\Generated_Source\PSoC5/ADC_SAR_FinalBuf_dma.c **** *
 131:.\Generated_Source\PSoC5/ADC_SAR_FinalBuf_dma.c **** *
 132:.\Generated_Source\PSoC5/ADC_SAR_FinalBuf_dma.c **** * Return:
 133:.\Generated_Source\PSoC5/ADC_SAR_FinalBuf_dma.c **** *   void.
 134:.\Generated_Source\PSoC5/ADC_SAR_FinalBuf_dma.c **** *
 135:.\Generated_Source\PSoC5/ADC_SAR_FinalBuf_dma.c **** *******************************************************************/
 136:.\Generated_Source\PSoC5/ADC_SAR_FinalBuf_dma.c **** void ADC_SAR_FinalBuf_DmaRelease(void) 
 137:.\Generated_Source\PSoC5/ADC_SAR_FinalBuf_dma.c **** {
 106              		.loc 1 137 0
 107              		.cfi_startproc
 108              		@ args = 0, pretend = 0, frame = 0
 109              		@ frame_needed = 1, uses_anonymous_args = 0
 110 0000 80B5     		push	{r7, lr}
 111              		.cfi_def_cfa_offset 8
 112              		.cfi_offset 7, -8
 113              		.cfi_offset 14, -4
 114 0002 00AF     		add	r7, sp, #0
 115              		.cfi_def_cfa_register 7
 138:.\Generated_Source\PSoC5/ADC_SAR_FinalBuf_dma.c ****     /* Disable the channel */
 139:.\Generated_Source\PSoC5/ADC_SAR_FinalBuf_dma.c ****     (void)CyDmaChDisable(ADC_SAR_FinalBuf_DmaHandle);
 116              		.loc 1 139 0
 117 0004 024B     		ldr	r3, .L6
 118 0006 1B78     		ldrb	r3, [r3]	@ zero_extendqisi2
 119 0008 1846     		mov	r0, r3
 120 000a FFF7FEFF 		bl	CyDmaChDisable
 140:.\Generated_Source\PSoC5/ADC_SAR_FinalBuf_dma.c **** }
 121              		.loc 1 140 0
 122 000e 80BD     		pop	{r7, pc}
 123              	.L7:
 124              		.align	2
 125              	.L6:
 126 0010 00000000 		.word	ADC_SAR_FinalBuf_DmaHandle
 127              		.cfi_endproc
 128              	.LFE1:
 129              		.size	ADC_SAR_FinalBuf_DmaRelease, .-ADC_SAR_FinalBuf_DmaRelease
 130              		.text
 131              	.Letext0:
 132              		.file 2 ".\\Generated_Source\\PSoC5/cytypes.h"
 133              		.section	.debug_info,"",%progbits
 134              	.Ldebug_info0:
 135 0000 0E010000 		.4byte	0x10e
 136 0004 0400     		.2byte	0x4
 137 0006 00000000 		.4byte	.Ldebug_abbrev0
 138 000a 04       		.byte	0x4
 139 000b 01       		.uleb128 0x1
 140 000c 42010000 		.4byte	.LASF19
 141 0010 01       		.byte	0x1
 142 0011 6D000000 		.4byte	.LASF20
 143 0015 BE010000 		.4byte	.LASF21
 144 0019 00000000 		.4byte	.Ldebug_ranges0+0
 145 001d 00000000 		.4byte	0
ARM GAS  C:\Users\CHAIYA~1\AppData\Local\Temp\cc6yFzMA.s 			page 6


 146 0021 00000000 		.4byte	.Ldebug_line0
 147 0025 02       		.uleb128 0x2
 148 0026 04       		.byte	0x4
 149 0027 05       		.byte	0x5
 150 0028 696E7400 		.ascii	"int\000"
 151 002c 03       		.uleb128 0x3
 152 002d 04       		.byte	0x4
 153 002e 07       		.byte	0x7
 154 002f 1E000000 		.4byte	.LASF0
 155 0033 03       		.uleb128 0x3
 156 0034 01       		.byte	0x1
 157 0035 06       		.byte	0x6
 158 0036 0B010000 		.4byte	.LASF1
 159 003a 03       		.uleb128 0x3
 160 003b 01       		.byte	0x1
 161 003c 08       		.byte	0x8
 162 003d BA000000 		.4byte	.LASF2
 163 0041 03       		.uleb128 0x3
 164 0042 02       		.byte	0x2
 165 0043 05       		.byte	0x5
 166 0044 20020000 		.4byte	.LASF3
 167 0048 03       		.uleb128 0x3
 168 0049 02       		.byte	0x2
 169 004a 07       		.byte	0x7
 170 004b F8000000 		.4byte	.LASF4
 171 004f 03       		.uleb128 0x3
 172 0050 04       		.byte	0x4
 173 0051 05       		.byte	0x5
 174 0052 E8000000 		.4byte	.LASF5
 175 0056 03       		.uleb128 0x3
 176 0057 04       		.byte	0x4
 177 0058 07       		.byte	0x7
 178 0059 5B000000 		.4byte	.LASF6
 179 005d 03       		.uleb128 0x3
 180 005e 08       		.byte	0x8
 181 005f 05       		.byte	0x5
 182 0060 00000000 		.4byte	.LASF7
 183 0064 03       		.uleb128 0x3
 184 0065 08       		.byte	0x8
 185 0066 07       		.byte	0x7
 186 0067 9D000000 		.4byte	.LASF8
 187 006b 03       		.uleb128 0x3
 188 006c 04       		.byte	0x4
 189 006d 07       		.byte	0x7
 190 006e 31020000 		.4byte	.LASF9
 191 0072 03       		.uleb128 0x3
 192 0073 01       		.byte	0x1
 193 0074 08       		.byte	0x8
 194 0075 C8000000 		.4byte	.LASF10
 195 0079 04       		.uleb128 0x4
 196 007a 55000000 		.4byte	.LASF11
 197 007e 02       		.byte	0x2
 198 007f A1       		.byte	0xa1
 199 0080 3A000000 		.4byte	0x3a
 200 0084 04       		.uleb128 0x4
 201 0085 2A020000 		.4byte	.LASF12
 202 0089 02       		.byte	0x2
ARM GAS  C:\Users\CHAIYA~1\AppData\Local\Temp\cc6yFzMA.s 			page 7


 203 008a A2       		.byte	0xa2
 204 008b 48000000 		.4byte	0x48
 205 008f 03       		.uleb128 0x3
 206 0090 04       		.byte	0x4
 207 0091 04       		.byte	0x4
 208 0092 B4000000 		.4byte	.LASF13
 209 0096 03       		.uleb128 0x3
 210 0097 08       		.byte	0x8
 211 0098 04       		.byte	0x4
 212 0099 F1000000 		.4byte	.LASF14
 213 009d 05       		.uleb128 0x5
 214 009e 2B000000 		.4byte	.LASF22
 215 00a2 01       		.byte	0x1
 216 00a3 61       		.byte	0x61
 217 00a4 79000000 		.4byte	0x79
 218 00a8 00000000 		.4byte	.LFB0
 219 00ac 60000000 		.4byte	.LFE0-.LFB0
 220 00b0 01       		.uleb128 0x1
 221 00b1 9C       		.byte	0x9c
 222 00b2 EF000000 		.4byte	0xef
 223 00b6 06       		.uleb128 0x6
 224 00b7 4A000000 		.4byte	.LASF15
 225 00bb 01       		.byte	0x1
 226 00bc 61       		.byte	0x61
 227 00bd 79000000 		.4byte	0x79
 228 00c1 02       		.uleb128 0x2
 229 00c2 91       		.byte	0x91
 230 00c3 77       		.sleb128 -9
 231 00c4 06       		.uleb128 0x6
 232 00c5 17010000 		.4byte	.LASF16
 233 00c9 01       		.byte	0x1
 234 00ca 61       		.byte	0x61
 235 00cb 79000000 		.4byte	0x79
 236 00cf 02       		.uleb128 0x2
 237 00d0 91       		.byte	0x91
 238 00d1 76       		.sleb128 -10
 239 00d2 06       		.uleb128 0x6
 240 00d3 0E000000 		.4byte	.LASF17
 241 00d7 01       		.byte	0x1
 242 00d8 61       		.byte	0x61
 243 00d9 84000000 		.4byte	0x84
 244 00dd 02       		.uleb128 0x2
 245 00de 91       		.byte	0x91
 246 00df 74       		.sleb128 -12
 247 00e0 06       		.uleb128 0x6
 248 00e1 0F020000 		.4byte	.LASF18
 249 00e5 01       		.byte	0x1
 250 00e6 61       		.byte	0x61
 251 00e7 84000000 		.4byte	0x84
 252 00eb 02       		.uleb128 0x2
 253 00ec 91       		.byte	0x91
 254 00ed 72       		.sleb128 -14
 255 00ee 00       		.byte	0
 256 00ef 07       		.uleb128 0x7
 257 00f0 26010000 		.4byte	.LASF23
 258 00f4 01       		.byte	0x1
 259 00f5 88       		.byte	0x88
ARM GAS  C:\Users\CHAIYA~1\AppData\Local\Temp\cc6yFzMA.s 			page 8


 260 00f6 00000000 		.4byte	.LFB1
 261 00fa 14000000 		.4byte	.LFE1-.LFB1
 262 00fe 01       		.uleb128 0x1
 263 00ff 9C       		.byte	0x9c
 264 0100 08       		.uleb128 0x8
 265 0101 CD000000 		.4byte	.LASF24
 266 0105 01       		.byte	0x1
 267 0106 45       		.byte	0x45
 268 0107 79000000 		.4byte	0x79
 269 010b 05       		.uleb128 0x5
 270 010c 03       		.byte	0x3
 271 010d 00000000 		.4byte	ADC_SAR_FinalBuf_DmaHandle
 272 0111 00       		.byte	0
 273              		.section	.debug_abbrev,"",%progbits
 274              	.Ldebug_abbrev0:
 275 0000 01       		.uleb128 0x1
 276 0001 11       		.uleb128 0x11
 277 0002 01       		.byte	0x1
 278 0003 25       		.uleb128 0x25
 279 0004 0E       		.uleb128 0xe
 280 0005 13       		.uleb128 0x13
 281 0006 0B       		.uleb128 0xb
 282 0007 03       		.uleb128 0x3
 283 0008 0E       		.uleb128 0xe
 284 0009 1B       		.uleb128 0x1b
 285 000a 0E       		.uleb128 0xe
 286 000b 55       		.uleb128 0x55
 287 000c 17       		.uleb128 0x17
 288 000d 11       		.uleb128 0x11
 289 000e 01       		.uleb128 0x1
 290 000f 10       		.uleb128 0x10
 291 0010 17       		.uleb128 0x17
 292 0011 00       		.byte	0
 293 0012 00       		.byte	0
 294 0013 02       		.uleb128 0x2
 295 0014 24       		.uleb128 0x24
 296 0015 00       		.byte	0
 297 0016 0B       		.uleb128 0xb
 298 0017 0B       		.uleb128 0xb
 299 0018 3E       		.uleb128 0x3e
 300 0019 0B       		.uleb128 0xb
 301 001a 03       		.uleb128 0x3
 302 001b 08       		.uleb128 0x8
 303 001c 00       		.byte	0
 304 001d 00       		.byte	0
 305 001e 03       		.uleb128 0x3
 306 001f 24       		.uleb128 0x24
 307 0020 00       		.byte	0
 308 0021 0B       		.uleb128 0xb
 309 0022 0B       		.uleb128 0xb
 310 0023 3E       		.uleb128 0x3e
 311 0024 0B       		.uleb128 0xb
 312 0025 03       		.uleb128 0x3
 313 0026 0E       		.uleb128 0xe
 314 0027 00       		.byte	0
 315 0028 00       		.byte	0
 316 0029 04       		.uleb128 0x4
ARM GAS  C:\Users\CHAIYA~1\AppData\Local\Temp\cc6yFzMA.s 			page 9


 317 002a 16       		.uleb128 0x16
 318 002b 00       		.byte	0
 319 002c 03       		.uleb128 0x3
 320 002d 0E       		.uleb128 0xe
 321 002e 3A       		.uleb128 0x3a
 322 002f 0B       		.uleb128 0xb
 323 0030 3B       		.uleb128 0x3b
 324 0031 0B       		.uleb128 0xb
 325 0032 49       		.uleb128 0x49
 326 0033 13       		.uleb128 0x13
 327 0034 00       		.byte	0
 328 0035 00       		.byte	0
 329 0036 05       		.uleb128 0x5
 330 0037 2E       		.uleb128 0x2e
 331 0038 01       		.byte	0x1
 332 0039 3F       		.uleb128 0x3f
 333 003a 19       		.uleb128 0x19
 334 003b 03       		.uleb128 0x3
 335 003c 0E       		.uleb128 0xe
 336 003d 3A       		.uleb128 0x3a
 337 003e 0B       		.uleb128 0xb
 338 003f 3B       		.uleb128 0x3b
 339 0040 0B       		.uleb128 0xb
 340 0041 27       		.uleb128 0x27
 341 0042 19       		.uleb128 0x19
 342 0043 49       		.uleb128 0x49
 343 0044 13       		.uleb128 0x13
 344 0045 11       		.uleb128 0x11
 345 0046 01       		.uleb128 0x1
 346 0047 12       		.uleb128 0x12
 347 0048 06       		.uleb128 0x6
 348 0049 40       		.uleb128 0x40
 349 004a 18       		.uleb128 0x18
 350 004b 9642     		.uleb128 0x2116
 351 004d 19       		.uleb128 0x19
 352 004e 01       		.uleb128 0x1
 353 004f 13       		.uleb128 0x13
 354 0050 00       		.byte	0
 355 0051 00       		.byte	0
 356 0052 06       		.uleb128 0x6
 357 0053 05       		.uleb128 0x5
 358 0054 00       		.byte	0
 359 0055 03       		.uleb128 0x3
 360 0056 0E       		.uleb128 0xe
 361 0057 3A       		.uleb128 0x3a
 362 0058 0B       		.uleb128 0xb
 363 0059 3B       		.uleb128 0x3b
 364 005a 0B       		.uleb128 0xb
 365 005b 49       		.uleb128 0x49
 366 005c 13       		.uleb128 0x13
 367 005d 02       		.uleb128 0x2
 368 005e 18       		.uleb128 0x18
 369 005f 00       		.byte	0
 370 0060 00       		.byte	0
 371 0061 07       		.uleb128 0x7
 372 0062 2E       		.uleb128 0x2e
 373 0063 00       		.byte	0
ARM GAS  C:\Users\CHAIYA~1\AppData\Local\Temp\cc6yFzMA.s 			page 10


 374 0064 3F       		.uleb128 0x3f
 375 0065 19       		.uleb128 0x19
 376 0066 03       		.uleb128 0x3
 377 0067 0E       		.uleb128 0xe
 378 0068 3A       		.uleb128 0x3a
 379 0069 0B       		.uleb128 0xb
 380 006a 3B       		.uleb128 0x3b
 381 006b 0B       		.uleb128 0xb
 382 006c 27       		.uleb128 0x27
 383 006d 19       		.uleb128 0x19
 384 006e 11       		.uleb128 0x11
 385 006f 01       		.uleb128 0x1
 386 0070 12       		.uleb128 0x12
 387 0071 06       		.uleb128 0x6
 388 0072 40       		.uleb128 0x40
 389 0073 18       		.uleb128 0x18
 390 0074 9642     		.uleb128 0x2116
 391 0076 19       		.uleb128 0x19
 392 0077 00       		.byte	0
 393 0078 00       		.byte	0
 394 0079 08       		.uleb128 0x8
 395 007a 34       		.uleb128 0x34
 396 007b 00       		.byte	0
 397 007c 03       		.uleb128 0x3
 398 007d 0E       		.uleb128 0xe
 399 007e 3A       		.uleb128 0x3a
 400 007f 0B       		.uleb128 0xb
 401 0080 3B       		.uleb128 0x3b
 402 0081 0B       		.uleb128 0xb
 403 0082 49       		.uleb128 0x49
 404 0083 13       		.uleb128 0x13
 405 0084 3F       		.uleb128 0x3f
 406 0085 19       		.uleb128 0x19
 407 0086 02       		.uleb128 0x2
 408 0087 18       		.uleb128 0x18
 409 0088 00       		.byte	0
 410 0089 00       		.byte	0
 411 008a 00       		.byte	0
 412              		.section	.debug_aranges,"",%progbits
 413 0000 24000000 		.4byte	0x24
 414 0004 0200     		.2byte	0x2
 415 0006 00000000 		.4byte	.Ldebug_info0
 416 000a 04       		.byte	0x4
 417 000b 00       		.byte	0
 418 000c 0000     		.2byte	0
 419 000e 0000     		.2byte	0
 420 0010 00000000 		.4byte	.LFB0
 421 0014 60000000 		.4byte	.LFE0-.LFB0
 422 0018 00000000 		.4byte	.LFB1
 423 001c 14000000 		.4byte	.LFE1-.LFB1
 424 0020 00000000 		.4byte	0
 425 0024 00000000 		.4byte	0
 426              		.section	.debug_ranges,"",%progbits
 427              	.Ldebug_ranges0:
 428 0000 00000000 		.4byte	.LFB0
 429 0004 60000000 		.4byte	.LFE0
 430 0008 00000000 		.4byte	.LFB1
ARM GAS  C:\Users\CHAIYA~1\AppData\Local\Temp\cc6yFzMA.s 			page 11


 431 000c 14000000 		.4byte	.LFE1
 432 0010 00000000 		.4byte	0
 433 0014 00000000 		.4byte	0
 434              		.section	.debug_line,"",%progbits
 435              	.Ldebug_line0:
 436 0000 81000000 		.section	.debug_str,"MS",%progbits,1
 436      02005300 
 436      00000201 
 436      FB0E0D00 
 436      01010101 
 437              	.LASF7:
 438 0000 6C6F6E67 		.ascii	"long long int\000"
 438      206C6F6E 
 438      6720696E 
 438      7400
 439              	.LASF17:
 440 000e 55707065 		.ascii	"UpperSrcAddress\000"
 440      72537263 
 440      41646472 
 440      65737300 
 441              	.LASF0:
 442 001e 756E7369 		.ascii	"unsigned int\000"
 442      676E6564 
 442      20696E74 
 442      00
 443              	.LASF22:
 444 002b 4144435F 		.ascii	"ADC_SAR_FinalBuf_DmaInitialize\000"
 444      5341525F 
 444      46696E61 
 444      6C427566 
 444      5F446D61 
 445              	.LASF15:
 446 004a 42757273 		.ascii	"BurstCount\000"
 446      74436F75 
 446      6E7400
 447              	.LASF11:
 448 0055 75696E74 		.ascii	"uint8\000"
 448      3800
 449              	.LASF6:
 450 005b 6C6F6E67 		.ascii	"long unsigned int\000"
 450      20756E73 
 450      69676E65 
 450      6420696E 
 450      7400
 451              	.LASF20:
 452 006d 2E5C4765 		.ascii	".\\Generated_Source\\PSoC5\\ADC_SAR_FinalBuf_dma.c\000"
 452      6E657261 
 452      7465645F 
 452      536F7572 
 452      63655C50 
 453              	.LASF8:
 454 009d 6C6F6E67 		.ascii	"long long unsigned int\000"
 454      206C6F6E 
 454      6720756E 
 454      7369676E 
 454      65642069 
 455              	.LASF13:
ARM GAS  C:\Users\CHAIYA~1\AppData\Local\Temp\cc6yFzMA.s 			page 12


 456 00b4 666C6F61 		.ascii	"float\000"
 456      7400
 457              	.LASF2:
 458 00ba 756E7369 		.ascii	"unsigned char\000"
 458      676E6564 
 458      20636861 
 458      7200
 459              	.LASF10:
 460 00c8 63686172 		.ascii	"char\000"
 460      00
 461              	.LASF24:
 462 00cd 4144435F 		.ascii	"ADC_SAR_FinalBuf_DmaHandle\000"
 462      5341525F 
 462      46696E61 
 462      6C427566 
 462      5F446D61 
 463              	.LASF5:
 464 00e8 6C6F6E67 		.ascii	"long int\000"
 464      20696E74 
 464      00
 465              	.LASF14:
 466 00f1 646F7562 		.ascii	"double\000"
 466      6C6500
 467              	.LASF4:
 468 00f8 73686F72 		.ascii	"short unsigned int\000"
 468      7420756E 
 468      7369676E 
 468      65642069 
 468      6E7400
 469              	.LASF1:
 470 010b 7369676E 		.ascii	"signed char\000"
 470      65642063 
 470      68617200 
 471              	.LASF16:
 472 0117 52657165 		.ascii	"ReqestPerBurst\000"
 472      73745065 
 472      72427572 
 472      737400
 473              	.LASF23:
 474 0126 4144435F 		.ascii	"ADC_SAR_FinalBuf_DmaRelease\000"
 474      5341525F 
 474      46696E61 
 474      6C427566 
 474      5F446D61 
 475              	.LASF19:
 476 0142 474E5520 		.ascii	"GNU C 4.8.4 20140526 (release) [ARM/embedded-4_8-br"
 476      4320342E 
 476      382E3420 
 476      32303134 
 476      30353236 
 477 0175 616E6368 		.ascii	"anch revision 211358] -mcpu=cortex-m3 -mthumb -g -O"
 477      20726576 
 477      6973696F 
 477      6E203231 
 477      31333538 
 478 01a8 30202D66 		.ascii	"0 -ffunction-sections\000"
 478      66756E63 
ARM GAS  C:\Users\CHAIYA~1\AppData\Local\Temp\cc6yFzMA.s 			page 13


 478      74696F6E 
 478      2D736563 
 478      74696F6E 
 479              	.LASF21:
 480 01be 433A5C55 		.ascii	"C:\\Users\\Chai Yang\\Documents\\Node-Elephant\\TER"
 480      73657273 
 480      5C436861 
 480      69205961 
 480      6E675C44 
 481 01ec 4D494E41 		.ascii	"MINAL\\Node-Elephant-Terminal.cydsn\000"
 481      4C5C4E6F 
 481      64652D45 
 481      6C657068 
 481      616E742D 
 482              	.LASF18:
 483 020f 55707065 		.ascii	"UpperDestAddress\000"
 483      72446573 
 483      74416464 
 483      72657373 
 483      00
 484              	.LASF3:
 485 0220 73686F72 		.ascii	"short int\000"
 485      7420696E 
 485      7400
 486              	.LASF12:
 487 022a 75696E74 		.ascii	"uint16\000"
 487      313600
 488              	.LASF9:
 489 0231 73697A65 		.ascii	"sizetype\000"
 489      74797065 
 489      00
 490              		.ident	"GCC: (GNU Tools for ARM Embedded Processors) 4.8.4 20140526 (release) [ARM/embedded-4_8-br
