ARM GAS  C:\Users\CHAIYA~1\AppData\Local\Temp\ccB0XnUl.s 			page 1


   1              		.syntax unified
   2              		.cpu cortex-m3
   3              		.fpu softvfp
   4              		.eabi_attribute 20, 1
   5              		.eabi_attribute 21, 1
   6              		.eabi_attribute 23, 3
   7              		.eabi_attribute 24, 1
   8              		.eabi_attribute 25, 1
   9              		.eabi_attribute 26, 1
  10              		.eabi_attribute 30, 6
  11              		.eabi_attribute 34, 1
  12              		.eabi_attribute 18, 4
  13              		.thumb
  14              		.file	"cymetadata.c"
  15              		.text
  16              	.Ltext0:
  17              		.cfi_sections	.debug_frame
  18              		.global	cy_meta_configecc
  19              		.section	.cyconfigecc,"a",%progbits
  20              		.align	2
  21              		.type	cy_meta_configecc, %object
  22              		.size	cy_meta_configecc, 1272
  23              	cy_meta_configecc:
  24 0000 01       		.byte	1
  25 0001 45       		.byte	69
  26 0002 00       		.byte	0
  27 0003 40       		.byte	64
  28 0004 03       		.byte	3
  29 0005 52       		.byte	82
  30 0006 00       		.byte	0
  31 0007 40       		.byte	64
  32 0008 01       		.byte	1
  33 0009 5B       		.byte	91
  34 000a 00       		.byte	0
  35 000b 40       		.byte	64
  36 000c 01       		.byte	1
  37 000d 64       		.byte	100
  38 000e 00       		.byte	0
  39 000f 40       		.byte	64
  40 0010 19       		.byte	25
  41 0011 00       		.byte	0
  42 0012 01       		.byte	1
  43 0013 40       		.byte	64
  44 0014 24       		.byte	36
  45 0015 01       		.byte	1
  46 0016 01       		.byte	1
  47 0017 40       		.byte	64
  48 0018 16       		.byte	22
  49 0019 02       		.byte	2
  50 001a 01       		.byte	1
  51 001b 40       		.byte	64
  52 001c 2D       		.byte	45
  53 001d 03       		.byte	3
  54 001e 01       		.byte	1
  55 001f 40       		.byte	64
  56 0020 0A       		.byte	10
  57 0021 04       		.byte	4
ARM GAS  C:\Users\CHAIYA~1\AppData\Local\Temp\ccB0XnUl.s 			page 2


  58 0022 01       		.byte	1
  59 0023 40       		.byte	64
  60 0024 32       		.byte	50
  61 0025 05       		.byte	5
  62 0026 01       		.byte	1
  63 0027 40       		.byte	64
  64 0028 30       		.byte	48
  65 0029 06       		.byte	6
  66 002a 01       		.byte	1
  67 002b 40       		.byte	64
  68 002c 3D       		.byte	61
  69 002d 07       		.byte	7
  70 002e 01       		.byte	1
  71 002f 40       		.byte	64
  72 0030 01       		.byte	1
  73 0031 09       		.byte	9
  74 0032 01       		.byte	1
  75 0033 40       		.byte	64
  76 0034 01       		.byte	1
  77 0035 0B       		.byte	11
  78 0036 01       		.byte	1
  79 0037 40       		.byte	64
  80 0038 01       		.byte	1
  81 0039 0F       		.byte	15
  82 003a 01       		.byte	1
  83 003b 40       		.byte	64
  84 003c 06       		.byte	6
  85 003d 14       		.byte	20
  86 003e 01       		.byte	1
  87 003f 40       		.byte	64
  88 0040 2A       		.byte	42
  89 0041 15       		.byte	21
  90 0042 01       		.byte	1
  91 0043 40       		.byte	64
  92 0044 1B       		.byte	27
  93 0045 16       		.byte	22
  94 0046 01       		.byte	1
  95 0047 40       		.byte	64
  96 0048 3D       		.byte	61
  97 0049 17       		.byte	23
  98 004a 01       		.byte	1
  99 004b 40       		.byte	64
 100 004c 02       		.byte	2
 101 004d 1B       		.byte	27
 102 004e 01       		.byte	1
 103 004f 40       		.byte	64
 104 0050 0E       		.byte	14
 105 0051 40       		.byte	64
 106 0052 01       		.byte	1
 107 0053 40       		.byte	64
 108 0054 0C       		.byte	12
 109 0055 41       		.byte	65
 110 0056 01       		.byte	1
 111 0057 40       		.byte	64
 112 0058 09       		.byte	9
 113 0059 42       		.byte	66
 114 005a 01       		.byte	1
ARM GAS  C:\Users\CHAIYA~1\AppData\Local\Temp\ccB0XnUl.s 			page 3


 115 005b 40       		.byte	64
 116 005c 0A       		.byte	10
 117 005d 43       		.byte	67
 118 005e 01       		.byte	1
 119 005f 40       		.byte	64
 120 0060 02       		.byte	2
 121 0061 44       		.byte	68
 122 0062 01       		.byte	1
 123 0063 40       		.byte	64
 124 0064 03       		.byte	3
 125 0065 45       		.byte	69
 126 0066 01       		.byte	1
 127 0067 40       		.byte	64
 128 0068 05       		.byte	5
 129 0069 46       		.byte	70
 130 006a 01       		.byte	1
 131 006b 40       		.byte	64
 132 006c 07       		.byte	7
 133 006d 47       		.byte	71
 134 006e 01       		.byte	1
 135 006f 40       		.byte	64
 136 0070 0A       		.byte	10
 137 0071 48       		.byte	72
 138 0072 01       		.byte	1
 139 0073 40       		.byte	64
 140 0074 11       		.byte	17
 141 0075 49       		.byte	73
 142 0076 01       		.byte	1
 143 0077 40       		.byte	64
 144 0078 04       		.byte	4
 145 0079 4C       		.byte	76
 146 007a 01       		.byte	1
 147 007b 40       		.byte	64
 148 007c 03       		.byte	3
 149 007d 4D       		.byte	77
 150 007e 01       		.byte	1
 151 007f 40       		.byte	64
 152 0080 09       		.byte	9
 153 0081 50       		.byte	80
 154 0082 01       		.byte	1
 155 0083 40       		.byte	64
 156 0084 02       		.byte	2
 157 0085 51       		.byte	81
 158 0086 01       		.byte	1
 159 0087 40       		.byte	64
 160 0088 7E       		.byte	126
 161 0089 02       		.byte	2
 162 008a 18       		.byte	24
 163 008b 50       		.byte	80
 164 008c 19       		.byte	25
 165 008d 44       		.byte	68
 166 008e 7C       		.byte	124
 167 008f 40       		.byte	64
 168 0090 2F       		.byte	47
 169 0091 84       		.byte	-124
 170 0092 86       		.byte	-122
 171 0093 04       		.byte	4
ARM GAS  C:\Users\CHAIYA~1\AppData\Local\Temp\ccB0XnUl.s 			page 4


 172 0094 01       		.byte	1
 173 0095 02       		.byte	2
 174 0096 03       		.byte	3
 175 0097 01       		.byte	1
 176 0098 09       		.byte	9
 177 0099 01       		.byte	1
 178 009a 0B       		.byte	11
 179 009b 02       		.byte	2
 180 009c 15       		.byte	21
 181 009d 03       		.byte	3
 182 009e 21       		.byte	33
 183 009f 03       		.byte	3
 184 00a0 27       		.byte	39
 185 00a1 03       		.byte	3
 186 00a2 29       		.byte	41
 187 00a3 03       		.byte	3
 188 00a4 2D       		.byte	45
 189 00a5 03       		.byte	3
 190 00a6 33       		.byte	51
 191 00a7 01       		.byte	1
 192 00a8 37       		.byte	55
 193 00a9 02       		.byte	2
 194 00aa 58       		.byte	88
 195 00ab 04       		.byte	4
 196 00ac 59       		.byte	89
 197 00ad 04       		.byte	4
 198 00ae 5F       		.byte	95
 199 00af 01       		.byte	1
 200 00b0 86       		.byte	-122
 201 00b1 01       		.byte	1
 202 00b2 88       		.byte	-120
 203 00b3 01       		.byte	1
 204 00b4 92       		.byte	-110
 205 00b5 01       		.byte	1
 206 00b6 9C       		.byte	-100
 207 00b7 01       		.byte	1
 208 00b8 A2       		.byte	-94
 209 00b9 01       		.byte	1
 210 00ba A4       		.byte	-92
 211 00bb 01       		.byte	1
 212 00bc A8       		.byte	-88
 213 00bd 01       		.byte	1
 214 00be B2       		.byte	-78
 215 00bf 01       		.byte	1
 216 00c0 D8       		.byte	-40
 217 00c1 04       		.byte	4
 218 00c2 D9       		.byte	-39
 219 00c3 04       		.byte	4
 220 00c4 DF       		.byte	-33
 221 00c5 01       		.byte	1
 222 00c6 03       		.byte	3
 223 00c7 24       		.byte	36
 224 00c8 05       		.byte	5
 225 00c9 24       		.byte	36
 226 00ca 08       		.byte	8
 227 00cb 81       		.byte	-127
 228 00cc 0C       		.byte	12
ARM GAS  C:\Users\CHAIYA~1\AppData\Local\Temp\ccB0XnUl.s 			page 5


 229 00cd 41       		.byte	65
 230 00ce 0E       		.byte	14
 231 00cf 02       		.byte	2
 232 00d0 10       		.byte	16
 233 00d1 40       		.byte	64
 234 00d2 11       		.byte	17
 235 00d3 10       		.byte	16
 236 00d4 12       		.byte	18
 237 00d5 10       		.byte	16
 238 00d6 14       		.byte	20
 239 00d7 80       		.byte	-128
 240 00d8 15       		.byte	21
 241 00d9 12       		.byte	18
 242 00da 17       		.byte	23
 243 00db 04       		.byte	4
 244 00dc 1E       		.byte	30
 245 00dd 20       		.byte	32
 246 00de 21       		.byte	33
 247 00df 40       		.byte	64
 248 00e0 23       		.byte	35
 249 00e1 10       		.byte	16
 250 00e2 28       		.byte	40
 251 00e3 41       		.byte	65
 252 00e4 29       		.byte	41
 253 00e5 24       		.byte	36
 254 00e6 2A       		.byte	42
 255 00e7 10       		.byte	16
 256 00e8 2B       		.byte	43
 257 00e9 21       		.byte	33
 258 00ea 2C       		.byte	44
 259 00eb 40       		.byte	64
 260 00ec 2D       		.byte	45
 261 00ed 20       		.byte	32
 262 00ee 2F       		.byte	47
 263 00ef 21       		.byte	33
 264 00f0 33       		.byte	51
 265 00f1 04       		.byte	4
 266 00f2 37       		.byte	55
 267 00f3 04       		.byte	4
 268 00f4 39       		.byte	57
 269 00f5 12       		.byte	18
 270 00f6 3A       		.byte	58
 271 00f7 20       		.byte	32
 272 00f8 3B       		.byte	59
 273 00f9 02       		.byte	2
 274 00fa 3E       		.byte	62
 275 00fb 20       		.byte	32
 276 00fc 3F       		.byte	63
 277 00fd 02       		.byte	2
 278 00fe 87       		.byte	-121
 279 00ff 10       		.byte	16
 280 0100 C0       		.byte	-64
 281 0101 66       		.byte	102
 282 0102 C2       		.byte	-62
 283 0103 99       		.byte	-103
 284 0104 C4       		.byte	-60
 285 0105 7E       		.byte	126
ARM GAS  C:\Users\CHAIYA~1\AppData\Local\Temp\ccB0XnUl.s 			page 6


 286 0106 CA       		.byte	-54
 287 0107 FF       		.byte	-1
 288 0108 CC       		.byte	-52
 289 0109 42       		.byte	66
 290 010a CE       		.byte	-50
 291 010b A5       		.byte	-91
 292 010c E2       		.byte	-30
 293 010d 20       		.byte	32
 294 010e 58       		.byte	88
 295 010f 04       		.byte	4
 296 0110 59       		.byte	89
 297 0111 04       		.byte	4
 298 0112 5F       		.byte	95
 299 0113 01       		.byte	1
 300 0114 81       		.byte	-127
 301 0115 01       		.byte	1
 302 0116 86       		.byte	-122
 303 0117 01       		.byte	1
 304 0118 88       		.byte	-120
 305 0119 01       		.byte	1
 306 011a 89       		.byte	-119
 307 011b 01       		.byte	1
 308 011c 92       		.byte	-110
 309 011d 01       		.byte	1
 310 011e 95       		.byte	-107
 311 011f 01       		.byte	1
 312 0120 9C       		.byte	-100
 313 0121 01       		.byte	1
 314 0122 A0       		.byte	-96
 315 0123 01       		.byte	1
 316 0124 A1       		.byte	-95
 317 0125 01       		.byte	1
 318 0126 A4       		.byte	-92
 319 0127 01       		.byte	1
 320 0128 A7       		.byte	-89
 321 0129 01       		.byte	1
 322 012a A8       		.byte	-88
 323 012b 01       		.byte	1
 324 012c A9       		.byte	-87
 325 012d 01       		.byte	1
 326 012e AD       		.byte	-83
 327 012f 01       		.byte	1
 328 0130 B2       		.byte	-78
 329 0131 01       		.byte	1
 330 0132 B3       		.byte	-77
 331 0133 01       		.byte	1
 332 0134 D8       		.byte	-40
 333 0135 04       		.byte	4
 334 0136 D9       		.byte	-39
 335 0137 04       		.byte	4
 336 0138 DF       		.byte	-33
 337 0139 01       		.byte	1
 338 013a 03       		.byte	3
 339 013b 24       		.byte	36
 340 013c 05       		.byte	5
 341 013d 24       		.byte	36
 342 013e 08       		.byte	8
ARM GAS  C:\Users\CHAIYA~1\AppData\Local\Temp\ccB0XnUl.s 			page 7


 343 013f 81       		.byte	-127
 344 0140 0C       		.byte	12
 345 0141 41       		.byte	65
 346 0142 0E       		.byte	14
 347 0143 02       		.byte	2
 348 0144 10       		.byte	16
 349 0145 40       		.byte	64
 350 0146 11       		.byte	17
 351 0147 10       		.byte	16
 352 0148 12       		.byte	18
 353 0149 10       		.byte	16
 354 014a 14       		.byte	20
 355 014b 80       		.byte	-128
 356 014c 15       		.byte	21
 357 014d 12       		.byte	18
 358 014e 17       		.byte	23
 359 014f 04       		.byte	4
 360 0150 1A       		.byte	26
 361 0151 20       		.byte	32
 362 0152 21       		.byte	33
 363 0153 04       		.byte	4
 364 0154 28       		.byte	40
 365 0155 41       		.byte	65
 366 0156 29       		.byte	41
 367 0157 24       		.byte	36
 368 0158 2A       		.byte	42
 369 0159 10       		.byte	16
 370 015a 2B       		.byte	43
 371 015b 21       		.byte	33
 372 015c 2C       		.byte	44
 373 015d 40       		.byte	64
 374 015e 2D       		.byte	45
 375 015f 20       		.byte	32
 376 0160 2F       		.byte	47
 377 0161 21       		.byte	33
 378 0162 33       		.byte	51
 379 0163 04       		.byte	4
 380 0164 37       		.byte	55
 381 0165 04       		.byte	4
 382 0166 39       		.byte	57
 383 0167 12       		.byte	18
 384 0168 3A       		.byte	58
 385 0169 20       		.byte	32
 386 016a 3B       		.byte	59
 387 016b 02       		.byte	2
 388 016c 3E       		.byte	62
 389 016d 20       		.byte	32
 390 016e 3F       		.byte	63
 391 016f 02       		.byte	2
 392 0170 82       		.byte	-126
 393 0171 10       		.byte	16
 394 0172 85       		.byte	-123
 395 0173 04       		.byte	4
 396 0174 86       		.byte	-122
 397 0175 10       		.byte	16
 398 0176 95       		.byte	-107
 399 0177 02       		.byte	2
ARM GAS  C:\Users\CHAIYA~1\AppData\Local\Temp\ccB0XnUl.s 			page 8


 400 0178 9D       		.byte	-99
 401 0179 24       		.byte	36
 402 017a 9E       		.byte	-98
 403 017b 20       		.byte	32
 404 017c 9F       		.byte	-97
 405 017d 04       		.byte	4
 406 017e A2       		.byte	-94
 407 017f 10       		.byte	16
 408 0180 A6       		.byte	-90
 409 0181 01       		.byte	1
 410 0182 A7       		.byte	-89
 411 0183 01       		.byte	1
 412 0184 B5       		.byte	-75
 413 0185 40       		.byte	64
 414 0186 C0       		.byte	-64
 415 0187 66       		.byte	102
 416 0188 C2       		.byte	-62
 417 0189 99       		.byte	-103
 418 018a C4       		.byte	-60
 419 018b 7E       		.byte	126
 420 018c CA       		.byte	-54
 421 018d FF       		.byte	-1
 422 018e CC       		.byte	-52
 423 018f 42       		.byte	66
 424 0190 CE       		.byte	-50
 425 0191 A5       		.byte	-91
 426 0192 EE       		.byte	-18
 427 0193 10       		.byte	16
 428 0194 54       		.byte	84
 429 0195 01       		.byte	1
 430 0196 58       		.byte	88
 431 0197 04       		.byte	4
 432 0198 59       		.byte	89
 433 0199 04       		.byte	4
 434 019a 5B       		.byte	91
 435 019b 0C       		.byte	12
 436 019c 5F       		.byte	95
 437 019d 01       		.byte	1
 438 019e A2       		.byte	-94
 439 019f 01       		.byte	1
 440 01a0 B6       		.byte	-74
 441 01a1 01       		.byte	1
 442 01a2 D8       		.byte	-40
 443 01a3 04       		.byte	4
 444 01a4 D9       		.byte	-39
 445 01a5 04       		.byte	4
 446 01a6 DF       		.byte	-33
 447 01a7 01       		.byte	1
 448 01a8 00       		.byte	0
 449 01a9 02       		.byte	2
 450 01aa 01       		.byte	1
 451 01ab 08       		.byte	8
 452 01ac 03       		.byte	3
 453 01ad 04       		.byte	4
 454 01ae 04       		.byte	4
 455 01af 02       		.byte	2
 456 01b0 05       		.byte	5
ARM GAS  C:\Users\CHAIYA~1\AppData\Local\Temp\ccB0XnUl.s 			page 9


 457 01b1 0C       		.byte	12
 458 01b2 07       		.byte	7
 459 01b3 04       		.byte	4
 460 01b4 0B       		.byte	11
 461 01b5 02       		.byte	2
 462 01b6 0C       		.byte	12
 463 01b7 01       		.byte	1
 464 01b8 0E       		.byte	14
 465 01b9 02       		.byte	2
 466 01ba 12       		.byte	18
 467 01bb 02       		.byte	2
 468 01bc 13       		.byte	19
 469 01bd 28       		.byte	40
 470 01be 17       		.byte	23
 471 01bf 29       		.byte	41
 472 01c0 1C       		.byte	28
 473 01c1 02       		.byte	2
 474 01c2 1E       		.byte	30
 475 01c3 01       		.byte	1
 476 01c4 29       		.byte	41
 477 01c5 04       		.byte	4
 478 01c6 2B       		.byte	43
 479 01c7 01       		.byte	1
 480 01c8 2D       		.byte	45
 481 01c9 08       		.byte	8
 482 01ca 2E       		.byte	46
 483 01cb 20       		.byte	32
 484 01cc 2F       		.byte	47
 485 01cd 01       		.byte	1
 486 01ce 31       		.byte	49
 487 01cf 10       		.byte	16
 488 01d0 32       		.byte	50
 489 01d1 02       		.byte	2
 490 01d2 33       		.byte	51
 491 01d3 04       		.byte	4
 492 01d4 35       		.byte	53
 493 01d5 30       		.byte	48
 494 01d6 36       		.byte	54
 495 01d7 03       		.byte	3
 496 01d8 37       		.byte	55
 497 01d9 04       		.byte	4
 498 01da 38       		.byte	56
 499 01db 02       		.byte	2
 500 01dc 39       		.byte	57
 501 01dd 02       		.byte	2
 502 01de 3A       		.byte	58
 503 01df 20       		.byte	32
 504 01e0 3B       		.byte	59
 505 01e1 02       		.byte	2
 506 01e2 3E       		.byte	62
 507 01e3 01       		.byte	1
 508 01e4 58       		.byte	88
 509 01e5 40       		.byte	64
 510 01e6 79       		.byte	121
 511 01e7 80       		.byte	-128
 512 01e8 95       		.byte	-107
 513 01e9 02       		.byte	2
ARM GAS  C:\Users\CHAIYA~1\AppData\Local\Temp\ccB0XnUl.s 			page 10


 514 01ea 98       		.byte	-104
 515 01eb 01       		.byte	1
 516 01ec 9D       		.byte	-99
 517 01ed 24       		.byte	36
 518 01ee 9E       		.byte	-98
 519 01ef 20       		.byte	32
 520 01f0 9F       		.byte	-97
 521 01f1 04       		.byte	4
 522 01f2 A0       		.byte	-96
 523 01f3 02       		.byte	2
 524 01f4 A6       		.byte	-90
 525 01f5 01       		.byte	1
 526 01f6 A7       		.byte	-89
 527 01f7 01       		.byte	1
 528 01f8 B0       		.byte	-80
 529 01f9 02       		.byte	2
 530 01fa C0       		.byte	-64
 531 01fb 7E       		.byte	126
 532 01fc C2       		.byte	-62
 533 01fd 91       		.byte	-111
 534 01fe C4       		.byte	-60
 535 01ff 77       		.byte	119
 536 0200 CA       		.byte	-54
 537 0201 7A       		.byte	122
 538 0202 CC       		.byte	-52
 539 0203 E7       		.byte	-25
 540 0204 CE       		.byte	-50
 541 0205 85       		.byte	-123
 542 0206 D6       		.byte	-42
 543 0207 08       		.byte	8
 544 0208 DE       		.byte	-34
 545 0209 08       		.byte	8
 546 020a EE       		.byte	-18
 547 020b 10       		.byte	16
 548 020c 00       		.byte	0
 549 020d 04       		.byte	4
 550 020e 06       		.byte	6
 551 020f 08       		.byte	8
 552 0210 0A       		.byte	10
 553 0211 04       		.byte	4
 554 0212 0E       		.byte	14
 555 0213 01       		.byte	1
 556 0214 10       		.byte	16
 557 0215 10       		.byte	16
 558 0216 12       		.byte	18
 559 0217 20       		.byte	32
 560 0218 14       		.byte	20
 561 0219 20       		.byte	32
 562 021a 16       		.byte	22
 563 021b 10       		.byte	16
 564 021c 18       		.byte	24
 565 021d 01       		.byte	1
 566 021e 1C       		.byte	28
 567 021f 40       		.byte	64
 568 0220 1E       		.byte	30
 569 0221 80       		.byte	-128
 570 0222 20       		.byte	32
ARM GAS  C:\Users\CHAIYA~1\AppData\Local\Temp\ccB0XnUl.s 			page 11


 571 0223 80       		.byte	-128
 572 0224 22       		.byte	34
 573 0225 40       		.byte	64
 574 0226 23       		.byte	35
 575 0227 01       		.byte	1
 576 0228 26       		.byte	38
 577 0229 02       		.byte	2
 578 022a 28       		.byte	40
 579 022b 08       		.byte	8
 580 022c 2B       		.byte	43
 581 022d 02       		.byte	2
 582 022e 2C       		.byte	44
 583 022f 02       		.byte	2
 584 0230 31       		.byte	49
 585 0231 02       		.byte	2
 586 0232 32       		.byte	50
 587 0233 FF       		.byte	-1
 588 0234 35       		.byte	53
 589 0235 01       		.byte	1
 590 0236 3E       		.byte	62
 591 0237 04       		.byte	4
 592 0238 56       		.byte	86
 593 0239 02       		.byte	2
 594 023a 57       		.byte	87
 595 023b 31       		.byte	49
 596 023c 58       		.byte	88
 597 023d 04       		.byte	4
 598 023e 59       		.byte	89
 599 023f 04       		.byte	4
 600 0240 5B       		.byte	91
 601 0241 0F       		.byte	15
 602 0242 5F       		.byte	95
 603 0243 01       		.byte	1
 604 0244 88       		.byte	-120
 605 0245 01       		.byte	1
 606 0246 96       		.byte	-106
 607 0247 03       		.byte	3
 608 0248 97       		.byte	-105
 609 0249 01       		.byte	1
 610 024a A8       		.byte	-88
 611 024b 04       		.byte	4
 612 024c A9       		.byte	-87
 613 024d 01       		.byte	1
 614 024e AC       		.byte	-84
 615 024f 04       		.byte	4
 616 0250 AF       		.byte	-81
 617 0251 02       		.byte	2
 618 0252 B2       		.byte	-78
 619 0253 02       		.byte	2
 620 0254 B3       		.byte	-77
 621 0255 03       		.byte	3
 622 0256 B4       		.byte	-76
 623 0257 01       		.byte	1
 624 0258 B6       		.byte	-74
 625 0259 04       		.byte	4
 626 025a B8       		.byte	-72
 627 025b 80       		.byte	-128
ARM GAS  C:\Users\CHAIYA~1\AppData\Local\Temp\ccB0XnUl.s 			page 12


 628 025c BE       		.byte	-66
 629 025d 40       		.byte	64
 630 025e D2       		.byte	-46
 631 025f 03       		.byte	3
 632 0260 D3       		.byte	-45
 633 0261 02       		.byte	2
 634 0262 D8       		.byte	-40
 635 0263 0C       		.byte	12
 636 0264 D9       		.byte	-39
 637 0265 04       		.byte	4
 638 0266 DB       		.byte	-37
 639 0267 04       		.byte	4
 640 0268 DC       		.byte	-36
 641 0269 90       		.byte	-112
 642 026a DF       		.byte	-33
 643 026b 01       		.byte	1
 644 026c 00       		.byte	0
 645 026d 10       		.byte	16
 646 026e 04       		.byte	4
 647 026f 80       		.byte	-128
 648 0270 05       		.byte	5
 649 0271 20       		.byte	32
 650 0272 06       		.byte	6
 651 0273 20       		.byte	32
 652 0274 07       		.byte	7
 653 0275 68       		.byte	104
 654 0276 09       		.byte	9
 655 0277 08       		.byte	8
 656 0278 0C       		.byte	12
 657 0279 20       		.byte	32
 658 027a 0D       		.byte	13
 659 027b 03       		.byte	3
 660 027c 0E       		.byte	14
 661 027d 11       		.byte	17
 662 027e 0F       		.byte	15
 663 027f 02       		.byte	2
 664 0280 10       		.byte	16
 665 0281 0A       		.byte	10
 666 0282 16       		.byte	22
 667 0283 02       		.byte	2
 668 0284 17       		.byte	23
 669 0285 15       		.byte	21
 670 0286 18       		.byte	24
 671 0287 10       		.byte	16
 672 0288 19       		.byte	25
 673 0289 90       		.byte	-112
 674 028a 1A       		.byte	26
 675 028b 08       		.byte	8
 676 028c 1E       		.byte	30
 677 028d 20       		.byte	32
 678 028e 21       		.byte	33
 679 028f 08       		.byte	8
 680 0290 25       		.byte	37
 681 0291 13       		.byte	19
 682 0292 27       		.byte	39
 683 0293 04       		.byte	4
 684 0294 28       		.byte	40
ARM GAS  C:\Users\CHAIYA~1\AppData\Local\Temp\ccB0XnUl.s 			page 13


 685 0295 02       		.byte	2
 686 0296 29       		.byte	41
 687 0297 10       		.byte	16
 688 0298 2D       		.byte	45
 689 0299 08       		.byte	8
 690 029a 2E       		.byte	46
 691 029b 12       		.byte	18
 692 029c 31       		.byte	49
 693 029d 08       		.byte	8
 694 029e 36       		.byte	54
 695 029f 01       		.byte	1
 696 02a0 37       		.byte	55
 697 02a1 28       		.byte	40
 698 02a2 3D       		.byte	61
 699 02a3 22       		.byte	34
 700 02a4 3E       		.byte	62
 701 02a5 80       		.byte	-128
 702 02a6 5D       		.byte	93
 703 02a7 10       		.byte	16
 704 02a8 65       		.byte	101
 705 02a9 80       		.byte	-128
 706 02aa 68       		.byte	104
 707 02ab 08       		.byte	8
 708 02ac 69       		.byte	105
 709 02ad 90       		.byte	-112
 710 02ae 6A       		.byte	106
 711 02af 80       		.byte	-128
 712 02b0 6D       		.byte	109
 713 02b1 01       		.byte	1
 714 02b2 6E       		.byte	110
 715 02b3 10       		.byte	16
 716 02b4 6F       		.byte	111
 717 02b5 51       		.byte	81
 718 02b6 74       		.byte	116
 719 02b7 A0       		.byte	-96
 720 02b8 76       		.byte	118
 721 02b9 02       		.byte	2
 722 02ba 79       		.byte	121
 723 02bb 80       		.byte	-128
 724 02bc 7E       		.byte	126
 725 02bd 40       		.byte	64
 726 02be 92       		.byte	-110
 727 02bf 01       		.byte	1
 728 02c0 95       		.byte	-107
 729 02c1 82       		.byte	-126
 730 02c2 99       		.byte	-103
 731 02c3 08       		.byte	8
 732 02c4 9C       		.byte	-100
 733 02c5 40       		.byte	64
 734 02c6 9D       		.byte	-99
 735 02c7 24       		.byte	36
 736 02c8 9E       		.byte	-98
 737 02c9 20       		.byte	32
 738 02ca 9F       		.byte	-97
 739 02cb 2D       		.byte	45
 740 02cc A0       		.byte	-96
 741 02cd 02       		.byte	2
ARM GAS  C:\Users\CHAIYA~1\AppData\Local\Temp\ccB0XnUl.s 			page 14


 742 02ce A6       		.byte	-90
 743 02cf 01       		.byte	1
 744 02d0 A7       		.byte	-89
 745 02d1 01       		.byte	1
 746 02d2 C0       		.byte	-64
 747 02d3 F2       		.byte	-14
 748 02d4 C2       		.byte	-62
 749 02d5 F4       		.byte	-12
 750 02d6 C4       		.byte	-60
 751 02d7 F3       		.byte	-13
 752 02d8 CA       		.byte	-54
 753 02d9 EC       		.byte	-20
 754 02da CC       		.byte	-52
 755 02db E2       		.byte	-30
 756 02dc CE       		.byte	-50
 757 02dd B0       		.byte	-80
 758 02de D6       		.byte	-42
 759 02df 20       		.byte	32
 760 02e0 D8       		.byte	-40
 761 02e1 10       		.byte	16
 762 02e2 DE       		.byte	-34
 763 02e3 88       		.byte	-120
 764 02e4 E6       		.byte	-26
 765 02e5 08       		.byte	8
 766 02e6 E6       		.byte	-26
 767 02e7 08       		.byte	8
 768 02e8 EE       		.byte	-18
 769 02e9 90       		.byte	-112
 770 02ea E2       		.byte	-30
 771 02eb 20       		.byte	32
 772 02ec 58       		.byte	88
 773 02ed 04       		.byte	4
 774 02ee 59       		.byte	89
 775 02ef 04       		.byte	4
 776 02f0 5F       		.byte	95
 777 02f1 01       		.byte	1
 778 02f2 D8       		.byte	-40
 779 02f3 04       		.byte	4
 780 02f4 D9       		.byte	-39
 781 02f5 04       		.byte	4
 782 02f6 DF       		.byte	-33
 783 02f7 01       		.byte	1
 784 02f8 00       		.byte	0
 785 02f9 01       		.byte	1
 786 02fa 02       		.byte	2
 787 02fb 10       		.byte	16
 788 02fc 03       		.byte	3
 789 02fd 04       		.byte	4
 790 02fe 04       		.byte	4
 791 02ff 80       		.byte	-128
 792 0300 05       		.byte	5
 793 0301 24       		.byte	36
 794 0302 06       		.byte	6
 795 0303 82       		.byte	-126
 796 0304 07       		.byte	7
 797 0305 08       		.byte	8
 798 0306 08       		.byte	8
ARM GAS  C:\Users\CHAIYA~1\AppData\Local\Temp\ccB0XnUl.s 			page 15


 799 0307 01       		.byte	1
 800 0308 0A       		.byte	10
 801 0309 10       		.byte	16
 802 030a 11       		.byte	17
 803 030b 04       		.byte	4
 804 030c 12       		.byte	18
 805 030d 02       		.byte	2
 806 030e 15       		.byte	21
 807 030f 02       		.byte	2
 808 0310 17       		.byte	23
 809 0311 24       		.byte	36
 810 0312 28       		.byte	40
 811 0313 01       		.byte	1
 812 0314 29       		.byte	41
 813 0315 24       		.byte	36
 814 0316 2A       		.byte	42
 815 0317 90       		.byte	-112
 816 0318 2B       		.byte	43
 817 0319 01       		.byte	1
 818 031a 2D       		.byte	45
 819 031b 20       		.byte	32
 820 031c 2E       		.byte	46
 821 031d 82       		.byte	-126
 822 031e 32       		.byte	50
 823 031f 02       		.byte	2
 824 0320 33       		.byte	51
 825 0321 04       		.byte	4
 826 0322 37       		.byte	55
 827 0323 24       		.byte	36
 828 0324 38       		.byte	56
 829 0325 08       		.byte	8
 830 0326 39       		.byte	57
 831 0327 06       		.byte	6
 832 0328 3C       		.byte	60
 833 0329 01       		.byte	1
 834 032a 3E       		.byte	62
 835 032b 10       		.byte	16
 836 032c 90       		.byte	-112
 837 032d 89       		.byte	-119
 838 032e 91       		.byte	-111
 839 032f 02       		.byte	2
 840 0330 92       		.byte	-110
 841 0331 10       		.byte	16
 842 0332 99       		.byte	-103
 843 0333 04       		.byte	4
 844 0334 9B       		.byte	-101
 845 0335 2C       		.byte	44
 846 0336 A2       		.byte	-94
 847 0337 02       		.byte	2
 848 0338 A3       		.byte	-93
 849 0339 01       		.byte	1
 850 033a A9       		.byte	-87
 851 033b 80       		.byte	-128
 852 033c C0       		.byte	-64
 853 033d FE       		.byte	-2
 854 033e C2       		.byte	-62
 855 033f 0C       		.byte	12
ARM GAS  C:\Users\CHAIYA~1\AppData\Local\Temp\ccB0XnUl.s 			page 16


 856 0340 C4       		.byte	-60
 857 0341 75       		.byte	117
 858 0342 CA       		.byte	-54
 859 0343 BE       		.byte	-66
 860 0344 CC       		.byte	-52
 861 0345 63       		.byte	99
 862 0346 CE       		.byte	-50
 863 0347 A3       		.byte	-93
 864 0348 E8       		.byte	-24
 865 0349 10       		.byte	16
 866 034a EE       		.byte	-18
 867 034b 04       		.byte	4
 868 034c 03       		.byte	3
 869 034d 04       		.byte	4
 870 034e 04       		.byte	4
 871 034f 08       		.byte	8
 872 0350 07       		.byte	7
 873 0351 02       		.byte	2
 874 0352 08       		.byte	8
 875 0353 04       		.byte	4
 876 0354 0C       		.byte	12
 877 0355 01       		.byte	1
 878 0356 16       		.byte	22
 879 0357 10       		.byte	16
 880 0358 1A       		.byte	26
 881 0359 01       		.byte	1
 882 035a 1E       		.byte	30
 883 035b 02       		.byte	2
 884 035c 22       		.byte	34
 885 035d 04       		.byte	4
 886 035e 24       		.byte	36
 887 035f 02       		.byte	2
 888 0360 27       		.byte	39
 889 0361 01       		.byte	1
 890 0362 2A       		.byte	42
 891 0363 08       		.byte	8
 892 0364 31       		.byte	49
 893 0365 01       		.byte	1
 894 0366 32       		.byte	50
 895 0367 1F       		.byte	31
 896 0368 33       		.byte	51
 897 0369 02       		.byte	2
 898 036a 35       		.byte	53
 899 036b 04       		.byte	4
 900 036c 38       		.byte	56
 901 036d 08       		.byte	8
 902 036e 3E       		.byte	62
 903 036f 04       		.byte	4
 904 0370 58       		.byte	88
 905 0371 04       		.byte	4
 906 0372 59       		.byte	89
 907 0373 04       		.byte	4
 908 0374 5F       		.byte	95
 909 0375 01       		.byte	1
 910 0376 D6       		.byte	-42
 911 0377 08       		.byte	8
 912 0378 D8       		.byte	-40
ARM GAS  C:\Users\CHAIYA~1\AppData\Local\Temp\ccB0XnUl.s 			page 17


 913 0379 04       		.byte	4
 914 037a D9       		.byte	-39
 915 037b 04       		.byte	4
 916 037c DB       		.byte	-37
 917 037d 04       		.byte	4
 918 037e DD       		.byte	-35
 919 037f 90       		.byte	-112
 920 0380 DF       		.byte	-33
 921 0381 01       		.byte	1
 922 0382 00       		.byte	0
 923 0383 01       		.byte	1
 924 0384 03       		.byte	3
 925 0385 04       		.byte	4
 926 0386 04       		.byte	4
 927 0387 89       		.byte	-119
 928 0388 07       		.byte	7
 929 0389 28       		.byte	40
 930 038a 08       		.byte	8
 931 038b 01       		.byte	1
 932 038c 09       		.byte	9
 933 038d 08       		.byte	8
 934 038e 0B       		.byte	11
 935 038f 08       		.byte	8
 936 0390 0C       		.byte	12
 937 0391 A1       		.byte	-95
 938 0392 0E       		.byte	14
 939 0393 20       		.byte	32
 940 0394 11       		.byte	17
 941 0395 20       		.byte	32
 942 0396 12       		.byte	18
 943 0397 02       		.byte	2
 944 0398 14       		.byte	20
 945 0399 10       		.byte	16
 946 039a 15       		.byte	21
 947 039b 81       		.byte	-127
 948 039c 16       		.byte	22
 949 039d 08       		.byte	8
 950 039e 17       		.byte	23
 951 039f 14       		.byte	20
 952 03a0 1D       		.byte	29
 953 03a1 04       		.byte	4
 954 03a2 1E       		.byte	30
 955 03a3 10       		.byte	16
 956 03a4 1F       		.byte	31
 957 03a5 0C       		.byte	12
 958 03a6 24       		.byte	36
 959 03a7 80       		.byte	-128
 960 03a8 25       		.byte	37
 961 03a9 38       		.byte	56
 962 03aa 26       		.byte	38
 963 03ab 03       		.byte	3
 964 03ac 27       		.byte	39
 965 03ad 28       		.byte	40
 966 03ae 28       		.byte	40
 967 03af 11       		.byte	17
 968 03b0 2A       		.byte	42
 969 03b1 80       		.byte	-128
ARM GAS  C:\Users\CHAIYA~1\AppData\Local\Temp\ccB0XnUl.s 			page 18


 970 03b2 2B       		.byte	43
 971 03b3 09       		.byte	9
 972 03b4 2C       		.byte	44
 973 03b5 20       		.byte	32
 974 03b6 2E       		.byte	46
 975 03b7 92       		.byte	-110
 976 03b8 31       		.byte	49
 977 03b9 28       		.byte	40
 978 03ba 32       		.byte	50
 979 03bb 02       		.byte	2
 980 03bc 36       		.byte	54
 981 03bd 01       		.byte	1
 982 03be 37       		.byte	55
 983 03bf 24       		.byte	36
 984 03c0 38       		.byte	56
 985 03c1 01       		.byte	1
 986 03c2 39       		.byte	57
 987 03c3 02       		.byte	2
 988 03c4 3A       		.byte	58
 989 03c5 02       		.byte	2
 990 03c6 3D       		.byte	61
 991 03c7 21       		.byte	33
 992 03c8 3E       		.byte	62
 993 03c9 08       		.byte	8
 994 03ca 59       		.byte	89
 995 03cb 80       		.byte	-128
 996 03cc 60       		.byte	96
 997 03cd 02       		.byte	2
 998 03ce 81       		.byte	-127
 999 03cf 40       		.byte	64
 1000 03d0 82       		.byte	-126
 1001 03d1 10       		.byte	16
 1002 03d2 91       		.byte	-111
 1003 03d3 03       		.byte	3
 1004 03d4 94       		.byte	-108
 1005 03d5 80       		.byte	-128
 1006 03d6 9B       		.byte	-101
 1007 03d7 14       		.byte	20
 1008 03d8 9C       		.byte	-100
 1009 03d9 02       		.byte	2
 1010 03da 9D       		.byte	-99
 1011 03db 04       		.byte	4
 1012 03dc 9E       		.byte	-98
 1013 03dd 80       		.byte	-128
 1014 03de 9F       		.byte	-97
 1015 03df 28       		.byte	40
 1016 03e0 A0       		.byte	-96
 1017 03e1 A0       		.byte	-96
 1018 03e2 A2       		.byte	-94
 1019 03e3 10       		.byte	16
 1020 03e4 A3       		.byte	-93
 1021 03e5 01       		.byte	1
 1022 03e6 A6       		.byte	-90
 1023 03e7 01       		.byte	1
 1024 03e8 AC       		.byte	-84
 1025 03e9 40       		.byte	64
 1026 03ea AE       		.byte	-82
ARM GAS  C:\Users\CHAIYA~1\AppData\Local\Temp\ccB0XnUl.s 			page 19


 1027 03eb 04       		.byte	4
 1028 03ec C0       		.byte	-64
 1029 03ed FA       		.byte	-6
 1030 03ee C2       		.byte	-62
 1031 03ef FE       		.byte	-2
 1032 03f0 C4       		.byte	-60
 1033 03f1 F3       		.byte	-13
 1034 03f2 CA       		.byte	-54
 1035 03f3 FE       		.byte	-2
 1036 03f4 CC       		.byte	-52
 1037 03f5 E7       		.byte	-25
 1038 03f6 CE       		.byte	-50
 1039 03f7 E1       		.byte	-31
 1040 03f8 D6       		.byte	-42
 1041 03f9 08       		.byte	8
 1042 03fa D8       		.byte	-40
 1043 03fb 08       		.byte	8
 1044 03fc E8       		.byte	-24
 1045 03fd 10       		.byte	16
 1046 03fe EE       		.byte	-18
 1047 03ff 04       		.byte	4
 1048 0400 10       		.byte	16
 1049 0401 80       		.byte	-128
 1050 0402 16       		.byte	22
 1051 0403 80       		.byte	-128
 1052 0404 31       		.byte	49
 1053 0405 40       		.byte	64
 1054 0406 33       		.byte	51
 1055 0407 08       		.byte	8
 1056 0408 34       		.byte	52
 1057 0409 08       		.byte	8
 1058 040a 37       		.byte	55
 1059 040b 80       		.byte	-128
 1060 040c 3B       		.byte	59
 1061 040d 02       		.byte	2
 1062 040e 3E       		.byte	62
 1063 040f 80       		.byte	-128
 1064 0410 87       		.byte	-121
 1065 0411 08       		.byte	8
 1066 0412 8B       		.byte	-117
 1067 0413 08       		.byte	8
 1068 0414 C4       		.byte	-60
 1069 0415 30       		.byte	48
 1070 0416 CC       		.byte	-52
 1071 0417 F0       		.byte	-16
 1072 0418 CE       		.byte	-50
 1073 0419 60       		.byte	96
 1074 041a E2       		.byte	-30
 1075 041b 10       		.byte	16
 1076 041c 82       		.byte	-126
 1077 041d 80       		.byte	-128
 1078 041e 87       		.byte	-121
 1079 041f 03       		.byte	3
 1080 0420 97       		.byte	-105
 1081 0421 02       		.byte	2
 1082 0422 9A       		.byte	-102
 1083 0423 04       		.byte	4
ARM GAS  C:\Users\CHAIYA~1\AppData\Local\Temp\ccB0XnUl.s 			page 20


 1084 0424 9B       		.byte	-101
 1085 0425 08       		.byte	8
 1086 0426 9C       		.byte	-100
 1087 0427 08       		.byte	8
 1088 0428 9D       		.byte	-99
 1089 0429 40       		.byte	64
 1090 042a 9F       		.byte	-97
 1091 042b 80       		.byte	-128
 1092 042c A0       		.byte	-96
 1093 042d 80       		.byte	-128
 1094 042e B6       		.byte	-74
 1095 042f 04       		.byte	4
 1096 0430 E2       		.byte	-30
 1097 0431 10       		.byte	16
 1098 0432 E6       		.byte	-26
 1099 0433 30       		.byte	48
 1100 0434 97       		.byte	-105
 1101 0435 02       		.byte	2
 1102 0436 9A       		.byte	-102
 1103 0437 04       		.byte	4
 1104 0438 9B       		.byte	-101
 1105 0439 08       		.byte	8
 1106 043a 9C       		.byte	-100
 1107 043b 08       		.byte	8
 1108 043c 9D       		.byte	-99
 1109 043d 40       		.byte	64
 1110 043e A0       		.byte	-96
 1111 043f 80       		.byte	-128
 1112 0440 A2       		.byte	-94
 1113 0441 80       		.byte	-128
 1114 0442 A3       		.byte	-93
 1115 0443 03       		.byte	3
 1116 0444 B7       		.byte	-73
 1117 0445 80       		.byte	-128
 1118 0446 84       		.byte	-124
 1119 0447 08       		.byte	8
 1120 0448 97       		.byte	-105
 1121 0449 02       		.byte	2
 1122 044a 9A       		.byte	-102
 1123 044b 04       		.byte	4
 1124 044c 9B       		.byte	-101
 1125 044d 08       		.byte	8
 1126 044e 9C       		.byte	-100
 1127 044f 08       		.byte	8
 1128 0450 9D       		.byte	-99
 1129 0451 40       		.byte	64
 1130 0452 A0       		.byte	-96
 1131 0453 80       		.byte	-128
 1132 0454 A2       		.byte	-94
 1133 0455 80       		.byte	-128
 1134 0456 A3       		.byte	-93
 1135 0457 03       		.byte	3
 1136 0458 E6       		.byte	-26
 1137 0459 10       		.byte	16
 1138 045a 8A       		.byte	-118
 1139 045b 40       		.byte	64
 1140 045c E2       		.byte	-30
ARM GAS  C:\Users\CHAIYA~1\AppData\Local\Temp\ccB0XnUl.s 			page 21


 1141 045d 04       		.byte	4
 1142 045e 20       		.byte	32
 1143 045f 20       		.byte	32
 1144 0460 A6       		.byte	-90
 1145 0461 40       		.byte	64
 1146 0462 C8       		.byte	-56
 1147 0463 02       		.byte	2
 1148 0464 A5       		.byte	-91
 1149 0465 02       		.byte	2
 1150 0466 A6       		.byte	-90
 1151 0467 40       		.byte	64
 1152 0468 B0       		.byte	-80
 1153 0469 10       		.byte	16
 1154 046a B5       		.byte	-75
 1155 046b 02       		.byte	2
 1156 046c EE       		.byte	-18
 1157 046d 09       		.byte	9
 1158 046e 09       		.byte	9
 1159 046f 02       		.byte	2
 1160 0470 0B       		.byte	11
 1161 0471 08       		.byte	8
 1162 0472 0E       		.byte	14
 1163 0473 80       		.byte	-128
 1164 0474 87       		.byte	-121
 1165 0475 04       		.byte	4
 1166 0476 A5       		.byte	-91
 1167 0477 02       		.byte	2
 1168 0478 A6       		.byte	-90
 1169 0479 40       		.byte	64
 1170 047a C2       		.byte	-62
 1171 047b 0E       		.byte	14
 1172 047c 24       		.byte	36
 1173 047d 08       		.byte	8
 1174 047e 97       		.byte	-105
 1175 047f 02       		.byte	2
 1176 0480 9A       		.byte	-102
 1177 0481 04       		.byte	4
 1178 0482 9B       		.byte	-101
 1179 0483 08       		.byte	8
 1180 0484 A0       		.byte	-96
 1181 0485 80       		.byte	-128
 1182 0486 A2       		.byte	-94
 1183 0487 80       		.byte	-128
 1184 0488 A3       		.byte	-93
 1185 0489 03       		.byte	3
 1186 048a AD       		.byte	-83
 1187 048b 40       		.byte	64
 1188 048c C8       		.byte	-56
 1189 048d 20       		.byte	32
 1190 048e EE       		.byte	-18
 1191 048f 10       		.byte	16
 1192 0490 52       		.byte	82
 1193 0491 80       		.byte	-128
 1194 0492 53       		.byte	83
 1195 0493 02       		.byte	2
 1196 0494 5F       		.byte	95
 1197 0495 08       		.byte	8
ARM GAS  C:\Users\CHAIYA~1\AppData\Local\Temp\ccB0XnUl.s 			page 22


 1198 0496 63       		.byte	99
 1199 0497 02       		.byte	2
 1200 0498 66       		.byte	102
 1201 0499 04       		.byte	4
 1202 049a 9A       		.byte	-102
 1203 049b 04       		.byte	4
 1204 049c 9B       		.byte	-101
 1205 049d 08       		.byte	8
 1206 049e A2       		.byte	-94
 1207 049f 80       		.byte	-128
 1208 04a0 A3       		.byte	-93
 1209 04a1 03       		.byte	3
 1210 04a2 A8       		.byte	-88
 1211 04a3 80       		.byte	-128
 1212 04a4 AB       		.byte	-85
 1213 04a5 01       		.byte	1
 1214 04a6 B4       		.byte	-76
 1215 04a7 04       		.byte	4
 1216 04a8 D4       		.byte	-44
 1217 04a9 A0       		.byte	-96
 1218 04aa D6       		.byte	-42
 1219 04ab C0       		.byte	-64
 1220 04ac D8       		.byte	-40
 1221 04ad 80       		.byte	-128
 1222 04ae E8       		.byte	-24
 1223 04af 20       		.byte	32
 1224 04b0 EE       		.byte	-18
 1225 04b1 20       		.byte	32
 1226 04b2 1F       		.byte	31
 1227 04b3 80       		.byte	-128
 1228 04b4 34       		.byte	52
 1229 04b5 02       		.byte	2
 1230 04b6 C6       		.byte	-58
 1231 04b7 01       		.byte	1
 1232 04b8 CC       		.byte	-52
 1233 04b9 01       		.byte	1
 1234 04ba AB       		.byte	-85
 1235 04bb 80       		.byte	-128
 1236 04bc B4       		.byte	-76
 1237 04bd 02       		.byte	2
 1238 04be E8       		.byte	-24
 1239 04bf 08       		.byte	8
 1240 04c0 00       		.byte	0
 1241 04c1 01       		.byte	1
 1242 04c2 01       		.byte	1
 1243 04c3 01       		.byte	1
 1244 04c4 08       		.byte	8
 1245 04c5 01       		.byte	1
 1246 04c6 0A       		.byte	10
 1247 04c7 01       		.byte	1
 1248 04c8 0B       		.byte	11
 1249 04c9 01       		.byte	1
 1250 04ca 10       		.byte	16
 1251 04cb 01       		.byte	1
 1252 04cc 11       		.byte	17
 1253 04cd 01       		.byte	1
 1254 04ce 1A       		.byte	26
ARM GAS  C:\Users\CHAIYA~1\AppData\Local\Temp\ccB0XnUl.s 			page 23


 1255 04cf 01       		.byte	1
 1256 04d0 1B       		.byte	27
 1257 04d1 01       		.byte	1
 1258 04d2 00       		.byte	0
 1259 04d3 AB       		.byte	-85
 1260 04d4 10       		.byte	16
 1261 04d5 0A       		.byte	10
 1262 04d6 00       		.byte	0
 1263 04d7 00       		.byte	0
 1264 04d8 00       		.byte	0
 1265 04d9 00       		.byte	0
 1266 04da 00       		.byte	0
 1267 04db 00       		.byte	0
 1268 04dc 00       		.byte	0
 1269 04dd 00       		.byte	0
 1270 04de 00       		.byte	0
 1271 04df 00       		.byte	0
 1272 04e0 C0       		.byte	-64
 1273 04e1 00       		.byte	0
 1274 04e2 00       		.byte	0
 1275 04e3 00       		.byte	0
 1276 04e4 00       		.byte	0
 1277 04e5 FE       		.byte	-2
 1278 04e6 FE       		.byte	-2
 1279 04e7 00       		.byte	0
 1280 04e8 00       		.byte	0
 1281 04e9 00       		.byte	0
 1282 04ea 00       		.byte	0
 1283 04eb 00       		.byte	0
 1284 04ec 00       		.byte	0
 1285 04ed 00       		.byte	0
 1286 04ee 00       		.byte	0
 1287 04ef 00       		.byte	0
 1288 04f0 00       		.byte	0
 1289 04f1 7C       		.byte	124
 1290 04f2 7C       		.byte	124
 1291 04f3 00       		.byte	0
 1292 04f4 00       		.byte	0
 1293 04f5 01       		.byte	1
 1294 04f6 00       		.byte	0
 1295 04f7 00       		.byte	0
 1296              		.global	cy_meta_custnvl
 1297              		.section	.cycustnvl,"a",%progbits
 1298              		.align	2
 1299              		.type	cy_meta_custnvl, %object
 1300              		.size	cy_meta_custnvl, 4
 1301              	cy_meta_custnvl:
 1302 0000 00       		.byte	0
 1303 0001 00       		.byte	0
 1304 0002 40       		.byte	64
 1305 0003 05       		.byte	5
 1306              		.global	cy_meta_wonvl
 1307              		.section	.cywolatch,"a",%progbits
 1308              		.align	2
 1309              		.type	cy_meta_wonvl, %object
 1310              		.size	cy_meta_wonvl, 4
 1311              	cy_meta_wonvl:
ARM GAS  C:\Users\CHAIYA~1\AppData\Local\Temp\ccB0XnUl.s 			page 24


 1312 0000 BC       		.byte	-68
 1313 0001 90       		.byte	-112
 1314 0002 AC       		.byte	-84
 1315 0003 AF       		.byte	-81
 1316              		.global	cy_meta_flashprotect
 1317              		.section	.cyflashprotect,"a",%progbits
 1318              		.align	2
 1319              		.type	cy_meta_flashprotect, %object
 1320              		.size	cy_meta_flashprotect, 256
 1321              	cy_meta_flashprotect:
 1322 0000 00000000 		.space	256
 1322      00000000 
 1322      00000000 
 1322      00000000 
 1322      00000000 
 1323              		.global	cy_metadata
 1324              		.section	.cymeta,"a",%progbits
 1325              		.align	2
 1326              		.type	cy_metadata, %object
 1327              		.size	cy_metadata, 12
 1328              	cy_metadata:
 1329 0000 00       		.byte	0
 1330 0001 01       		.byte	1
 1331 0002 2E       		.byte	46
 1332 0003 12       		.byte	18
 1333 0004 30       		.byte	48
 1334 0005 69       		.byte	105
 1335 0006 00       		.byte	0
 1336 0007 01       		.byte	1
 1337 0008 00       		.byte	0
 1338 0009 00       		.byte	0
 1339 000a 00       		.byte	0
 1340 000b 00       		.byte	0
 1341              		.text
 1342              	.Letext0:
 1343              		.file 1 ".\\Generated_Source\\PSoC5\\cymetadata.c"
 1344              		.file 2 ".\\Generated_Source\\PSoC5\\cytypes.h"
 1345              		.section	.debug_info,"",%progbits
 1346              	.Ldebug_info0:
 1347 0000 37010000 		.4byte	0x137
 1348 0004 0400     		.2byte	0x4
 1349 0006 00000000 		.4byte	.Ldebug_abbrev0
 1350 000a 04       		.byte	0x4
 1351 000b 01       		.uleb128 0x1
 1352 000c 09010000 		.4byte	.LASF18
 1353 0010 01       		.byte	0x1
 1354 0011 00000000 		.4byte	.LASF19
 1355 0015 26000000 		.4byte	.LASF20
 1356 0019 00000000 		.4byte	.Ldebug_line0
 1357 001d 02       		.uleb128 0x2
 1358 001e 01       		.byte	0x1
 1359 001f 06       		.byte	0x6
 1360 0020 DD010000 		.4byte	.LASF0
 1361 0024 02       		.uleb128 0x2
 1362 0025 01       		.byte	0x1
 1363 0026 08       		.byte	0x8
 1364 0027 89000000 		.4byte	.LASF1
ARM GAS  C:\Users\CHAIYA~1\AppData\Local\Temp\ccB0XnUl.s 			page 25


 1365 002b 02       		.uleb128 0x2
 1366 002c 02       		.byte	0x2
 1367 002d 05       		.byte	0x5
 1368 002e C4010000 		.4byte	.LASF2
 1369 0032 02       		.uleb128 0x2
 1370 0033 02       		.byte	0x2
 1371 0034 07       		.byte	0x7
 1372 0035 A9000000 		.4byte	.LASF3
 1373 0039 02       		.uleb128 0x2
 1374 003a 04       		.byte	0x4
 1375 003b 05       		.byte	0x5
 1376 003c D4010000 		.4byte	.LASF4
 1377 0040 02       		.uleb128 0x2
 1378 0041 04       		.byte	0x4
 1379 0042 07       		.byte	0x7
 1380 0043 97000000 		.4byte	.LASF5
 1381 0047 02       		.uleb128 0x2
 1382 0048 08       		.byte	0x8
 1383 0049 05       		.byte	0x5
 1384 004a B1010000 		.4byte	.LASF6
 1385 004e 02       		.uleb128 0x2
 1386 004f 08       		.byte	0x8
 1387 0050 07       		.byte	0x7
 1388 0051 F2000000 		.4byte	.LASF7
 1389 0055 03       		.uleb128 0x3
 1390 0056 04       		.byte	0x4
 1391 0057 05       		.byte	0x5
 1392 0058 696E7400 		.ascii	"int\000"
 1393 005c 02       		.uleb128 0x2
 1394 005d 04       		.byte	0x4
 1395 005e 07       		.byte	0x7
 1396 005f E5000000 		.4byte	.LASF8
 1397 0063 04       		.uleb128 0x4
 1398 0064 CE010000 		.4byte	.LASF21
 1399 0068 02       		.byte	0x2
 1400 0069 A1       		.byte	0xa1
 1401 006a 24000000 		.4byte	0x24
 1402 006e 02       		.uleb128 0x2
 1403 006f 04       		.byte	0x4
 1404 0070 04       		.byte	0x4
 1405 0071 83000000 		.4byte	.LASF9
 1406 0075 02       		.uleb128 0x2
 1407 0076 08       		.byte	0x8
 1408 0077 04       		.byte	0x4
 1409 0078 BC000000 		.4byte	.LASF10
 1410 007c 02       		.uleb128 0x2
 1411 007d 01       		.byte	0x1
 1412 007e 08       		.byte	0x8
 1413 007f BF010000 		.4byte	.LASF11
 1414 0083 05       		.uleb128 0x5
 1415 0084 63000000 		.4byte	0x63
 1416 0088 94000000 		.4byte	0x94
 1417 008c 06       		.uleb128 0x6
 1418 008d 94000000 		.4byte	0x94
 1419 0091 F704     		.2byte	0x4f7
 1420 0093 00       		.byte	0
 1421 0094 02       		.uleb128 0x2
ARM GAS  C:\Users\CHAIYA~1\AppData\Local\Temp\ccB0XnUl.s 			page 26


 1422 0095 04       		.byte	0x4
 1423 0096 07       		.byte	0x7
 1424 0097 A8010000 		.4byte	.LASF12
 1425 009b 07       		.uleb128 0x7
 1426 009c D3000000 		.4byte	.LASF13
 1427 00a0 01       		.byte	0x1
 1428 00a1 1C       		.byte	0x1c
 1429 00a2 AC000000 		.4byte	0xac
 1430 00a6 05       		.uleb128 0x5
 1431 00a7 03       		.byte	0x3
 1432 00a8 00000000 		.4byte	cy_meta_configecc
 1433 00ac 08       		.uleb128 0x8
 1434 00ad 83000000 		.4byte	0x83
 1435 00b1 05       		.uleb128 0x5
 1436 00b2 63000000 		.4byte	0x63
 1437 00b6 C1000000 		.4byte	0xc1
 1438 00ba 09       		.uleb128 0x9
 1439 00bb 94000000 		.4byte	0x94
 1440 00bf 03       		.byte	0x3
 1441 00c0 00       		.byte	0
 1442 00c1 07       		.uleb128 0x7
 1443 00c2 C3000000 		.4byte	.LASF14
 1444 00c6 01       		.byte	0x1
 1445 00c7 C5       		.byte	0xc5
 1446 00c8 D2000000 		.4byte	0xd2
 1447 00cc 05       		.uleb128 0x5
 1448 00cd 03       		.byte	0x3
 1449 00ce 00000000 		.4byte	cy_meta_custnvl
 1450 00d2 08       		.uleb128 0x8
 1451 00d3 B1000000 		.4byte	0xb1
 1452 00d7 07       		.uleb128 0x7
 1453 00d8 9A010000 		.4byte	.LASF15
 1454 00dc 01       		.byte	0x1
 1455 00dd D0       		.byte	0xd0
 1456 00de E8000000 		.4byte	0xe8
 1457 00e2 05       		.uleb128 0x5
 1458 00e3 03       		.byte	0x3
 1459 00e4 00000000 		.4byte	cy_meta_wonvl
 1460 00e8 08       		.uleb128 0x8
 1461 00e9 B1000000 		.4byte	0xb1
 1462 00ed 05       		.uleb128 0x5
 1463 00ee 63000000 		.4byte	0x63
 1464 00f2 FD000000 		.4byte	0xfd
 1465 00f6 09       		.uleb128 0x9
 1466 00f7 94000000 		.4byte	0x94
 1467 00fb FF       		.byte	0xff
 1468 00fc 00       		.byte	0
 1469 00fd 07       		.uleb128 0x7
 1470 00fe 85010000 		.4byte	.LASF16
 1471 0102 01       		.byte	0x1
 1472 0103 DB       		.byte	0xdb
 1473 0104 0E010000 		.4byte	0x10e
 1474 0108 05       		.uleb128 0x5
 1475 0109 03       		.byte	0x3
 1476 010a 00000000 		.4byte	cy_meta_flashprotect
 1477 010e 08       		.uleb128 0x8
 1478 010f ED000000 		.4byte	0xed
ARM GAS  C:\Users\CHAIYA~1\AppData\Local\Temp\ccB0XnUl.s 			page 27


 1479 0113 05       		.uleb128 0x5
 1480 0114 63000000 		.4byte	0x63
 1481 0118 23010000 		.4byte	0x123
 1482 011c 09       		.uleb128 0x9
 1483 011d 94000000 		.4byte	0x94
 1484 0121 0B       		.byte	0xb
 1485 0122 00       		.byte	0
 1486 0123 0A       		.uleb128 0xa
 1487 0124 77000000 		.4byte	.LASF17
 1488 0128 01       		.byte	0x1
 1489 0129 0501     		.2byte	0x105
 1490 012b 35010000 		.4byte	0x135
 1491 012f 05       		.uleb128 0x5
 1492 0130 03       		.byte	0x3
 1493 0131 00000000 		.4byte	cy_metadata
 1494 0135 08       		.uleb128 0x8
 1495 0136 13010000 		.4byte	0x113
 1496 013a 00       		.byte	0
 1497              		.section	.debug_abbrev,"",%progbits
 1498              	.Ldebug_abbrev0:
 1499 0000 01       		.uleb128 0x1
 1500 0001 11       		.uleb128 0x11
 1501 0002 01       		.byte	0x1
 1502 0003 25       		.uleb128 0x25
 1503 0004 0E       		.uleb128 0xe
 1504 0005 13       		.uleb128 0x13
 1505 0006 0B       		.uleb128 0xb
 1506 0007 03       		.uleb128 0x3
 1507 0008 0E       		.uleb128 0xe
 1508 0009 1B       		.uleb128 0x1b
 1509 000a 0E       		.uleb128 0xe
 1510 000b 10       		.uleb128 0x10
 1511 000c 17       		.uleb128 0x17
 1512 000d 00       		.byte	0
 1513 000e 00       		.byte	0
 1514 000f 02       		.uleb128 0x2
 1515 0010 24       		.uleb128 0x24
 1516 0011 00       		.byte	0
 1517 0012 0B       		.uleb128 0xb
 1518 0013 0B       		.uleb128 0xb
 1519 0014 3E       		.uleb128 0x3e
 1520 0015 0B       		.uleb128 0xb
 1521 0016 03       		.uleb128 0x3
 1522 0017 0E       		.uleb128 0xe
 1523 0018 00       		.byte	0
 1524 0019 00       		.byte	0
 1525 001a 03       		.uleb128 0x3
 1526 001b 24       		.uleb128 0x24
 1527 001c 00       		.byte	0
 1528 001d 0B       		.uleb128 0xb
 1529 001e 0B       		.uleb128 0xb
 1530 001f 3E       		.uleb128 0x3e
 1531 0020 0B       		.uleb128 0xb
 1532 0021 03       		.uleb128 0x3
 1533 0022 08       		.uleb128 0x8
 1534 0023 00       		.byte	0
 1535 0024 00       		.byte	0
ARM GAS  C:\Users\CHAIYA~1\AppData\Local\Temp\ccB0XnUl.s 			page 28


 1536 0025 04       		.uleb128 0x4
 1537 0026 16       		.uleb128 0x16
 1538 0027 00       		.byte	0
 1539 0028 03       		.uleb128 0x3
 1540 0029 0E       		.uleb128 0xe
 1541 002a 3A       		.uleb128 0x3a
 1542 002b 0B       		.uleb128 0xb
 1543 002c 3B       		.uleb128 0x3b
 1544 002d 0B       		.uleb128 0xb
 1545 002e 49       		.uleb128 0x49
 1546 002f 13       		.uleb128 0x13
 1547 0030 00       		.byte	0
 1548 0031 00       		.byte	0
 1549 0032 05       		.uleb128 0x5
 1550 0033 01       		.uleb128 0x1
 1551 0034 01       		.byte	0x1
 1552 0035 49       		.uleb128 0x49
 1553 0036 13       		.uleb128 0x13
 1554 0037 01       		.uleb128 0x1
 1555 0038 13       		.uleb128 0x13
 1556 0039 00       		.byte	0
 1557 003a 00       		.byte	0
 1558 003b 06       		.uleb128 0x6
 1559 003c 21       		.uleb128 0x21
 1560 003d 00       		.byte	0
 1561 003e 49       		.uleb128 0x49
 1562 003f 13       		.uleb128 0x13
 1563 0040 2F       		.uleb128 0x2f
 1564 0041 05       		.uleb128 0x5
 1565 0042 00       		.byte	0
 1566 0043 00       		.byte	0
 1567 0044 07       		.uleb128 0x7
 1568 0045 34       		.uleb128 0x34
 1569 0046 00       		.byte	0
 1570 0047 03       		.uleb128 0x3
 1571 0048 0E       		.uleb128 0xe
 1572 0049 3A       		.uleb128 0x3a
 1573 004a 0B       		.uleb128 0xb
 1574 004b 3B       		.uleb128 0x3b
 1575 004c 0B       		.uleb128 0xb
 1576 004d 49       		.uleb128 0x49
 1577 004e 13       		.uleb128 0x13
 1578 004f 3F       		.uleb128 0x3f
 1579 0050 19       		.uleb128 0x19
 1580 0051 02       		.uleb128 0x2
 1581 0052 18       		.uleb128 0x18
 1582 0053 00       		.byte	0
 1583 0054 00       		.byte	0
 1584 0055 08       		.uleb128 0x8
 1585 0056 26       		.uleb128 0x26
 1586 0057 00       		.byte	0
 1587 0058 49       		.uleb128 0x49
 1588 0059 13       		.uleb128 0x13
 1589 005a 00       		.byte	0
 1590 005b 00       		.byte	0
 1591 005c 09       		.uleb128 0x9
 1592 005d 21       		.uleb128 0x21
ARM GAS  C:\Users\CHAIYA~1\AppData\Local\Temp\ccB0XnUl.s 			page 29


 1593 005e 00       		.byte	0
 1594 005f 49       		.uleb128 0x49
 1595 0060 13       		.uleb128 0x13
 1596 0061 2F       		.uleb128 0x2f
 1597 0062 0B       		.uleb128 0xb
 1598 0063 00       		.byte	0
 1599 0064 00       		.byte	0
 1600 0065 0A       		.uleb128 0xa
 1601 0066 34       		.uleb128 0x34
 1602 0067 00       		.byte	0
 1603 0068 03       		.uleb128 0x3
 1604 0069 0E       		.uleb128 0xe
 1605 006a 3A       		.uleb128 0x3a
 1606 006b 0B       		.uleb128 0xb
 1607 006c 3B       		.uleb128 0x3b
 1608 006d 05       		.uleb128 0x5
 1609 006e 49       		.uleb128 0x49
 1610 006f 13       		.uleb128 0x13
 1611 0070 3F       		.uleb128 0x3f
 1612 0071 19       		.uleb128 0x19
 1613 0072 02       		.uleb128 0x2
 1614 0073 18       		.uleb128 0x18
 1615 0074 00       		.byte	0
 1616 0075 00       		.byte	0
 1617 0076 00       		.byte	0
 1618              		.section	.debug_aranges,"",%progbits
 1619 0000 14000000 		.4byte	0x14
 1620 0004 0200     		.2byte	0x2
 1621 0006 00000000 		.4byte	.Ldebug_info0
 1622 000a 04       		.byte	0x4
 1623 000b 00       		.byte	0
 1624 000c 0000     		.2byte	0
 1625 000e 0000     		.2byte	0
 1626 0010 00000000 		.4byte	0
 1627 0014 00000000 		.4byte	0
 1628              		.section	.debug_line,"",%progbits
 1629              	.Ldebug_line0:
 1630 0000 4F000000 		.section	.debug_str,"MS",%progbits,1
 1630      02004900 
 1630      00000201 
 1630      FB0E0D00 
 1630      01010101 
 1631              	.LASF19:
 1632 0000 2E5C4765 		.ascii	".\\Generated_Source\\PSoC5\\cymetadata.c\000"
 1632      6E657261 
 1632      7465645F 
 1632      536F7572 
 1632      63655C50 
 1633              	.LASF20:
 1634 0026 433A5C55 		.ascii	"C:\\Users\\Chai Yang\\Documents\\Node-Elephant\\TER"
 1634      73657273 
 1634      5C436861 
 1634      69205961 
 1634      6E675C44 
 1635 0054 4D494E41 		.ascii	"MINAL\\Node-Elephant-Terminal.cydsn\000"
 1635      4C5C4E6F 
 1635      64652D45 
ARM GAS  C:\Users\CHAIYA~1\AppData\Local\Temp\ccB0XnUl.s 			page 30


 1635      6C657068 
 1635      616E742D 
 1636              	.LASF17:
 1637 0077 63795F6D 		.ascii	"cy_metadata\000"
 1637      65746164 
 1637      61746100 
 1638              	.LASF9:
 1639 0083 666C6F61 		.ascii	"float\000"
 1639      7400
 1640              	.LASF1:
 1641 0089 756E7369 		.ascii	"unsigned char\000"
 1641      676E6564 
 1641      20636861 
 1641      7200
 1642              	.LASF5:
 1643 0097 6C6F6E67 		.ascii	"long unsigned int\000"
 1643      20756E73 
 1643      69676E65 
 1643      6420696E 
 1643      7400
 1644              	.LASF3:
 1645 00a9 73686F72 		.ascii	"short unsigned int\000"
 1645      7420756E 
 1645      7369676E 
 1645      65642069 
 1645      6E7400
 1646              	.LASF10:
 1647 00bc 646F7562 		.ascii	"double\000"
 1647      6C6500
 1648              	.LASF14:
 1649 00c3 63795F6D 		.ascii	"cy_meta_custnvl\000"
 1649      6574615F 
 1649      63757374 
 1649      6E766C00 
 1650              	.LASF13:
 1651 00d3 63795F6D 		.ascii	"cy_meta_configecc\000"
 1651      6574615F 
 1651      636F6E66 
 1651      69676563 
 1651      6300
 1652              	.LASF8:
 1653 00e5 756E7369 		.ascii	"unsigned int\000"
 1653      676E6564 
 1653      20696E74 
 1653      00
 1654              	.LASF7:
 1655 00f2 6C6F6E67 		.ascii	"long long unsigned int\000"
 1655      206C6F6E 
 1655      6720756E 
 1655      7369676E 
 1655      65642069 
 1656              	.LASF18:
 1657 0109 474E5520 		.ascii	"GNU C 4.8.4 20140526 (release) [ARM/embedded-4_8-br"
 1657      4320342E 
 1657      382E3420 
 1657      32303134 
 1657      30353236 
ARM GAS  C:\Users\CHAIYA~1\AppData\Local\Temp\ccB0XnUl.s 			page 31


 1658 013c 616E6368 		.ascii	"anch revision 211358] -mcpu=cortex-m3 -mthumb -g -O"
 1658      20726576 
 1658      6973696F 
 1658      6E203231 
 1658      31333538 
 1659 016f 30202D66 		.ascii	"0 -ffunction-sections\000"
 1659      66756E63 
 1659      74696F6E 
 1659      2D736563 
 1659      74696F6E 
 1660              	.LASF16:
 1661 0185 63795F6D 		.ascii	"cy_meta_flashprotect\000"
 1661      6574615F 
 1661      666C6173 
 1661      6870726F 
 1661      74656374 
 1662              	.LASF15:
 1663 019a 63795F6D 		.ascii	"cy_meta_wonvl\000"
 1663      6574615F 
 1663      776F6E76 
 1663      6C00
 1664              	.LASF12:
 1665 01a8 73697A65 		.ascii	"sizetype\000"
 1665      74797065 
 1665      00
 1666              	.LASF6:
 1667 01b1 6C6F6E67 		.ascii	"long long int\000"
 1667      206C6F6E 
 1667      6720696E 
 1667      7400
 1668              	.LASF11:
 1669 01bf 63686172 		.ascii	"char\000"
 1669      00
 1670              	.LASF2:
 1671 01c4 73686F72 		.ascii	"short int\000"
 1671      7420696E 
 1671      7400
 1672              	.LASF21:
 1673 01ce 75696E74 		.ascii	"uint8\000"
 1673      3800
 1674              	.LASF4:
 1675 01d4 6C6F6E67 		.ascii	"long int\000"
 1675      20696E74 
 1675      00
 1676              	.LASF0:
 1677 01dd 7369676E 		.ascii	"signed char\000"
 1677      65642063 
 1677      68617200 
 1678              		.ident	"GCC: (GNU Tools for ARM Embedded Processors) 4.8.4 20140526 (release) [ARM/embedded-4_8-br
