ARM GAS  C:\Users\CHAIYA~1\AppData\Local\Temp\ccAUhM9F.s 			page 1


   1              		.syntax unified
   2              		.cpu cortex-m3
   3              		.fpu softvfp
   4              		.eabi_attribute 20, 1
   5              		.eabi_attribute 21, 1
   6              		.eabi_attribute 23, 3
   7              		.eabi_attribute 24, 1
   8              		.eabi_attribute 25, 1
   9              		.eabi_attribute 26, 1
  10              		.eabi_attribute 30, 6
  11              		.eabi_attribute 34, 1
  12              		.eabi_attribute 18, 4
  13              		.thumb
  14              		.file	"main.c"
  15              		.text
  16              	.Ltext0:
  17              		.cfi_sections	.debug_frame
  18              		.section	.text.main,"ax",%progbits
  19              		.align	2
  20              		.global	main
  21              		.thumb
  22              		.thumb_func
  23              		.type	main, %function
  24              	main:
  25              	.LFB56:
  26              		.file 1 ".\\main.c"
   1:.\main.c      **** /* ========================================
   2:.\main.c      ****  *
   3:.\main.c      ****  * Copyright YOUR COMPANY, THE YEAR
   4:.\main.c      ****  * All Rights Reserved
   5:.\main.c      ****  * UNPUBLISHED, LICENSED SOFTWARE.
   6:.\main.c      ****  *
   7:.\main.c      ****  * CONFIDENTIAL AND PROPRIETARY INFORMATION
   8:.\main.c      ****  * WHICH IS THE PROPERTY OF your company.
   9:.\main.c      ****  *
  10:.\main.c      ****  * ========================================
  11:.\main.c      **** */
  12:.\main.c      **** #include <project.h>
  13:.\main.c      **** #include "uart-terminal.h"
  14:.\main.c      **** 
  15:.\main.c      **** int main()
  16:.\main.c      **** {
  27              		.loc 1 16 0
  28              		.cfi_startproc
  29              		@ args = 0, pretend = 0, frame = 72
  30              		@ frame_needed = 1, uses_anonymous_args = 0
  31 0000 80B5     		push	{r7, lr}
  32              		.cfi_def_cfa_offset 8
  33              		.cfi_offset 7, -8
  34              		.cfi_offset 14, -4
  35 0002 92B0     		sub	sp, sp, #72
  36              		.cfi_def_cfa_offset 80
  37 0004 00AF     		add	r7, sp, #0
  38              		.cfi_def_cfa_register 7
  17:.\main.c      ****     /* Place your initialization/startup code here (e.g. MyInst_Start()) */
  18:.\main.c      ****     LCD_Start();
  39              		.loc 1 18 0
ARM GAS  C:\Users\CHAIYA~1\AppData\Local\Temp\ccAUhM9F.s 			page 2


  40 0006 FFF7FEFF 		bl	LCD_Start
  19:.\main.c      ****     ADC_SAR_Start();
  41              		.loc 1 19 0
  42 000a FFF7FEFF 		bl	ADC_SAR_Start
  20:.\main.c      ****     ADC_SAR_StartConvert();
  43              		.loc 1 20 0
  44 000e FFF7FEFF 		bl	ADC_SAR_StartConvert
  21:.\main.c      ****     USBUART_Start(0u, USBUART_3V_OPERATION);   
  45              		.loc 1 21 0
  46 0012 0020     		movs	r0, #0
  47 0014 0021     		movs	r1, #0
  48 0016 FFF7FEFF 		bl	USBUART_Start
  22:.\main.c      ****     CyGlobalIntEnable;  
  49              		.loc 1 22 0
  50              	@ 22 ".\main.c" 1
  51 001a 62B6     		CPSIE   i
  52              	@ 0 "" 2
  23:.\main.c      ****     
  24:.\main.c      ****     uint8 track = 0;
  53              		.loc 1 24 0
  54              		.thumb
  55 001c 0023     		movs	r3, #0
  56 001e 87F84730 		strb	r3, [r7, #71]
  57              	.L2:
  25:.\main.c      ****     char serial_in[BUFFER_LEN];
  26:.\main.c      ****     
  27:.\main.c      ****     for(;;)
  28:.\main.c      ****     {
  29:.\main.c      ****         /* Place your application code here. */
  30:.\main.c      ****         terminal_echo(serial_in, &track);
  58              		.loc 1 30 0 discriminator 1
  59 0022 3A1D     		adds	r2, r7, #4
  60 0024 07F14703 		add	r3, r7, #71
  61 0028 1046     		mov	r0, r2
  62 002a 1946     		mov	r1, r3
  63 002c FFF7FEFF 		bl	terminal_echo
  31:.\main.c      ****     }
  64              		.loc 1 31 0 discriminator 1
  65 0030 F7E7     		b	.L2
  66              		.cfi_endproc
  67              	.LFE56:
  68              		.size	main, .-main
  69 0032 00BF     		.text
  70              	.Letext0:
  71              		.file 2 "c:\\program files (x86)\\cypress\\psoc creator\\3.1\\psoc creator\\import\\gnu_cs\\arm\\4
  72              		.file 3 "c:\\program files (x86)\\cypress\\psoc creator\\3.1\\psoc creator\\import\\gnu_cs\\arm\\4
  73              		.file 4 ".\\Generated_Source\\PSoC5/cytypes.h"
  74              		.file 5 ".\\Generated_Source\\PSoC5/core_cm3.h"
  75              		.section	.debug_info,"",%progbits
  76              	.Ldebug_info0:
  77 0000 FD000000 		.4byte	0xfd
  78 0004 0400     		.2byte	0x4
  79 0006 00000000 		.4byte	.Ldebug_abbrev0
  80 000a 04       		.byte	0x4
  81 000b 01       		.uleb128 0x1
  82 000c 22010000 		.4byte	.LASF18
  83 0010 01       		.byte	0x1
ARM GAS  C:\Users\CHAIYA~1\AppData\Local\Temp\ccAUhM9F.s 			page 3


  84 0011 8E000000 		.4byte	.LASF19
  85 0015 C7000000 		.4byte	.LASF20
  86 0019 00000000 		.4byte	.Ldebug_ranges0+0
  87 001d 00000000 		.4byte	0
  88 0021 00000000 		.4byte	.Ldebug_line0
  89 0025 02       		.uleb128 0x2
  90 0026 01       		.byte	0x1
  91 0027 06       		.byte	0x6
  92 0028 AB000000 		.4byte	.LASF0
  93 002c 02       		.uleb128 0x2
  94 002d 01       		.byte	0x1
  95 002e 08       		.byte	0x8
  96 002f 72000000 		.4byte	.LASF1
  97 0033 02       		.uleb128 0x2
  98 0034 02       		.byte	0x2
  99 0035 05       		.byte	0x5
 100 0036 18010000 		.4byte	.LASF2
 101 003a 02       		.uleb128 0x2
 102 003b 02       		.byte	0x2
 103 003c 07       		.byte	0x7
 104 003d 0E000000 		.4byte	.LASF3
 105 0041 03       		.uleb128 0x3
 106 0042 B7000000 		.4byte	.LASF9
 107 0046 02       		.byte	0x2
 108 0047 37       		.byte	0x37
 109 0048 4C000000 		.4byte	0x4c
 110 004c 02       		.uleb128 0x2
 111 004d 04       		.byte	0x4
 112 004e 05       		.byte	0x5
 113 004f 85000000 		.4byte	.LASF4
 114 0053 02       		.uleb128 0x2
 115 0054 04       		.byte	0x4
 116 0055 07       		.byte	0x7
 117 0056 43000000 		.4byte	.LASF5
 118 005a 02       		.uleb128 0x2
 119 005b 08       		.byte	0x8
 120 005c 05       		.byte	0x5
 121 005d 00000000 		.4byte	.LASF6
 122 0061 02       		.uleb128 0x2
 123 0062 08       		.byte	0x8
 124 0063 07       		.byte	0x7
 125 0064 55000000 		.4byte	.LASF7
 126 0068 04       		.uleb128 0x4
 127 0069 04       		.byte	0x4
 128 006a 05       		.byte	0x5
 129 006b 696E7400 		.ascii	"int\000"
 130 006f 02       		.uleb128 0x2
 131 0070 04       		.byte	0x4
 132 0071 07       		.byte	0x7
 133 0072 21000000 		.4byte	.LASF8
 134 0076 03       		.uleb128 0x3
 135 0077 9E010000 		.4byte	.LASF10
 136 007b 03       		.byte	0x3
 137 007c 41       		.byte	0x41
 138 007d 41000000 		.4byte	0x41
 139 0081 03       		.uleb128 0x3
 140 0082 3D000000 		.4byte	.LASF11
ARM GAS  C:\Users\CHAIYA~1\AppData\Local\Temp\ccAUhM9F.s 			page 4


 141 0086 04       		.byte	0x4
 142 0087 A1       		.byte	0xa1
 143 0088 2C000000 		.4byte	0x2c
 144 008c 02       		.uleb128 0x2
 145 008d 04       		.byte	0x4
 146 008e 04       		.byte	0x4
 147 008f C1000000 		.4byte	.LASF12
 148 0093 02       		.uleb128 0x2
 149 0094 08       		.byte	0x8
 150 0095 04       		.byte	0x4
 151 0096 97000000 		.4byte	.LASF13
 152 009a 02       		.uleb128 0x2
 153 009b 01       		.byte	0x1
 154 009c 08       		.byte	0x8
 155 009d 80000000 		.4byte	.LASF14
 156 00a1 02       		.uleb128 0x2
 157 00a2 04       		.byte	0x4
 158 00a3 07       		.byte	0x7
 159 00a4 A6010000 		.4byte	.LASF15
 160 00a8 05       		.uleb128 0x5
 161 00a9 38000000 		.4byte	.LASF21
 162 00ad 01       		.byte	0x1
 163 00ae 0F       		.byte	0xf
 164 00af 68000000 		.4byte	0x68
 165 00b3 00000000 		.4byte	.LFB56
 166 00b7 32000000 		.4byte	.LFE56-.LFB56
 167 00bb 01       		.uleb128 0x1
 168 00bc 9C       		.byte	0x9c
 169 00bd DF000000 		.4byte	0xdf
 170 00c1 06       		.uleb128 0x6
 171 00c2 6C000000 		.4byte	.LASF16
 172 00c6 01       		.byte	0x1
 173 00c7 18       		.byte	0x18
 174 00c8 81000000 		.4byte	0x81
 175 00cc 02       		.uleb128 0x2
 176 00cd 91       		.byte	0x91
 177 00ce 77       		.sleb128 -9
 178 00cf 06       		.uleb128 0x6
 179 00d0 2E000000 		.4byte	.LASF17
 180 00d4 01       		.byte	0x1
 181 00d5 19       		.byte	0x19
 182 00d6 DF000000 		.4byte	0xdf
 183 00da 03       		.uleb128 0x3
 184 00db 91       		.byte	0x91
 185 00dc B47F     		.sleb128 -76
 186 00de 00       		.byte	0
 187 00df 07       		.uleb128 0x7
 188 00e0 9A000000 		.4byte	0x9a
 189 00e4 EF000000 		.4byte	0xef
 190 00e8 08       		.uleb128 0x8
 191 00e9 A1000000 		.4byte	0xa1
 192 00ed 3F       		.byte	0x3f
 193 00ee 00       		.byte	0
 194 00ef 09       		.uleb128 0x9
 195 00f0 9E000000 		.4byte	.LASF22
 196 00f4 05       		.byte	0x5
 197 00f5 1606     		.2byte	0x616
ARM GAS  C:\Users\CHAIYA~1\AppData\Local\Temp\ccAUhM9F.s 			page 5


 198 00f7 FB000000 		.4byte	0xfb
 199 00fb 0A       		.uleb128 0xa
 200 00fc 76000000 		.4byte	0x76
 201 0100 00       		.byte	0
 202              		.section	.debug_abbrev,"",%progbits
 203              	.Ldebug_abbrev0:
 204 0000 01       		.uleb128 0x1
 205 0001 11       		.uleb128 0x11
 206 0002 01       		.byte	0x1
 207 0003 25       		.uleb128 0x25
 208 0004 0E       		.uleb128 0xe
 209 0005 13       		.uleb128 0x13
 210 0006 0B       		.uleb128 0xb
 211 0007 03       		.uleb128 0x3
 212 0008 0E       		.uleb128 0xe
 213 0009 1B       		.uleb128 0x1b
 214 000a 0E       		.uleb128 0xe
 215 000b 55       		.uleb128 0x55
 216 000c 17       		.uleb128 0x17
 217 000d 11       		.uleb128 0x11
 218 000e 01       		.uleb128 0x1
 219 000f 10       		.uleb128 0x10
 220 0010 17       		.uleb128 0x17
 221 0011 00       		.byte	0
 222 0012 00       		.byte	0
 223 0013 02       		.uleb128 0x2
 224 0014 24       		.uleb128 0x24
 225 0015 00       		.byte	0
 226 0016 0B       		.uleb128 0xb
 227 0017 0B       		.uleb128 0xb
 228 0018 3E       		.uleb128 0x3e
 229 0019 0B       		.uleb128 0xb
 230 001a 03       		.uleb128 0x3
 231 001b 0E       		.uleb128 0xe
 232 001c 00       		.byte	0
 233 001d 00       		.byte	0
 234 001e 03       		.uleb128 0x3
 235 001f 16       		.uleb128 0x16
 236 0020 00       		.byte	0
 237 0021 03       		.uleb128 0x3
 238 0022 0E       		.uleb128 0xe
 239 0023 3A       		.uleb128 0x3a
 240 0024 0B       		.uleb128 0xb
 241 0025 3B       		.uleb128 0x3b
 242 0026 0B       		.uleb128 0xb
 243 0027 49       		.uleb128 0x49
 244 0028 13       		.uleb128 0x13
 245 0029 00       		.byte	0
 246 002a 00       		.byte	0
 247 002b 04       		.uleb128 0x4
 248 002c 24       		.uleb128 0x24
 249 002d 00       		.byte	0
 250 002e 0B       		.uleb128 0xb
 251 002f 0B       		.uleb128 0xb
 252 0030 3E       		.uleb128 0x3e
 253 0031 0B       		.uleb128 0xb
 254 0032 03       		.uleb128 0x3
ARM GAS  C:\Users\CHAIYA~1\AppData\Local\Temp\ccAUhM9F.s 			page 6


 255 0033 08       		.uleb128 0x8
 256 0034 00       		.byte	0
 257 0035 00       		.byte	0
 258 0036 05       		.uleb128 0x5
 259 0037 2E       		.uleb128 0x2e
 260 0038 01       		.byte	0x1
 261 0039 3F       		.uleb128 0x3f
 262 003a 19       		.uleb128 0x19
 263 003b 03       		.uleb128 0x3
 264 003c 0E       		.uleb128 0xe
 265 003d 3A       		.uleb128 0x3a
 266 003e 0B       		.uleb128 0xb
 267 003f 3B       		.uleb128 0x3b
 268 0040 0B       		.uleb128 0xb
 269 0041 49       		.uleb128 0x49
 270 0042 13       		.uleb128 0x13
 271 0043 11       		.uleb128 0x11
 272 0044 01       		.uleb128 0x1
 273 0045 12       		.uleb128 0x12
 274 0046 06       		.uleb128 0x6
 275 0047 40       		.uleb128 0x40
 276 0048 18       		.uleb128 0x18
 277 0049 9642     		.uleb128 0x2116
 278 004b 19       		.uleb128 0x19
 279 004c 01       		.uleb128 0x1
 280 004d 13       		.uleb128 0x13
 281 004e 00       		.byte	0
 282 004f 00       		.byte	0
 283 0050 06       		.uleb128 0x6
 284 0051 34       		.uleb128 0x34
 285 0052 00       		.byte	0
 286 0053 03       		.uleb128 0x3
 287 0054 0E       		.uleb128 0xe
 288 0055 3A       		.uleb128 0x3a
 289 0056 0B       		.uleb128 0xb
 290 0057 3B       		.uleb128 0x3b
 291 0058 0B       		.uleb128 0xb
 292 0059 49       		.uleb128 0x49
 293 005a 13       		.uleb128 0x13
 294 005b 02       		.uleb128 0x2
 295 005c 18       		.uleb128 0x18
 296 005d 00       		.byte	0
 297 005e 00       		.byte	0
 298 005f 07       		.uleb128 0x7
 299 0060 01       		.uleb128 0x1
 300 0061 01       		.byte	0x1
 301 0062 49       		.uleb128 0x49
 302 0063 13       		.uleb128 0x13
 303 0064 01       		.uleb128 0x1
 304 0065 13       		.uleb128 0x13
 305 0066 00       		.byte	0
 306 0067 00       		.byte	0
 307 0068 08       		.uleb128 0x8
 308 0069 21       		.uleb128 0x21
 309 006a 00       		.byte	0
 310 006b 49       		.uleb128 0x49
 311 006c 13       		.uleb128 0x13
ARM GAS  C:\Users\CHAIYA~1\AppData\Local\Temp\ccAUhM9F.s 			page 7


 312 006d 2F       		.uleb128 0x2f
 313 006e 0B       		.uleb128 0xb
 314 006f 00       		.byte	0
 315 0070 00       		.byte	0
 316 0071 09       		.uleb128 0x9
 317 0072 34       		.uleb128 0x34
 318 0073 00       		.byte	0
 319 0074 03       		.uleb128 0x3
 320 0075 0E       		.uleb128 0xe
 321 0076 3A       		.uleb128 0x3a
 322 0077 0B       		.uleb128 0xb
 323 0078 3B       		.uleb128 0x3b
 324 0079 05       		.uleb128 0x5
 325 007a 49       		.uleb128 0x49
 326 007b 13       		.uleb128 0x13
 327 007c 3F       		.uleb128 0x3f
 328 007d 19       		.uleb128 0x19
 329 007e 3C       		.uleb128 0x3c
 330 007f 19       		.uleb128 0x19
 331 0080 00       		.byte	0
 332 0081 00       		.byte	0
 333 0082 0A       		.uleb128 0xa
 334 0083 35       		.uleb128 0x35
 335 0084 00       		.byte	0
 336 0085 49       		.uleb128 0x49
 337 0086 13       		.uleb128 0x13
 338 0087 00       		.byte	0
 339 0088 00       		.byte	0
 340 0089 00       		.byte	0
 341              		.section	.debug_aranges,"",%progbits
 342 0000 1C000000 		.4byte	0x1c
 343 0004 0200     		.2byte	0x2
 344 0006 00000000 		.4byte	.Ldebug_info0
 345 000a 04       		.byte	0x4
 346 000b 00       		.byte	0
 347 000c 0000     		.2byte	0
 348 000e 0000     		.2byte	0
 349 0010 00000000 		.4byte	.LFB56
 350 0014 32000000 		.4byte	.LFE56-.LFB56
 351 0018 00000000 		.4byte	0
 352 001c 00000000 		.4byte	0
 353              		.section	.debug_ranges,"",%progbits
 354              	.Ldebug_ranges0:
 355 0000 00000000 		.4byte	.LFB56
 356 0004 32000000 		.4byte	.LFE56
 357 0008 00000000 		.4byte	0
 358 000c 00000000 		.4byte	0
 359              		.section	.debug_line,"",%progbits
 360              	.Ldebug_line0:
 361 0000 76010000 		.section	.debug_str,"MS",%progbits,1
 361      02005101 
 361      00000201 
 361      FB0E0D00 
 361      01010101 
 362              	.LASF6:
 363 0000 6C6F6E67 		.ascii	"long long int\000"
 363      206C6F6E 
ARM GAS  C:\Users\CHAIYA~1\AppData\Local\Temp\ccAUhM9F.s 			page 8


 363      6720696E 
 363      7400
 364              	.LASF3:
 365 000e 73686F72 		.ascii	"short unsigned int\000"
 365      7420756E 
 365      7369676E 
 365      65642069 
 365      6E7400
 366              	.LASF8:
 367 0021 756E7369 		.ascii	"unsigned int\000"
 367      676E6564 
 367      20696E74 
 367      00
 368              	.LASF17:
 369 002e 73657269 		.ascii	"serial_in\000"
 369      616C5F69 
 369      6E00
 370              	.LASF21:
 371 0038 6D61696E 		.ascii	"main\000"
 371      00
 372              	.LASF11:
 373 003d 75696E74 		.ascii	"uint8\000"
 373      3800
 374              	.LASF5:
 375 0043 6C6F6E67 		.ascii	"long unsigned int\000"
 375      20756E73 
 375      69676E65 
 375      6420696E 
 375      7400
 376              	.LASF7:
 377 0055 6C6F6E67 		.ascii	"long long unsigned int\000"
 377      206C6F6E 
 377      6720756E 
 377      7369676E 
 377      65642069 
 378              	.LASF16:
 379 006c 74726163 		.ascii	"track\000"
 379      6B00
 380              	.LASF1:
 381 0072 756E7369 		.ascii	"unsigned char\000"
 381      676E6564 
 381      20636861 
 381      7200
 382              	.LASF14:
 383 0080 63686172 		.ascii	"char\000"
 383      00
 384              	.LASF4:
 385 0085 6C6F6E67 		.ascii	"long int\000"
 385      20696E74 
 385      00
 386              	.LASF19:
 387 008e 2E5C6D61 		.ascii	".\\main.c\000"
 387      696E2E63 
 387      00
 388              	.LASF13:
 389 0097 646F7562 		.ascii	"double\000"
 389      6C6500
ARM GAS  C:\Users\CHAIYA~1\AppData\Local\Temp\ccAUhM9F.s 			page 9


 390              	.LASF22:
 391 009e 49544D5F 		.ascii	"ITM_RxBuffer\000"
 391      52784275 
 391      66666572 
 391      00
 392              	.LASF0:
 393 00ab 7369676E 		.ascii	"signed char\000"
 393      65642063 
 393      68617200 
 394              	.LASF9:
 395 00b7 5F5F696E 		.ascii	"__int32_t\000"
 395      7433325F 
 395      7400
 396              	.LASF12:
 397 00c1 666C6F61 		.ascii	"float\000"
 397      7400
 398              	.LASF20:
 399 00c7 433A5C55 		.ascii	"C:\\Users\\Chai Yang\\Documents\\Node-Elephant\\TER"
 399      73657273 
 399      5C436861 
 399      69205961 
 399      6E675C44 
 400 00f5 4D494E41 		.ascii	"MINAL\\Node-Elephant-Terminal.cydsn\000"
 400      4C5C4E6F 
 400      64652D45 
 400      6C657068 
 400      616E742D 
 401              	.LASF2:
 402 0118 73686F72 		.ascii	"short int\000"
 402      7420696E 
 402      7400
 403              	.LASF18:
 404 0122 474E5520 		.ascii	"GNU C 4.8.4 20140526 (release) [ARM/embedded-4_8-br"
 404      4320342E 
 404      382E3420 
 404      32303134 
 404      30353236 
 405 0155 616E6368 		.ascii	"anch revision 211358] -mcpu=cortex-m3 -mthumb -g -O"
 405      20726576 
 405      6973696F 
 405      6E203231 
 405      31333538 
 406 0188 30202D66 		.ascii	"0 -ffunction-sections\000"
 406      66756E63 
 406      74696F6E 
 406      2D736563 
 406      74696F6E 
 407              	.LASF10:
 408 019e 696E7433 		.ascii	"int32_t\000"
 408      325F7400 
 409              	.LASF15:
 410 01a6 73697A65 		.ascii	"sizetype\000"
 410      74797065 
 410      00
 411              		.ident	"GCC: (GNU Tools for ARM Embedded Processors) 4.8.4 20140526 (release) [ARM/embedded-4_8-br
