ARM GAS  C:\Users\CHAIYA~1\AppData\Local\Temp\ccyAeNSY.s 			page 1


   1              		.syntax unified
   2              		.cpu cortex-m3
   3              		.fpu softvfp
   4              		.eabi_attribute 20, 1
   5              		.eabi_attribute 21, 1
   6              		.eabi_attribute 23, 3
   7              		.eabi_attribute 24, 1
   8              		.eabi_attribute 25, 1
   9              		.eabi_attribute 26, 1
  10              		.eabi_attribute 30, 6
  11              		.eabi_attribute 34, 1
  12              		.eabi_attribute 18, 4
  13              		.thumb
  14              		.file	"USBUART_vnd.c"
  15              		.text
  16              	.Ltext0:
  17              		.cfi_sections	.debug_frame
  18              		.section	.text.USBUART_HandleVendorRqst,"ax",%progbits
  19              		.align	2
  20              		.global	USBUART_HandleVendorRqst
  21              		.thumb
  22              		.thumb_func
  23              		.type	USBUART_HandleVendorRqst, %function
  24              	USBUART_HandleVendorRqst:
  25              	.LFB0:
  26              		.file 1 ".\\Generated_Source\\PSoC5\\USBUART_vnd.c"
   1:.\Generated_Source\PSoC5/USBUART_vnd.c **** /*******************************************************************************
   2:.\Generated_Source\PSoC5/USBUART_vnd.c **** * File Name: USBUART_vnd.c
   3:.\Generated_Source\PSoC5/USBUART_vnd.c **** * Version 2.80
   4:.\Generated_Source\PSoC5/USBUART_vnd.c **** *
   5:.\Generated_Source\PSoC5/USBUART_vnd.c **** * Description:
   6:.\Generated_Source\PSoC5/USBUART_vnd.c **** *  USB vendor request handler.
   7:.\Generated_Source\PSoC5/USBUART_vnd.c **** *
   8:.\Generated_Source\PSoC5/USBUART_vnd.c **** * Note:
   9:.\Generated_Source\PSoC5/USBUART_vnd.c **** *
  10:.\Generated_Source\PSoC5/USBUART_vnd.c **** ********************************************************************************
  11:.\Generated_Source\PSoC5/USBUART_vnd.c **** * Copyright 2008-2014, Cypress Semiconductor Corporation.  All rights reserved.
  12:.\Generated_Source\PSoC5/USBUART_vnd.c **** * You may use this file only in accordance with the license, terms, conditions,
  13:.\Generated_Source\PSoC5/USBUART_vnd.c **** * disclaimers, and limitations in the end user license agreement accompanying
  14:.\Generated_Source\PSoC5/USBUART_vnd.c **** * the software package with which this file was provided.
  15:.\Generated_Source\PSoC5/USBUART_vnd.c **** *******************************************************************************/
  16:.\Generated_Source\PSoC5/USBUART_vnd.c **** 
  17:.\Generated_Source\PSoC5/USBUART_vnd.c **** #include "USBUART.h"
  18:.\Generated_Source\PSoC5/USBUART_vnd.c **** #include "USBUART_pvt.h"
  19:.\Generated_Source\PSoC5/USBUART_vnd.c **** 
  20:.\Generated_Source\PSoC5/USBUART_vnd.c **** #if(USBUART_EXTERN_VND == USBUART_FALSE)
  21:.\Generated_Source\PSoC5/USBUART_vnd.c **** 
  22:.\Generated_Source\PSoC5/USBUART_vnd.c **** 
  23:.\Generated_Source\PSoC5/USBUART_vnd.c **** /***************************************
  24:.\Generated_Source\PSoC5/USBUART_vnd.c **** * Vendor Specific Declarations
  25:.\Generated_Source\PSoC5/USBUART_vnd.c **** ***************************************/
  26:.\Generated_Source\PSoC5/USBUART_vnd.c **** 
  27:.\Generated_Source\PSoC5/USBUART_vnd.c **** /* `#START VENDOR_SPECIFIC_DECLARATIONS` Place your declaration here */
  28:.\Generated_Source\PSoC5/USBUART_vnd.c **** 
  29:.\Generated_Source\PSoC5/USBUART_vnd.c **** /* `#END` */
  30:.\Generated_Source\PSoC5/USBUART_vnd.c **** 
  31:.\Generated_Source\PSoC5/USBUART_vnd.c **** 
ARM GAS  C:\Users\CHAIYA~1\AppData\Local\Temp\ccyAeNSY.s 			page 2


  32:.\Generated_Source\PSoC5/USBUART_vnd.c **** /*******************************************************************************
  33:.\Generated_Source\PSoC5/USBUART_vnd.c **** * Function Name: USBUART_HandleVendorRqst
  34:.\Generated_Source\PSoC5/USBUART_vnd.c **** ********************************************************************************
  35:.\Generated_Source\PSoC5/USBUART_vnd.c **** *
  36:.\Generated_Source\PSoC5/USBUART_vnd.c **** * Summary:
  37:.\Generated_Source\PSoC5/USBUART_vnd.c **** *  This routine provide users with a method to implement vendor specific
  38:.\Generated_Source\PSoC5/USBUART_vnd.c **** *  requests.
  39:.\Generated_Source\PSoC5/USBUART_vnd.c **** *
  40:.\Generated_Source\PSoC5/USBUART_vnd.c **** *  To implement vendor specific requests, add your code in this function to
  41:.\Generated_Source\PSoC5/USBUART_vnd.c **** *  decode and disposition the request.  If the request is handled, your code
  42:.\Generated_Source\PSoC5/USBUART_vnd.c **** *  must set the variable "requestHandled" to TRUE, indicating that the
  43:.\Generated_Source\PSoC5/USBUART_vnd.c **** *  request has been handled.
  44:.\Generated_Source\PSoC5/USBUART_vnd.c **** *
  45:.\Generated_Source\PSoC5/USBUART_vnd.c **** * Parameters:
  46:.\Generated_Source\PSoC5/USBUART_vnd.c **** *  None.
  47:.\Generated_Source\PSoC5/USBUART_vnd.c **** *
  48:.\Generated_Source\PSoC5/USBUART_vnd.c **** * Return:
  49:.\Generated_Source\PSoC5/USBUART_vnd.c **** *  requestHandled.
  50:.\Generated_Source\PSoC5/USBUART_vnd.c **** *
  51:.\Generated_Source\PSoC5/USBUART_vnd.c **** * Reentrant:
  52:.\Generated_Source\PSoC5/USBUART_vnd.c **** *  No.
  53:.\Generated_Source\PSoC5/USBUART_vnd.c **** *
  54:.\Generated_Source\PSoC5/USBUART_vnd.c **** *******************************************************************************/
  55:.\Generated_Source\PSoC5/USBUART_vnd.c **** uint8 USBUART_HandleVendorRqst(void) 
  56:.\Generated_Source\PSoC5/USBUART_vnd.c **** {
  27              		.loc 1 56 0
  28              		.cfi_startproc
  29              		@ args = 0, pretend = 0, frame = 8
  30              		@ frame_needed = 1, uses_anonymous_args = 0
  31 0000 80B5     		push	{r7, lr}
  32              		.cfi_def_cfa_offset 8
  33              		.cfi_offset 7, -8
  34              		.cfi_offset 14, -4
  35 0002 82B0     		sub	sp, sp, #8
  36              		.cfi_def_cfa_offset 16
  37 0004 00AF     		add	r7, sp, #0
  38              		.cfi_def_cfa_register 7
  57:.\Generated_Source\PSoC5/USBUART_vnd.c ****     uint8 requestHandled = USBUART_FALSE;
  39              		.loc 1 57 0
  40 0006 0023     		movs	r3, #0
  41 0008 FB71     		strb	r3, [r7, #7]
  58:.\Generated_Source\PSoC5/USBUART_vnd.c **** 
  59:.\Generated_Source\PSoC5/USBUART_vnd.c ****     if ((CY_GET_REG8(USBUART_bmRequestType) & USBUART_RQST_DIR_MASK) == USBUART_RQST_DIR_D2H)
  42              		.loc 1 59 0
  43 000a 0F4B     		ldr	r3, .L6
  44 000c 1B78     		ldrb	r3, [r3]
  45 000e DBB2     		uxtb	r3, r3
  46 0010 DBB2     		uxtb	r3, r3
  47 0012 5BB2     		sxtb	r3, r3
  48 0014 002B     		cmp	r3, #0
  49 0016 12DA     		bge	.L2
  60:.\Generated_Source\PSoC5/USBUART_vnd.c ****     {
  61:.\Generated_Source\PSoC5/USBUART_vnd.c ****         /* Control Read */
  62:.\Generated_Source\PSoC5/USBUART_vnd.c ****         switch (CY_GET_REG8(USBUART_bRequest))
  50              		.loc 1 62 0
  51 0018 0C4B     		ldr	r3, .L6+4
  52 001a 1B78     		ldrb	r3, [r3]
ARM GAS  C:\Users\CHAIYA~1\AppData\Local\Temp\ccyAeNSY.s 			page 3


  53 001c DBB2     		uxtb	r3, r3
  54 001e 012B     		cmp	r3, #1
  55 0020 00D0     		beq	.L4
  63:.\Generated_Source\PSoC5/USBUART_vnd.c ****         {
  64:.\Generated_Source\PSoC5/USBUART_vnd.c ****             case USBUART_GET_EXTENDED_CONFIG_DESCRIPTOR:
  65:.\Generated_Source\PSoC5/USBUART_vnd.c ****                 #if defined(USBUART_ENABLE_MSOS_STRING)
  66:.\Generated_Source\PSoC5/USBUART_vnd.c ****                     USBUART_currentTD.pData = (volatile uint8 *)&USBUART_MSOS_CONFIGURATION_DESCR[0
  67:.\Generated_Source\PSoC5/USBUART_vnd.c ****                     USBUART_currentTD.count = USBUART_MSOS_CONFIGURATION_DESCR[0u];
  68:.\Generated_Source\PSoC5/USBUART_vnd.c ****                     requestHandled  = USBUART_InitControlRead();
  69:.\Generated_Source\PSoC5/USBUART_vnd.c ****                 #endif /*  USBUART_ENABLE_MSOS_STRING */
  70:.\Generated_Source\PSoC5/USBUART_vnd.c ****                 break;
  71:.\Generated_Source\PSoC5/USBUART_vnd.c ****             default:
  72:.\Generated_Source\PSoC5/USBUART_vnd.c ****                 break;
  56              		.loc 1 72 0
  57 0022 0CE0     		b	.L2
  58              	.L4:
  66:.\Generated_Source\PSoC5/USBUART_vnd.c ****                     USBUART_currentTD.pData = (volatile uint8 *)&USBUART_MSOS_CONFIGURATION_DESCR[0
  59              		.loc 1 66 0
  60 0024 0A4B     		ldr	r3, .L6+8
  61 0026 0B4A     		ldr	r2, .L6+12
  62 0028 5A60     		str	r2, [r3, #4]
  67:.\Generated_Source\PSoC5/USBUART_vnd.c ****                     USBUART_currentTD.count = USBUART_MSOS_CONFIGURATION_DESCR[0u];
  63              		.loc 1 67 0
  64 002a 0A4B     		ldr	r3, .L6+12
  65 002c 1B78     		ldrb	r3, [r3]	@ zero_extendqisi2
  66 002e 1A46     		mov	r2, r3
  67 0030 074B     		ldr	r3, .L6+8
  68 0032 1A80     		strh	r2, [r3]	@ movhi
  68:.\Generated_Source\PSoC5/USBUART_vnd.c ****                     requestHandled  = USBUART_InitControlRead();
  69              		.loc 1 68 0
  70 0034 FFF7FEFF 		bl	USBUART_InitControlRead
  71 0038 0346     		mov	r3, r0
  72 003a FB71     		strb	r3, [r7, #7]
  70:.\Generated_Source\PSoC5/USBUART_vnd.c ****                 break;
  73              		.loc 1 70 0
  74 003c 00BF     		nop
  75              	.L2:
  73:.\Generated_Source\PSoC5/USBUART_vnd.c ****         }
  74:.\Generated_Source\PSoC5/USBUART_vnd.c ****     }
  75:.\Generated_Source\PSoC5/USBUART_vnd.c **** 
  76:.\Generated_Source\PSoC5/USBUART_vnd.c ****     /* `#START VENDOR_SPECIFIC_CODE` Place your vendor specific request here */
  77:.\Generated_Source\PSoC5/USBUART_vnd.c **** 
  78:.\Generated_Source\PSoC5/USBUART_vnd.c ****     /* `#END` */
  79:.\Generated_Source\PSoC5/USBUART_vnd.c **** 
  80:.\Generated_Source\PSoC5/USBUART_vnd.c ****     return(requestHandled);
  76              		.loc 1 80 0
  77 003e FB79     		ldrb	r3, [r7, #7]	@ zero_extendqisi2
  81:.\Generated_Source\PSoC5/USBUART_vnd.c **** }
  78              		.loc 1 81 0
  79 0040 1846     		mov	r0, r3
  80 0042 0837     		adds	r7, r7, #8
  81 0044 BD46     		mov	sp, r7
  82              		@ sp needed
  83 0046 80BD     		pop	{r7, pc}
  84              	.L7:
  85              		.align	2
  86              	.L6:
ARM GAS  C:\Users\CHAIYA~1\AppData\Local\Temp\ccyAeNSY.s 			page 4


  87 0048 00600040 		.word	1073766400
  88 004c 01600040 		.word	1073766401
  89 0050 00000000 		.word	USBUART_currentTD
  90 0054 00000000 		.word	USBUART_MSOS_CONFIGURATION_DESCR
  91              		.cfi_endproc
  92              	.LFE0:
  93              		.size	USBUART_HandleVendorRqst, .-USBUART_HandleVendorRqst
  94              		.text
  95              	.Letext0:
  96              		.file 2 ".\\Generated_Source\\PSoC5\\cytypes.h"
  97              		.file 3 ".\\Generated_Source\\PSoC5\\USBUART.h"
  98              		.file 4 ".\\Generated_Source\\PSoC5\\USBUART_pvt.h"
  99              		.section	.debug_info,"",%progbits
 100              	.Ldebug_info0:
 101 0000 73010000 		.4byte	0x173
 102 0004 0400     		.2byte	0x4
 103 0006 00000000 		.4byte	.Ldebug_abbrev0
 104 000a 04       		.byte	0x4
 105 000b 01       		.uleb128 0x1
 106 000c D1000000 		.4byte	.LASF25
 107 0010 01       		.byte	0x1
 108 0011 26000000 		.4byte	.LASF26
 109 0015 4D000000 		.4byte	.LASF27
 110 0019 00000000 		.4byte	.Ldebug_ranges0+0
 111 001d 00000000 		.4byte	0
 112 0021 00000000 		.4byte	.Ldebug_line0
 113 0025 02       		.uleb128 0x2
 114 0026 01       		.byte	0x1
 115 0027 06       		.byte	0x6
 116 0028 3D020000 		.4byte	.LASF0
 117 002c 02       		.uleb128 0x2
 118 002d 01       		.byte	0x1
 119 002e 08       		.byte	0x8
 120 002f B1000000 		.4byte	.LASF1
 121 0033 02       		.uleb128 0x2
 122 0034 02       		.byte	0x2
 123 0035 05       		.byte	0x5
 124 0036 02020000 		.4byte	.LASF2
 125 003a 02       		.uleb128 0x2
 126 003b 02       		.byte	0x2
 127 003c 07       		.byte	0x7
 128 003d 13000000 		.4byte	.LASF3
 129 0041 02       		.uleb128 0x2
 130 0042 04       		.byte	0x4
 131 0043 05       		.byte	0x5
 132 0044 34020000 		.4byte	.LASF4
 133 0048 02       		.uleb128 0x2
 134 0049 04       		.byte	0x4
 135 004a 07       		.byte	0x7
 136 004b 4D010000 		.4byte	.LASF5
 137 004f 02       		.uleb128 0x2
 138 0050 08       		.byte	0x8
 139 0051 05       		.byte	0x5
 140 0052 EF010000 		.4byte	.LASF6
 141 0056 02       		.uleb128 0x2
 142 0057 08       		.byte	0x8
 143 0058 07       		.byte	0x7
ARM GAS  C:\Users\CHAIYA~1\AppData\Local\Temp\ccyAeNSY.s 			page 5


 144 0059 B3010000 		.4byte	.LASF7
 145 005d 03       		.uleb128 0x3
 146 005e 04       		.byte	0x4
 147 005f 05       		.byte	0x5
 148 0060 696E7400 		.ascii	"int\000"
 149 0064 02       		.uleb128 0x2
 150 0065 04       		.byte	0x4
 151 0066 07       		.byte	0x7
 152 0067 A6010000 		.4byte	.LASF8
 153 006b 04       		.uleb128 0x4
 154 006c 5F010000 		.4byte	.LASF9
 155 0070 02       		.byte	0x2
 156 0071 A1       		.byte	0xa1
 157 0072 2C000000 		.4byte	0x2c
 158 0076 04       		.uleb128 0x4
 159 0077 9F010000 		.4byte	.LASF10
 160 007b 02       		.byte	0x2
 161 007c A2       		.byte	0xa2
 162 007d 3A000000 		.4byte	0x3a
 163 0081 02       		.uleb128 0x2
 164 0082 04       		.byte	0x4
 165 0083 04       		.byte	0x4
 166 0084 AB000000 		.4byte	.LASF11
 167 0088 02       		.uleb128 0x2
 168 0089 08       		.byte	0x8
 169 008a 04       		.byte	0x4
 170 008b 86010000 		.4byte	.LASF12
 171 008f 02       		.uleb128 0x2
 172 0090 01       		.byte	0x1
 173 0091 08       		.byte	0x8
 174 0092 FD010000 		.4byte	.LASF13
 175 0096 05       		.uleb128 0x5
 176 0097 CC000000 		.4byte	.LASF14
 177 009b 02       		.byte	0x2
 178 009c 4B01     		.2byte	0x14b
 179 009e A2000000 		.4byte	0xa2
 180 00a2 06       		.uleb128 0x6
 181 00a3 6B000000 		.4byte	0x6b
 182 00a7 02       		.uleb128 0x2
 183 00a8 04       		.byte	0x4
 184 00a9 07       		.byte	0x7
 185 00aa E6010000 		.4byte	.LASF15
 186 00ae 07       		.uleb128 0x7
 187 00af 04       		.byte	0x4
 188 00b0 03       		.byte	0x3
 189 00b1 94       		.byte	0x94
 190 00b2 CF000000 		.4byte	0xcf
 191 00b6 08       		.uleb128 0x8
 192 00b7 9E000000 		.4byte	.LASF16
 193 00bb 03       		.byte	0x3
 194 00bc 96       		.byte	0x96
 195 00bd 6B000000 		.4byte	0x6b
 196 00c1 00       		.byte	0
 197 00c2 08       		.uleb128 0x8
 198 00c3 49020000 		.4byte	.LASF17
 199 00c7 03       		.byte	0x3
 200 00c8 97       		.byte	0x97
ARM GAS  C:\Users\CHAIYA~1\AppData\Local\Temp\ccyAeNSY.s 			page 6


 201 00c9 76000000 		.4byte	0x76
 202 00cd 02       		.byte	0x2
 203 00ce 00       		.byte	0
 204 00cf 04       		.uleb128 0x4
 205 00d0 CA010000 		.4byte	.LASF18
 206 00d4 03       		.byte	0x3
 207 00d5 98       		.byte	0x98
 208 00d6 AE000000 		.4byte	0xae
 209 00da 07       		.uleb128 0x7
 210 00db 0C       		.byte	0xc
 211 00dc 03       		.byte	0x3
 212 00dd 9A       		.byte	0x9a
 213 00de 07010000 		.4byte	0x107
 214 00e2 08       		.uleb128 0x8
 215 00e3 0D000000 		.4byte	.LASF19
 216 00e7 03       		.byte	0x3
 217 00e8 9C       		.byte	0x9c
 218 00e9 76000000 		.4byte	0x76
 219 00ed 00       		.byte	0
 220 00ee 08       		.uleb128 0x8
 221 00ef A5000000 		.4byte	.LASF20
 222 00f3 03       		.byte	0x3
 223 00f4 9D       		.byte	0x9d
 224 00f5 07010000 		.4byte	0x107
 225 00f9 04       		.byte	0x4
 226 00fa 08       		.uleb128 0x8
 227 00fb 00000000 		.4byte	.LASF21
 228 00ff 03       		.byte	0x3
 229 0100 9E       		.byte	0x9e
 230 0101 0D010000 		.4byte	0x10d
 231 0105 08       		.byte	0x8
 232 0106 00       		.byte	0
 233 0107 09       		.uleb128 0x9
 234 0108 04       		.byte	0x4
 235 0109 A2000000 		.4byte	0xa2
 236 010d 09       		.uleb128 0x9
 237 010e 04       		.byte	0x4
 238 010f CF000000 		.4byte	0xcf
 239 0113 04       		.uleb128 0x4
 240 0114 BF000000 		.4byte	.LASF22
 241 0118 03       		.byte	0x3
 242 0119 9F       		.byte	0x9f
 243 011a DA000000 		.4byte	0xda
 244 011e 0A       		.uleb128 0xa
 245 011f 0C020000 		.4byte	.LASF28
 246 0123 01       		.byte	0x1
 247 0124 37       		.byte	0x37
 248 0125 6B000000 		.4byte	0x6b
 249 0129 00000000 		.4byte	.LFB0
 250 012d 58000000 		.4byte	.LFE0-.LFB0
 251 0131 01       		.uleb128 0x1
 252 0132 9C       		.byte	0x9c
 253 0133 46010000 		.4byte	0x146
 254 0137 0B       		.uleb128 0xb
 255 0138 25020000 		.4byte	.LASF29
 256 013c 01       		.byte	0x1
 257 013d 39       		.byte	0x39
ARM GAS  C:\Users\CHAIYA~1\AppData\Local\Temp\ccyAeNSY.s 			page 7


 258 013e 6B000000 		.4byte	0x6b
 259 0142 02       		.uleb128 0x2
 260 0143 91       		.byte	0x91
 261 0144 77       		.sleb128 -9
 262 0145 00       		.byte	0
 263 0146 0C       		.uleb128 0xc
 264 0147 6B000000 		.4byte	0x6b
 265 014b 56010000 		.4byte	0x156
 266 014f 0D       		.uleb128 0xd
 267 0150 A7000000 		.4byte	0xa7
 268 0154 27       		.byte	0x27
 269 0155 00       		.byte	0
 270 0156 0E       		.uleb128 0xe
 271 0157 65010000 		.4byte	.LASF23
 272 015b 04       		.byte	0x4
 273 015c 29       		.byte	0x29
 274 015d 61010000 		.4byte	0x161
 275 0161 0F       		.uleb128 0xf
 276 0162 46010000 		.4byte	0x146
 277 0166 0E       		.uleb128 0xe
 278 0167 8D010000 		.4byte	.LASF24
 279 016b 04       		.byte	0x4
 280 016c 36       		.byte	0x36
 281 016d 71010000 		.4byte	0x171
 282 0171 06       		.uleb128 0x6
 283 0172 13010000 		.4byte	0x113
 284 0176 00       		.byte	0
 285              		.section	.debug_abbrev,"",%progbits
 286              	.Ldebug_abbrev0:
 287 0000 01       		.uleb128 0x1
 288 0001 11       		.uleb128 0x11
 289 0002 01       		.byte	0x1
 290 0003 25       		.uleb128 0x25
 291 0004 0E       		.uleb128 0xe
 292 0005 13       		.uleb128 0x13
 293 0006 0B       		.uleb128 0xb
 294 0007 03       		.uleb128 0x3
 295 0008 0E       		.uleb128 0xe
 296 0009 1B       		.uleb128 0x1b
 297 000a 0E       		.uleb128 0xe
 298 000b 55       		.uleb128 0x55
 299 000c 17       		.uleb128 0x17
 300 000d 11       		.uleb128 0x11
 301 000e 01       		.uleb128 0x1
 302 000f 10       		.uleb128 0x10
 303 0010 17       		.uleb128 0x17
 304 0011 00       		.byte	0
 305 0012 00       		.byte	0
 306 0013 02       		.uleb128 0x2
 307 0014 24       		.uleb128 0x24
 308 0015 00       		.byte	0
 309 0016 0B       		.uleb128 0xb
 310 0017 0B       		.uleb128 0xb
 311 0018 3E       		.uleb128 0x3e
 312 0019 0B       		.uleb128 0xb
 313 001a 03       		.uleb128 0x3
 314 001b 0E       		.uleb128 0xe
ARM GAS  C:\Users\CHAIYA~1\AppData\Local\Temp\ccyAeNSY.s 			page 8


 315 001c 00       		.byte	0
 316 001d 00       		.byte	0
 317 001e 03       		.uleb128 0x3
 318 001f 24       		.uleb128 0x24
 319 0020 00       		.byte	0
 320 0021 0B       		.uleb128 0xb
 321 0022 0B       		.uleb128 0xb
 322 0023 3E       		.uleb128 0x3e
 323 0024 0B       		.uleb128 0xb
 324 0025 03       		.uleb128 0x3
 325 0026 08       		.uleb128 0x8
 326 0027 00       		.byte	0
 327 0028 00       		.byte	0
 328 0029 04       		.uleb128 0x4
 329 002a 16       		.uleb128 0x16
 330 002b 00       		.byte	0
 331 002c 03       		.uleb128 0x3
 332 002d 0E       		.uleb128 0xe
 333 002e 3A       		.uleb128 0x3a
 334 002f 0B       		.uleb128 0xb
 335 0030 3B       		.uleb128 0x3b
 336 0031 0B       		.uleb128 0xb
 337 0032 49       		.uleb128 0x49
 338 0033 13       		.uleb128 0x13
 339 0034 00       		.byte	0
 340 0035 00       		.byte	0
 341 0036 05       		.uleb128 0x5
 342 0037 16       		.uleb128 0x16
 343 0038 00       		.byte	0
 344 0039 03       		.uleb128 0x3
 345 003a 0E       		.uleb128 0xe
 346 003b 3A       		.uleb128 0x3a
 347 003c 0B       		.uleb128 0xb
 348 003d 3B       		.uleb128 0x3b
 349 003e 05       		.uleb128 0x5
 350 003f 49       		.uleb128 0x49
 351 0040 13       		.uleb128 0x13
 352 0041 00       		.byte	0
 353 0042 00       		.byte	0
 354 0043 06       		.uleb128 0x6
 355 0044 35       		.uleb128 0x35
 356 0045 00       		.byte	0
 357 0046 49       		.uleb128 0x49
 358 0047 13       		.uleb128 0x13
 359 0048 00       		.byte	0
 360 0049 00       		.byte	0
 361 004a 07       		.uleb128 0x7
 362 004b 13       		.uleb128 0x13
 363 004c 01       		.byte	0x1
 364 004d 0B       		.uleb128 0xb
 365 004e 0B       		.uleb128 0xb
 366 004f 3A       		.uleb128 0x3a
 367 0050 0B       		.uleb128 0xb
 368 0051 3B       		.uleb128 0x3b
 369 0052 0B       		.uleb128 0xb
 370 0053 01       		.uleb128 0x1
 371 0054 13       		.uleb128 0x13
ARM GAS  C:\Users\CHAIYA~1\AppData\Local\Temp\ccyAeNSY.s 			page 9


 372 0055 00       		.byte	0
 373 0056 00       		.byte	0
 374 0057 08       		.uleb128 0x8
 375 0058 0D       		.uleb128 0xd
 376 0059 00       		.byte	0
 377 005a 03       		.uleb128 0x3
 378 005b 0E       		.uleb128 0xe
 379 005c 3A       		.uleb128 0x3a
 380 005d 0B       		.uleb128 0xb
 381 005e 3B       		.uleb128 0x3b
 382 005f 0B       		.uleb128 0xb
 383 0060 49       		.uleb128 0x49
 384 0061 13       		.uleb128 0x13
 385 0062 38       		.uleb128 0x38
 386 0063 0B       		.uleb128 0xb
 387 0064 00       		.byte	0
 388 0065 00       		.byte	0
 389 0066 09       		.uleb128 0x9
 390 0067 0F       		.uleb128 0xf
 391 0068 00       		.byte	0
 392 0069 0B       		.uleb128 0xb
 393 006a 0B       		.uleb128 0xb
 394 006b 49       		.uleb128 0x49
 395 006c 13       		.uleb128 0x13
 396 006d 00       		.byte	0
 397 006e 00       		.byte	0
 398 006f 0A       		.uleb128 0xa
 399 0070 2E       		.uleb128 0x2e
 400 0071 01       		.byte	0x1
 401 0072 3F       		.uleb128 0x3f
 402 0073 19       		.uleb128 0x19
 403 0074 03       		.uleb128 0x3
 404 0075 0E       		.uleb128 0xe
 405 0076 3A       		.uleb128 0x3a
 406 0077 0B       		.uleb128 0xb
 407 0078 3B       		.uleb128 0x3b
 408 0079 0B       		.uleb128 0xb
 409 007a 27       		.uleb128 0x27
 410 007b 19       		.uleb128 0x19
 411 007c 49       		.uleb128 0x49
 412 007d 13       		.uleb128 0x13
 413 007e 11       		.uleb128 0x11
 414 007f 01       		.uleb128 0x1
 415 0080 12       		.uleb128 0x12
 416 0081 06       		.uleb128 0x6
 417 0082 40       		.uleb128 0x40
 418 0083 18       		.uleb128 0x18
 419 0084 9642     		.uleb128 0x2116
 420 0086 19       		.uleb128 0x19
 421 0087 01       		.uleb128 0x1
 422 0088 13       		.uleb128 0x13
 423 0089 00       		.byte	0
 424 008a 00       		.byte	0
 425 008b 0B       		.uleb128 0xb
 426 008c 34       		.uleb128 0x34
 427 008d 00       		.byte	0
 428 008e 03       		.uleb128 0x3
ARM GAS  C:\Users\CHAIYA~1\AppData\Local\Temp\ccyAeNSY.s 			page 10


 429 008f 0E       		.uleb128 0xe
 430 0090 3A       		.uleb128 0x3a
 431 0091 0B       		.uleb128 0xb
 432 0092 3B       		.uleb128 0x3b
 433 0093 0B       		.uleb128 0xb
 434 0094 49       		.uleb128 0x49
 435 0095 13       		.uleb128 0x13
 436 0096 02       		.uleb128 0x2
 437 0097 18       		.uleb128 0x18
 438 0098 00       		.byte	0
 439 0099 00       		.byte	0
 440 009a 0C       		.uleb128 0xc
 441 009b 01       		.uleb128 0x1
 442 009c 01       		.byte	0x1
 443 009d 49       		.uleb128 0x49
 444 009e 13       		.uleb128 0x13
 445 009f 01       		.uleb128 0x1
 446 00a0 13       		.uleb128 0x13
 447 00a1 00       		.byte	0
 448 00a2 00       		.byte	0
 449 00a3 0D       		.uleb128 0xd
 450 00a4 21       		.uleb128 0x21
 451 00a5 00       		.byte	0
 452 00a6 49       		.uleb128 0x49
 453 00a7 13       		.uleb128 0x13
 454 00a8 2F       		.uleb128 0x2f
 455 00a9 0B       		.uleb128 0xb
 456 00aa 00       		.byte	0
 457 00ab 00       		.byte	0
 458 00ac 0E       		.uleb128 0xe
 459 00ad 34       		.uleb128 0x34
 460 00ae 00       		.byte	0
 461 00af 03       		.uleb128 0x3
 462 00b0 0E       		.uleb128 0xe
 463 00b1 3A       		.uleb128 0x3a
 464 00b2 0B       		.uleb128 0xb
 465 00b3 3B       		.uleb128 0x3b
 466 00b4 0B       		.uleb128 0xb
 467 00b5 49       		.uleb128 0x49
 468 00b6 13       		.uleb128 0x13
 469 00b7 3F       		.uleb128 0x3f
 470 00b8 19       		.uleb128 0x19
 471 00b9 3C       		.uleb128 0x3c
 472 00ba 19       		.uleb128 0x19
 473 00bb 00       		.byte	0
 474 00bc 00       		.byte	0
 475 00bd 0F       		.uleb128 0xf
 476 00be 26       		.uleb128 0x26
 477 00bf 00       		.byte	0
 478 00c0 49       		.uleb128 0x49
 479 00c1 13       		.uleb128 0x13
 480 00c2 00       		.byte	0
 481 00c3 00       		.byte	0
 482 00c4 00       		.byte	0
 483              		.section	.debug_aranges,"",%progbits
 484 0000 1C000000 		.4byte	0x1c
 485 0004 0200     		.2byte	0x2
ARM GAS  C:\Users\CHAIYA~1\AppData\Local\Temp\ccyAeNSY.s 			page 11


 486 0006 00000000 		.4byte	.Ldebug_info0
 487 000a 04       		.byte	0x4
 488 000b 00       		.byte	0
 489 000c 0000     		.2byte	0
 490 000e 0000     		.2byte	0
 491 0010 00000000 		.4byte	.LFB0
 492 0014 58000000 		.4byte	.LFE0-.LFB0
 493 0018 00000000 		.4byte	0
 494 001c 00000000 		.4byte	0
 495              		.section	.debug_ranges,"",%progbits
 496              	.Ldebug_ranges0:
 497 0000 00000000 		.4byte	.LFB0
 498 0004 58000000 		.4byte	.LFE0
 499 0008 00000000 		.4byte	0
 500 000c 00000000 		.4byte	0
 501              		.section	.debug_line,"",%progbits
 502              	.Ldebug_line0:
 503 0000 8D000000 		.section	.debug_str,"MS",%progbits,1
 503      02006800 
 503      00000201 
 503      FB0E0D00 
 503      01010101 
 504              	.LASF21:
 505 0000 70537461 		.ascii	"pStatusBlock\000"
 505      74757342 
 505      6C6F636B 
 505      00
 506              	.LASF19:
 507 000d 636F756E 		.ascii	"count\000"
 507      7400
 508              	.LASF3:
 509 0013 73686F72 		.ascii	"short unsigned int\000"
 509      7420756E 
 509      7369676E 
 509      65642069 
 509      6E7400
 510              	.LASF26:
 511 0026 2E5C4765 		.ascii	".\\Generated_Source\\PSoC5\\USBUART_vnd.c\000"
 511      6E657261 
 511      7465645F 
 511      536F7572 
 511      63655C50 
 512              	.LASF27:
 513 004d 433A5C55 		.ascii	"C:\\Users\\Chai Yang\\Documents\\Node-Elephant\\TER"
 513      73657273 
 513      5C436861 
 513      69205961 
 513      6E675C44 
 514 007b 4D494E41 		.ascii	"MINAL\\Node-Elephant-Terminal.cydsn\000"
 514      4C5C4E6F 
 514      64652D45 
 514      6C657068 
 514      616E742D 
 515              	.LASF16:
 516 009e 73746174 		.ascii	"status\000"
 516      757300
 517              	.LASF20:
ARM GAS  C:\Users\CHAIYA~1\AppData\Local\Temp\ccyAeNSY.s 			page 12


 518 00a5 70446174 		.ascii	"pData\000"
 518      6100
 519              	.LASF11:
 520 00ab 666C6F61 		.ascii	"float\000"
 520      7400
 521              	.LASF1:
 522 00b1 756E7369 		.ascii	"unsigned char\000"
 522      676E6564 
 522      20636861 
 522      7200
 523              	.LASF22:
 524 00bf 545F5553 		.ascii	"T_USBUART_TD\000"
 524      42554152 
 524      545F5444 
 524      00
 525              	.LASF14:
 526 00cc 72656738 		.ascii	"reg8\000"
 526      00
 527              	.LASF25:
 528 00d1 474E5520 		.ascii	"GNU C 4.8.4 20140526 (release) [ARM/embedded-4_8-br"
 528      4320342E 
 528      382E3420 
 528      32303134 
 528      30353236 
 529 0104 616E6368 		.ascii	"anch revision 211358] -mcpu=cortex-m3 -mthumb -g -O"
 529      20726576 
 529      6973696F 
 529      6E203231 
 529      31333538 
 530 0137 30202D66 		.ascii	"0 -ffunction-sections\000"
 530      66756E63 
 530      74696F6E 
 530      2D736563 
 530      74696F6E 
 531              	.LASF5:
 532 014d 6C6F6E67 		.ascii	"long unsigned int\000"
 532      20756E73 
 532      69676E65 
 532      6420696E 
 532      7400
 533              	.LASF9:
 534 015f 75696E74 		.ascii	"uint8\000"
 534      3800
 535              	.LASF23:
 536 0165 55534255 		.ascii	"USBUART_MSOS_CONFIGURATION_DESCR\000"
 536      4152545F 
 536      4D534F53 
 536      5F434F4E 
 536      46494755 
 537              	.LASF12:
 538 0186 646F7562 		.ascii	"double\000"
 538      6C6500
 539              	.LASF24:
 540 018d 55534255 		.ascii	"USBUART_currentTD\000"
 540      4152545F 
 540      63757272 
 540      656E7454 
ARM GAS  C:\Users\CHAIYA~1\AppData\Local\Temp\ccyAeNSY.s 			page 13


 540      4400
 541              	.LASF10:
 542 019f 75696E74 		.ascii	"uint16\000"
 542      313600
 543              	.LASF8:
 544 01a6 756E7369 		.ascii	"unsigned int\000"
 544      676E6564 
 544      20696E74 
 544      00
 545              	.LASF7:
 546 01b3 6C6F6E67 		.ascii	"long long unsigned int\000"
 546      206C6F6E 
 546      6720756E 
 546      7369676E 
 546      65642069 
 547              	.LASF18:
 548 01ca 545F5553 		.ascii	"T_USBUART_XFER_STATUS_BLOCK\000"
 548      42554152 
 548      545F5846 
 548      45525F53 
 548      54415455 
 549              	.LASF15:
 550 01e6 73697A65 		.ascii	"sizetype\000"
 550      74797065 
 550      00
 551              	.LASF6:
 552 01ef 6C6F6E67 		.ascii	"long long int\000"
 552      206C6F6E 
 552      6720696E 
 552      7400
 553              	.LASF13:
 554 01fd 63686172 		.ascii	"char\000"
 554      00
 555              	.LASF2:
 556 0202 73686F72 		.ascii	"short int\000"
 556      7420696E 
 556      7400
 557              	.LASF28:
 558 020c 55534255 		.ascii	"USBUART_HandleVendorRqst\000"
 558      4152545F 
 558      48616E64 
 558      6C655665 
 558      6E646F72 
 559              	.LASF29:
 560 0225 72657175 		.ascii	"requestHandled\000"
 560      65737448 
 560      616E646C 
 560      656400
 561              	.LASF4:
 562 0234 6C6F6E67 		.ascii	"long int\000"
 562      20696E74 
 562      00
 563              	.LASF0:
 564 023d 7369676E 		.ascii	"signed char\000"
 564      65642063 
 564      68617200 
 565              	.LASF17:
ARM GAS  C:\Users\CHAIYA~1\AppData\Local\Temp\ccyAeNSY.s 			page 14


 566 0249 6C656E67 		.ascii	"length\000"
 566      746800
 567              		.ident	"GCC: (GNU Tools for ARM Embedded Processors) 4.8.4 20140526 (release) [ARM/embedded-4_8-br
