ARM GAS  C:\Users\CHAIYA~1\AppData\Local\Temp\ccr92OZ0.s 			page 1


   1              		.syntax unified
   2              		.cpu cortex-m3
   3              		.fpu softvfp
   4              		.eabi_attribute 20, 1
   5              		.eabi_attribute 21, 1
   6              		.eabi_attribute 23, 3
   7              		.eabi_attribute 24, 1
   8              		.eabi_attribute 25, 1
   9              		.eabi_attribute 26, 1
  10              		.eabi_attribute 30, 6
  11              		.eabi_attribute 34, 1
  12              		.eabi_attribute 18, 4
  13              		.thumb
  14              		.file	"USBUART_cls.c"
  15              		.text
  16              	.Ltext0:
  17              		.cfi_sections	.debug_frame
  18              		.section	.text.USBUART_DispatchClassRqst,"ax",%progbits
  19              		.align	2
  20              		.global	USBUART_DispatchClassRqst
  21              		.thumb
  22              		.thumb_func
  23              		.type	USBUART_DispatchClassRqst, %function
  24              	USBUART_DispatchClassRqst:
  25              	.LFB0:
  26              		.file 1 ".\\Generated_Source\\PSoC5\\USBUART_cls.c"
   1:.\Generated_Source\PSoC5/USBUART_cls.c **** /*******************************************************************************
   2:.\Generated_Source\PSoC5/USBUART_cls.c **** * File Name: USBUART_cls.c
   3:.\Generated_Source\PSoC5/USBUART_cls.c **** * Version 2.80
   4:.\Generated_Source\PSoC5/USBUART_cls.c **** *
   5:.\Generated_Source\PSoC5/USBUART_cls.c **** * Description:
   6:.\Generated_Source\PSoC5/USBUART_cls.c **** *  USB Class request handler.
   7:.\Generated_Source\PSoC5/USBUART_cls.c **** *
   8:.\Generated_Source\PSoC5/USBUART_cls.c **** * Note:
   9:.\Generated_Source\PSoC5/USBUART_cls.c **** *
  10:.\Generated_Source\PSoC5/USBUART_cls.c **** ********************************************************************************
  11:.\Generated_Source\PSoC5/USBUART_cls.c **** * Copyright 2008-2014, Cypress Semiconductor Corporation.  All rights reserved.
  12:.\Generated_Source\PSoC5/USBUART_cls.c **** * You may use this file only in accordance with the license, terms, conditions,
  13:.\Generated_Source\PSoC5/USBUART_cls.c **** * disclaimers, and limitations in the end user license agreement accompanying
  14:.\Generated_Source\PSoC5/USBUART_cls.c **** * the software package with which this file was provided.
  15:.\Generated_Source\PSoC5/USBUART_cls.c **** *******************************************************************************/
  16:.\Generated_Source\PSoC5/USBUART_cls.c **** 
  17:.\Generated_Source\PSoC5/USBUART_cls.c **** #include "USBUART.h"
  18:.\Generated_Source\PSoC5/USBUART_cls.c **** 
  19:.\Generated_Source\PSoC5/USBUART_cls.c **** #if(USBUART_EXTERN_CLS == USBUART_FALSE)
  20:.\Generated_Source\PSoC5/USBUART_cls.c **** 
  21:.\Generated_Source\PSoC5/USBUART_cls.c **** #include "USBUART_pvt.h"
  22:.\Generated_Source\PSoC5/USBUART_cls.c **** 
  23:.\Generated_Source\PSoC5/USBUART_cls.c **** 
  24:.\Generated_Source\PSoC5/USBUART_cls.c **** /***************************************
  25:.\Generated_Source\PSoC5/USBUART_cls.c **** * User Implemented Class Driver Declarations.
  26:.\Generated_Source\PSoC5/USBUART_cls.c **** ***************************************/
  27:.\Generated_Source\PSoC5/USBUART_cls.c **** /* `#START USER_DEFINED_CLASS_DECLARATIONS` Place your declaration here */
  28:.\Generated_Source\PSoC5/USBUART_cls.c **** 
  29:.\Generated_Source\PSoC5/USBUART_cls.c **** /* `#END` */
  30:.\Generated_Source\PSoC5/USBUART_cls.c **** 
  31:.\Generated_Source\PSoC5/USBUART_cls.c **** 
ARM GAS  C:\Users\CHAIYA~1\AppData\Local\Temp\ccr92OZ0.s 			page 2


  32:.\Generated_Source\PSoC5/USBUART_cls.c **** /*******************************************************************************
  33:.\Generated_Source\PSoC5/USBUART_cls.c **** * Function Name: USBUART_DispatchClassRqst
  34:.\Generated_Source\PSoC5/USBUART_cls.c **** ********************************************************************************
  35:.\Generated_Source\PSoC5/USBUART_cls.c **** * Summary:
  36:.\Generated_Source\PSoC5/USBUART_cls.c **** *  This routine dispatches class specific requests depend on interface class.
  37:.\Generated_Source\PSoC5/USBUART_cls.c **** *
  38:.\Generated_Source\PSoC5/USBUART_cls.c **** * Parameters:
  39:.\Generated_Source\PSoC5/USBUART_cls.c **** *  None.
  40:.\Generated_Source\PSoC5/USBUART_cls.c **** *
  41:.\Generated_Source\PSoC5/USBUART_cls.c **** * Return:
  42:.\Generated_Source\PSoC5/USBUART_cls.c **** *  requestHandled.
  43:.\Generated_Source\PSoC5/USBUART_cls.c **** *
  44:.\Generated_Source\PSoC5/USBUART_cls.c **** * Reentrant:
  45:.\Generated_Source\PSoC5/USBUART_cls.c **** *  No.
  46:.\Generated_Source\PSoC5/USBUART_cls.c **** *
  47:.\Generated_Source\PSoC5/USBUART_cls.c **** *******************************************************************************/
  48:.\Generated_Source\PSoC5/USBUART_cls.c **** uint8 USBUART_DispatchClassRqst(void) 
  49:.\Generated_Source\PSoC5/USBUART_cls.c **** {
  27              		.loc 1 49 0
  28              		.cfi_startproc
  29              		@ args = 0, pretend = 0, frame = 8
  30              		@ frame_needed = 1, uses_anonymous_args = 0
  31 0000 80B5     		push	{r7, lr}
  32              		.cfi_def_cfa_offset 8
  33              		.cfi_offset 7, -8
  34              		.cfi_offset 14, -4
  35 0002 82B0     		sub	sp, sp, #8
  36              		.cfi_def_cfa_offset 16
  37 0004 00AF     		add	r7, sp, #0
  38              		.cfi_def_cfa_register 7
  50:.\Generated_Source\PSoC5/USBUART_cls.c ****     uint8 requestHandled = USBUART_FALSE;
  39              		.loc 1 50 0
  40 0006 0023     		movs	r3, #0
  41 0008 FB71     		strb	r3, [r7, #7]
  51:.\Generated_Source\PSoC5/USBUART_cls.c ****     uint8 interfaceNumber = 0u;
  42              		.loc 1 51 0
  43 000a 0023     		movs	r3, #0
  44 000c BB71     		strb	r3, [r7, #6]
  52:.\Generated_Source\PSoC5/USBUART_cls.c **** 
  53:.\Generated_Source\PSoC5/USBUART_cls.c ****     switch(CY_GET_REG8(USBUART_bmRequestType) & USBUART_RQST_RCPT_MASK)
  45              		.loc 1 53 0
  46 000e 1C4B     		ldr	r3, .L13
  47 0010 1B78     		ldrb	r3, [r3]
  48 0012 DBB2     		uxtb	r3, r3
  49 0014 03F00303 		and	r3, r3, #3
  50 0018 012B     		cmp	r3, #1
  51 001a 02D0     		beq	.L3
  52 001c 022B     		cmp	r3, #2
  53 001e 04D0     		beq	.L4
  54:.\Generated_Source\PSoC5/USBUART_cls.c ****     {
  55:.\Generated_Source\PSoC5/USBUART_cls.c ****         case USBUART_RQST_RCPT_IFC:        /* Class-specific request directed to an interface */
  56:.\Generated_Source\PSoC5/USBUART_cls.c ****             interfaceNumber = CY_GET_REG8(USBUART_wIndexLo); /* wIndexLo contain Interface number *
  57:.\Generated_Source\PSoC5/USBUART_cls.c ****             break;
  58:.\Generated_Source\PSoC5/USBUART_cls.c ****         case USBUART_RQST_RCPT_EP:         /* Class-specific request directed to the endpoint */
  59:.\Generated_Source\PSoC5/USBUART_cls.c ****             /* Find related interface to the endpoint, wIndexLo contain EP number */
  60:.\Generated_Source\PSoC5/USBUART_cls.c ****             interfaceNumber = USBUART_EP[CY_GET_REG8(USBUART_wIndexLo) &
  61:.\Generated_Source\PSoC5/USBUART_cls.c ****                               USBUART_DIR_UNUSED].interface;
ARM GAS  C:\Users\CHAIYA~1\AppData\Local\Temp\ccr92OZ0.s 			page 3


  62:.\Generated_Source\PSoC5/USBUART_cls.c ****             break;
  63:.\Generated_Source\PSoC5/USBUART_cls.c ****         default:    /* RequestHandled is initialized as FALSE by default */
  64:.\Generated_Source\PSoC5/USBUART_cls.c ****             break;
  54              		.loc 1 64 0
  55 0020 12E0     		b	.L5
  56              	.L3:
  56:.\Generated_Source\PSoC5/USBUART_cls.c ****             interfaceNumber = CY_GET_REG8(USBUART_wIndexLo); /* wIndexLo contain Interface number *
  57              		.loc 1 56 0
  58 0022 184B     		ldr	r3, .L13+4
  59 0024 1B78     		ldrb	r3, [r3]
  60 0026 BB71     		strb	r3, [r7, #6]
  57:.\Generated_Source\PSoC5/USBUART_cls.c ****             break;
  61              		.loc 1 57 0
  62 0028 0EE0     		b	.L5
  63              	.L4:
  60:.\Generated_Source\PSoC5/USBUART_cls.c ****             interfaceNumber = USBUART_EP[CY_GET_REG8(USBUART_wIndexLo) &
  64              		.loc 1 60 0
  65 002a 164B     		ldr	r3, .L13+4
  66 002c 1B78     		ldrb	r3, [r3]
  67 002e DBB2     		uxtb	r3, r3
  68 0030 03F07F02 		and	r2, r3, #127
  69 0034 1449     		ldr	r1, .L13+8
  70 0036 1346     		mov	r3, r2
  71 0038 5B00     		lsls	r3, r3, #1
  72 003a 1344     		add	r3, r3, r2
  73 003c 9B00     		lsls	r3, r3, #2
  74 003e 0B44     		add	r3, r3, r1
  75 0040 0833     		adds	r3, r3, #8
  76 0042 9B78     		ldrb	r3, [r3, #2]
  77 0044 BB71     		strb	r3, [r7, #6]
  62:.\Generated_Source\PSoC5/USBUART_cls.c ****             break;
  78              		.loc 1 62 0
  79 0046 00BF     		nop
  80              	.L5:
  65:.\Generated_Source\PSoC5/USBUART_cls.c ****     }
  66:.\Generated_Source\PSoC5/USBUART_cls.c ****     /* Handle Class request depend on interface type */
  67:.\Generated_Source\PSoC5/USBUART_cls.c ****     switch(USBUART_interfaceClass[interfaceNumber])
  81              		.loc 1 67 0
  82 0048 104B     		ldr	r3, .L13+12
  83 004a 1A68     		ldr	r2, [r3]
  84 004c BB79     		ldrb	r3, [r7, #6]	@ zero_extendqisi2
  85 004e 1344     		add	r3, r3, r2
  86 0050 1B78     		ldrb	r3, [r3]	@ zero_extendqisi2
  87 0052 022B     		cmp	r3, #2
  88 0054 09D0     		beq	.L7
  89 0056 032B     		cmp	r3, #3
  90 0058 02D0     		beq	.L8
  91 005a 012B     		cmp	r3, #1
  92 005c 0AD0     		beq	.L12
  68:.\Generated_Source\PSoC5/USBUART_cls.c ****     {
  69:.\Generated_Source\PSoC5/USBUART_cls.c ****         case USBUART_CLASS_HID:
  70:.\Generated_Source\PSoC5/USBUART_cls.c ****             #if defined(USBUART_ENABLE_HID_CLASS)
  71:.\Generated_Source\PSoC5/USBUART_cls.c ****                 requestHandled = USBUART_DispatchHIDClassRqst();
  72:.\Generated_Source\PSoC5/USBUART_cls.c ****             #endif /* USBUART_ENABLE_HID_CLASS */
  73:.\Generated_Source\PSoC5/USBUART_cls.c ****             break;
  74:.\Generated_Source\PSoC5/USBUART_cls.c ****         case USBUART_CLASS_AUDIO:
  75:.\Generated_Source\PSoC5/USBUART_cls.c ****             #if defined(USBUART_ENABLE_AUDIO_CLASS)
ARM GAS  C:\Users\CHAIYA~1\AppData\Local\Temp\ccr92OZ0.s 			page 4


  76:.\Generated_Source\PSoC5/USBUART_cls.c ****                 requestHandled = USBUART_DispatchAUDIOClassRqst();
  77:.\Generated_Source\PSoC5/USBUART_cls.c ****             #endif /* USBUART_CLASS_AUDIO */
  78:.\Generated_Source\PSoC5/USBUART_cls.c ****             break;
  79:.\Generated_Source\PSoC5/USBUART_cls.c ****         case USBUART_CLASS_CDC:
  80:.\Generated_Source\PSoC5/USBUART_cls.c ****             #if defined(USBUART_ENABLE_CDC_CLASS)
  81:.\Generated_Source\PSoC5/USBUART_cls.c ****                 requestHandled = USBUART_DispatchCDCClassRqst();
  82:.\Generated_Source\PSoC5/USBUART_cls.c ****             #endif /* USBUART_ENABLE_CDC_CLASS */
  83:.\Generated_Source\PSoC5/USBUART_cls.c ****             break;
  84:.\Generated_Source\PSoC5/USBUART_cls.c ****         default:    /* requestHandled is initialized as FALSE by default */
  85:.\Generated_Source\PSoC5/USBUART_cls.c ****             break;
  93              		.loc 1 85 0
  94 005e 0AE0     		b	.L10
  95              	.L8:
  71:.\Generated_Source\PSoC5/USBUART_cls.c ****                 requestHandled = USBUART_DispatchHIDClassRqst();
  96              		.loc 1 71 0
  97 0060 FFF7FEFF 		bl	USBUART_DispatchHIDClassRqst
  98 0064 0346     		mov	r3, r0
  99 0066 FB71     		strb	r3, [r7, #7]
  73:.\Generated_Source\PSoC5/USBUART_cls.c ****             break;
 100              		.loc 1 73 0
 101 0068 05E0     		b	.L10
 102              	.L7:
  81:.\Generated_Source\PSoC5/USBUART_cls.c ****                 requestHandled = USBUART_DispatchCDCClassRqst();
 103              		.loc 1 81 0
 104 006a FFF7FEFF 		bl	USBUART_DispatchCDCClassRqst
 105 006e 0346     		mov	r3, r0
 106 0070 FB71     		strb	r3, [r7, #7]
  83:.\Generated_Source\PSoC5/USBUART_cls.c ****             break;
 107              		.loc 1 83 0
 108 0072 00E0     		b	.L10
 109              	.L12:
  78:.\Generated_Source\PSoC5/USBUART_cls.c ****             break;
 110              		.loc 1 78 0
 111 0074 00BF     		nop
 112              	.L10:
  86:.\Generated_Source\PSoC5/USBUART_cls.c ****     }
  87:.\Generated_Source\PSoC5/USBUART_cls.c **** 
  88:.\Generated_Source\PSoC5/USBUART_cls.c ****     /* `#START USER_DEFINED_CLASS_CODE` Place your Class request here */
  89:.\Generated_Source\PSoC5/USBUART_cls.c **** 
  90:.\Generated_Source\PSoC5/USBUART_cls.c ****     /* `#END` */
  91:.\Generated_Source\PSoC5/USBUART_cls.c **** 
  92:.\Generated_Source\PSoC5/USBUART_cls.c ****     return(requestHandled);
 113              		.loc 1 92 0
 114 0076 FB79     		ldrb	r3, [r7, #7]	@ zero_extendqisi2
  93:.\Generated_Source\PSoC5/USBUART_cls.c **** }
 115              		.loc 1 93 0
 116 0078 1846     		mov	r0, r3
 117 007a 0837     		adds	r7, r7, #8
 118 007c BD46     		mov	sp, r7
 119              		@ sp needed
 120 007e 80BD     		pop	{r7, pc}
 121              	.L14:
 122              		.align	2
 123              	.L13:
 124 0080 00600040 		.word	1073766400
 125 0084 04600040 		.word	1073766404
 126 0088 00000000 		.word	USBUART_EP
ARM GAS  C:\Users\CHAIYA~1\AppData\Local\Temp\ccr92OZ0.s 			page 5


 127 008c 00000000 		.word	USBUART_interfaceClass
 128              		.cfi_endproc
 129              	.LFE0:
 130              		.size	USBUART_DispatchClassRqst, .-USBUART_DispatchClassRqst
 131              		.text
 132              	.Letext0:
 133              		.file 2 ".\\Generated_Source\\PSoC5\\cytypes.h"
 134              		.file 3 ".\\Generated_Source\\PSoC5\\USBUART.h"
 135              		.file 4 ".\\Generated_Source\\PSoC5\\USBUART_pvt.h"
 136              		.section	.debug_info,"",%progbits
 137              	.Ldebug_info0:
 138 0000 97010000 		.4byte	0x197
 139 0004 0400     		.2byte	0x4
 140 0006 00000000 		.4byte	.Ldebug_abbrev0
 141 000a 04       		.byte	0x4
 142 000b 01       		.uleb128 0x1
 143 000c 78010000 		.4byte	.LASF30
 144 0010 01       		.byte	0x1
 145 0011 99000000 		.4byte	.LASF31
 146 0015 13000000 		.4byte	.LASF32
 147 0019 00000000 		.4byte	.Ldebug_ranges0+0
 148 001d 00000000 		.4byte	0
 149 0021 00000000 		.4byte	.Ldebug_line0
 150 0025 02       		.uleb128 0x2
 151 0026 01       		.byte	0x1
 152 0027 06       		.byte	0x6
 153 0028 5C020000 		.4byte	.LASF0
 154 002c 02       		.uleb128 0x2
 155 002d 01       		.byte	0x1
 156 002e 08       		.byte	0x8
 157 002f F7000000 		.4byte	.LASF1
 158 0033 02       		.uleb128 0x2
 159 0034 02       		.byte	0x2
 160 0035 05       		.byte	0x5
 161 0036 22020000 		.4byte	.LASF2
 162 003a 02       		.uleb128 0x2
 163 003b 02       		.byte	0x2
 164 003c 07       		.byte	0x7
 165 003d 00000000 		.4byte	.LASF3
 166 0041 02       		.uleb128 0x2
 167 0042 04       		.byte	0x4
 168 0043 05       		.byte	0x5
 169 0044 3C020000 		.4byte	.LASF4
 170 0048 02       		.uleb128 0x2
 171 0049 04       		.byte	0x4
 172 004a 07       		.byte	0x7
 173 004b D0000000 		.4byte	.LASF5
 174 004f 02       		.uleb128 0x2
 175 0050 08       		.byte	0x8
 176 0051 05       		.byte	0x5
 177 0052 04020000 		.4byte	.LASF6
 178 0056 02       		.uleb128 0x2
 179 0057 08       		.byte	0x8
 180 0058 07       		.byte	0x7
 181 0059 3D010000 		.4byte	.LASF7
 182 005d 03       		.uleb128 0x3
 183 005e 04       		.byte	0x4
ARM GAS  C:\Users\CHAIYA~1\AppData\Local\Temp\ccr92OZ0.s 			page 6


 184 005f 05       		.byte	0x5
 185 0060 696E7400 		.ascii	"int\000"
 186 0064 02       		.uleb128 0x2
 187 0065 04       		.byte	0x4
 188 0066 07       		.byte	0x7
 189 0067 30010000 		.4byte	.LASF8
 190 006b 04       		.uleb128 0x4
 191 006c 2C020000 		.4byte	.LASF9
 192 0070 02       		.byte	0x2
 193 0071 A1       		.byte	0xa1
 194 0072 2C000000 		.4byte	0x2c
 195 0076 04       		.uleb128 0x4
 196 0077 1E010000 		.4byte	.LASF10
 197 007b 02       		.byte	0x2
 198 007c A2       		.byte	0xa2
 199 007d 3A000000 		.4byte	0x3a
 200 0081 02       		.uleb128 0x2
 201 0082 04       		.byte	0x4
 202 0083 04       		.byte	0x4
 203 0084 8A000000 		.4byte	.LASF11
 204 0088 02       		.uleb128 0x2
 205 0089 08       		.byte	0x8
 206 008a 04       		.byte	0x4
 207 008b 05010000 		.4byte	.LASF12
 208 008f 02       		.uleb128 0x2
 209 0090 01       		.byte	0x1
 210 0091 08       		.byte	0x8
 211 0092 12020000 		.4byte	.LASF13
 212 0096 05       		.uleb128 0x5
 213 0097 CB000000 		.4byte	.LASF14
 214 009b 02       		.byte	0x2
 215 009c 4B01     		.2byte	0x14b
 216 009e A2000000 		.4byte	0xa2
 217 00a2 06       		.uleb128 0x6
 218 00a3 6B000000 		.4byte	0x6b
 219 00a7 02       		.uleb128 0x2
 220 00a8 04       		.byte	0x4
 221 00a9 07       		.byte	0x7
 222 00aa F4010000 		.4byte	.LASF15
 223 00ae 07       		.uleb128 0x7
 224 00af 0C       		.byte	0xc
 225 00b0 03       		.byte	0x3
 226 00b1 7D       		.byte	0x7d
 227 00b2 23010000 		.4byte	0x123
 228 00b6 08       		.uleb128 0x8
 229 00b7 0C010000 		.4byte	.LASF16
 230 00bb 03       		.byte	0x3
 231 00bc 7F       		.byte	0x7f
 232 00bd 6B000000 		.4byte	0x6b
 233 00c1 00       		.byte	0
 234 00c2 08       		.uleb128 0x8
 235 00c3 25010000 		.4byte	.LASF17
 236 00c7 03       		.byte	0x3
 237 00c8 80       		.byte	0x80
 238 00c9 6B000000 		.4byte	0x6b
 239 00cd 01       		.byte	0x1
 240 00ce 08       		.uleb128 0x8
ARM GAS  C:\Users\CHAIYA~1\AppData\Local\Temp\ccr92OZ0.s 			page 7


 241 00cf 54010000 		.4byte	.LASF18
 242 00d3 03       		.byte	0x3
 243 00d4 81       		.byte	0x81
 244 00d5 6B000000 		.4byte	0x6b
 245 00d9 02       		.byte	0x2
 246 00da 08       		.uleb128 0x8
 247 00db 90000000 		.4byte	.LASF19
 248 00df 03       		.byte	0x3
 249 00e0 82       		.byte	0x82
 250 00e1 6B000000 		.4byte	0x6b
 251 00e5 03       		.byte	0x3
 252 00e6 08       		.uleb128 0x8
 253 00e7 E2000000 		.4byte	.LASF20
 254 00eb 03       		.byte	0x3
 255 00ec 83       		.byte	0x83
 256 00ed 6B000000 		.4byte	0x6b
 257 00f1 04       		.byte	0x4
 258 00f2 08       		.uleb128 0x8
 259 00f3 FD010000 		.4byte	.LASF21
 260 00f7 03       		.byte	0x3
 261 00f8 84       		.byte	0x84
 262 00f9 6B000000 		.4byte	0x6b
 263 00fd 05       		.byte	0x5
 264 00fe 08       		.uleb128 0x8
 265 00ff 13010000 		.4byte	.LASF22
 266 0103 03       		.byte	0x3
 267 0104 85       		.byte	0x85
 268 0105 76000000 		.4byte	0x76
 269 0109 06       		.byte	0x6
 270 010a 08       		.uleb128 0x8
 271 010b 17020000 		.4byte	.LASF23
 272 010f 03       		.byte	0x3
 273 0110 86       		.byte	0x86
 274 0111 76000000 		.4byte	0x76
 275 0115 08       		.byte	0x8
 276 0116 08       		.uleb128 0x8
 277 0117 32020000 		.4byte	.LASF24
 278 011b 03       		.byte	0x3
 279 011c 87       		.byte	0x87
 280 011d 6B000000 		.4byte	0x6b
 281 0121 0A       		.byte	0xa
 282 0122 00       		.byte	0
 283 0123 04       		.uleb128 0x4
 284 0124 45020000 		.4byte	.LASF25
 285 0128 03       		.byte	0x3
 286 0129 88       		.byte	0x88
 287 012a AE000000 		.4byte	0xae
 288 012e 09       		.uleb128 0x9
 289 012f 5E010000 		.4byte	.LASF33
 290 0133 01       		.byte	0x1
 291 0134 30       		.byte	0x30
 292 0135 6B000000 		.4byte	0x6b
 293 0139 00000000 		.4byte	.LFB0
 294 013d 90000000 		.4byte	.LFE0-.LFB0
 295 0141 01       		.uleb128 0x1
 296 0142 9C       		.byte	0x9c
 297 0143 64010000 		.4byte	0x164
ARM GAS  C:\Users\CHAIYA~1\AppData\Local\Temp\ccr92OZ0.s 			page 8


 298 0147 0A       		.uleb128 0xa
 299 0148 7B000000 		.4byte	.LASF26
 300 014c 01       		.byte	0x1
 301 014d 32       		.byte	0x32
 302 014e 6B000000 		.4byte	0x6b
 303 0152 02       		.uleb128 0x2
 304 0153 91       		.byte	0x91
 305 0154 77       		.sleb128 -9
 306 0155 0A       		.uleb128 0xa
 307 0156 E7000000 		.4byte	.LASF27
 308 015a 01       		.byte	0x1
 309 015b 33       		.byte	0x33
 310 015c 6B000000 		.4byte	0x6b
 311 0160 02       		.uleb128 0x2
 312 0161 91       		.byte	0x91
 313 0162 76       		.sleb128 -10
 314 0163 00       		.byte	0
 315 0164 0B       		.uleb128 0xb
 316 0165 64000000 		.4byte	.LASF28
 317 0169 04       		.byte	0x4
 318 016a 33       		.byte	0x33
 319 016b 6F010000 		.4byte	0x16f
 320 016f 0C       		.uleb128 0xc
 321 0170 04       		.byte	0x4
 322 0171 75010000 		.4byte	0x175
 323 0175 0D       		.uleb128 0xd
 324 0176 6B000000 		.4byte	0x6b
 325 017a 0E       		.uleb128 0xe
 326 017b 23010000 		.4byte	0x123
 327 017f 8A010000 		.4byte	0x18a
 328 0183 0F       		.uleb128 0xf
 329 0184 A7000000 		.4byte	0xa7
 330 0188 08       		.byte	0x8
 331 0189 00       		.byte	0
 332 018a 0B       		.uleb128 0xb
 333 018b C0000000 		.4byte	.LASF29
 334 018f 04       		.byte	0x4
 335 0190 35       		.byte	0x35
 336 0191 95010000 		.4byte	0x195
 337 0195 06       		.uleb128 0x6
 338 0196 7A010000 		.4byte	0x17a
 339 019a 00       		.byte	0
 340              		.section	.debug_abbrev,"",%progbits
 341              	.Ldebug_abbrev0:
 342 0000 01       		.uleb128 0x1
 343 0001 11       		.uleb128 0x11
 344 0002 01       		.byte	0x1
 345 0003 25       		.uleb128 0x25
 346 0004 0E       		.uleb128 0xe
 347 0005 13       		.uleb128 0x13
 348 0006 0B       		.uleb128 0xb
 349 0007 03       		.uleb128 0x3
 350 0008 0E       		.uleb128 0xe
 351 0009 1B       		.uleb128 0x1b
 352 000a 0E       		.uleb128 0xe
 353 000b 55       		.uleb128 0x55
 354 000c 17       		.uleb128 0x17
ARM GAS  C:\Users\CHAIYA~1\AppData\Local\Temp\ccr92OZ0.s 			page 9


 355 000d 11       		.uleb128 0x11
 356 000e 01       		.uleb128 0x1
 357 000f 10       		.uleb128 0x10
 358 0010 17       		.uleb128 0x17
 359 0011 00       		.byte	0
 360 0012 00       		.byte	0
 361 0013 02       		.uleb128 0x2
 362 0014 24       		.uleb128 0x24
 363 0015 00       		.byte	0
 364 0016 0B       		.uleb128 0xb
 365 0017 0B       		.uleb128 0xb
 366 0018 3E       		.uleb128 0x3e
 367 0019 0B       		.uleb128 0xb
 368 001a 03       		.uleb128 0x3
 369 001b 0E       		.uleb128 0xe
 370 001c 00       		.byte	0
 371 001d 00       		.byte	0
 372 001e 03       		.uleb128 0x3
 373 001f 24       		.uleb128 0x24
 374 0020 00       		.byte	0
 375 0021 0B       		.uleb128 0xb
 376 0022 0B       		.uleb128 0xb
 377 0023 3E       		.uleb128 0x3e
 378 0024 0B       		.uleb128 0xb
 379 0025 03       		.uleb128 0x3
 380 0026 08       		.uleb128 0x8
 381 0027 00       		.byte	0
 382 0028 00       		.byte	0
 383 0029 04       		.uleb128 0x4
 384 002a 16       		.uleb128 0x16
 385 002b 00       		.byte	0
 386 002c 03       		.uleb128 0x3
 387 002d 0E       		.uleb128 0xe
 388 002e 3A       		.uleb128 0x3a
 389 002f 0B       		.uleb128 0xb
 390 0030 3B       		.uleb128 0x3b
 391 0031 0B       		.uleb128 0xb
 392 0032 49       		.uleb128 0x49
 393 0033 13       		.uleb128 0x13
 394 0034 00       		.byte	0
 395 0035 00       		.byte	0
 396 0036 05       		.uleb128 0x5
 397 0037 16       		.uleb128 0x16
 398 0038 00       		.byte	0
 399 0039 03       		.uleb128 0x3
 400 003a 0E       		.uleb128 0xe
 401 003b 3A       		.uleb128 0x3a
 402 003c 0B       		.uleb128 0xb
 403 003d 3B       		.uleb128 0x3b
 404 003e 05       		.uleb128 0x5
 405 003f 49       		.uleb128 0x49
 406 0040 13       		.uleb128 0x13
 407 0041 00       		.byte	0
 408 0042 00       		.byte	0
 409 0043 06       		.uleb128 0x6
 410 0044 35       		.uleb128 0x35
 411 0045 00       		.byte	0
ARM GAS  C:\Users\CHAIYA~1\AppData\Local\Temp\ccr92OZ0.s 			page 10


 412 0046 49       		.uleb128 0x49
 413 0047 13       		.uleb128 0x13
 414 0048 00       		.byte	0
 415 0049 00       		.byte	0
 416 004a 07       		.uleb128 0x7
 417 004b 13       		.uleb128 0x13
 418 004c 01       		.byte	0x1
 419 004d 0B       		.uleb128 0xb
 420 004e 0B       		.uleb128 0xb
 421 004f 3A       		.uleb128 0x3a
 422 0050 0B       		.uleb128 0xb
 423 0051 3B       		.uleb128 0x3b
 424 0052 0B       		.uleb128 0xb
 425 0053 01       		.uleb128 0x1
 426 0054 13       		.uleb128 0x13
 427 0055 00       		.byte	0
 428 0056 00       		.byte	0
 429 0057 08       		.uleb128 0x8
 430 0058 0D       		.uleb128 0xd
 431 0059 00       		.byte	0
 432 005a 03       		.uleb128 0x3
 433 005b 0E       		.uleb128 0xe
 434 005c 3A       		.uleb128 0x3a
 435 005d 0B       		.uleb128 0xb
 436 005e 3B       		.uleb128 0x3b
 437 005f 0B       		.uleb128 0xb
 438 0060 49       		.uleb128 0x49
 439 0061 13       		.uleb128 0x13
 440 0062 38       		.uleb128 0x38
 441 0063 0B       		.uleb128 0xb
 442 0064 00       		.byte	0
 443 0065 00       		.byte	0
 444 0066 09       		.uleb128 0x9
 445 0067 2E       		.uleb128 0x2e
 446 0068 01       		.byte	0x1
 447 0069 3F       		.uleb128 0x3f
 448 006a 19       		.uleb128 0x19
 449 006b 03       		.uleb128 0x3
 450 006c 0E       		.uleb128 0xe
 451 006d 3A       		.uleb128 0x3a
 452 006e 0B       		.uleb128 0xb
 453 006f 3B       		.uleb128 0x3b
 454 0070 0B       		.uleb128 0xb
 455 0071 27       		.uleb128 0x27
 456 0072 19       		.uleb128 0x19
 457 0073 49       		.uleb128 0x49
 458 0074 13       		.uleb128 0x13
 459 0075 11       		.uleb128 0x11
 460 0076 01       		.uleb128 0x1
 461 0077 12       		.uleb128 0x12
 462 0078 06       		.uleb128 0x6
 463 0079 40       		.uleb128 0x40
 464 007a 18       		.uleb128 0x18
 465 007b 9642     		.uleb128 0x2116
 466 007d 19       		.uleb128 0x19
 467 007e 01       		.uleb128 0x1
 468 007f 13       		.uleb128 0x13
ARM GAS  C:\Users\CHAIYA~1\AppData\Local\Temp\ccr92OZ0.s 			page 11


 469 0080 00       		.byte	0
 470 0081 00       		.byte	0
 471 0082 0A       		.uleb128 0xa
 472 0083 34       		.uleb128 0x34
 473 0084 00       		.byte	0
 474 0085 03       		.uleb128 0x3
 475 0086 0E       		.uleb128 0xe
 476 0087 3A       		.uleb128 0x3a
 477 0088 0B       		.uleb128 0xb
 478 0089 3B       		.uleb128 0x3b
 479 008a 0B       		.uleb128 0xb
 480 008b 49       		.uleb128 0x49
 481 008c 13       		.uleb128 0x13
 482 008d 02       		.uleb128 0x2
 483 008e 18       		.uleb128 0x18
 484 008f 00       		.byte	0
 485 0090 00       		.byte	0
 486 0091 0B       		.uleb128 0xb
 487 0092 34       		.uleb128 0x34
 488 0093 00       		.byte	0
 489 0094 03       		.uleb128 0x3
 490 0095 0E       		.uleb128 0xe
 491 0096 3A       		.uleb128 0x3a
 492 0097 0B       		.uleb128 0xb
 493 0098 3B       		.uleb128 0x3b
 494 0099 0B       		.uleb128 0xb
 495 009a 49       		.uleb128 0x49
 496 009b 13       		.uleb128 0x13
 497 009c 3F       		.uleb128 0x3f
 498 009d 19       		.uleb128 0x19
 499 009e 3C       		.uleb128 0x3c
 500 009f 19       		.uleb128 0x19
 501 00a0 00       		.byte	0
 502 00a1 00       		.byte	0
 503 00a2 0C       		.uleb128 0xc
 504 00a3 0F       		.uleb128 0xf
 505 00a4 00       		.byte	0
 506 00a5 0B       		.uleb128 0xb
 507 00a6 0B       		.uleb128 0xb
 508 00a7 49       		.uleb128 0x49
 509 00a8 13       		.uleb128 0x13
 510 00a9 00       		.byte	0
 511 00aa 00       		.byte	0
 512 00ab 0D       		.uleb128 0xd
 513 00ac 26       		.uleb128 0x26
 514 00ad 00       		.byte	0
 515 00ae 49       		.uleb128 0x49
 516 00af 13       		.uleb128 0x13
 517 00b0 00       		.byte	0
 518 00b1 00       		.byte	0
 519 00b2 0E       		.uleb128 0xe
 520 00b3 01       		.uleb128 0x1
 521 00b4 01       		.byte	0x1
 522 00b5 49       		.uleb128 0x49
 523 00b6 13       		.uleb128 0x13
 524 00b7 01       		.uleb128 0x1
 525 00b8 13       		.uleb128 0x13
ARM GAS  C:\Users\CHAIYA~1\AppData\Local\Temp\ccr92OZ0.s 			page 12


 526 00b9 00       		.byte	0
 527 00ba 00       		.byte	0
 528 00bb 0F       		.uleb128 0xf
 529 00bc 21       		.uleb128 0x21
 530 00bd 00       		.byte	0
 531 00be 49       		.uleb128 0x49
 532 00bf 13       		.uleb128 0x13
 533 00c0 2F       		.uleb128 0x2f
 534 00c1 0B       		.uleb128 0xb
 535 00c2 00       		.byte	0
 536 00c3 00       		.byte	0
 537 00c4 00       		.byte	0
 538              		.section	.debug_aranges,"",%progbits
 539 0000 1C000000 		.4byte	0x1c
 540 0004 0200     		.2byte	0x2
 541 0006 00000000 		.4byte	.Ldebug_info0
 542 000a 04       		.byte	0x4
 543 000b 00       		.byte	0
 544 000c 0000     		.2byte	0
 545 000e 0000     		.2byte	0
 546 0010 00000000 		.4byte	.LFB0
 547 0014 90000000 		.4byte	.LFE0-.LFB0
 548 0018 00000000 		.4byte	0
 549 001c 00000000 		.4byte	0
 550              		.section	.debug_ranges,"",%progbits
 551              	.Ldebug_ranges0:
 552 0000 00000000 		.4byte	.LFB0
 553 0004 90000000 		.4byte	.LFE0
 554 0008 00000000 		.4byte	0
 555 000c 00000000 		.4byte	0
 556              		.section	.debug_line,"",%progbits
 557              	.Ldebug_line0:
 558 0000 98000000 		.section	.debug_str,"MS",%progbits,1
 558      02006800 
 558      00000201 
 558      FB0E0D00 
 558      01010101 
 559              	.LASF3:
 560 0000 73686F72 		.ascii	"short unsigned int\000"
 560      7420756E 
 560      7369676E 
 560      65642069 
 560      6E7400
 561              	.LASF32:
 562 0013 433A5C55 		.ascii	"C:\\Users\\Chai Yang\\Documents\\Node-Elephant\\TER"
 562      73657273 
 562      5C436861 
 562      69205961 
 562      6E675C44 
 563 0041 4D494E41 		.ascii	"MINAL\\Node-Elephant-Terminal.cydsn\000"
 563      4C5C4E6F 
 563      64652D45 
 563      6C657068 
 563      616E742D 
 564              	.LASF28:
 565 0064 55534255 		.ascii	"USBUART_interfaceClass\000"
 565      4152545F 
ARM GAS  C:\Users\CHAIYA~1\AppData\Local\Temp\ccr92OZ0.s 			page 13


 565      696E7465 
 565      72666163 
 565      65436C61 
 566              	.LASF26:
 567 007b 72657175 		.ascii	"requestHandled\000"
 567      65737448 
 567      616E646C 
 567      656400
 568              	.LASF11:
 569 008a 666C6F61 		.ascii	"float\000"
 569      7400
 570              	.LASF19:
 571 0090 6570546F 		.ascii	"epToggle\000"
 571      67676C65 
 571      00
 572              	.LASF31:
 573 0099 2E5C4765 		.ascii	".\\Generated_Source\\PSoC5\\USBUART_cls.c\000"
 573      6E657261 
 573      7465645F 
 573      536F7572 
 573      63655C50 
 574              	.LASF29:
 575 00c0 55534255 		.ascii	"USBUART_EP\000"
 575      4152545F 
 575      455000
 576              	.LASF14:
 577 00cb 72656738 		.ascii	"reg8\000"
 577      00
 578              	.LASF5:
 579 00d0 6C6F6E67 		.ascii	"long unsigned int\000"
 579      20756E73 
 579      69676E65 
 579      6420696E 
 579      7400
 580              	.LASF20:
 581 00e2 61646472 		.ascii	"addr\000"
 581      00
 582              	.LASF27:
 583 00e7 696E7465 		.ascii	"interfaceNumber\000"
 583      72666163 
 583      654E756D 
 583      62657200 
 584              	.LASF1:
 585 00f7 756E7369 		.ascii	"unsigned char\000"
 585      676E6564 
 585      20636861 
 585      7200
 586              	.LASF12:
 587 0105 646F7562 		.ascii	"double\000"
 587      6C6500
 588              	.LASF16:
 589 010c 61747472 		.ascii	"attrib\000"
 589      696200
 590              	.LASF22:
 591 0113 62756666 		.ascii	"buffOffset\000"
 591      4F666673 
 591      657400
ARM GAS  C:\Users\CHAIYA~1\AppData\Local\Temp\ccr92OZ0.s 			page 14


 592              	.LASF10:
 593 011e 75696E74 		.ascii	"uint16\000"
 593      313600
 594              	.LASF17:
 595 0125 61706945 		.ascii	"apiEpState\000"
 595      70537461 
 595      746500
 596              	.LASF8:
 597 0130 756E7369 		.ascii	"unsigned int\000"
 597      676E6564 
 597      20696E74 
 597      00
 598              	.LASF7:
 599 013d 6C6F6E67 		.ascii	"long long unsigned int\000"
 599      206C6F6E 
 599      6720756E 
 599      7369676E 
 599      65642069 
 600              	.LASF18:
 601 0154 68774570 		.ascii	"hwEpState\000"
 601      53746174 
 601      6500
 602              	.LASF33:
 603 015e 55534255 		.ascii	"USBUART_DispatchClassRqst\000"
 603      4152545F 
 603      44697370 
 603      61746368 
 603      436C6173 
 604              	.LASF30:
 605 0178 474E5520 		.ascii	"GNU C 4.8.4 20140526 (release) [ARM/embedded-4_8-br"
 605      4320342E 
 605      382E3420 
 605      32303134 
 605      30353236 
 606 01ab 616E6368 		.ascii	"anch revision 211358] -mcpu=cortex-m3 -mthumb -g -O"
 606      20726576 
 606      6973696F 
 606      6E203231 
 606      31333538 
 607 01de 30202D66 		.ascii	"0 -ffunction-sections\000"
 607      66756E63 
 607      74696F6E 
 607      2D736563 
 607      74696F6E 
 608              	.LASF15:
 609 01f4 73697A65 		.ascii	"sizetype\000"
 609      74797065 
 609      00
 610              	.LASF21:
 611 01fd 65704D6F 		.ascii	"epMode\000"
 611      646500
 612              	.LASF6:
 613 0204 6C6F6E67 		.ascii	"long long int\000"
 613      206C6F6E 
 613      6720696E 
 613      7400
 614              	.LASF13:
ARM GAS  C:\Users\CHAIYA~1\AppData\Local\Temp\ccr92OZ0.s 			page 15


 615 0212 63686172 		.ascii	"char\000"
 615      00
 616              	.LASF23:
 617 0217 62756666 		.ascii	"bufferSize\000"
 617      65725369 
 617      7A6500
 618              	.LASF2:
 619 0222 73686F72 		.ascii	"short int\000"
 619      7420696E 
 619      7400
 620              	.LASF9:
 621 022c 75696E74 		.ascii	"uint8\000"
 621      3800
 622              	.LASF24:
 623 0232 696E7465 		.ascii	"interface\000"
 623      72666163 
 623      6500
 624              	.LASF4:
 625 023c 6C6F6E67 		.ascii	"long int\000"
 625      20696E74 
 625      00
 626              	.LASF25:
 627 0245 545F5553 		.ascii	"T_USBUART_EP_CTL_BLOCK\000"
 627      42554152 
 627      545F4550 
 627      5F43544C 
 627      5F424C4F 
 628              	.LASF0:
 629 025c 7369676E 		.ascii	"signed char\000"
 629      65642063 
 629      68617200 
 630              		.ident	"GCC: (GNU Tools for ARM Embedded Processors) 4.8.4 20140526 (release) [ARM/embedded-4_8-br
