ARM GAS  C:\Users\CHAIYA~1\AppData\Local\Temp\cctyEjb8.s 			page 1


   1              		.syntax unified
   2              		.cpu cortex-m3
   3              		.fpu softvfp
   4              		.eabi_attribute 20, 1
   5              		.eabi_attribute 21, 1
   6              		.eabi_attribute 23, 3
   7              		.eabi_attribute 24, 1
   8              		.eabi_attribute 25, 1
   9              		.eabi_attribute 26, 1
  10              		.eabi_attribute 30, 6
  11              		.eabi_attribute 34, 1
  12              		.eabi_attribute 18, 4
  13              		.thumb
  14              		.file	"USBUART_descr.c"
  15              		.text
  16              	.Ltext0:
  17              		.cfi_sections	.debug_frame
  18              		.global	USBUART_DEVICE0_DESCR
  19              		.section	.rodata
  20              		.align	2
  21              		.type	USBUART_DEVICE0_DESCR, %object
  22              		.size	USBUART_DEVICE0_DESCR, 18
  23              	USBUART_DEVICE0_DESCR:
  24 0000 12       		.byte	18
  25 0001 01       		.byte	1
  26 0002 00       		.byte	0
  27 0003 02       		.byte	2
  28 0004 02       		.byte	2
  29 0005 00       		.byte	0
  30 0006 00       		.byte	0
  31 0007 08       		.byte	8
  32 0008 B4       		.byte	-76
  33 0009 04       		.byte	4
  34 000a 32       		.byte	50
  35 000b F2       		.byte	-14
  36 000c 01       		.byte	1
  37 000d 00       		.byte	0
  38 000e 01       		.byte	1
  39 000f 04       		.byte	4
  40 0010 80       		.byte	-128
  41 0011 01       		.byte	1
  42              		.global	USBUART_DEVICE0_CONFIGURATION0_DESCR
  43 0012 0000     		.align	2
  44              		.type	USBUART_DEVICE0_CONFIGURATION0_DESCR, %object
  45              		.size	USBUART_DEVICE0_CONFIGURATION0_DESCR, 67
  46              	USBUART_DEVICE0_CONFIGURATION0_DESCR:
  47 0014 09       		.byte	9
  48 0015 02       		.byte	2
  49 0016 43       		.byte	67
  50 0017 00       		.byte	0
  51 0018 02       		.byte	2
  52 0019 01       		.byte	1
  53 001a 01       		.byte	1
  54 001b C0       		.byte	-64
  55 001c 32       		.byte	50
  56 001d 09       		.byte	9
  57 001e 04       		.byte	4
ARM GAS  C:\Users\CHAIYA~1\AppData\Local\Temp\cctyEjb8.s 			page 2


  58 001f 00       		.byte	0
  59 0020 00       		.byte	0
  60 0021 01       		.byte	1
  61 0022 02       		.byte	2
  62 0023 02       		.byte	2
  63 0024 00       		.byte	0
  64 0025 02       		.byte	2
  65 0026 05       		.byte	5
  66 0027 24       		.byte	36
  67 0028 00       		.byte	0
  68 0029 10       		.byte	16
  69 002a 01       		.byte	1
  70 002b 04       		.byte	4
  71 002c 24       		.byte	36
  72 002d 02       		.byte	2
  73 002e 02       		.byte	2
  74 002f 05       		.byte	5
  75 0030 24       		.byte	36
  76 0031 06       		.byte	6
  77 0032 00       		.byte	0
  78 0033 01       		.byte	1
  79 0034 05       		.byte	5
  80 0035 24       		.byte	36
  81 0036 01       		.byte	1
  82 0037 00       		.byte	0
  83 0038 01       		.byte	1
  84 0039 07       		.byte	7
  85 003a 05       		.byte	5
  86 003b 81       		.byte	-127
  87 003c 03       		.byte	3
  88 003d 08       		.byte	8
  89 003e 00       		.byte	0
  90 003f 0A       		.byte	10
  91 0040 09       		.byte	9
  92 0041 04       		.byte	4
  93 0042 01       		.byte	1
  94 0043 00       		.byte	0
  95 0044 02       		.byte	2
  96 0045 0A       		.byte	10
  97 0046 00       		.byte	0
  98 0047 00       		.byte	0
  99 0048 03       		.byte	3
 100 0049 07       		.byte	7
 101 004a 05       		.byte	5
 102 004b 82       		.byte	-126
 103 004c 02       		.byte	2
 104 004d 40       		.byte	64
 105 004e 00       		.byte	0
 106 004f 0A       		.byte	10
 107 0050 07       		.byte	7
 108 0051 05       		.byte	5
 109 0052 03       		.byte	3
 110 0053 02       		.byte	2
 111 0054 40       		.byte	64
 112 0055 00       		.byte	0
 113 0056 0A       		.byte	10
 114              		.global	USBUART_STRING_DESCRIPTORS
ARM GAS  C:\Users\CHAIYA~1\AppData\Local\Temp\cctyEjb8.s 			page 3


 115 0057 00       		.align	2
 116              		.type	USBUART_STRING_DESCRIPTORS, %object
 117              		.size	USBUART_STRING_DESCRIPTORS, 159
 118              	USBUART_STRING_DESCRIPTORS:
 119 0058 04       		.byte	4
 120 0059 03       		.byte	3
 121 005a 09       		.byte	9
 122 005b 04       		.byte	4
 123 005c 2C       		.byte	44
 124 005d 03       		.byte	3
 125 005e 43       		.byte	67
 126 005f 00       		.byte	0
 127 0060 79       		.byte	121
 128 0061 00       		.byte	0
 129 0062 70       		.byte	112
 130 0063 00       		.byte	0
 131 0064 72       		.byte	114
 132 0065 00       		.byte	0
 133 0066 65       		.byte	101
 134 0067 00       		.byte	0
 135 0068 73       		.byte	115
 136 0069 00       		.byte	0
 137 006a 73       		.byte	115
 138 006b 00       		.byte	0
 139 006c 20       		.byte	32
 140 006d 00       		.byte	0
 141 006e 53       		.byte	83
 142 006f 00       		.byte	0
 143 0070 65       		.byte	101
 144 0071 00       		.byte	0
 145 0072 6D       		.byte	109
 146 0073 00       		.byte	0
 147 0074 69       		.byte	105
 148 0075 00       		.byte	0
 149 0076 63       		.byte	99
 150 0077 00       		.byte	0
 151 0078 6F       		.byte	111
 152 0079 00       		.byte	0
 153 007a 6E       		.byte	110
 154 007b 00       		.byte	0
 155 007c 64       		.byte	100
 156 007d 00       		.byte	0
 157 007e 75       		.byte	117
 158 007f 00       		.byte	0
 159 0080 63       		.byte	99
 160 0081 00       		.byte	0
 161 0082 74       		.byte	116
 162 0083 00       		.byte	0
 163 0084 6F       		.byte	111
 164 0085 00       		.byte	0
 165 0086 72       		.byte	114
 166 0087 00       		.byte	0
 167 0088 38       		.byte	56
 168 0089 03       		.byte	3
 169 008a 43       		.byte	67
 170 008b 00       		.byte	0
 171 008c 44       		.byte	68
ARM GAS  C:\Users\CHAIYA~1\AppData\Local\Temp\cctyEjb8.s 			page 4


 172 008d 00       		.byte	0
 173 008e 43       		.byte	67
 174 008f 00       		.byte	0
 175 0090 20       		.byte	32
 176 0091 00       		.byte	0
 177 0092 43       		.byte	67
 178 0093 00       		.byte	0
 179 0094 6F       		.byte	111
 180 0095 00       		.byte	0
 181 0096 6D       		.byte	109
 182 0097 00       		.byte	0
 183 0098 6D       		.byte	109
 184 0099 00       		.byte	0
 185 009a 75       		.byte	117
 186 009b 00       		.byte	0
 187 009c 6E       		.byte	110
 188 009d 00       		.byte	0
 189 009e 69       		.byte	105
 190 009f 00       		.byte	0
 191 00a0 63       		.byte	99
 192 00a1 00       		.byte	0
 193 00a2 61       		.byte	97
 194 00a3 00       		.byte	0
 195 00a4 74       		.byte	116
 196 00a5 00       		.byte	0
 197 00a6 69       		.byte	105
 198 00a7 00       		.byte	0
 199 00a8 6F       		.byte	111
 200 00a9 00       		.byte	0
 201 00aa 6E       		.byte	110
 202 00ab 00       		.byte	0
 203 00ac 20       		.byte	32
 204 00ad 00       		.byte	0
 205 00ae 49       		.byte	73
 206 00af 00       		.byte	0
 207 00b0 6E       		.byte	110
 208 00b1 00       		.byte	0
 209 00b2 74       		.byte	116
 210 00b3 00       		.byte	0
 211 00b4 65       		.byte	101
 212 00b5 00       		.byte	0
 213 00b6 72       		.byte	114
 214 00b7 00       		.byte	0
 215 00b8 66       		.byte	102
 216 00b9 00       		.byte	0
 217 00ba 61       		.byte	97
 218 00bb 00       		.byte	0
 219 00bc 63       		.byte	99
 220 00bd 00       		.byte	0
 221 00be 65       		.byte	101
 222 00bf 00       		.byte	0
 223 00c0 26       		.byte	38
 224 00c1 03       		.byte	3
 225 00c2 43       		.byte	67
 226 00c3 00       		.byte	0
 227 00c4 44       		.byte	68
 228 00c5 00       		.byte	0
ARM GAS  C:\Users\CHAIYA~1\AppData\Local\Temp\cctyEjb8.s 			page 5


 229 00c6 43       		.byte	67
 230 00c7 00       		.byte	0
 231 00c8 20       		.byte	32
 232 00c9 00       		.byte	0
 233 00ca 44       		.byte	68
 234 00cb 00       		.byte	0
 235 00cc 61       		.byte	97
 236 00cd 00       		.byte	0
 237 00ce 74       		.byte	116
 238 00cf 00       		.byte	0
 239 00d0 61       		.byte	97
 240 00d1 00       		.byte	0
 241 00d2 20       		.byte	32
 242 00d3 00       		.byte	0
 243 00d4 49       		.byte	73
 244 00d5 00       		.byte	0
 245 00d6 6E       		.byte	110
 246 00d7 00       		.byte	0
 247 00d8 74       		.byte	116
 248 00d9 00       		.byte	0
 249 00da 65       		.byte	101
 250 00db 00       		.byte	0
 251 00dc 72       		.byte	114
 252 00dd 00       		.byte	0
 253 00de 66       		.byte	102
 254 00df 00       		.byte	0
 255 00e0 61       		.byte	97
 256 00e1 00       		.byte	0
 257 00e2 63       		.byte	99
 258 00e3 00       		.byte	0
 259 00e4 65       		.byte	101
 260 00e5 00       		.byte	0
 261 00e6 10       		.byte	16
 262 00e7 03       		.byte	3
 263 00e8 55       		.byte	85
 264 00e9 00       		.byte	0
 265 00ea 53       		.byte	83
 266 00eb 00       		.byte	0
 267 00ec 42       		.byte	66
 268 00ed 00       		.byte	0
 269 00ee 55       		.byte	85
 270 00ef 00       		.byte	0
 271 00f0 41       		.byte	65
 272 00f1 00       		.byte	0
 273 00f2 52       		.byte	82
 274 00f3 00       		.byte	0
 275 00f4 54       		.byte	84
 276 00f5 00       		.byte	0
 277 00f6 00       		.byte	0
 278              		.global	USBUART_SN_STRING_DESCRIPTOR
 279 00f7 00       		.align	2
 280              		.type	USBUART_SN_STRING_DESCRIPTOR, %object
 281              		.size	USBUART_SN_STRING_DESCRIPTOR, 2
 282              	USBUART_SN_STRING_DESCRIPTOR:
 283 00f8 02       		.byte	2
 284 00f9 03       		.byte	3
 285              		.global	USBUART_HIDREPORT_DESCRIPTOR1
ARM GAS  C:\Users\CHAIYA~1\AppData\Local\Temp\cctyEjb8.s 			page 6


 286 00fa 0000     		.align	2
 287              		.type	USBUART_HIDREPORT_DESCRIPTOR1, %object
 288              		.size	USBUART_HIDREPORT_DESCRIPTOR1, 54
 289              	USBUART_HIDREPORT_DESCRIPTOR1:
 290 00fc 32       		.byte	50
 291 00fd 00       		.byte	0
 292 00fe 05       		.byte	5
 293 00ff 01       		.byte	1
 294 0100 09       		.byte	9
 295 0101 02       		.byte	2
 296 0102 A1       		.byte	-95
 297 0103 01       		.byte	1
 298 0104 09       		.byte	9
 299 0105 01       		.byte	1
 300 0106 A1       		.byte	-95
 301 0107 00       		.byte	0
 302 0108 05       		.byte	5
 303 0109 09       		.byte	9
 304 010a 19       		.byte	25
 305 010b 01       		.byte	1
 306 010c 29       		.byte	41
 307 010d 03       		.byte	3
 308 010e 15       		.byte	21
 309 010f 00       		.byte	0
 310 0110 25       		.byte	37
 311 0111 01       		.byte	1
 312 0112 95       		.byte	-107
 313 0113 03       		.byte	3
 314 0114 75       		.byte	117
 315 0115 01       		.byte	1
 316 0116 81       		.byte	-127
 317 0117 02       		.byte	2
 318 0118 95       		.byte	-107
 319 0119 01       		.byte	1
 320 011a 75       		.byte	117
 321 011b 05       		.byte	5
 322 011c 81       		.byte	-127
 323 011d 01       		.byte	1
 324 011e 05       		.byte	5
 325 011f 01       		.byte	1
 326 0120 09       		.byte	9
 327 0121 30       		.byte	48
 328 0122 09       		.byte	9
 329 0123 31       		.byte	49
 330 0124 15       		.byte	21
 331 0125 81       		.byte	-127
 332 0126 25       		.byte	37
 333 0127 7F       		.byte	127
 334 0128 75       		.byte	117
 335 0129 08       		.byte	8
 336 012a 95       		.byte	-107
 337 012b 02       		.byte	2
 338 012c 81       		.byte	-127
 339 012d 06       		.byte	6
 340 012e C0       		.byte	-64
 341 012f C0       		.byte	-64
 342 0130 00       		.byte	0
ARM GAS  C:\Users\CHAIYA~1\AppData\Local\Temp\cctyEjb8.s 			page 7


 343 0131 00       		.byte	0
 344              		.global	USBUART_DEVICE0_CONFIGURATION0_EP_SETTINGS_TABLE
 345 0132 0000     		.align	2
 346              		.type	USBUART_DEVICE0_CONFIGURATION0_EP_SETTINGS_TABLE, %object
 347              		.size	USBUART_DEVICE0_CONFIGURATION0_EP_SETTINGS_TABLE, 24
 348              	USBUART_DEVICE0_CONFIGURATION0_EP_SETTINGS_TABLE:
 349 0134 00       		.byte	0
 350 0135 00       		.byte	0
 351 0136 81       		.byte	-127
 352 0137 03       		.byte	3
 353 0138 0800     		.short	8
 354 013a 02       		.byte	2
 355 013b 00       		.space	1
 356 013c 01       		.byte	1
 357 013d 00       		.byte	0
 358 013e 82       		.byte	-126
 359 013f 02       		.byte	2
 360 0140 4000     		.short	64
 361 0142 0A       		.byte	10
 362 0143 00       		.space	1
 363 0144 01       		.byte	1
 364 0145 00       		.byte	0
 365 0146 03       		.byte	3
 366 0147 02       		.byte	2
 367 0148 4000     		.short	64
 368 014a 0A       		.byte	10
 369 014b 00       		.space	1
 370              		.global	USBUART_DEVICE0_CONFIGURATION0_INTERFACE_CLASS
 371              		.align	2
 372              		.type	USBUART_DEVICE0_CONFIGURATION0_INTERFACE_CLASS, %object
 373              		.size	USBUART_DEVICE0_CONFIGURATION0_INTERFACE_CLASS, 2
 374              	USBUART_DEVICE0_CONFIGURATION0_INTERFACE_CLASS:
 375 014c 02       		.byte	2
 376 014d 0A       		.byte	10
 377              		.global	USBUART_DEVICE0_CONFIGURATION0_TABLE
 378 014e 0000     		.align	2
 379              		.type	USBUART_DEVICE0_CONFIGURATION0_TABLE, %object
 380              		.size	USBUART_DEVICE0_CONFIGURATION0_TABLE, 40
 381              	USBUART_DEVICE0_CONFIGURATION0_TABLE:
 382 0150 01       		.byte	1
 383 0151 000000   		.space	3
 384 0154 00000000 		.word	USBUART_DEVICE0_CONFIGURATION0_DESCR
 385 0158 03       		.byte	3
 386 0159 000000   		.space	3
 387 015c 00000000 		.word	USBUART_DEVICE0_CONFIGURATION0_EP_SETTINGS_TABLE
 388 0160 00       		.byte	0
 389 0161 000000   		.space	3
 390 0164 00000000 		.word	0
 391 0168 00       		.byte	0
 392 0169 000000   		.space	3
 393 016c 00000000 		.word	0
 394 0170 00       		.byte	0
 395 0171 000000   		.space	3
 396 0174 00000000 		.word	USBUART_DEVICE0_CONFIGURATION0_INTERFACE_CLASS
 397              		.global	USBUART_DEVICE0_TABLE
 398              		.align	2
 399              		.type	USBUART_DEVICE0_TABLE, %object
ARM GAS  C:\Users\CHAIYA~1\AppData\Local\Temp\cctyEjb8.s 			page 8


 400              		.size	USBUART_DEVICE0_TABLE, 16
 401              	USBUART_DEVICE0_TABLE:
 402 0178 01       		.byte	1
 403 0179 000000   		.space	3
 404 017c 00000000 		.word	USBUART_DEVICE0_DESCR
 405 0180 01       		.byte	1
 406 0181 000000   		.space	3
 407 0184 00000000 		.word	USBUART_DEVICE0_CONFIGURATION0_TABLE
 408              		.global	USBUART_TABLE
 409              		.align	2
 410              		.type	USBUART_TABLE, %object
 411              		.size	USBUART_TABLE, 8
 412              	USBUART_TABLE:
 413 0188 01       		.byte	1
 414 0189 000000   		.space	3
 415 018c 00000000 		.word	USBUART_DEVICE0_TABLE
 416              		.global	USBUART_MSOS_DESCRIPTOR
 417              		.align	2
 418              		.type	USBUART_MSOS_DESCRIPTOR, %object
 419              		.size	USBUART_MSOS_DESCRIPTOR, 18
 420              	USBUART_MSOS_DESCRIPTOR:
 421 0190 12       		.byte	18
 422 0191 03       		.byte	3
 423 0192 4D       		.byte	77
 424 0193 00       		.byte	0
 425 0194 53       		.byte	83
 426 0195 00       		.byte	0
 427 0196 46       		.byte	70
 428 0197 00       		.byte	0
 429 0198 54       		.byte	84
 430 0199 00       		.byte	0
 431 019a 31       		.byte	49
 432 019b 00       		.byte	0
 433 019c 30       		.byte	48
 434 019d 00       		.byte	0
 435 019e 30       		.byte	48
 436 019f 00       		.byte	0
 437 01a0 01       		.byte	1
 438 01a1 00       		.byte	0
 439              		.global	USBUART_MSOS_CONFIGURATION_DESCR
 440 01a2 0000     		.align	2
 441              		.type	USBUART_MSOS_CONFIGURATION_DESCR, %object
 442              		.size	USBUART_MSOS_CONFIGURATION_DESCR, 40
 443              	USBUART_MSOS_CONFIGURATION_DESCR:
 444 01a4 28       		.byte	40
 445 01a5 00       		.byte	0
 446 01a6 00       		.byte	0
 447 01a7 00       		.byte	0
 448 01a8 00       		.byte	0
 449 01a9 01       		.byte	1
 450 01aa 04       		.byte	4
 451 01ab 00       		.byte	0
 452 01ac 01       		.byte	1
 453 01ad 00       		.byte	0
 454 01ae 00       		.byte	0
 455 01af 00       		.byte	0
 456 01b0 00       		.byte	0
ARM GAS  C:\Users\CHAIYA~1\AppData\Local\Temp\cctyEjb8.s 			page 9


 457 01b1 00       		.byte	0
 458 01b2 00       		.byte	0
 459 01b3 00       		.byte	0
 460 01b4 00       		.byte	0
 461 01b5 01       		.byte	1
 462 01b6 43       		.byte	67
 463 01b7 59       		.byte	89
 464 01b8 55       		.byte	85
 465 01b9 53       		.byte	83
 466 01ba 42       		.byte	66
 467 01bb 00       		.byte	0
 468 01bc 00       		.byte	0
 469 01bd 00       		.byte	0
 470 01be 30       		.byte	48
 471 01bf 30       		.byte	48
 472 01c0 30       		.byte	48
 473 01c1 30       		.byte	48
 474 01c2 31       		.byte	49
 475 01c3 00       		.byte	0
 476 01c4 00       		.byte	0
 477 01c5 00       		.byte	0
 478 01c6 00       		.byte	0
 479 01c7 00       		.byte	0
 480 01c8 00       		.byte	0
 481 01c9 00       		.byte	0
 482 01ca 00       		.byte	0
 483 01cb 00       		.byte	0
 484              		.comm	USBUART_idSerialNumberStringDescriptor,34,4
 485              		.text
 486              	.Letext0:
 487              		.file 1 ".\\Generated_Source\\PSoC5\\cytypes.h"
 488              		.file 2 ".\\Generated_Source\\PSoC5\\USBUART.h"
 489              		.file 3 ".\\Generated_Source\\PSoC5\\USBUART_descr.c"
 490              		.section	.debug_info,"",%progbits
 491              	.Ldebug_info0:
 492 0000 EF020000 		.4byte	0x2ef
 493 0004 0400     		.2byte	0x4
 494 0006 00000000 		.4byte	.Ldebug_abbrev0
 495 000a 04       		.byte	0x4
 496 000b 01       		.uleb128 0x1
 497 000c 1C020000 		.4byte	.LASF37
 498 0010 01       		.byte	0x1
 499 0011 2F000000 		.4byte	.LASF38
 500 0015 0F030000 		.4byte	.LASF39
 501 0019 00000000 		.4byte	.Ldebug_line0
 502 001d 02       		.uleb128 0x2
 503 001e 01       		.byte	0x1
 504 001f 06       		.byte	0x6
 505 0020 F0020000 		.4byte	.LASF0
 506 0024 02       		.uleb128 0x2
 507 0025 01       		.byte	0x1
 508 0026 08       		.byte	0x8
 509 0027 1E010000 		.4byte	.LASF1
 510 002b 02       		.uleb128 0x2
 511 002c 02       		.byte	0x2
 512 002d 05       		.byte	0x5
 513 002e CD020000 		.4byte	.LASF2
ARM GAS  C:\Users\CHAIYA~1\AppData\Local\Temp\cctyEjb8.s 			page 10


 514 0032 02       		.uleb128 0x2
 515 0033 02       		.byte	0x2
 516 0034 07       		.byte	0x7
 517 0035 FC020000 		.4byte	.LASF3
 518 0039 02       		.uleb128 0x2
 519 003a 04       		.byte	0x4
 520 003b 05       		.byte	0x5
 521 003c E7020000 		.4byte	.LASF4
 522 0040 02       		.uleb128 0x2
 523 0041 04       		.byte	0x4
 524 0042 07       		.byte	0x7
 525 0043 53010000 		.4byte	.LASF5
 526 0047 02       		.uleb128 0x2
 527 0048 08       		.byte	0x8
 528 0049 05       		.byte	0x5
 529 004a A1020000 		.4byte	.LASF6
 530 004e 02       		.uleb128 0x2
 531 004f 08       		.byte	0x8
 532 0050 07       		.byte	0x7
 533 0051 D9010000 		.4byte	.LASF7
 534 0055 03       		.uleb128 0x3
 535 0056 04       		.byte	0x4
 536 0057 05       		.byte	0x5
 537 0058 696E7400 		.ascii	"int\000"
 538 005c 02       		.uleb128 0x2
 539 005d 04       		.byte	0x4
 540 005e 07       		.byte	0x7
 541 005f BE010000 		.4byte	.LASF8
 542 0063 04       		.uleb128 0x4
 543 0064 D7020000 		.4byte	.LASF9
 544 0068 01       		.byte	0x1
 545 0069 A1       		.byte	0xa1
 546 006a 24000000 		.4byte	0x24
 547 006e 04       		.uleb128 0x4
 548 006f B7010000 		.4byte	.LASF10
 549 0073 01       		.byte	0x1
 550 0074 A2       		.byte	0xa2
 551 0075 32000000 		.4byte	0x32
 552 0079 02       		.uleb128 0x2
 553 007a 04       		.byte	0x4
 554 007b 04       		.byte	0x4
 555 007c F0000000 		.4byte	.LASF11
 556 0080 02       		.uleb128 0x2
 557 0081 08       		.byte	0x8
 558 0082 04       		.byte	0x4
 559 0083 B0010000 		.4byte	.LASF12
 560 0087 02       		.uleb128 0x2
 561 0088 01       		.byte	0x1
 562 0089 08       		.byte	0x8
 563 008a AF020000 		.4byte	.LASF13
 564 008e 02       		.uleb128 0x2
 565 008f 04       		.byte	0x4
 566 0090 07       		.byte	0x7
 567 0091 98020000 		.4byte	.LASF14
 568 0095 05       		.uleb128 0x5
 569 0096 08       		.byte	0x8
 570 0097 02       		.byte	0x2
ARM GAS  C:\Users\CHAIYA~1\AppData\Local\Temp\cctyEjb8.s 			page 11


 571 0098 8A       		.byte	0x8a
 572 0099 E6000000 		.4byte	0xe6
 573 009d 06       		.uleb128 0x6
 574 009e DD020000 		.4byte	.LASF15
 575 00a2 02       		.byte	0x2
 576 00a3 8C       		.byte	0x8c
 577 00a4 63000000 		.4byte	0x63
 578 00a8 00       		.byte	0
 579 00a9 06       		.uleb128 0x6
 580 00aa 13010000 		.4byte	.LASF16
 581 00ae 02       		.byte	0x2
 582 00af 8D       		.byte	0x8d
 583 00b0 63000000 		.4byte	0x63
 584 00b4 01       		.byte	0x1
 585 00b5 06       		.uleb128 0x6
 586 00b6 65010000 		.4byte	.LASF17
 587 00ba 02       		.byte	0x2
 588 00bb 8E       		.byte	0x8e
 589 00bc 63000000 		.4byte	0x63
 590 00c0 02       		.byte	0x2
 591 00c1 06       		.uleb128 0x6
 592 00c2 2C010000 		.4byte	.LASF18
 593 00c6 02       		.byte	0x2
 594 00c7 8F       		.byte	0x8f
 595 00c8 63000000 		.4byte	0x63
 596 00cc 03       		.byte	0x3
 597 00cd 06       		.uleb128 0x6
 598 00ce B4020000 		.4byte	.LASF19
 599 00d2 02       		.byte	0x2
 600 00d3 90       		.byte	0x90
 601 00d4 6E000000 		.4byte	0x6e
 602 00d8 04       		.byte	0x4
 603 00d9 06       		.uleb128 0x6
 604 00da 76030000 		.4byte	.LASF20
 605 00de 02       		.byte	0x2
 606 00df 91       		.byte	0x91
 607 00e0 63000000 		.4byte	0x63
 608 00e4 06       		.byte	0x6
 609 00e5 00       		.byte	0
 610 00e6 04       		.uleb128 0x4
 611 00e7 37010000 		.4byte	.LASF21
 612 00eb 02       		.byte	0x2
 613 00ec 92       		.byte	0x92
 614 00ed 95000000 		.4byte	0x95
 615 00f1 05       		.uleb128 0x5
 616 00f2 08       		.byte	0x8
 617 00f3 02       		.byte	0x2
 618 00f4 A2       		.byte	0xa2
 619 00f5 10010000 		.4byte	0x110
 620 00f9 07       		.uleb128 0x7
 621 00fa 6300     		.ascii	"c\000"
 622 00fc 02       		.byte	0x2
 623 00fd A4       		.byte	0xa4
 624 00fe 63000000 		.4byte	0x63
 625 0102 00       		.byte	0
 626 0103 06       		.uleb128 0x6
 627 0104 15020000 		.4byte	.LASF22
ARM GAS  C:\Users\CHAIYA~1\AppData\Local\Temp\cctyEjb8.s 			page 12


 628 0108 02       		.byte	0x2
 629 0109 A5       		.byte	0xa5
 630 010a 10010000 		.4byte	0x110
 631 010e 04       		.byte	0x4
 632 010f 00       		.byte	0
 633 0110 08       		.uleb128 0x8
 634 0111 04       		.byte	0x4
 635 0112 16010000 		.4byte	0x116
 636 0116 09       		.uleb128 0x9
 637 0117 04       		.uleb128 0x4
 638 0118 CB010000 		.4byte	.LASF23
 639 011c 02       		.byte	0x2
 640 011d A6       		.byte	0xa6
 641 011e F1000000 		.4byte	0xf1
 642 0122 0A       		.uleb128 0xa
 643 0123 63000000 		.4byte	0x63
 644 0127 32010000 		.4byte	0x132
 645 012b 0B       		.uleb128 0xb
 646 012c 8E000000 		.4byte	0x8e
 647 0130 11       		.byte	0x11
 648 0131 00       		.byte	0
 649 0132 0C       		.uleb128 0xc
 650 0133 BC000000 		.4byte	.LASF24
 651 0137 03       		.byte	0x3
 652 0138 26       		.byte	0x26
 653 0139 43010000 		.4byte	0x143
 654 013d 05       		.uleb128 0x5
 655 013e 03       		.byte	0x3
 656 013f 00000000 		.4byte	USBUART_DEVICE0_DESCR
 657 0143 0D       		.uleb128 0xd
 658 0144 22010000 		.4byte	0x122
 659 0148 0A       		.uleb128 0xa
 660 0149 63000000 		.4byte	0x63
 661 014d 58010000 		.4byte	0x158
 662 0151 0B       		.uleb128 0xb
 663 0152 8E000000 		.4byte	0x8e
 664 0156 42       		.byte	0x42
 665 0157 00       		.byte	0
 666 0158 0C       		.uleb128 0xc
 667 0159 F0010000 		.4byte	.LASF25
 668 015d 03       		.byte	0x3
 669 015e 39       		.byte	0x39
 670 015f 69010000 		.4byte	0x169
 671 0163 05       		.uleb128 0x5
 672 0164 03       		.byte	0x3
 673 0165 00000000 		.4byte	USBUART_DEVICE0_CONFIGURATION0_DESCR
 674 0169 0D       		.uleb128 0xd
 675 016a 48010000 		.4byte	0x148
 676 016e 0A       		.uleb128 0xa
 677 016f E6000000 		.4byte	0xe6
 678 0173 7E010000 		.4byte	0x17e
 679 0177 0B       		.uleb128 0xb
 680 0178 8E000000 		.4byte	0x8e
 681 017c 02       		.byte	0x2
 682 017d 00       		.byte	0
 683 017e 0C       		.uleb128 0xc
 684 017f 73000000 		.4byte	.LASF26
ARM GAS  C:\Users\CHAIYA~1\AppData\Local\Temp\cctyEjb8.s 			page 13


 685 0183 03       		.byte	0x3
 686 0184 FD       		.byte	0xfd
 687 0185 8F010000 		.4byte	0x18f
 688 0189 05       		.uleb128 0x5
 689 018a 03       		.byte	0x3
 690 018b 00000000 		.4byte	USBUART_DEVICE0_CONFIGURATION0_EP_SETTINGS_TABLE
 691 018f 0D       		.uleb128 0xd
 692 0190 6E010000 		.4byte	0x16e
 693 0194 0A       		.uleb128 0xa
 694 0195 63000000 		.4byte	0x63
 695 0199 A4010000 		.4byte	0x1a4
 696 019d 0B       		.uleb128 0xb
 697 019e 8E000000 		.4byte	0x8e
 698 01a2 01       		.byte	0x1
 699 01a3 00       		.byte	0
 700 01a4 0E       		.uleb128 0xe
 701 01a5 00000000 		.4byte	.LASF27
 702 01a9 03       		.byte	0x3
 703 01aa 0301     		.2byte	0x103
 704 01ac B6010000 		.4byte	0x1b6
 705 01b0 05       		.uleb128 0x5
 706 01b1 03       		.byte	0x3
 707 01b2 00000000 		.4byte	USBUART_DEVICE0_CONFIGURATION0_INTERFACE_CLASS
 708 01b6 0D       		.uleb128 0xd
 709 01b7 94010000 		.4byte	0x194
 710 01bb 0A       		.uleb128 0xa
 711 01bc 17010000 		.4byte	0x117
 712 01c0 CB010000 		.4byte	0x1cb
 713 01c4 0B       		.uleb128 0xb
 714 01c5 8E000000 		.4byte	0x8e
 715 01c9 04       		.byte	0x4
 716 01ca 00       		.byte	0
 717 01cb 0E       		.uleb128 0xe
 718 01cc 6A010000 		.4byte	.LASF28
 719 01d0 03       		.byte	0x3
 720 01d1 0B01     		.2byte	0x10b
 721 01d3 DD010000 		.4byte	0x1dd
 722 01d7 05       		.uleb128 0x5
 723 01d8 03       		.byte	0x3
 724 01d9 00000000 		.4byte	USBUART_DEVICE0_CONFIGURATION0_TABLE
 725 01dd 0D       		.uleb128 0xd
 726 01de BB010000 		.4byte	0x1bb
 727 01e2 0A       		.uleb128 0xa
 728 01e3 17010000 		.4byte	0x117
 729 01e7 F2010000 		.4byte	0x1f2
 730 01eb 0B       		.uleb128 0xb
 731 01ec 8E000000 		.4byte	0x8e
 732 01f0 01       		.byte	0x1
 733 01f1 00       		.byte	0
 734 01f2 0E       		.uleb128 0xe
 735 01f3 60030000 		.4byte	.LASF29
 736 01f7 03       		.byte	0x3
 737 01f8 1601     		.2byte	0x116
 738 01fa 04020000 		.4byte	0x204
 739 01fe 05       		.uleb128 0x5
 740 01ff 03       		.byte	0x3
 741 0200 00000000 		.4byte	USBUART_DEVICE0_TABLE
ARM GAS  C:\Users\CHAIYA~1\AppData\Local\Temp\cctyEjb8.s 			page 14


 742 0204 0D       		.uleb128 0xd
 743 0205 E2010000 		.4byte	0x1e2
 744 0209 0A       		.uleb128 0xa
 745 020a 17010000 		.4byte	0x117
 746 020e 19020000 		.4byte	0x219
 747 0212 0B       		.uleb128 0xb
 748 0213 8E000000 		.4byte	0x8e
 749 0217 00       		.byte	0
 750 0218 00       		.byte	0
 751 0219 0E       		.uleb128 0xe
 752 021a BF020000 		.4byte	.LASF30
 753 021e 03       		.byte	0x3
 754 021f 1D01     		.2byte	0x11d
 755 0221 2B020000 		.4byte	0x22b
 756 0225 05       		.uleb128 0x5
 757 0226 03       		.byte	0x3
 758 0227 00000000 		.4byte	USBUART_TABLE
 759 022b 0D       		.uleb128 0xd
 760 022c 09020000 		.4byte	0x209
 761 0230 0C       		.uleb128 0xc
 762 0231 F6000000 		.4byte	.LASF31
 763 0235 03       		.byte	0x3
 764 0236 CB       		.byte	0xcb
 765 0237 41020000 		.4byte	0x241
 766 023b 05       		.uleb128 0x5
 767 023c 03       		.byte	0x3
 768 023d 00000000 		.4byte	USBUART_SN_STRING_DESCRIPTOR
 769 0241 0D       		.uleb128 0xd
 770 0242 94010000 		.4byte	0x194
 771 0246 0A       		.uleb128 0xa
 772 0247 63000000 		.4byte	0x63
 773 024b 56020000 		.4byte	0x256
 774 024f 0B       		.uleb128 0xb
 775 0250 8E000000 		.4byte	0x8e
 776 0254 9E       		.byte	0x9e
 777 0255 00       		.byte	0
 778 0256 0C       		.uleb128 0xc
 779 0257 58000000 		.4byte	.LASF32
 780 025b 03       		.byte	0x3
 781 025c 98       		.byte	0x98
 782 025d 67020000 		.4byte	0x267
 783 0261 05       		.uleb128 0x5
 784 0262 03       		.byte	0x3
 785 0263 00000000 		.4byte	USBUART_STRING_DESCRIPTORS
 786 0267 0D       		.uleb128 0xd
 787 0268 46020000 		.4byte	0x246
 788 026c 0A       		.uleb128 0xa
 789 026d 63000000 		.4byte	0x63
 790 0271 7C020000 		.4byte	0x27c
 791 0275 0B       		.uleb128 0xb
 792 0276 8E000000 		.4byte	0x8e
 793 027a 35       		.byte	0x35
 794 027b 00       		.byte	0
 795 027c 0C       		.uleb128 0xc
 796 027d D2000000 		.4byte	.LASF33
 797 0281 03       		.byte	0x3
 798 0282 D4       		.byte	0xd4
ARM GAS  C:\Users\CHAIYA~1\AppData\Local\Temp\cctyEjb8.s 			page 15


 799 0283 8D020000 		.4byte	0x28d
 800 0287 05       		.uleb128 0x5
 801 0288 03       		.byte	0x3
 802 0289 00000000 		.4byte	USBUART_HIDREPORT_DESCRIPTOR1
 803 028d 0D       		.uleb128 0xd
 804 028e 6C020000 		.4byte	0x26c
 805 0292 0E       		.uleb128 0xe
 806 0293 A4000000 		.4byte	.LASF34
 807 0297 03       		.byte	0x3
 808 0298 2D01     		.2byte	0x12d
 809 029a A4020000 		.4byte	0x2a4
 810 029e 05       		.uleb128 0x5
 811 029f 03       		.byte	0x3
 812 02a0 00000000 		.4byte	USBUART_MSOS_DESCRIPTOR
 813 02a4 0D       		.uleb128 0xd
 814 02a5 22010000 		.4byte	0x122
 815 02a9 0A       		.uleb128 0xa
 816 02aa 63000000 		.4byte	0x63
 817 02ae B9020000 		.4byte	0x2b9
 818 02b2 0B       		.uleb128 0xb
 819 02b3 8E000000 		.4byte	0x8e
 820 02b7 27       		.byte	0x27
 821 02b8 00       		.byte	0
 822 02b9 0E       		.uleb128 0xe
 823 02ba 8F010000 		.4byte	.LASF35
 824 02be 03       		.byte	0x3
 825 02bf 3801     		.2byte	0x138
 826 02c1 CB020000 		.4byte	0x2cb
 827 02c5 05       		.uleb128 0x5
 828 02c6 03       		.byte	0x3
 829 02c7 00000000 		.4byte	USBUART_MSOS_CONFIGURATION_DESCR
 830 02cb 0D       		.uleb128 0xd
 831 02cc A9020000 		.4byte	0x2a9
 832 02d0 0A       		.uleb128 0xa
 833 02d1 63000000 		.4byte	0x63
 834 02d5 E0020000 		.4byte	0x2e0
 835 02d9 0B       		.uleb128 0xb
 836 02da 8E000000 		.4byte	0x8e
 837 02de 21       		.byte	0x21
 838 02df 00       		.byte	0
 839 02e0 0E       		.uleb128 0xe
 840 02e1 7C030000 		.4byte	.LASF36
 841 02e5 03       		.byte	0x3
 842 02e6 4B01     		.2byte	0x14b
 843 02e8 D0020000 		.4byte	0x2d0
 844 02ec 05       		.uleb128 0x5
 845 02ed 03       		.byte	0x3
 846 02ee 00000000 		.4byte	USBUART_idSerialNumberStringDescriptor
 847 02f2 00       		.byte	0
 848              		.section	.debug_abbrev,"",%progbits
 849              	.Ldebug_abbrev0:
 850 0000 01       		.uleb128 0x1
 851 0001 11       		.uleb128 0x11
 852 0002 01       		.byte	0x1
 853 0003 25       		.uleb128 0x25
 854 0004 0E       		.uleb128 0xe
 855 0005 13       		.uleb128 0x13
ARM GAS  C:\Users\CHAIYA~1\AppData\Local\Temp\cctyEjb8.s 			page 16


 856 0006 0B       		.uleb128 0xb
 857 0007 03       		.uleb128 0x3
 858 0008 0E       		.uleb128 0xe
 859 0009 1B       		.uleb128 0x1b
 860 000a 0E       		.uleb128 0xe
 861 000b 10       		.uleb128 0x10
 862 000c 17       		.uleb128 0x17
 863 000d 00       		.byte	0
 864 000e 00       		.byte	0
 865 000f 02       		.uleb128 0x2
 866 0010 24       		.uleb128 0x24
 867 0011 00       		.byte	0
 868 0012 0B       		.uleb128 0xb
 869 0013 0B       		.uleb128 0xb
 870 0014 3E       		.uleb128 0x3e
 871 0015 0B       		.uleb128 0xb
 872 0016 03       		.uleb128 0x3
 873 0017 0E       		.uleb128 0xe
 874 0018 00       		.byte	0
 875 0019 00       		.byte	0
 876 001a 03       		.uleb128 0x3
 877 001b 24       		.uleb128 0x24
 878 001c 00       		.byte	0
 879 001d 0B       		.uleb128 0xb
 880 001e 0B       		.uleb128 0xb
 881 001f 3E       		.uleb128 0x3e
 882 0020 0B       		.uleb128 0xb
 883 0021 03       		.uleb128 0x3
 884 0022 08       		.uleb128 0x8
 885 0023 00       		.byte	0
 886 0024 00       		.byte	0
 887 0025 04       		.uleb128 0x4
 888 0026 16       		.uleb128 0x16
 889 0027 00       		.byte	0
 890 0028 03       		.uleb128 0x3
 891 0029 0E       		.uleb128 0xe
 892 002a 3A       		.uleb128 0x3a
 893 002b 0B       		.uleb128 0xb
 894 002c 3B       		.uleb128 0x3b
 895 002d 0B       		.uleb128 0xb
 896 002e 49       		.uleb128 0x49
 897 002f 13       		.uleb128 0x13
 898 0030 00       		.byte	0
 899 0031 00       		.byte	0
 900 0032 05       		.uleb128 0x5
 901 0033 13       		.uleb128 0x13
 902 0034 01       		.byte	0x1
 903 0035 0B       		.uleb128 0xb
 904 0036 0B       		.uleb128 0xb
 905 0037 3A       		.uleb128 0x3a
 906 0038 0B       		.uleb128 0xb
 907 0039 3B       		.uleb128 0x3b
 908 003a 0B       		.uleb128 0xb
 909 003b 01       		.uleb128 0x1
 910 003c 13       		.uleb128 0x13
 911 003d 00       		.byte	0
 912 003e 00       		.byte	0
ARM GAS  C:\Users\CHAIYA~1\AppData\Local\Temp\cctyEjb8.s 			page 17


 913 003f 06       		.uleb128 0x6
 914 0040 0D       		.uleb128 0xd
 915 0041 00       		.byte	0
 916 0042 03       		.uleb128 0x3
 917 0043 0E       		.uleb128 0xe
 918 0044 3A       		.uleb128 0x3a
 919 0045 0B       		.uleb128 0xb
 920 0046 3B       		.uleb128 0x3b
 921 0047 0B       		.uleb128 0xb
 922 0048 49       		.uleb128 0x49
 923 0049 13       		.uleb128 0x13
 924 004a 38       		.uleb128 0x38
 925 004b 0B       		.uleb128 0xb
 926 004c 00       		.byte	0
 927 004d 00       		.byte	0
 928 004e 07       		.uleb128 0x7
 929 004f 0D       		.uleb128 0xd
 930 0050 00       		.byte	0
 931 0051 03       		.uleb128 0x3
 932 0052 08       		.uleb128 0x8
 933 0053 3A       		.uleb128 0x3a
 934 0054 0B       		.uleb128 0xb
 935 0055 3B       		.uleb128 0x3b
 936 0056 0B       		.uleb128 0xb
 937 0057 49       		.uleb128 0x49
 938 0058 13       		.uleb128 0x13
 939 0059 38       		.uleb128 0x38
 940 005a 0B       		.uleb128 0xb
 941 005b 00       		.byte	0
 942 005c 00       		.byte	0
 943 005d 08       		.uleb128 0x8
 944 005e 0F       		.uleb128 0xf
 945 005f 00       		.byte	0
 946 0060 0B       		.uleb128 0xb
 947 0061 0B       		.uleb128 0xb
 948 0062 49       		.uleb128 0x49
 949 0063 13       		.uleb128 0x13
 950 0064 00       		.byte	0
 951 0065 00       		.byte	0
 952 0066 09       		.uleb128 0x9
 953 0067 26       		.uleb128 0x26
 954 0068 00       		.byte	0
 955 0069 00       		.byte	0
 956 006a 00       		.byte	0
 957 006b 0A       		.uleb128 0xa
 958 006c 01       		.uleb128 0x1
 959 006d 01       		.byte	0x1
 960 006e 49       		.uleb128 0x49
 961 006f 13       		.uleb128 0x13
 962 0070 01       		.uleb128 0x1
 963 0071 13       		.uleb128 0x13
 964 0072 00       		.byte	0
 965 0073 00       		.byte	0
 966 0074 0B       		.uleb128 0xb
 967 0075 21       		.uleb128 0x21
 968 0076 00       		.byte	0
 969 0077 49       		.uleb128 0x49
ARM GAS  C:\Users\CHAIYA~1\AppData\Local\Temp\cctyEjb8.s 			page 18


 970 0078 13       		.uleb128 0x13
 971 0079 2F       		.uleb128 0x2f
 972 007a 0B       		.uleb128 0xb
 973 007b 00       		.byte	0
 974 007c 00       		.byte	0
 975 007d 0C       		.uleb128 0xc
 976 007e 34       		.uleb128 0x34
 977 007f 00       		.byte	0
 978 0080 03       		.uleb128 0x3
 979 0081 0E       		.uleb128 0xe
 980 0082 3A       		.uleb128 0x3a
 981 0083 0B       		.uleb128 0xb
 982 0084 3B       		.uleb128 0x3b
 983 0085 0B       		.uleb128 0xb
 984 0086 49       		.uleb128 0x49
 985 0087 13       		.uleb128 0x13
 986 0088 3F       		.uleb128 0x3f
 987 0089 19       		.uleb128 0x19
 988 008a 02       		.uleb128 0x2
 989 008b 18       		.uleb128 0x18
 990 008c 00       		.byte	0
 991 008d 00       		.byte	0
 992 008e 0D       		.uleb128 0xd
 993 008f 26       		.uleb128 0x26
 994 0090 00       		.byte	0
 995 0091 49       		.uleb128 0x49
 996 0092 13       		.uleb128 0x13
 997 0093 00       		.byte	0
 998 0094 00       		.byte	0
 999 0095 0E       		.uleb128 0xe
 1000 0096 34       		.uleb128 0x34
 1001 0097 00       		.byte	0
 1002 0098 03       		.uleb128 0x3
 1003 0099 0E       		.uleb128 0xe
 1004 009a 3A       		.uleb128 0x3a
 1005 009b 0B       		.uleb128 0xb
 1006 009c 3B       		.uleb128 0x3b
 1007 009d 05       		.uleb128 0x5
 1008 009e 49       		.uleb128 0x49
 1009 009f 13       		.uleb128 0x13
 1010 00a0 3F       		.uleb128 0x3f
 1011 00a1 19       		.uleb128 0x19
 1012 00a2 02       		.uleb128 0x2
 1013 00a3 18       		.uleb128 0x18
 1014 00a4 00       		.byte	0
 1015 00a5 00       		.byte	0
 1016 00a6 00       		.byte	0
 1017              		.section	.debug_aranges,"",%progbits
 1018 0000 14000000 		.4byte	0x14
 1019 0004 0200     		.2byte	0x2
 1020 0006 00000000 		.4byte	.Ldebug_info0
 1021 000a 04       		.byte	0x4
 1022 000b 00       		.byte	0
 1023 000c 0000     		.2byte	0
 1024 000e 0000     		.2byte	0
 1025 0010 00000000 		.4byte	0
 1026 0014 00000000 		.4byte	0
ARM GAS  C:\Users\CHAIYA~1\AppData\Local\Temp\cctyEjb8.s 			page 19


 1027              		.section	.debug_line,"",%progbits
 1028              	.Ldebug_line0:
 1029 0000 5F000000 		.section	.debug_str,"MS",%progbits,1
 1029      02005900 
 1029      00000201 
 1029      FB0E0D00 
 1029      01010101 
 1030              	.LASF27:
 1031 0000 55534255 		.ascii	"USBUART_DEVICE0_CONFIGURATION0_INTERFACE_CLASS\000"
 1031      4152545F 
 1031      44455649 
 1031      4345305F 
 1031      434F4E46 
 1032              	.LASF38:
 1033 002f 2E5C4765 		.ascii	".\\Generated_Source\\PSoC5\\USBUART_descr.c\000"
 1033      6E657261 
 1033      7465645F 
 1033      536F7572 
 1033      63655C50 
 1034              	.LASF32:
 1035 0058 55534255 		.ascii	"USBUART_STRING_DESCRIPTORS\000"
 1035      4152545F 
 1035      53545249 
 1035      4E475F44 
 1035      45534352 
 1036              	.LASF26:
 1037 0073 55534255 		.ascii	"USBUART_DEVICE0_CONFIGURATION0_EP_SETTINGS_TABLE\000"
 1037      4152545F 
 1037      44455649 
 1037      4345305F 
 1037      434F4E46 
 1038              	.LASF34:
 1039 00a4 55534255 		.ascii	"USBUART_MSOS_DESCRIPTOR\000"
 1039      4152545F 
 1039      4D534F53 
 1039      5F444553 
 1039      43524950 
 1040              	.LASF24:
 1041 00bc 55534255 		.ascii	"USBUART_DEVICE0_DESCR\000"
 1041      4152545F 
 1041      44455649 
 1041      4345305F 
 1041      44455343 
 1042              	.LASF33:
 1043 00d2 55534255 		.ascii	"USBUART_HIDREPORT_DESCRIPTOR1\000"
 1043      4152545F 
 1043      48494452 
 1043      45504F52 
 1043      545F4445 
 1044              	.LASF11:
 1045 00f0 666C6F61 		.ascii	"float\000"
 1045      7400
 1046              	.LASF31:
 1047 00f6 55534255 		.ascii	"USBUART_SN_STRING_DESCRIPTOR\000"
 1047      4152545F 
 1047      534E5F53 
 1047      5452494E 
ARM GAS  C:\Users\CHAIYA~1\AppData\Local\Temp\cctyEjb8.s 			page 20


 1047      475F4445 
 1048              	.LASF16:
 1049 0113 616C7453 		.ascii	"altSetting\000"
 1049      65747469 
 1049      6E6700
 1050              	.LASF1:
 1051 011e 756E7369 		.ascii	"unsigned char\000"
 1051      676E6564 
 1051      20636861 
 1051      7200
 1052              	.LASF18:
 1053 012c 61747472 		.ascii	"attributes\000"
 1053      69627574 
 1053      657300
 1054              	.LASF21:
 1055 0137 545F5553 		.ascii	"T_USBUART_EP_SETTINGS_BLOCK\000"
 1055      42554152 
 1055      545F4550 
 1055      5F534554 
 1055      54494E47 
 1056              	.LASF5:
 1057 0153 6C6F6E67 		.ascii	"long unsigned int\000"
 1057      20756E73 
 1057      69676E65 
 1057      6420696E 
 1057      7400
 1058              	.LASF17:
 1059 0165 61646472 		.ascii	"addr\000"
 1059      00
 1060              	.LASF28:
 1061 016a 55534255 		.ascii	"USBUART_DEVICE0_CONFIGURATION0_TABLE\000"
 1061      4152545F 
 1061      44455649 
 1061      4345305F 
 1061      434F4E46 
 1062              	.LASF35:
 1063 018f 55534255 		.ascii	"USBUART_MSOS_CONFIGURATION_DESCR\000"
 1063      4152545F 
 1063      4D534F53 
 1063      5F434F4E 
 1063      46494755 
 1064              	.LASF12:
 1065 01b0 646F7562 		.ascii	"double\000"
 1065      6C6500
 1066              	.LASF10:
 1067 01b7 75696E74 		.ascii	"uint16\000"
 1067      313600
 1068              	.LASF8:
 1069 01be 756E7369 		.ascii	"unsigned int\000"
 1069      676E6564 
 1069      20696E74 
 1069      00
 1070              	.LASF23:
 1071 01cb 545F5553 		.ascii	"T_USBUART_LUT\000"
 1071      42554152 
 1071      545F4C55 
 1071      5400
ARM GAS  C:\Users\CHAIYA~1\AppData\Local\Temp\cctyEjb8.s 			page 21


 1072              	.LASF7:
 1073 01d9 6C6F6E67 		.ascii	"long long unsigned int\000"
 1073      206C6F6E 
 1073      6720756E 
 1073      7369676E 
 1073      65642069 
 1074              	.LASF25:
 1075 01f0 55534255 		.ascii	"USBUART_DEVICE0_CONFIGURATION0_DESCR\000"
 1075      4152545F 
 1075      44455649 
 1075      4345305F 
 1075      434F4E46 
 1076              	.LASF22:
 1077 0215 705F6C69 		.ascii	"p_list\000"
 1077      737400
 1078              	.LASF37:
 1079 021c 474E5520 		.ascii	"GNU C 4.8.4 20140526 (release) [ARM/embedded-4_8-br"
 1079      4320342E 
 1079      382E3420 
 1079      32303134 
 1079      30353236 
 1080 024f 616E6368 		.ascii	"anch revision 211358] -mcpu=cortex-m3 -mthumb -g -O"
 1080      20726576 
 1080      6973696F 
 1080      6E203231 
 1080      31333538 
 1081 0282 30202D66 		.ascii	"0 -ffunction-sections\000"
 1081      66756E63 
 1081      74696F6E 
 1081      2D736563 
 1081      74696F6E 
 1082              	.LASF14:
 1083 0298 73697A65 		.ascii	"sizetype\000"
 1083      74797065 
 1083      00
 1084              	.LASF6:
 1085 02a1 6C6F6E67 		.ascii	"long long int\000"
 1085      206C6F6E 
 1085      6720696E 
 1085      7400
 1086              	.LASF13:
 1087 02af 63686172 		.ascii	"char\000"
 1087      00
 1088              	.LASF19:
 1089 02b4 62756666 		.ascii	"bufferSize\000"
 1089      65725369 
 1089      7A6500
 1090              	.LASF30:
 1091 02bf 55534255 		.ascii	"USBUART_TABLE\000"
 1091      4152545F 
 1091      5441424C 
 1091      4500
 1092              	.LASF2:
 1093 02cd 73686F72 		.ascii	"short int\000"
 1093      7420696E 
 1093      7400
 1094              	.LASF9:
ARM GAS  C:\Users\CHAIYA~1\AppData\Local\Temp\cctyEjb8.s 			page 22


 1095 02d7 75696E74 		.ascii	"uint8\000"
 1095      3800
 1096              	.LASF15:
 1097 02dd 696E7465 		.ascii	"interface\000"
 1097      72666163 
 1097      6500
 1098              	.LASF4:
 1099 02e7 6C6F6E67 		.ascii	"long int\000"
 1099      20696E74 
 1099      00
 1100              	.LASF0:
 1101 02f0 7369676E 		.ascii	"signed char\000"
 1101      65642063 
 1101      68617200 
 1102              	.LASF3:
 1103 02fc 73686F72 		.ascii	"short unsigned int\000"
 1103      7420756E 
 1103      7369676E 
 1103      65642069 
 1103      6E7400
 1104              	.LASF39:
 1105 030f 433A5C55 		.ascii	"C:\\Users\\Chai Yang\\Documents\\Node-Elephant\\TER"
 1105      73657273 
 1105      5C436861 
 1105      69205961 
 1105      6E675C44 
 1106 033d 4D494E41 		.ascii	"MINAL\\Node-Elephant-Terminal.cydsn\000"
 1106      4C5C4E6F 
 1106      64652D45 
 1106      6C657068 
 1106      616E742D 
 1107              	.LASF29:
 1108 0360 55534255 		.ascii	"USBUART_DEVICE0_TABLE\000"
 1108      4152545F 
 1108      44455649 
 1108      4345305F 
 1108      5441424C 
 1109              	.LASF20:
 1110 0376 624D6973 		.ascii	"bMisc\000"
 1110      6300
 1111              	.LASF36:
 1112 037c 55534255 		.ascii	"USBUART_idSerialNumberStringDescriptor\000"
 1112      4152545F 
 1112      69645365 
 1112      7269616C 
 1112      4E756D62 
 1113              		.ident	"GCC: (GNU Tools for ARM Embedded Processors) 4.8.4 20140526 (release) [ARM/embedded-4_8-br
