#***************************************************************************

#sjplacer

#Version:            1.1

#Build Date:         Oct 23 2014 13:00:08

#File Generated:     May 28 2015 04:45:05

#Purpose:            

#Copyright (C) 2010-2011 by Softjin Technologies Pvt Ltd. All rights reserved.

#***************************************************************************

Executing : C:\Program Files (x86)\Cypress\PSoC Creator\3.1\PSoC Creator\bin/sjplacer.exe --proj-name Node-Elephant-Terminal --netlist-vh2 Node-Elephant-Terminal_p.vh2 --arch-file C:\Program Files (x86)\Cypress\PSoC Creator\3.1\PSoC Creator\dev/psoc3/placer.ark --rrg-file C:\Program Files (x86)\Cypress\PSoC Creator\3.1\PSoC Creator\dev/psoc5/psoc5lp/route_arch-rrg.cydata --irq-file C:\Program Files (x86)\Cypress\PSoC Creator\3.1\PSoC Creator\dev/psoc5/psoc5lp/irqconn.cydata --drq-file C:\Program Files (x86)\Cypress\PSoC Creator\3.1\PSoC Creator\dev/psoc5/psoc5lp/dmaconn.cydata --dsi-conn-file C:\Program Files (x86)\Cypress\PSoC Creator\3.1\PSoC Creator\dev/psoc5/psoc5lp/dsiconn.cydata --pins-file pins_100-TQFP.xml --lib-file Node-Elephant-Terminal_p.lib --sdc-file Node-Elephant-Terminal.sdc --io-pcf Node-Elephant-Terminal.pci --outdir .

		Softjin Techologies Placer, Version 1.1

Build Date : Oct 23 2014	13:09:21

D2004: Option and Settings Summary
=============================================================
Netlist vh2 file          - Node-Elephant-Terminal_p.vh2
Architecture file         - C:\Program Files (x86)\Cypress\PSoC Creator\3.1\PSoC Creator\dev/psoc3/placer.ark
Package                   - 
Defparam file             - 
SDC file                  - Node-Elephant-Terminal.sdc
Output directory          - .
Timing library            - Node-Elephant-Terminal_p.lib
IO Placement file         - Node-Elephant-Terminal.pci

D2050: Starting reading inputs for placer
=============================================================
D2065: Reading netlist file : "Node-Elephant-Terminal_p.vh2"
D2065: Reading arch file : "C:\Program Files (x86)\Cypress\PSoC Creator\3.1\PSoC Creator\dev/psoc3/placer.ark"
D2051: Reading of inputs for placer completed successfully

D2053: Starting placement of the design
=============================================================

Phase 2
Phase 3

Design Statistics after Packing
    Number of Combinational MCs 	:	3
    Number of Sequential MCs    	:	73
    Number of DPs               	:	0
    Number of Controls          	:	2
    Number of Status            	:	1
    Number of SyncCells         	:	1
    Number of count7cells       	:	1

Device Utilization Summary after Packing
    Macrocells                  :	76/192
    UDBS                        :	11/24
    IOs                         :	14/72


D2088: Phase 3, elapsed time : 0.0 (sec)

Phase 4
D2088: Phase 4, elapsed time : 0.0 (sec)

Phase 5
D2088: Phase 5, elapsed time : 0.0 (sec)

Phase 6

######################################################################
Placement Timing Summary

The timing summary is based on estimated routing delays after
placement. For final timing report, please carry out the timing
analysis after routing.
======================================================================

######################################################################
                     Clock Summary 
======================================================================
Number of clocks: 7
Clock: ADC_SAR_IntClock     | Frequency:  31.2 MHz | Target:   1.6 MHz
Clock: ADC_SAR_IntClock(routed) | Frequency: N/A       | Target:   1.6 MHz
Clock: CyBUS_CLK            | Frequency:  62.1 MHz | Target:  64.0 MHz
Clock: CyILO                | Frequency: N/A       | Target:   0.1 MHz
Clock: CyIMO                | Frequency: N/A       | Target:  24.0 MHz
Clock: CyMASTER_CLK         | Frequency: N/A       | Target:  64.0 MHz
Clock: CyPLL_OUT            | Frequency: N/A       | Target:  64.0 MHz

======================================================================
                     End of Clock Summary
######################################################################

D2088: Phase 6, elapsed time : 0.1 (sec)

Phase 7
######################################################################
                     Clock Summary 
======================================================================
Number of clocks: 7
Clock: ADC_SAR_IntClock     | Frequency:   7.4 MHz | Target:   1.6 MHz
Clock: ADC_SAR_IntClock(routed) | Frequency: N/A       | Target:   1.6 MHz
Clock: CyBUS_CLK            | Frequency:   7.4 MHz | Target:  64.0 MHz
Clock: CyILO                | Frequency: N/A       | Target:   0.1 MHz
Clock: CyIMO                | Frequency: N/A       | Target:  24.0 MHz
Clock: CyMASTER_CLK         | Frequency: N/A       | Target:  64.0 MHz
Clock: CyPLL_OUT            | Frequency: N/A       | Target:  64.0 MHz

======================================================================
                     End of Clock Summary
######################################################################
D2088: Phase 7, elapsed time : 2.1 (sec)

Final Design Statistics
    Number of Combinational MCs 	:	3
    Number of Sequential MCs    	:	73
    Number of DPs               	:	0
    Number of Controls          	:	2
    Number of Status            	:	1
    Number of SyncCells         	:	1
    Number of count7cells       	:	1
    Number of IOs       	:	14

Device Utilization Summary
    Macrocells                  :	76/192
    IOs                         :	14/72



######################################################################
Placement Timing Summary

The timing summary is based on estimated routing delays after
placement. For final timing report, please carry out the timing
analysis after routing.
======================================================================


######################################################################
                     Clock Summary 
======================================================================
Number of clocks: 7
Clock: ADC_SAR_IntClock     | Frequency:   7.9 MHz | Target:   1.6 MHz
Clock: ADC_SAR_IntClock(routed) | Frequency: N/A       | Target:   1.6 MHz
Clock: CyBUS_CLK            | Frequency:   7.9 MHz | Target:  64.0 MHz
Clock: CyILO                | Frequency: N/A       | Target:   0.1 MHz
Clock: CyIMO                | Frequency: N/A       | Target:  24.0 MHz
Clock: CyMASTER_CLK         | Frequency: N/A       | Target:  64.0 MHz
Clock: CyPLL_OUT            | Frequency: N/A       | Target:  64.0 MHz

======================================================================
                     End of Clock Summary
######################################################################

Phase 8
D2088: Phase 8, elapsed time : 0.0 (sec)

D2054: Placement of the design completed successfully

I2076: Total run-time: 2.8 sec.

