ARM GAS  C:\Users\CHAIYA~1\AppData\Local\Temp\ccQTahQS.s 			page 1


   1              		.syntax unified
   2              		.cpu cortex-m3
   3              		.fpu softvfp
   4              		.eabi_attribute 20, 1
   5              		.eabi_attribute 21, 1
   6              		.eabi_attribute 23, 3
   7              		.eabi_attribute 24, 1
   8              		.eabi_attribute 25, 1
   9              		.eabi_attribute 26, 1
  10              		.eabi_attribute 30, 6
  11              		.eabi_attribute 34, 1
  12              		.eabi_attribute 18, 4
  13              		.thumb
  14              		.file	"CAN_INT.c"
  15              		.text
  16              	.Ltext0:
  17              		.cfi_sections	.debug_frame
  18              		.section	.text.CAN_BusOffIsr,"ax",%progbits
  19              		.align	2
  20              		.global	CAN_BusOffIsr
  21              		.thumb
  22              		.thumb_func
  23              		.type	CAN_BusOffIsr, %function
  24              	CAN_BusOffIsr:
  25              	.LFB0:
  26              		.file 1 ".\\Generated_Source\\PSoC5\\CAN_INT.c"
   1:.\Generated_Source\PSoC5/CAN_INT.c **** /*******************************************************************************
   2:.\Generated_Source\PSoC5/CAN_INT.c **** * File Name: CAN_INT.c
   3:.\Generated_Source\PSoC5/CAN_INT.c **** * Version 2.30
   4:.\Generated_Source\PSoC5/CAN_INT.c **** *
   5:.\Generated_Source\PSoC5/CAN_INT.c **** * Description:
   6:.\Generated_Source\PSoC5/CAN_INT.c **** *  This file contains the Interrupt Service Routine (ISR) for the CAN
   7:.\Generated_Source\PSoC5/CAN_INT.c **** *  Component. Interrupt handlers functions generate accordingly to PSoC Creator 
   8:.\Generated_Source\PSoC5/CAN_INT.c **** *  Customizer inputs.
   9:.\Generated_Source\PSoC5/CAN_INT.c **** *
  10:.\Generated_Source\PSoC5/CAN_INT.c **** * Note:
  11:.\Generated_Source\PSoC5/CAN_INT.c **** *  None
  12:.\Generated_Source\PSoC5/CAN_INT.c **** *
  13:.\Generated_Source\PSoC5/CAN_INT.c **** ********************************************************************************
  14:.\Generated_Source\PSoC5/CAN_INT.c **** * Copyright 2008-2012, Cypress Semiconductor Corporation.  All rights reserved.
  15:.\Generated_Source\PSoC5/CAN_INT.c **** * You may use this file only in accordance with the license, terms, conditions,
  16:.\Generated_Source\PSoC5/CAN_INT.c **** * disclaimers, and limitations in the end user license agreement accompanying
  17:.\Generated_Source\PSoC5/CAN_INT.c **** * the software package with which this file was provided.
  18:.\Generated_Source\PSoC5/CAN_INT.c **** *******************************************************************************/
  19:.\Generated_Source\PSoC5/CAN_INT.c **** 
  20:.\Generated_Source\PSoC5/CAN_INT.c **** #include "CAN.h"
  21:.\Generated_Source\PSoC5/CAN_INT.c **** 
  22:.\Generated_Source\PSoC5/CAN_INT.c **** /* `#START CAN_INT_C_CODE_DEFINITION` */
  23:.\Generated_Source\PSoC5/CAN_INT.c **** 
  24:.\Generated_Source\PSoC5/CAN_INT.c **** /* `#END` */
  25:.\Generated_Source\PSoC5/CAN_INT.c **** 
  26:.\Generated_Source\PSoC5/CAN_INT.c **** #if (CAN_ARB_LOST)
  27:.\Generated_Source\PSoC5/CAN_INT.c **** 
  28:.\Generated_Source\PSoC5/CAN_INT.c ****     /*******************************************************************************
  29:.\Generated_Source\PSoC5/CAN_INT.c ****     * FUNCTION NAME:   CAN_ArbLost
  30:.\Generated_Source\PSoC5/CAN_INT.c ****     ********************************************************************************
  31:.\Generated_Source\PSoC5/CAN_INT.c ****     *
ARM GAS  C:\Users\CHAIYA~1\AppData\Local\Temp\ccQTahQS.s 			page 2


  32:.\Generated_Source\PSoC5/CAN_INT.c ****     * Summary:
  33:.\Generated_Source\PSoC5/CAN_INT.c ****     *  This function is entry point to Arbitration Lost Interrupt. Clears
  34:.\Generated_Source\PSoC5/CAN_INT.c ****     *  Arbitration Lost interrupt flag. Only generated if Arbitration Lost
  35:.\Generated_Source\PSoC5/CAN_INT.c ****     *  Interrupt enable in Customizer.
  36:.\Generated_Source\PSoC5/CAN_INT.c ****     *
  37:.\Generated_Source\PSoC5/CAN_INT.c ****     * Parameters:
  38:.\Generated_Source\PSoC5/CAN_INT.c ****     *  None.
  39:.\Generated_Source\PSoC5/CAN_INT.c ****     *
  40:.\Generated_Source\PSoC5/CAN_INT.c ****     * Return:
  41:.\Generated_Source\PSoC5/CAN_INT.c ****     *  None.
  42:.\Generated_Source\PSoC5/CAN_INT.c ****     * 
  43:.\Generated_Source\PSoC5/CAN_INT.c ****     * Reentrant:
  44:.\Generated_Source\PSoC5/CAN_INT.c ****     *  Depends on Customer code.
  45:.\Generated_Source\PSoC5/CAN_INT.c ****     *
  46:.\Generated_Source\PSoC5/CAN_INT.c ****     *******************************************************************************/
  47:.\Generated_Source\PSoC5/CAN_INT.c ****     void CAN_ArbLostIsr(void) 
  48:.\Generated_Source\PSoC5/CAN_INT.c ****     {
  49:.\Generated_Source\PSoC5/CAN_INT.c ****         /* Clear Arbitration Lost flag */
  50:.\Generated_Source\PSoC5/CAN_INT.c ****         CAN_INT_SR_REG.byte[0u] = CAN_ARBITRATION_LOST_MASK;
  51:.\Generated_Source\PSoC5/CAN_INT.c ****     
  52:.\Generated_Source\PSoC5/CAN_INT.c ****         /* `#START ARBITRATION_LOST_ISR` */
  53:.\Generated_Source\PSoC5/CAN_INT.c **** 
  54:.\Generated_Source\PSoC5/CAN_INT.c ****         /* `#END` */
  55:.\Generated_Source\PSoC5/CAN_INT.c ****     }
  56:.\Generated_Source\PSoC5/CAN_INT.c ****     
  57:.\Generated_Source\PSoC5/CAN_INT.c **** #endif /* CAN_ARB_LOST */
  58:.\Generated_Source\PSoC5/CAN_INT.c **** 
  59:.\Generated_Source\PSoC5/CAN_INT.c **** #if (CAN_OVERLOAD)
  60:.\Generated_Source\PSoC5/CAN_INT.c **** 
  61:.\Generated_Source\PSoC5/CAN_INT.c ****     /*******************************************************************************
  62:.\Generated_Source\PSoC5/CAN_INT.c ****     * FUNCTION NAME:   CAN_OvrLdErrror
  63:.\Generated_Source\PSoC5/CAN_INT.c ****     ********************************************************************************
  64:.\Generated_Source\PSoC5/CAN_INT.c ****     *
  65:.\Generated_Source\PSoC5/CAN_INT.c ****     * Summary:
  66:.\Generated_Source\PSoC5/CAN_INT.c ****     *  This function is entry point to Overload Error Interrupt. Clears Overload
  67:.\Generated_Source\PSoC5/CAN_INT.c ****     *  Error interrupt flag. Only generated if Overload Error Interrupt enable
  68:.\Generated_Source\PSoC5/CAN_INT.c ****     *  in Customizer.
  69:.\Generated_Source\PSoC5/CAN_INT.c ****     *
  70:.\Generated_Source\PSoC5/CAN_INT.c ****     * Parameters:
  71:.\Generated_Source\PSoC5/CAN_INT.c ****     *  None.
  72:.\Generated_Source\PSoC5/CAN_INT.c ****     *
  73:.\Generated_Source\PSoC5/CAN_INT.c ****     * Return:
  74:.\Generated_Source\PSoC5/CAN_INT.c ****     *  None.        
  75:.\Generated_Source\PSoC5/CAN_INT.c ****     *
  76:.\Generated_Source\PSoC5/CAN_INT.c ****     * Reentrant:
  77:.\Generated_Source\PSoC5/CAN_INT.c ****     *  Depends on Customer code.
  78:.\Generated_Source\PSoC5/CAN_INT.c ****     *
  79:.\Generated_Source\PSoC5/CAN_INT.c ****     *******************************************************************************/
  80:.\Generated_Source\PSoC5/CAN_INT.c ****     void CAN_OvrLdErrorIsr(void) 
  81:.\Generated_Source\PSoC5/CAN_INT.c ****     {
  82:.\Generated_Source\PSoC5/CAN_INT.c ****         /* Clear Overload Error flag */
  83:.\Generated_Source\PSoC5/CAN_INT.c ****         CAN_INT_SR_REG.byte[0u] = CAN_OVERLOAD_ERROR_MASK;
  84:.\Generated_Source\PSoC5/CAN_INT.c ****     
  85:.\Generated_Source\PSoC5/CAN_INT.c ****         /* `#START OVER_LOAD_ERROR_ISR` */
  86:.\Generated_Source\PSoC5/CAN_INT.c **** 
  87:.\Generated_Source\PSoC5/CAN_INT.c ****         /* `#END` */
  88:.\Generated_Source\PSoC5/CAN_INT.c ****     }
ARM GAS  C:\Users\CHAIYA~1\AppData\Local\Temp\ccQTahQS.s 			page 3


  89:.\Generated_Source\PSoC5/CAN_INT.c ****     
  90:.\Generated_Source\PSoC5/CAN_INT.c **** #endif /* CAN_OVERLOAD */
  91:.\Generated_Source\PSoC5/CAN_INT.c **** 
  92:.\Generated_Source\PSoC5/CAN_INT.c **** #if (CAN_BIT_ERR)
  93:.\Generated_Source\PSoC5/CAN_INT.c **** 
  94:.\Generated_Source\PSoC5/CAN_INT.c ****     /*******************************************************************************
  95:.\Generated_Source\PSoC5/CAN_INT.c ****     * FUNCTION NAME:   CAN_BitError
  96:.\Generated_Source\PSoC5/CAN_INT.c ****     ********************************************************************************
  97:.\Generated_Source\PSoC5/CAN_INT.c ****     *
  98:.\Generated_Source\PSoC5/CAN_INT.c ****     * Summary:
  99:.\Generated_Source\PSoC5/CAN_INT.c ****     *  This function is entry point to Bit Error Interrupt. Clears Bit Error
 100:.\Generated_Source\PSoC5/CAN_INT.c ****     *  interrupt flag. Only generated if Bit Error Interrupt enable in Customizer.
 101:.\Generated_Source\PSoC5/CAN_INT.c ****     *
 102:.\Generated_Source\PSoC5/CAN_INT.c ****     * Parameters:
 103:.\Generated_Source\PSoC5/CAN_INT.c ****     *  None.
 104:.\Generated_Source\PSoC5/CAN_INT.c ****     *
 105:.\Generated_Source\PSoC5/CAN_INT.c ****     * Return:
 106:.\Generated_Source\PSoC5/CAN_INT.c ****     *  None.
 107:.\Generated_Source\PSoC5/CAN_INT.c ****     *
 108:.\Generated_Source\PSoC5/CAN_INT.c ****     * Reentrant:
 109:.\Generated_Source\PSoC5/CAN_INT.c ****     *  Depends on Customer code.
 110:.\Generated_Source\PSoC5/CAN_INT.c ****     *
 111:.\Generated_Source\PSoC5/CAN_INT.c ****     *******************************************************************************/
 112:.\Generated_Source\PSoC5/CAN_INT.c ****     void CAN_BitErrorIsr(void) 
 113:.\Generated_Source\PSoC5/CAN_INT.c ****     {
 114:.\Generated_Source\PSoC5/CAN_INT.c ****         /* Clear Bit Error flag */
 115:.\Generated_Source\PSoC5/CAN_INT.c ****         CAN_INT_SR_REG.byte[0u] = CAN_BIT_ERROR_MASK;
 116:.\Generated_Source\PSoC5/CAN_INT.c ****     
 117:.\Generated_Source\PSoC5/CAN_INT.c ****         /* `#START BIT_ERROR_ISR` */
 118:.\Generated_Source\PSoC5/CAN_INT.c **** 
 119:.\Generated_Source\PSoC5/CAN_INT.c ****         /* `#END` */
 120:.\Generated_Source\PSoC5/CAN_INT.c ****     }
 121:.\Generated_Source\PSoC5/CAN_INT.c ****     
 122:.\Generated_Source\PSoC5/CAN_INT.c **** #endif /* CAN_BIT_ERR */
 123:.\Generated_Source\PSoC5/CAN_INT.c **** 
 124:.\Generated_Source\PSoC5/CAN_INT.c **** #if (CAN_STUFF_ERR)
 125:.\Generated_Source\PSoC5/CAN_INT.c **** 
 126:.\Generated_Source\PSoC5/CAN_INT.c ****     /*******************************************************************************
 127:.\Generated_Source\PSoC5/CAN_INT.c ****     * FUNCTION NAME:   CAN_BitStuffError
 128:.\Generated_Source\PSoC5/CAN_INT.c ****     ********************************************************************************
 129:.\Generated_Source\PSoC5/CAN_INT.c ****     *
 130:.\Generated_Source\PSoC5/CAN_INT.c ****     * Summary:
 131:.\Generated_Source\PSoC5/CAN_INT.c ****     *  This function is entry point to Bit Stuff Error Interrupt. Clears Bit Stuff
 132:.\Generated_Source\PSoC5/CAN_INT.c ****     *  Error interrupt flag. Only generated if Bit Stuff Error Interrupt enable
 133:.\Generated_Source\PSoC5/CAN_INT.c ****     *  in Customizer.
 134:.\Generated_Source\PSoC5/CAN_INT.c ****     *
 135:.\Generated_Source\PSoC5/CAN_INT.c ****     * Parameters:
 136:.\Generated_Source\PSoC5/CAN_INT.c ****     *  None.
 137:.\Generated_Source\PSoC5/CAN_INT.c ****     *
 138:.\Generated_Source\PSoC5/CAN_INT.c ****     * Return:
 139:.\Generated_Source\PSoC5/CAN_INT.c ****     *  None.
 140:.\Generated_Source\PSoC5/CAN_INT.c ****     *
 141:.\Generated_Source\PSoC5/CAN_INT.c ****     * Reentrant:
 142:.\Generated_Source\PSoC5/CAN_INT.c ****     *  Depends on Customer code.
 143:.\Generated_Source\PSoC5/CAN_INT.c ****     *
 144:.\Generated_Source\PSoC5/CAN_INT.c ****     *******************************************************************************/
 145:.\Generated_Source\PSoC5/CAN_INT.c ****     void CAN_BitStuffErrorIsr(void) 
ARM GAS  C:\Users\CHAIYA~1\AppData\Local\Temp\ccQTahQS.s 			page 4


 146:.\Generated_Source\PSoC5/CAN_INT.c ****     {
 147:.\Generated_Source\PSoC5/CAN_INT.c ****         /* Clear Stuff Error flag */
 148:.\Generated_Source\PSoC5/CAN_INT.c ****         CAN_INT_SR_REG.byte[0u] = CAN_STUFF_ERROR_MASK;
 149:.\Generated_Source\PSoC5/CAN_INT.c ****     
 150:.\Generated_Source\PSoC5/CAN_INT.c ****         /* `#START BIT_STUFF_ERROR_ISR` */
 151:.\Generated_Source\PSoC5/CAN_INT.c **** 
 152:.\Generated_Source\PSoC5/CAN_INT.c ****         /* `#END` */
 153:.\Generated_Source\PSoC5/CAN_INT.c ****     }
 154:.\Generated_Source\PSoC5/CAN_INT.c ****     
 155:.\Generated_Source\PSoC5/CAN_INT.c **** #endif /* CAN_STUFF_ERR */
 156:.\Generated_Source\PSoC5/CAN_INT.c **** 
 157:.\Generated_Source\PSoC5/CAN_INT.c **** #if (CAN_ACK_ERR)
 158:.\Generated_Source\PSoC5/CAN_INT.c **** 
 159:.\Generated_Source\PSoC5/CAN_INT.c ****     /*******************************************************************************
 160:.\Generated_Source\PSoC5/CAN_INT.c ****     * FUNCTION NAME:   CAN_AckErrorIsr
 161:.\Generated_Source\PSoC5/CAN_INT.c ****     ********************************************************************************
 162:.\Generated_Source\PSoC5/CAN_INT.c ****     *
 163:.\Generated_Source\PSoC5/CAN_INT.c ****     * Summary:
 164:.\Generated_Source\PSoC5/CAN_INT.c ****     *  This function is entry point to Acknowledge Error Interrupt. Clears
 165:.\Generated_Source\PSoC5/CAN_INT.c ****     *  Acknowledge Error interrupt flag. Only generated if Acknowledge Error
 166:.\Generated_Source\PSoC5/CAN_INT.c ****     *  Interrupt enable in Customizer.
 167:.\Generated_Source\PSoC5/CAN_INT.c ****     *
 168:.\Generated_Source\PSoC5/CAN_INT.c ****     * Parameters:
 169:.\Generated_Source\PSoC5/CAN_INT.c ****     *  None.
 170:.\Generated_Source\PSoC5/CAN_INT.c ****     *
 171:.\Generated_Source\PSoC5/CAN_INT.c ****     * Return:
 172:.\Generated_Source\PSoC5/CAN_INT.c ****     *  None.
 173:.\Generated_Source\PSoC5/CAN_INT.c ****     *
 174:.\Generated_Source\PSoC5/CAN_INT.c ****     * Reentrant:
 175:.\Generated_Source\PSoC5/CAN_INT.c ****     *  Depends on Customer code.
 176:.\Generated_Source\PSoC5/CAN_INT.c ****     *
 177:.\Generated_Source\PSoC5/CAN_INT.c ****     *******************************************************************************/
 178:.\Generated_Source\PSoC5/CAN_INT.c ****     void CAN_AckErrorIsr(void) 
 179:.\Generated_Source\PSoC5/CAN_INT.c ****     {
 180:.\Generated_Source\PSoC5/CAN_INT.c ****         /* Clear Acknoledge Error flag */
 181:.\Generated_Source\PSoC5/CAN_INT.c ****         CAN_INT_SR_REG.byte[0u] = CAN_ACK_ERROR_MASK;
 182:.\Generated_Source\PSoC5/CAN_INT.c ****     
 183:.\Generated_Source\PSoC5/CAN_INT.c ****         /* `#START ACKNOWLEDGE_ERROR_ISR` */
 184:.\Generated_Source\PSoC5/CAN_INT.c **** 
 185:.\Generated_Source\PSoC5/CAN_INT.c ****         /* `#END` */
 186:.\Generated_Source\PSoC5/CAN_INT.c ****     }
 187:.\Generated_Source\PSoC5/CAN_INT.c ****     
 188:.\Generated_Source\PSoC5/CAN_INT.c **** #endif /* CAN_ACK_ERR */
 189:.\Generated_Source\PSoC5/CAN_INT.c **** 
 190:.\Generated_Source\PSoC5/CAN_INT.c **** #if (CAN_FORM_ERR)
 191:.\Generated_Source\PSoC5/CAN_INT.c **** 
 192:.\Generated_Source\PSoC5/CAN_INT.c ****     /*******************************************************************************
 193:.\Generated_Source\PSoC5/CAN_INT.c ****     * FUNCTION NAME:   CAN_MsgError
 194:.\Generated_Source\PSoC5/CAN_INT.c ****     ********************************************************************************
 195:.\Generated_Source\PSoC5/CAN_INT.c ****     *
 196:.\Generated_Source\PSoC5/CAN_INT.c ****     * Summary:
 197:.\Generated_Source\PSoC5/CAN_INT.c ****     *  This function is entry point to Form Error Interrupt. Clears Form Error
 198:.\Generated_Source\PSoC5/CAN_INT.c ****     *  interrupt flag. Only generated if Form Error Interrupt enable in Customizer.
 199:.\Generated_Source\PSoC5/CAN_INT.c ****     *
 200:.\Generated_Source\PSoC5/CAN_INT.c ****     * Parameters:
 201:.\Generated_Source\PSoC5/CAN_INT.c ****     *  None.
 202:.\Generated_Source\PSoC5/CAN_INT.c ****     *
ARM GAS  C:\Users\CHAIYA~1\AppData\Local\Temp\ccQTahQS.s 			page 5


 203:.\Generated_Source\PSoC5/CAN_INT.c ****     * Return:
 204:.\Generated_Source\PSoC5/CAN_INT.c ****     *  None.
 205:.\Generated_Source\PSoC5/CAN_INT.c ****     *
 206:.\Generated_Source\PSoC5/CAN_INT.c ****     * Reentrant:
 207:.\Generated_Source\PSoC5/CAN_INT.c ****     *  Depends on Customer code.
 208:.\Generated_Source\PSoC5/CAN_INT.c ****     *
 209:.\Generated_Source\PSoC5/CAN_INT.c ****     *******************************************************************************/
 210:.\Generated_Source\PSoC5/CAN_INT.c ****     void CAN_MsgErrorIsr(void) 
 211:.\Generated_Source\PSoC5/CAN_INT.c ****     {
 212:.\Generated_Source\PSoC5/CAN_INT.c ****         /* Clear Form Error flag */
 213:.\Generated_Source\PSoC5/CAN_INT.c ****         CAN_INT_SR_REG.byte[0u] = CAN_FORM_ERROR_MASK;
 214:.\Generated_Source\PSoC5/CAN_INT.c ****     
 215:.\Generated_Source\PSoC5/CAN_INT.c ****         /* `#START MESSAGE_ERROR_ISR` */
 216:.\Generated_Source\PSoC5/CAN_INT.c **** 
 217:.\Generated_Source\PSoC5/CAN_INT.c ****         /* `#END` */
 218:.\Generated_Source\PSoC5/CAN_INT.c ****     }
 219:.\Generated_Source\PSoC5/CAN_INT.c ****     
 220:.\Generated_Source\PSoC5/CAN_INT.c **** #endif /* CAN_FORM_ERR */
 221:.\Generated_Source\PSoC5/CAN_INT.c **** 
 222:.\Generated_Source\PSoC5/CAN_INT.c **** #if (CAN_CRC_ERR)
 223:.\Generated_Source\PSoC5/CAN_INT.c **** 
 224:.\Generated_Source\PSoC5/CAN_INT.c ****     /*******************************************************************************
 225:.\Generated_Source\PSoC5/CAN_INT.c ****     * FUNCTION NAME:   CAN_CrcError
 226:.\Generated_Source\PSoC5/CAN_INT.c ****     ********************************************************************************
 227:.\Generated_Source\PSoC5/CAN_INT.c ****     *
 228:.\Generated_Source\PSoC5/CAN_INT.c ****     * Summary:
 229:.\Generated_Source\PSoC5/CAN_INT.c ****     *  This function is entry point to CRC Error Interrupt. Clears CRC Error
 230:.\Generated_Source\PSoC5/CAN_INT.c ****     *  interrupt flag. Only generated if CRC Error Interrupt enable in Customizer.
 231:.\Generated_Source\PSoC5/CAN_INT.c ****     *
 232:.\Generated_Source\PSoC5/CAN_INT.c ****     * Parameters:
 233:.\Generated_Source\PSoC5/CAN_INT.c ****     *  None.
 234:.\Generated_Source\PSoC5/CAN_INT.c ****     *
 235:.\Generated_Source\PSoC5/CAN_INT.c ****     * Return:
 236:.\Generated_Source\PSoC5/CAN_INT.c ****     *  None.
 237:.\Generated_Source\PSoC5/CAN_INT.c ****     *
 238:.\Generated_Source\PSoC5/CAN_INT.c ****     * Reentrant:
 239:.\Generated_Source\PSoC5/CAN_INT.c ****     *  Depends on Customer code.
 240:.\Generated_Source\PSoC5/CAN_INT.c ****     *
 241:.\Generated_Source\PSoC5/CAN_INT.c ****     *******************************************************************************/
 242:.\Generated_Source\PSoC5/CAN_INT.c ****     void CAN_CrcErrorIsr(void) 
 243:.\Generated_Source\PSoC5/CAN_INT.c ****     {
 244:.\Generated_Source\PSoC5/CAN_INT.c ****         /* Clear CRC Error flag */
 245:.\Generated_Source\PSoC5/CAN_INT.c ****         CAN_INT_SR_REG.byte[1u] = CAN_CRC_ERROR_MASK;
 246:.\Generated_Source\PSoC5/CAN_INT.c ****     
 247:.\Generated_Source\PSoC5/CAN_INT.c ****         /* `#START CRC_ERROR_ISR` */
 248:.\Generated_Source\PSoC5/CAN_INT.c **** 
 249:.\Generated_Source\PSoC5/CAN_INT.c ****         /* `#END` */
 250:.\Generated_Source\PSoC5/CAN_INT.c ****     }
 251:.\Generated_Source\PSoC5/CAN_INT.c ****     
 252:.\Generated_Source\PSoC5/CAN_INT.c **** #endif /* CAN_CRC_ERR */
 253:.\Generated_Source\PSoC5/CAN_INT.c **** 
 254:.\Generated_Source\PSoC5/CAN_INT.c **** #if (CAN_BUS_OFF)
 255:.\Generated_Source\PSoC5/CAN_INT.c **** 
 256:.\Generated_Source\PSoC5/CAN_INT.c ****     /*******************************************************************************
 257:.\Generated_Source\PSoC5/CAN_INT.c ****     * FUNCTION NAME:   CAN_BusOff
 258:.\Generated_Source\PSoC5/CAN_INT.c ****     ********************************************************************************
 259:.\Generated_Source\PSoC5/CAN_INT.c ****     *
ARM GAS  C:\Users\CHAIYA~1\AppData\Local\Temp\ccQTahQS.s 			page 6


 260:.\Generated_Source\PSoC5/CAN_INT.c ****     * Summary:
 261:.\Generated_Source\PSoC5/CAN_INT.c ****     *  This function is entry point to Bus Off Interrupt. Places CAN Component
 262:.\Generated_Source\PSoC5/CAN_INT.c ****     *  to Stop mode. Only generated if Bus Off Interrupt enable in Customizer.
 263:.\Generated_Source\PSoC5/CAN_INT.c ****     *  Recommended setting to enable this interrupt.
 264:.\Generated_Source\PSoC5/CAN_INT.c ****     *
 265:.\Generated_Source\PSoC5/CAN_INT.c ****     * Parameters:
 266:.\Generated_Source\PSoC5/CAN_INT.c ****     *  None.
 267:.\Generated_Source\PSoC5/CAN_INT.c ****     *
 268:.\Generated_Source\PSoC5/CAN_INT.c ****     * Return:
 269:.\Generated_Source\PSoC5/CAN_INT.c ****     *  None.
 270:.\Generated_Source\PSoC5/CAN_INT.c ****     *
 271:.\Generated_Source\PSoC5/CAN_INT.c ****     * Side Effects:
 272:.\Generated_Source\PSoC5/CAN_INT.c ****     *  Disable power to the CAN Core.
 273:.\Generated_Source\PSoC5/CAN_INT.c ****     *
 274:.\Generated_Source\PSoC5/CAN_INT.c ****     *******************************************************************************/
 275:.\Generated_Source\PSoC5/CAN_INT.c ****     void CAN_BusOffIsr(void) 
 276:.\Generated_Source\PSoC5/CAN_INT.c ****     {        
  27              		.loc 1 276 0
  28              		.cfi_startproc
  29              		@ args = 0, pretend = 0, frame = 0
  30              		@ frame_needed = 1, uses_anonymous_args = 0
  31 0000 80B5     		push	{r7, lr}
  32              	.LCFI0:
  33              		.cfi_def_cfa_offset 8
  34              		.cfi_offset 7, -8
  35              		.cfi_offset 14, -4
  36 0002 00AF     		add	r7, sp, #0
  37              	.LCFI1:
  38              		.cfi_def_cfa_register 7
 277:.\Generated_Source\PSoC5/CAN_INT.c ****         /* Clear Bus Off flag */
 278:.\Generated_Source\PSoC5/CAN_INT.c ****         CAN_INT_SR_REG.byte[1u] = CAN_BUS_OFF_MASK;
  39              		.loc 1 278 0
  40 0004 4FF42043 		mov	r3, #40960
  41 0008 C4F20003 		movt	r3, 16384
  42 000c 4FF00202 		mov	r2, #2
  43 0010 5A70     		strb	r2, [r3, #1]
 279:.\Generated_Source\PSoC5/CAN_INT.c ****     
 280:.\Generated_Source\PSoC5/CAN_INT.c ****         /* `#START BUS_OFF_ISR` */
 281:.\Generated_Source\PSoC5/CAN_INT.c **** 
 282:.\Generated_Source\PSoC5/CAN_INT.c ****         /* `#END` */
 283:.\Generated_Source\PSoC5/CAN_INT.c ****         (void) CAN_Stop();
  44              		.loc 1 283 0
  45 0012 FFF7FEFF 		bl	CAN_Stop
 284:.\Generated_Source\PSoC5/CAN_INT.c ****     }
  46              		.loc 1 284 0
  47 0016 80BD     		pop	{r7, pc}
  48              		.cfi_endproc
  49              	.LFE0:
  50              		.size	CAN_BusOffIsr, .-CAN_BusOffIsr
  51              		.section	.text.CAN_MsgRXIsr,"ax",%progbits
  52              		.align	2
  53              		.global	CAN_MsgRXIsr
  54              		.thumb
  55              		.thumb_func
  56              		.type	CAN_MsgRXIsr, %function
  57              	CAN_MsgRXIsr:
  58              	.LFB1:
ARM GAS  C:\Users\CHAIYA~1\AppData\Local\Temp\ccQTahQS.s 			page 7


 285:.\Generated_Source\PSoC5/CAN_INT.c ****     
 286:.\Generated_Source\PSoC5/CAN_INT.c **** #endif /* CAN_BUS_OFF */
 287:.\Generated_Source\PSoC5/CAN_INT.c **** 
 288:.\Generated_Source\PSoC5/CAN_INT.c **** #if (CAN_RX_MSG_LOST)
 289:.\Generated_Source\PSoC5/CAN_INT.c **** 
 290:.\Generated_Source\PSoC5/CAN_INT.c ****     /*******************************************************************************
 291:.\Generated_Source\PSoC5/CAN_INT.c ****     * FUNCTION NAME:   CAN_MsgLost
 292:.\Generated_Source\PSoC5/CAN_INT.c ****     ********************************************************************************
 293:.\Generated_Source\PSoC5/CAN_INT.c ****     *
 294:.\Generated_Source\PSoC5/CAN_INT.c ****     * Summary:
 295:.\Generated_Source\PSoC5/CAN_INT.c ****     *  This function is entry point to Message Lost Interrupt. Clears Message Lost
 296:.\Generated_Source\PSoC5/CAN_INT.c ****     *  interrupt flag. Only generated if Message Lost Interrupt enable in Customizer
 297:.\Generated_Source\PSoC5/CAN_INT.c ****     *
 298:.\Generated_Source\PSoC5/CAN_INT.c ****     * Parameters:
 299:.\Generated_Source\PSoC5/CAN_INT.c ****     *  None.
 300:.\Generated_Source\PSoC5/CAN_INT.c ****     *
 301:.\Generated_Source\PSoC5/CAN_INT.c ****     * Return:
 302:.\Generated_Source\PSoC5/CAN_INT.c ****     *  None.
 303:.\Generated_Source\PSoC5/CAN_INT.c ****     *
 304:.\Generated_Source\PSoC5/CAN_INT.c ****     * Reentrant:
 305:.\Generated_Source\PSoC5/CAN_INT.c ****     *  Depends on Customer code.
 306:.\Generated_Source\PSoC5/CAN_INT.c ****     *
 307:.\Generated_Source\PSoC5/CAN_INT.c ****     *******************************************************************************/
 308:.\Generated_Source\PSoC5/CAN_INT.c ****     void CAN_MsgLostIsr(void) 
 309:.\Generated_Source\PSoC5/CAN_INT.c ****     {
 310:.\Generated_Source\PSoC5/CAN_INT.c ****         /* Clear Receive Message Lost flag */
 311:.\Generated_Source\PSoC5/CAN_INT.c ****         CAN_INT_SR_REG.byte[1u] = CAN_RX_MSG_LOST_MASK;
 312:.\Generated_Source\PSoC5/CAN_INT.c ****     
 313:.\Generated_Source\PSoC5/CAN_INT.c ****         /* `#START MESSAGE_LOST_ISR` */
 314:.\Generated_Source\PSoC5/CAN_INT.c **** 
 315:.\Generated_Source\PSoC5/CAN_INT.c ****         /* `#END` */
 316:.\Generated_Source\PSoC5/CAN_INT.c ****     }
 317:.\Generated_Source\PSoC5/CAN_INT.c ****     
 318:.\Generated_Source\PSoC5/CAN_INT.c **** #endif /* CAN_RX_MSG_LOST */
 319:.\Generated_Source\PSoC5/CAN_INT.c **** 
 320:.\Generated_Source\PSoC5/CAN_INT.c **** #if (CAN_TX_MESSAGE)
 321:.\Generated_Source\PSoC5/CAN_INT.c **** 
 322:.\Generated_Source\PSoC5/CAN_INT.c ****     /*******************************************************************************
 323:.\Generated_Source\PSoC5/CAN_INT.c ****     * FUNCTION NAME:   CAN_MsgTXIsr
 324:.\Generated_Source\PSoC5/CAN_INT.c ****     ********************************************************************************
 325:.\Generated_Source\PSoC5/CAN_INT.c ****     *
 326:.\Generated_Source\PSoC5/CAN_INT.c ****     * Summary:
 327:.\Generated_Source\PSoC5/CAN_INT.c ****     *  This function is entry point to Transmit Message Interrupt. Clears Transmit
 328:.\Generated_Source\PSoC5/CAN_INT.c ****     *  Message interrupt flag. Only generated if Transmit Message Interrupt enable
 329:.\Generated_Source\PSoC5/CAN_INT.c ****     *  in Customizer.
 330:.\Generated_Source\PSoC5/CAN_INT.c ****     *
 331:.\Generated_Source\PSoC5/CAN_INT.c ****     * Parameters:
 332:.\Generated_Source\PSoC5/CAN_INT.c ****     *  None.
 333:.\Generated_Source\PSoC5/CAN_INT.c ****     *
 334:.\Generated_Source\PSoC5/CAN_INT.c ****     * Return:
 335:.\Generated_Source\PSoC5/CAN_INT.c ****     *  None.    
 336:.\Generated_Source\PSoC5/CAN_INT.c ****     *
 337:.\Generated_Source\PSoC5/CAN_INT.c ****     * Reentrant:
 338:.\Generated_Source\PSoC5/CAN_INT.c ****     *  Depends on Customer code.
 339:.\Generated_Source\PSoC5/CAN_INT.c ****     *
 340:.\Generated_Source\PSoC5/CAN_INT.c ****     *******************************************************************************/
 341:.\Generated_Source\PSoC5/CAN_INT.c ****     void CAN_MsgTXIsr(void) 
ARM GAS  C:\Users\CHAIYA~1\AppData\Local\Temp\ccQTahQS.s 			page 8


 342:.\Generated_Source\PSoC5/CAN_INT.c ****     {
 343:.\Generated_Source\PSoC5/CAN_INT.c ****         /* Clear Transmit Message flag */
 344:.\Generated_Source\PSoC5/CAN_INT.c ****         CAN_INT_SR_REG.byte[1u] = CAN_TX_MESSAGE_MASK;
 345:.\Generated_Source\PSoC5/CAN_INT.c ****         
 346:.\Generated_Source\PSoC5/CAN_INT.c ****         /* `#START MESSAGE_TRANSMITTED_ISR` */
 347:.\Generated_Source\PSoC5/CAN_INT.c **** 
 348:.\Generated_Source\PSoC5/CAN_INT.c ****         /* `#END` */
 349:.\Generated_Source\PSoC5/CAN_INT.c ****     }
 350:.\Generated_Source\PSoC5/CAN_INT.c ****     
 351:.\Generated_Source\PSoC5/CAN_INT.c **** #endif /* CAN_TX_MESSAGE */
 352:.\Generated_Source\PSoC5/CAN_INT.c **** 
 353:.\Generated_Source\PSoC5/CAN_INT.c **** #if (CAN_RX_MESSAGE)
 354:.\Generated_Source\PSoC5/CAN_INT.c **** 
 355:.\Generated_Source\PSoC5/CAN_INT.c ****     /*******************************************************************************
 356:.\Generated_Source\PSoC5/CAN_INT.c ****     * FUNCTION NAME:   CAN_MsgRXIsr
 357:.\Generated_Source\PSoC5/CAN_INT.c ****     ********************************************************************************
 358:.\Generated_Source\PSoC5/CAN_INT.c ****     *
 359:.\Generated_Source\PSoC5/CAN_INT.c ****     * Summary:
 360:.\Generated_Source\PSoC5/CAN_INT.c ****     *  This function is entry point to Receive Message Interrupt. Clears Receive
 361:.\Generated_Source\PSoC5/CAN_INT.c ****     *  Message interrupt flag and call appropriate handlers for Basic and Full
 362:.\Generated_Source\PSoC5/CAN_INT.c ****     *  interrupt based mailboxes. Only generated if Receive Message Interrupt
 363:.\Generated_Source\PSoC5/CAN_INT.c ****     *  enable in Customizer. Recommended setting to enable this interrupt.
 364:.\Generated_Source\PSoC5/CAN_INT.c ****     *
 365:.\Generated_Source\PSoC5/CAN_INT.c ****     * Parameters:
 366:.\Generated_Source\PSoC5/CAN_INT.c ****     *  None.
 367:.\Generated_Source\PSoC5/CAN_INT.c ****     *
 368:.\Generated_Source\PSoC5/CAN_INT.c ****     * Return:
 369:.\Generated_Source\PSoC5/CAN_INT.c ****     *  None.
 370:.\Generated_Source\PSoC5/CAN_INT.c ****     *
 371:.\Generated_Source\PSoC5/CAN_INT.c ****     *******************************************************************************/
 372:.\Generated_Source\PSoC5/CAN_INT.c ****     void CAN_MsgRXIsr(void) 
 373:.\Generated_Source\PSoC5/CAN_INT.c ****     {
  59              		.loc 1 373 0
  60              		.cfi_startproc
  61              		@ args = 0, pretend = 0, frame = 8
  62              		@ frame_needed = 1, uses_anonymous_args = 0
  63 0000 80B5     		push	{r7, lr}
  64              	.LCFI2:
  65              		.cfi_def_cfa_offset 8
  66              		.cfi_offset 7, -8
  67              		.cfi_offset 14, -4
  68 0002 82B0     		sub	sp, sp, #8
  69              	.LCFI3:
  70              		.cfi_def_cfa_offset 16
  71 0004 00AF     		add	r7, sp, #0
  72              	.LCFI4:
  73              		.cfi_def_cfa_register 7
 374:.\Generated_Source\PSoC5/CAN_INT.c ****         uint8 i;
 375:.\Generated_Source\PSoC5/CAN_INT.c ****         uint16 shift = 0x01u;
  74              		.loc 1 375 0
  75 0006 4FF00103 		mov	r3, #1
  76 000a BB80     		strh	r3, [r7, #4]	@ movhi
 376:.\Generated_Source\PSoC5/CAN_INT.c ****     
 377:.\Generated_Source\PSoC5/CAN_INT.c ****         /* Clear Receive Message flag */
 378:.\Generated_Source\PSoC5/CAN_INT.c ****         CAN_INT_SR_REG.byte[1u] = CAN_RX_MESSAGE_MASK;
  77              		.loc 1 378 0
  78 000c 4FF42043 		mov	r3, #40960
ARM GAS  C:\Users\CHAIYA~1\AppData\Local\Temp\ccQTahQS.s 			page 9


  79 0010 C4F20003 		movt	r3, 16384
  80 0014 4FF01002 		mov	r2, #16
  81 0018 5A70     		strb	r2, [r3, #1]
 379:.\Generated_Source\PSoC5/CAN_INT.c ****         
 380:.\Generated_Source\PSoC5/CAN_INT.c ****         /* `#START MESSAGE_RECEIVE_ISR` */
 381:.\Generated_Source\PSoC5/CAN_INT.c **** 
 382:.\Generated_Source\PSoC5/CAN_INT.c ****         /* `#END` */
 383:.\Generated_Source\PSoC5/CAN_INT.c ****     
 384:.\Generated_Source\PSoC5/CAN_INT.c ****         for (i = 0u; i < CAN_NUMBER_OF_RX_MAILBOXES; i++)
  82              		.loc 1 384 0
  83 001a 4FF00003 		mov	r3, #0
  84 001e FB71     		strb	r3, [r7, #7]
  85 0020 2AE0     		b	.L3
  86              	.L6:
 385:.\Generated_Source\PSoC5/CAN_INT.c ****         {
 386:.\Generated_Source\PSoC5/CAN_INT.c ****             if ((CY_GET_REG16((reg16 *) &CAN_BUF_SR_REG.byte[0u]) & shift) == shift)
  87              		.loc 1 386 0
  88 0022 4AF20803 		movw	r3, #40968
  89 0026 C4F20003 		movt	r3, 16384
  90 002a 1B88     		ldrh	r3, [r3, #0]	@ movhi
  91 002c 9AB2     		uxth	r2, r3
  92 002e BB88     		ldrh	r3, [r7, #4]	@ movhi
  93 0030 1340     		ands	r3, r3, r2
  94 0032 9BB2     		uxth	r3, r3
  95 0034 BA88     		ldrh	r2, [r7, #4]
  96 0036 9A42     		cmp	r2, r3
  97 0038 16D1     		bne	.L4
 387:.\Generated_Source\PSoC5/CAN_INT.c ****             {
 388:.\Generated_Source\PSoC5/CAN_INT.c ****                 if ((CAN_RX[i].rxcmd.byte[0u] & CAN_RX_INT_ENABLE_MASK) ==
  98              		.loc 1 388 0
  99 003a FB79     		ldrb	r3, [r7, #7]	@ zero_extendqisi2
 100 003c 4FEA4312 		lsl	r2, r3, #5
 101 0040 4AF2A003 		movw	r3, #41120
 102 0044 C4F20003 		movt	r3, 16384
 103 0048 D318     		adds	r3, r2, r3
 104 004a 1B78     		ldrb	r3, [r3, #0]
 105 004c DBB2     		uxtb	r3, r3
 106 004e 03F02003 		and	r3, r3, #32
 107 0052 002B     		cmp	r3, #0
 108 0054 08D0     		beq	.L4
 389:.\Generated_Source\PSoC5/CAN_INT.c ****                     CAN_RX_INT_ENABLE_MASK)
 390:.\Generated_Source\PSoC5/CAN_INT.c ****                 {
 391:.\Generated_Source\PSoC5/CAN_INT.c ****                     if ((CAN_RX_MAILBOX_TYPE & shift) == shift)
 109              		.loc 1 391 0
 110 0056 BB88     		ldrh	r3, [r7, #4]
 111 0058 002B     		cmp	r3, #0
 112 005a 04D0     		beq	.L7
 113              	.L5:
 392:.\Generated_Source\PSoC5/CAN_INT.c ****                     {
 393:.\Generated_Source\PSoC5/CAN_INT.c ****                         /* RX Full mailboxes handler */
 394:.\Generated_Source\PSoC5/CAN_INT.c ****                         switch(i)
 395:.\Generated_Source\PSoC5/CAN_INT.c ****                         {
 396:.\Generated_Source\PSoC5/CAN_INT.c ****                             default:
 397:.\Generated_Source\PSoC5/CAN_INT.c ****                             break;
 398:.\Generated_Source\PSoC5/CAN_INT.c ****                         }
 399:.\Generated_Source\PSoC5/CAN_INT.c ****                     }
 400:.\Generated_Source\PSoC5/CAN_INT.c ****                     else
ARM GAS  C:\Users\CHAIYA~1\AppData\Local\Temp\ccQTahQS.s 			page 10


 401:.\Generated_Source\PSoC5/CAN_INT.c ****                     {
 402:.\Generated_Source\PSoC5/CAN_INT.c ****                         /* RX Basic mailbox handler */
 403:.\Generated_Source\PSoC5/CAN_INT.c ****                         CAN_ReceiveMsg(i);
 114              		.loc 1 403 0
 115 005c FB79     		ldrb	r3, [r7, #7]	@ zero_extendqisi2
 116 005e 1846     		mov	r0, r3
 117 0060 FFF7FEFF 		bl	CAN_ReceiveMsg
 118 0064 00E0     		b	.L4
 119              	.L7:
 397:.\Generated_Source\PSoC5/CAN_INT.c ****                             break;
 120              		.loc 1 397 0
 121 0066 00BF     		nop
 122              	.L4:
 404:.\Generated_Source\PSoC5/CAN_INT.c ****                     }
 405:.\Generated_Source\PSoC5/CAN_INT.c ****                 }
 406:.\Generated_Source\PSoC5/CAN_INT.c ****             }
 407:.\Generated_Source\PSoC5/CAN_INT.c ****             shift <<= 1u;
 123              		.loc 1 407 0
 124 0068 BB88     		ldrh	r3, [r7, #4]	@ movhi
 125 006a 4FEA4303 		lsl	r3, r3, #1
 126 006e BB80     		strh	r3, [r7, #4]	@ movhi
 384:.\Generated_Source\PSoC5/CAN_INT.c ****         for (i = 0u; i < CAN_NUMBER_OF_RX_MAILBOXES; i++)
 127              		.loc 1 384 0
 128 0070 FB79     		ldrb	r3, [r7, #7]
 129 0072 03F10103 		add	r3, r3, #1
 130 0076 FB71     		strb	r3, [r7, #7]
 131              	.L3:
 384:.\Generated_Source\PSoC5/CAN_INT.c ****         for (i = 0u; i < CAN_NUMBER_OF_RX_MAILBOXES; i++)
 132              		.loc 1 384 0 is_stmt 0 discriminator 1
 133 0078 FB79     		ldrb	r3, [r7, #7]	@ zero_extendqisi2
 134 007a 0F2B     		cmp	r3, #15
 135 007c D1D9     		bls	.L6
 408:.\Generated_Source\PSoC5/CAN_INT.c ****         }            
 409:.\Generated_Source\PSoC5/CAN_INT.c ****     }
 136              		.loc 1 409 0 is_stmt 1
 137 007e 07F10807 		add	r7, r7, #8
 138 0082 BD46     		mov	sp, r7
 139 0084 80BD     		pop	{r7, pc}
 140              		.cfi_endproc
 141              	.LFE1:
 142              		.size	CAN_MsgRXIsr, .-CAN_MsgRXIsr
 143 0086 00BF     		.section	.text.CAN_ISR,"ax",%progbits
 144              		.align	2
 145              		.global	CAN_ISR
 146              		.thumb
 147              		.thumb_func
 148              		.type	CAN_ISR, %function
 149              	CAN_ISR:
 150              	.LFB2:
 410:.\Generated_Source\PSoC5/CAN_INT.c ****     
 411:.\Generated_Source\PSoC5/CAN_INT.c **** #endif /* CAN_RX_MESSAGE */
 412:.\Generated_Source\PSoC5/CAN_INT.c **** 
 413:.\Generated_Source\PSoC5/CAN_INT.c **** 
 414:.\Generated_Source\PSoC5/CAN_INT.c **** /*******************************************************************************
 415:.\Generated_Source\PSoC5/CAN_INT.c **** * Function Name: CAN_ISR
 416:.\Generated_Source\PSoC5/CAN_INT.c **** ********************************************************************************
 417:.\Generated_Source\PSoC5/CAN_INT.c **** *
ARM GAS  C:\Users\CHAIYA~1\AppData\Local\Temp\ccQTahQS.s 			page 11


 418:.\Generated_Source\PSoC5/CAN_INT.c **** * Summary:
 419:.\Generated_Source\PSoC5/CAN_INT.c **** *  This ISR is executed when CAN core generate interrupt on one of events:
 420:.\Generated_Source\PSoC5/CAN_INT.c **** *  Arb_lost, Overload, Bit_err, Stuff_err, Ack_err, Form_err, Crc_err,
 421:.\Generated_Source\PSoC5/CAN_INT.c **** *  Buss_off, Rx_msg_lost, Tx_msg or Rx_msg. The interrupt sources depends
 422:.\Generated_Source\PSoC5/CAN_INT.c **** *  on Customizer inputs.
 423:.\Generated_Source\PSoC5/CAN_INT.c **** *
 424:.\Generated_Source\PSoC5/CAN_INT.c **** * Parameters:
 425:.\Generated_Source\PSoC5/CAN_INT.c **** *  None.
 426:.\Generated_Source\PSoC5/CAN_INT.c **** *
 427:.\Generated_Source\PSoC5/CAN_INT.c **** * Return:
 428:.\Generated_Source\PSoC5/CAN_INT.c **** *  None.
 429:.\Generated_Source\PSoC5/CAN_INT.c **** *
 430:.\Generated_Source\PSoC5/CAN_INT.c **** *******************************************************************************/
 431:.\Generated_Source\PSoC5/CAN_INT.c **** CY_ISR(CAN_ISR)
 432:.\Generated_Source\PSoC5/CAN_INT.c **** {
 151              		.loc 1 432 0
 152              		.cfi_startproc
 153              		@ args = 0, pretend = 0, frame = 0
 154              		@ frame_needed = 1, uses_anonymous_args = 0
 155 0000 80B5     		push	{r7, lr}
 156              	.LCFI5:
 157              		.cfi_def_cfa_offset 8
 158              		.cfi_offset 7, -8
 159              		.cfi_offset 14, -4
 160 0002 00AF     		add	r7, sp, #0
 161              	.LCFI6:
 162              		.cfi_def_cfa_register 7
 433:.\Generated_Source\PSoC5/CAN_INT.c ****     /* Place your Interrupt code here. */
 434:.\Generated_Source\PSoC5/CAN_INT.c ****     /* `#START CAN_ISR` */
 435:.\Generated_Source\PSoC5/CAN_INT.c **** 
 436:.\Generated_Source\PSoC5/CAN_INT.c ****     /* `#END` */    
 437:.\Generated_Source\PSoC5/CAN_INT.c ****     
 438:.\Generated_Source\PSoC5/CAN_INT.c ****     /* Arbitration */
 439:.\Generated_Source\PSoC5/CAN_INT.c ****     #if (CAN_ARB_LOST && (CAN_ARB_LOST_USE_HELPER || \
 440:.\Generated_Source\PSoC5/CAN_INT.c ****         (!CAN_ADVANCED_INTERRUPT_CFG)))
 441:.\Generated_Source\PSoC5/CAN_INT.c ****         if ((CAN_INT_SR_REG.byte[0u] & CAN_ARBITRATION_LOST_MASK) ==
 442:.\Generated_Source\PSoC5/CAN_INT.c ****              CAN_ARBITRATION_LOST_MASK)
 443:.\Generated_Source\PSoC5/CAN_INT.c ****         {
 444:.\Generated_Source\PSoC5/CAN_INT.c ****             CAN_ArbLostIsr();
 445:.\Generated_Source\PSoC5/CAN_INT.c ****         } 
 446:.\Generated_Source\PSoC5/CAN_INT.c ****     #endif /* CAN_ARB_LOST && CAN_ARB_LOST_USE_HELPER */
 447:.\Generated_Source\PSoC5/CAN_INT.c ****     
 448:.\Generated_Source\PSoC5/CAN_INT.c ****     /* Overload Error */
 449:.\Generated_Source\PSoC5/CAN_INT.c ****     #if (CAN_OVERLOAD && (CAN_OVERLOAD_USE_HELPER || \
 450:.\Generated_Source\PSoC5/CAN_INT.c ****         (!CAN_ADVANCED_INTERRUPT_CFG)))
 451:.\Generated_Source\PSoC5/CAN_INT.c ****         if ((CAN_INT_SR_REG.byte[0u] & CAN_OVERLOAD_ERROR_MASK) ==
 452:.\Generated_Source\PSoC5/CAN_INT.c ****              CAN_OVERLOAD_ERROR_MASK)
 453:.\Generated_Source\PSoC5/CAN_INT.c ****         {
 454:.\Generated_Source\PSoC5/CAN_INT.c ****             CAN_OvrLdErrorIsr();
 455:.\Generated_Source\PSoC5/CAN_INT.c ****         }
 456:.\Generated_Source\PSoC5/CAN_INT.c ****     #endif /* CAN_OVERLOAD && CAN_OVERLOAD_USE_HELPER */
 457:.\Generated_Source\PSoC5/CAN_INT.c ****     
 458:.\Generated_Source\PSoC5/CAN_INT.c ****     /* Bit Error */
 459:.\Generated_Source\PSoC5/CAN_INT.c ****     #if (CAN_BIT_ERR && (CAN_BIT_ERR_USE_HELPER || \
 460:.\Generated_Source\PSoC5/CAN_INT.c ****         (!CAN_ADVANCED_INTERRUPT_CFG)))
 461:.\Generated_Source\PSoC5/CAN_INT.c ****         if ((CAN_INT_SR_REG.byte[0u] & CAN_BIT_ERROR_MASK) == CAN_BIT_ERROR_MASK)
 462:.\Generated_Source\PSoC5/CAN_INT.c ****         {
ARM GAS  C:\Users\CHAIYA~1\AppData\Local\Temp\ccQTahQS.s 			page 12


 463:.\Generated_Source\PSoC5/CAN_INT.c ****             CAN_BitErrorIsr();
 464:.\Generated_Source\PSoC5/CAN_INT.c ****         }
 465:.\Generated_Source\PSoC5/CAN_INT.c ****     #endif /* CAN_BIT_ERR && CAN_BIT_ERR_USE_HELPER */
 466:.\Generated_Source\PSoC5/CAN_INT.c ****     
 467:.\Generated_Source\PSoC5/CAN_INT.c ****     /* Bit Staff Error */
 468:.\Generated_Source\PSoC5/CAN_INT.c ****     #if (CAN_STUFF_ERR && (CAN_STUFF_ERR_USE_HELPER || \
 469:.\Generated_Source\PSoC5/CAN_INT.c ****         (!CAN_ADVANCED_INTERRUPT_CFG)))
 470:.\Generated_Source\PSoC5/CAN_INT.c ****         if ((CAN_INT_SR_REG.byte[0u] & CAN_STUFF_ERROR_MASK) ==
 471:.\Generated_Source\PSoC5/CAN_INT.c ****              CAN_STUFF_ERROR_MASK)
 472:.\Generated_Source\PSoC5/CAN_INT.c ****         {
 473:.\Generated_Source\PSoC5/CAN_INT.c ****             CAN_BitStuffErrorIsr();
 474:.\Generated_Source\PSoC5/CAN_INT.c ****         }
 475:.\Generated_Source\PSoC5/CAN_INT.c ****     #endif /* CAN_STUFF_ERR && CAN_STUFF_ERR_USE_HELPER */
 476:.\Generated_Source\PSoC5/CAN_INT.c ****     
 477:.\Generated_Source\PSoC5/CAN_INT.c ****     /* ACK Error */
 478:.\Generated_Source\PSoC5/CAN_INT.c ****     #if (CAN_ACK_ERR && (CAN_ACK_ERR_USE_HELPER || \
 479:.\Generated_Source\PSoC5/CAN_INT.c ****         (!CAN_ADVANCED_INTERRUPT_CFG)))
 480:.\Generated_Source\PSoC5/CAN_INT.c ****         if ((CAN_INT_SR_REG.byte[0u] & CAN_ACK_ERROR_MASK) ==
 481:.\Generated_Source\PSoC5/CAN_INT.c ****              CAN_ACK_ERROR_MASK)
 482:.\Generated_Source\PSoC5/CAN_INT.c ****         {
 483:.\Generated_Source\PSoC5/CAN_INT.c ****             CAN_AckErrorIsr();
 484:.\Generated_Source\PSoC5/CAN_INT.c ****         }
 485:.\Generated_Source\PSoC5/CAN_INT.c ****     #endif /* CAN_ACK_ERR && CAN_ACK_ERR_USE_HELPER */
 486:.\Generated_Source\PSoC5/CAN_INT.c ****     
 487:.\Generated_Source\PSoC5/CAN_INT.c ****     /* Form(msg) Error */
 488:.\Generated_Source\PSoC5/CAN_INT.c ****     #if (CAN_FORM_ERR && (CAN_FORM_ERR_USE_HELPER || \
 489:.\Generated_Source\PSoC5/CAN_INT.c ****         (!CAN_ADVANCED_INTERRUPT_CFG)))
 490:.\Generated_Source\PSoC5/CAN_INT.c ****         if ((CAN_INT_SR_REG.byte[0u] & CAN_FORM_ERROR_MASK) ==
 491:.\Generated_Source\PSoC5/CAN_INT.c ****              CAN_FORM_ERROR_MASK)
 492:.\Generated_Source\PSoC5/CAN_INT.c ****         {
 493:.\Generated_Source\PSoC5/CAN_INT.c ****             CAN_MsgErrorIsr();
 494:.\Generated_Source\PSoC5/CAN_INT.c ****         }
 495:.\Generated_Source\PSoC5/CAN_INT.c ****     #endif /* CAN_FORM_ERR && CAN_FORM_ERR_USE_HELPER */
 496:.\Generated_Source\PSoC5/CAN_INT.c ****     
 497:.\Generated_Source\PSoC5/CAN_INT.c ****     /* CRC Error */
 498:.\Generated_Source\PSoC5/CAN_INT.c ****     #if (CAN_CRC_ERR && (CAN_CRC_ERR_USE_HELPER || \
 499:.\Generated_Source\PSoC5/CAN_INT.c ****         (!CAN_ADVANCED_INTERRUPT_CFG)))
 500:.\Generated_Source\PSoC5/CAN_INT.c ****         if ((CAN_INT_SR_REG.byte[1u] & CAN_CRC_ERROR_MASK) == CAN_CRC_ERROR_MASK)
 501:.\Generated_Source\PSoC5/CAN_INT.c ****         {
 502:.\Generated_Source\PSoC5/CAN_INT.c ****             CAN_CrcErrorIsr();
 503:.\Generated_Source\PSoC5/CAN_INT.c ****         }
 504:.\Generated_Source\PSoC5/CAN_INT.c ****     #endif /* CAN_CRC_ERR && CAN_CRC_ERR_USE_HELPER */
 505:.\Generated_Source\PSoC5/CAN_INT.c ****     
 506:.\Generated_Source\PSoC5/CAN_INT.c ****     /* Bus Off state */
 507:.\Generated_Source\PSoC5/CAN_INT.c ****     #if (CAN_BUS_OFF && (CAN_BUS_OFF_USE_HELPER || \
 508:.\Generated_Source\PSoC5/CAN_INT.c ****         (!CAN_ADVANCED_INTERRUPT_CFG)))
 509:.\Generated_Source\PSoC5/CAN_INT.c ****         if ((CAN_INT_SR_REG.byte[1u] & CAN_BUS_OFF_MASK) == CAN_BUS_OFF_MASK)
 163              		.loc 1 509 0
 164 0004 4FF42043 		mov	r3, #40960
 165 0008 C4F20003 		movt	r3, 16384
 166 000c 5B78     		ldrb	r3, [r3, #1]
 167 000e DBB2     		uxtb	r3, r3
 168 0010 03F00203 		and	r3, r3, #2
 169 0014 002B     		cmp	r3, #0
 170 0016 01D0     		beq	.L9
 510:.\Generated_Source\PSoC5/CAN_INT.c ****         {
 511:.\Generated_Source\PSoC5/CAN_INT.c ****             CAN_BusOffIsr();
ARM GAS  C:\Users\CHAIYA~1\AppData\Local\Temp\ccQTahQS.s 			page 13


 171              		.loc 1 511 0
 172 0018 FFF7FEFF 		bl	CAN_BusOffIsr
 173              	.L9:
 512:.\Generated_Source\PSoC5/CAN_INT.c ****         }
 513:.\Generated_Source\PSoC5/CAN_INT.c ****     #endif /* CAN_BUS_OFF && CAN_BUS_OFF_USE_HELPER */
 514:.\Generated_Source\PSoC5/CAN_INT.c ****     
 515:.\Generated_Source\PSoC5/CAN_INT.c ****     /* Message Lost */
 516:.\Generated_Source\PSoC5/CAN_INT.c ****     #if (CAN_RX_MSG_LOST && (CAN_RX_MSG_LOST_USE_HELPER || \
 517:.\Generated_Source\PSoC5/CAN_INT.c ****         (!CAN_ADVANCED_INTERRUPT_CFG)))
 518:.\Generated_Source\PSoC5/CAN_INT.c ****         if ((CAN_INT_SR_REG.byte[1u] & CAN_RX_MSG_LOST_MASK) ==
 519:.\Generated_Source\PSoC5/CAN_INT.c ****              CAN_RX_MSG_LOST_MASK)
 520:.\Generated_Source\PSoC5/CAN_INT.c ****         {
 521:.\Generated_Source\PSoC5/CAN_INT.c ****             CAN_MsgLostIsr();
 522:.\Generated_Source\PSoC5/CAN_INT.c ****         }
 523:.\Generated_Source\PSoC5/CAN_INT.c ****     #endif /* CAN_RX_MSG_LOST && CAN_RX_MSG_LOST_USE_HELPER */
 524:.\Generated_Source\PSoC5/CAN_INT.c ****     
 525:.\Generated_Source\PSoC5/CAN_INT.c ****     /* TX Message Send */
 526:.\Generated_Source\PSoC5/CAN_INT.c ****     #if (CAN_TX_MESSAGE && (CAN_TX_MESSAGE_USE_HELPER || \
 527:.\Generated_Source\PSoC5/CAN_INT.c ****         (!CAN_ADVANCED_INTERRUPT_CFG)))
 528:.\Generated_Source\PSoC5/CAN_INT.c ****         if ((CAN_INT_SR_REG.byte[1u] & CAN_TX_MESSAGE_MASK) ==
 529:.\Generated_Source\PSoC5/CAN_INT.c ****              CAN_TX_MESSAGE_MASK)
 530:.\Generated_Source\PSoC5/CAN_INT.c ****         {
 531:.\Generated_Source\PSoC5/CAN_INT.c ****             CAN_MsgTXIsr();
 532:.\Generated_Source\PSoC5/CAN_INT.c ****         }
 533:.\Generated_Source\PSoC5/CAN_INT.c ****     #endif /* CAN_TX_MESSAGE && CAN_TX_MESSAGE_USE_HELPER */
 534:.\Generated_Source\PSoC5/CAN_INT.c ****     
 535:.\Generated_Source\PSoC5/CAN_INT.c ****     /* RX Message Available */
 536:.\Generated_Source\PSoC5/CAN_INT.c ****     #if (CAN_RX_MESSAGE && (CAN_RX_MESSAGE_USE_HELPER || \
 537:.\Generated_Source\PSoC5/CAN_INT.c ****         (!CAN_ADVANCED_INTERRUPT_CFG)))
 538:.\Generated_Source\PSoC5/CAN_INT.c ****         if ((CAN_INT_SR_REG.byte[1u] & CAN_RX_MESSAGE_MASK) ==
 174              		.loc 1 538 0
 175 001c 4FF42043 		mov	r3, #40960
 176 0020 C4F20003 		movt	r3, 16384
 177 0024 5B78     		ldrb	r3, [r3, #1]
 178 0026 DBB2     		uxtb	r3, r3
 179 0028 03F01003 		and	r3, r3, #16
 180 002c 002B     		cmp	r3, #0
 181 002e 01D0     		beq	.L8
 539:.\Generated_Source\PSoC5/CAN_INT.c ****              CAN_RX_MESSAGE_MASK)
 540:.\Generated_Source\PSoC5/CAN_INT.c ****         {
 541:.\Generated_Source\PSoC5/CAN_INT.c ****             CAN_MsgRXIsr();
 182              		.loc 1 541 0
 183 0030 FFF7FEFF 		bl	CAN_MsgRXIsr
 184              	.L8:
 542:.\Generated_Source\PSoC5/CAN_INT.c ****         }
 543:.\Generated_Source\PSoC5/CAN_INT.c ****     #endif /* CAN_RX_MESSAGE && CAN_RX_MESSAGE_USE_HELPER */
 544:.\Generated_Source\PSoC5/CAN_INT.c **** 
 545:.\Generated_Source\PSoC5/CAN_INT.c **** 
 546:.\Generated_Source\PSoC5/CAN_INT.c **** }
 185              		.loc 1 546 0
 186 0034 80BD     		pop	{r7, pc}
 187              		.cfi_endproc
 188              	.LFE2:
 189              		.size	CAN_ISR, .-CAN_ISR
 190 0036 00BF     		.text
 191              	.Letext0:
 192              		.file 2 ".\\Generated_Source\\PSoC5\\cytypes.h"
ARM GAS  C:\Users\CHAIYA~1\AppData\Local\Temp\ccQTahQS.s 			page 14


 193              		.file 3 ".\\Generated_Source\\PSoC5\\CAN.h"
 194              		.section	.debug_info,"",%progbits
 195              	.Ldebug_info0:
 196 0000 08020000 		.4byte	0x208
 197 0004 0200     		.2byte	0x2
 198 0006 00000000 		.4byte	.Ldebug_abbrev0
 199 000a 04       		.byte	0x4
 200 000b 01       		.uleb128 0x1
 201 000c 78010000 		.4byte	.LASF31
 202 0010 01       		.byte	0x1
 203 0011 C1010000 		.4byte	.LASF32
 204 0015 F1000000 		.4byte	.LASF33
 205 0019 00000000 		.4byte	.Ldebug_ranges0+0
 206 001d 00000000 		.4byte	0
 207 0021 00000000 		.4byte	0
 208 0025 00000000 		.4byte	.Ldebug_line0
 209 0029 02       		.uleb128 0x2
 210 002a 01       		.byte	0x1
 211 002b 06       		.byte	0x6
 212 002c ED010000 		.4byte	.LASF0
 213 0030 02       		.uleb128 0x2
 214 0031 01       		.byte	0x1
 215 0032 08       		.byte	0x8
 216 0033 58000000 		.4byte	.LASF1
 217 0037 02       		.uleb128 0x2
 218 0038 02       		.byte	0x2
 219 0039 05       		.byte	0x5
 220 003a 68010000 		.4byte	.LASF2
 221 003e 02       		.uleb128 0x2
 222 003f 02       		.byte	0x2
 223 0040 07       		.byte	0x7
 224 0041 2C000000 		.4byte	.LASF3
 225 0045 02       		.uleb128 0x2
 226 0046 04       		.byte	0x4
 227 0047 05       		.byte	0x5
 228 0048 E4010000 		.4byte	.LASF4
 229 004c 02       		.uleb128 0x2
 230 004d 04       		.byte	0x4
 231 004e 07       		.byte	0x7
 232 004f 70000000 		.4byte	.LASF5
 233 0053 02       		.uleb128 0x2
 234 0054 08       		.byte	0x8
 235 0055 05       		.byte	0x5
 236 0056 55010000 		.4byte	.LASF6
 237 005a 02       		.uleb128 0x2
 238 005b 08       		.byte	0x8
 239 005c 07       		.byte	0x7
 240 005d C6000000 		.4byte	.LASF7
 241 0061 03       		.uleb128 0x3
 242 0062 04       		.byte	0x4
 243 0063 05       		.byte	0x5
 244 0064 696E7400 		.ascii	"int\000"
 245 0068 02       		.uleb128 0x2
 246 0069 04       		.byte	0x4
 247 006a 07       		.byte	0x7
 248 006b B9000000 		.4byte	.LASF8
 249 006f 04       		.uleb128 0x4
ARM GAS  C:\Users\CHAIYA~1\AppData\Local\Temp\ccQTahQS.s 			page 15


 250 0070 82000000 		.4byte	.LASF9
 251 0074 02       		.byte	0x2
 252 0075 5B       		.byte	0x5b
 253 0076 30000000 		.4byte	0x30
 254 007a 04       		.uleb128 0x4
 255 007b A5000000 		.4byte	.LASF10
 256 007f 02       		.byte	0x2
 257 0080 5C       		.byte	0x5c
 258 0081 3E000000 		.4byte	0x3e
 259 0085 02       		.uleb128 0x2
 260 0086 04       		.byte	0x4
 261 0087 04       		.byte	0x4
 262 0088 52000000 		.4byte	.LASF11
 263 008c 02       		.uleb128 0x2
 264 008d 08       		.byte	0x8
 265 008e 04       		.byte	0x4
 266 008f 90000000 		.4byte	.LASF12
 267 0093 02       		.uleb128 0x2
 268 0094 01       		.byte	0x1
 269 0095 08       		.byte	0x8
 270 0096 63010000 		.4byte	.LASF13
 271 009a 04       		.uleb128 0x4
 272 009b 6B000000 		.4byte	.LASF14
 273 009f 02       		.byte	0x2
 274 00a0 F0       		.byte	0xf0
 275 00a1 A5000000 		.4byte	0xa5
 276 00a5 05       		.uleb128 0x5
 277 00a6 6F000000 		.4byte	0x6f
 278 00aa 04       		.uleb128 0x4
 279 00ab 00000000 		.4byte	.LASF15
 280 00af 02       		.byte	0x2
 281 00b0 F1       		.byte	0xf1
 282 00b1 B5000000 		.4byte	0xb5
 283 00b5 05       		.uleb128 0x5
 284 00b6 7A000000 		.4byte	0x7a
 285 00ba 02       		.uleb128 0x2
 286 00bb 04       		.byte	0x4
 287 00bc 07       		.byte	0x7
 288 00bd 45010000 		.4byte	.LASF16
 289 00c1 06       		.uleb128 0x6
 290 00c2 08       		.byte	0x8
 291 00c3 03       		.byte	0x3
 292 00c4 69       		.byte	0x69
 293 00c5 D8000000 		.4byte	0xd8
 294 00c9 07       		.uleb128 0x7
 295 00ca 3F000000 		.4byte	.LASF18
 296 00ce 03       		.byte	0x3
 297 00cf 6B       		.byte	0x6b
 298 00d0 E8000000 		.4byte	0xe8
 299 00d4 02       		.byte	0x2
 300 00d5 23       		.byte	0x23
 301 00d6 00       		.uleb128 0
 302 00d7 00       		.byte	0
 303 00d8 08       		.uleb128 0x8
 304 00d9 9A000000 		.4byte	0x9a
 305 00dd E8000000 		.4byte	0xe8
 306 00e1 09       		.uleb128 0x9
ARM GAS  C:\Users\CHAIYA~1\AppData\Local\Temp\ccQTahQS.s 			page 16


 307 00e2 BA000000 		.4byte	0xba
 308 00e6 07       		.byte	0x7
 309 00e7 00       		.byte	0
 310 00e8 05       		.uleb128 0x5
 311 00e9 D8000000 		.4byte	0xd8
 312 00ed 04       		.uleb128 0x4
 313 00ee 0C000000 		.4byte	.LASF17
 314 00f2 03       		.byte	0x3
 315 00f3 6C       		.byte	0x6c
 316 00f4 C1000000 		.4byte	0xc1
 317 00f8 06       		.uleb128 0x6
 318 00f9 04       		.byte	0x4
 319 00fa 03       		.byte	0x3
 320 00fb 6F       		.byte	0x6f
 321 00fc 0F010000 		.4byte	0x10f
 322 0100 07       		.uleb128 0x7
 323 0101 3F000000 		.4byte	.LASF18
 324 0105 03       		.byte	0x3
 325 0106 71       		.byte	0x71
 326 0107 1F010000 		.4byte	0x11f
 327 010b 02       		.byte	0x2
 328 010c 23       		.byte	0x23
 329 010d 00       		.uleb128 0
 330 010e 00       		.byte	0
 331 010f 08       		.uleb128 0x8
 332 0110 9A000000 		.4byte	0x9a
 333 0114 1F010000 		.4byte	0x11f
 334 0118 09       		.uleb128 0x9
 335 0119 BA000000 		.4byte	0xba
 336 011d 03       		.byte	0x3
 337 011e 00       		.byte	0
 338 011f 05       		.uleb128 0x5
 339 0120 0F010000 		.4byte	0x10f
 340 0124 04       		.uleb128 0x4
 341 0125 21000000 		.4byte	.LASF19
 342 0129 03       		.byte	0x3
 343 012a 72       		.byte	0x72
 344 012b F8000000 		.4byte	0xf8
 345 012f 06       		.uleb128 0x6
 346 0130 20       		.byte	0x20
 347 0131 03       		.byte	0x3
 348 0132 91       		.byte	0x91
 349 0133 9A010000 		.4byte	0x19a
 350 0137 07       		.uleb128 0x7
 351 0138 EB000000 		.4byte	.LASF20
 352 013c 03       		.byte	0x3
 353 013d 93       		.byte	0x93
 354 013e 24010000 		.4byte	0x124
 355 0142 02       		.byte	0x2
 356 0143 23       		.byte	0x23
 357 0144 00       		.uleb128 0
 358 0145 07       		.uleb128 0x7
 359 0146 66000000 		.4byte	.LASF21
 360 014a 03       		.byte	0x3
 361 014b 94       		.byte	0x94
 362 014c 24010000 		.4byte	0x124
 363 0150 02       		.byte	0x2
ARM GAS  C:\Users\CHAIYA~1\AppData\Local\Temp\ccQTahQS.s 			page 17


 364 0151 23       		.byte	0x23
 365 0152 04       		.uleb128 0x4
 366 0153 07       		.uleb128 0x7
 367 0154 44000000 		.4byte	.LASF22
 368 0158 03       		.byte	0x3
 369 0159 95       		.byte	0x95
 370 015a ED000000 		.4byte	0xed
 371 015e 02       		.byte	0x2
 372 015f 23       		.byte	0x23
 373 0160 08       		.uleb128 0x8
 374 0161 07       		.uleb128 0x7
 375 0162 1B000000 		.4byte	.LASF23
 376 0166 03       		.byte	0x3
 377 0167 96       		.byte	0x96
 378 0168 24010000 		.4byte	0x124
 379 016c 02       		.byte	0x2
 380 016d 23       		.byte	0x23
 381 016e 10       		.uleb128 0x10
 382 016f 07       		.uleb128 0x7
 383 0170 72010000 		.4byte	.LASF24
 384 0174 03       		.byte	0x3
 385 0175 97       		.byte	0x97
 386 0176 24010000 		.4byte	0x124
 387 017a 02       		.byte	0x2
 388 017b 23       		.byte	0x23
 389 017c 14       		.uleb128 0x14
 390 017d 07       		.uleb128 0x7
 391 017e 4E010000 		.4byte	.LASF25
 392 0182 03       		.byte	0x3
 393 0183 98       		.byte	0x98
 394 0184 24010000 		.4byte	0x124
 395 0188 02       		.byte	0x2
 396 0189 23       		.byte	0x23
 397 018a 18       		.uleb128 0x18
 398 018b 07       		.uleb128 0x7
 399 018c 4B000000 		.4byte	.LASF26
 400 0190 03       		.byte	0x3
 401 0191 99       		.byte	0x99
 402 0192 24010000 		.4byte	0x124
 403 0196 02       		.byte	0x2
 404 0197 23       		.byte	0x23
 405 0198 1C       		.uleb128 0x1c
 406 0199 00       		.byte	0
 407 019a 04       		.uleb128 0x4
 408 019b DD000000 		.4byte	.LASF27
 409 019f 03       		.byte	0x3
 410 01a0 9A       		.byte	0x9a
 411 01a1 2F010000 		.4byte	0x12f
 412 01a5 0A       		.uleb128 0xa
 413 01a6 01       		.byte	0x1
 414 01a7 97000000 		.4byte	.LASF29
 415 01ab 01       		.byte	0x1
 416 01ac 1301     		.2byte	0x113
 417 01ae 01       		.byte	0x1
 418 01af 00000000 		.4byte	.LFB0
 419 01b3 18000000 		.4byte	.LFE0
 420 01b7 00000000 		.4byte	.LLST0
ARM GAS  C:\Users\CHAIYA~1\AppData\Local\Temp\ccQTahQS.s 			page 18


 421 01bb 01       		.byte	0x1
 422 01bc 0B       		.uleb128 0xb
 423 01bd 01       		.byte	0x1
 424 01be AC000000 		.4byte	.LASF34
 425 01c2 01       		.byte	0x1
 426 01c3 7401     		.2byte	0x174
 427 01c5 01       		.byte	0x1
 428 01c6 00000000 		.4byte	.LFB1
 429 01ca 86000000 		.4byte	.LFE1
 430 01ce 2C000000 		.4byte	.LLST1
 431 01d2 01       		.byte	0x1
 432 01d3 F4010000 		.4byte	0x1f4
 433 01d7 0C       		.uleb128 0xc
 434 01d8 6900     		.ascii	"i\000"
 435 01da 01       		.byte	0x1
 436 01db 7601     		.2byte	0x176
 437 01dd 6F000000 		.4byte	0x6f
 438 01e1 02       		.byte	0x2
 439 01e2 91       		.byte	0x91
 440 01e3 77       		.sleb128 -9
 441 01e4 0D       		.uleb128 0xd
 442 01e5 06000000 		.4byte	.LASF28
 443 01e9 01       		.byte	0x1
 444 01ea 7701     		.2byte	0x177
 445 01ec 7A000000 		.4byte	0x7a
 446 01f0 02       		.byte	0x2
 447 01f1 91       		.byte	0x91
 448 01f2 74       		.sleb128 -12
 449 01f3 00       		.byte	0
 450 01f4 0A       		.uleb128 0xa
 451 01f5 01       		.byte	0x1
 452 01f6 88000000 		.4byte	.LASF30
 453 01fa 01       		.byte	0x1
 454 01fb AF01     		.2byte	0x1af
 455 01fd 01       		.byte	0x1
 456 01fe 00000000 		.4byte	.LFB2
 457 0202 36000000 		.4byte	.LFE2
 458 0206 64000000 		.4byte	.LLST2
 459 020a 01       		.byte	0x1
 460 020b 00       		.byte	0
 461              		.section	.debug_abbrev,"",%progbits
 462              	.Ldebug_abbrev0:
 463 0000 01       		.uleb128 0x1
 464 0001 11       		.uleb128 0x11
 465 0002 01       		.byte	0x1
 466 0003 25       		.uleb128 0x25
 467 0004 0E       		.uleb128 0xe
 468 0005 13       		.uleb128 0x13
 469 0006 0B       		.uleb128 0xb
 470 0007 03       		.uleb128 0x3
 471 0008 0E       		.uleb128 0xe
 472 0009 1B       		.uleb128 0x1b
 473 000a 0E       		.uleb128 0xe
 474 000b 55       		.uleb128 0x55
 475 000c 06       		.uleb128 0x6
 476 000d 11       		.uleb128 0x11
 477 000e 01       		.uleb128 0x1
ARM GAS  C:\Users\CHAIYA~1\AppData\Local\Temp\ccQTahQS.s 			page 19


 478 000f 52       		.uleb128 0x52
 479 0010 01       		.uleb128 0x1
 480 0011 10       		.uleb128 0x10
 481 0012 06       		.uleb128 0x6
 482 0013 00       		.byte	0
 483 0014 00       		.byte	0
 484 0015 02       		.uleb128 0x2
 485 0016 24       		.uleb128 0x24
 486 0017 00       		.byte	0
 487 0018 0B       		.uleb128 0xb
 488 0019 0B       		.uleb128 0xb
 489 001a 3E       		.uleb128 0x3e
 490 001b 0B       		.uleb128 0xb
 491 001c 03       		.uleb128 0x3
 492 001d 0E       		.uleb128 0xe
 493 001e 00       		.byte	0
 494 001f 00       		.byte	0
 495 0020 03       		.uleb128 0x3
 496 0021 24       		.uleb128 0x24
 497 0022 00       		.byte	0
 498 0023 0B       		.uleb128 0xb
 499 0024 0B       		.uleb128 0xb
 500 0025 3E       		.uleb128 0x3e
 501 0026 0B       		.uleb128 0xb
 502 0027 03       		.uleb128 0x3
 503 0028 08       		.uleb128 0x8
 504 0029 00       		.byte	0
 505 002a 00       		.byte	0
 506 002b 04       		.uleb128 0x4
 507 002c 16       		.uleb128 0x16
 508 002d 00       		.byte	0
 509 002e 03       		.uleb128 0x3
 510 002f 0E       		.uleb128 0xe
 511 0030 3A       		.uleb128 0x3a
 512 0031 0B       		.uleb128 0xb
 513 0032 3B       		.uleb128 0x3b
 514 0033 0B       		.uleb128 0xb
 515 0034 49       		.uleb128 0x49
 516 0035 13       		.uleb128 0x13
 517 0036 00       		.byte	0
 518 0037 00       		.byte	0
 519 0038 05       		.uleb128 0x5
 520 0039 35       		.uleb128 0x35
 521 003a 00       		.byte	0
 522 003b 49       		.uleb128 0x49
 523 003c 13       		.uleb128 0x13
 524 003d 00       		.byte	0
 525 003e 00       		.byte	0
 526 003f 06       		.uleb128 0x6
 527 0040 13       		.uleb128 0x13
 528 0041 01       		.byte	0x1
 529 0042 0B       		.uleb128 0xb
 530 0043 0B       		.uleb128 0xb
 531 0044 3A       		.uleb128 0x3a
 532 0045 0B       		.uleb128 0xb
 533 0046 3B       		.uleb128 0x3b
 534 0047 0B       		.uleb128 0xb
ARM GAS  C:\Users\CHAIYA~1\AppData\Local\Temp\ccQTahQS.s 			page 20


 535 0048 01       		.uleb128 0x1
 536 0049 13       		.uleb128 0x13
 537 004a 00       		.byte	0
 538 004b 00       		.byte	0
 539 004c 07       		.uleb128 0x7
 540 004d 0D       		.uleb128 0xd
 541 004e 00       		.byte	0
 542 004f 03       		.uleb128 0x3
 543 0050 0E       		.uleb128 0xe
 544 0051 3A       		.uleb128 0x3a
 545 0052 0B       		.uleb128 0xb
 546 0053 3B       		.uleb128 0x3b
 547 0054 0B       		.uleb128 0xb
 548 0055 49       		.uleb128 0x49
 549 0056 13       		.uleb128 0x13
 550 0057 38       		.uleb128 0x38
 551 0058 0A       		.uleb128 0xa
 552 0059 00       		.byte	0
 553 005a 00       		.byte	0
 554 005b 08       		.uleb128 0x8
 555 005c 01       		.uleb128 0x1
 556 005d 01       		.byte	0x1
 557 005e 49       		.uleb128 0x49
 558 005f 13       		.uleb128 0x13
 559 0060 01       		.uleb128 0x1
 560 0061 13       		.uleb128 0x13
 561 0062 00       		.byte	0
 562 0063 00       		.byte	0
 563 0064 09       		.uleb128 0x9
 564 0065 21       		.uleb128 0x21
 565 0066 00       		.byte	0
 566 0067 49       		.uleb128 0x49
 567 0068 13       		.uleb128 0x13
 568 0069 2F       		.uleb128 0x2f
 569 006a 0B       		.uleb128 0xb
 570 006b 00       		.byte	0
 571 006c 00       		.byte	0
 572 006d 0A       		.uleb128 0xa
 573 006e 2E       		.uleb128 0x2e
 574 006f 00       		.byte	0
 575 0070 3F       		.uleb128 0x3f
 576 0071 0C       		.uleb128 0xc
 577 0072 03       		.uleb128 0x3
 578 0073 0E       		.uleb128 0xe
 579 0074 3A       		.uleb128 0x3a
 580 0075 0B       		.uleb128 0xb
 581 0076 3B       		.uleb128 0x3b
 582 0077 05       		.uleb128 0x5
 583 0078 27       		.uleb128 0x27
 584 0079 0C       		.uleb128 0xc
 585 007a 11       		.uleb128 0x11
 586 007b 01       		.uleb128 0x1
 587 007c 12       		.uleb128 0x12
 588 007d 01       		.uleb128 0x1
 589 007e 40       		.uleb128 0x40
 590 007f 06       		.uleb128 0x6
 591 0080 9642     		.uleb128 0x2116
ARM GAS  C:\Users\CHAIYA~1\AppData\Local\Temp\ccQTahQS.s 			page 21


 592 0082 0C       		.uleb128 0xc
 593 0083 00       		.byte	0
 594 0084 00       		.byte	0
 595 0085 0B       		.uleb128 0xb
 596 0086 2E       		.uleb128 0x2e
 597 0087 01       		.byte	0x1
 598 0088 3F       		.uleb128 0x3f
 599 0089 0C       		.uleb128 0xc
 600 008a 03       		.uleb128 0x3
 601 008b 0E       		.uleb128 0xe
 602 008c 3A       		.uleb128 0x3a
 603 008d 0B       		.uleb128 0xb
 604 008e 3B       		.uleb128 0x3b
 605 008f 05       		.uleb128 0x5
 606 0090 27       		.uleb128 0x27
 607 0091 0C       		.uleb128 0xc
 608 0092 11       		.uleb128 0x11
 609 0093 01       		.uleb128 0x1
 610 0094 12       		.uleb128 0x12
 611 0095 01       		.uleb128 0x1
 612 0096 40       		.uleb128 0x40
 613 0097 06       		.uleb128 0x6
 614 0098 9642     		.uleb128 0x2116
 615 009a 0C       		.uleb128 0xc
 616 009b 01       		.uleb128 0x1
 617 009c 13       		.uleb128 0x13
 618 009d 00       		.byte	0
 619 009e 00       		.byte	0
 620 009f 0C       		.uleb128 0xc
 621 00a0 34       		.uleb128 0x34
 622 00a1 00       		.byte	0
 623 00a2 03       		.uleb128 0x3
 624 00a3 08       		.uleb128 0x8
 625 00a4 3A       		.uleb128 0x3a
 626 00a5 0B       		.uleb128 0xb
 627 00a6 3B       		.uleb128 0x3b
 628 00a7 05       		.uleb128 0x5
 629 00a8 49       		.uleb128 0x49
 630 00a9 13       		.uleb128 0x13
 631 00aa 02       		.uleb128 0x2
 632 00ab 0A       		.uleb128 0xa
 633 00ac 00       		.byte	0
 634 00ad 00       		.byte	0
 635 00ae 0D       		.uleb128 0xd
 636 00af 34       		.uleb128 0x34
 637 00b0 00       		.byte	0
 638 00b1 03       		.uleb128 0x3
 639 00b2 0E       		.uleb128 0xe
 640 00b3 3A       		.uleb128 0x3a
 641 00b4 0B       		.uleb128 0xb
 642 00b5 3B       		.uleb128 0x3b
 643 00b6 05       		.uleb128 0x5
 644 00b7 49       		.uleb128 0x49
 645 00b8 13       		.uleb128 0x13
 646 00b9 02       		.uleb128 0x2
 647 00ba 0A       		.uleb128 0xa
 648 00bb 00       		.byte	0
ARM GAS  C:\Users\CHAIYA~1\AppData\Local\Temp\ccQTahQS.s 			page 22


 649 00bc 00       		.byte	0
 650 00bd 00       		.byte	0
 651              		.section	.debug_loc,"",%progbits
 652              	.Ldebug_loc0:
 653              	.LLST0:
 654 0000 00000000 		.4byte	.LFB0
 655 0004 02000000 		.4byte	.LCFI0
 656 0008 0200     		.2byte	0x2
 657 000a 7D       		.byte	0x7d
 658 000b 00       		.sleb128 0
 659 000c 02000000 		.4byte	.LCFI0
 660 0010 04000000 		.4byte	.LCFI1
 661 0014 0200     		.2byte	0x2
 662 0016 7D       		.byte	0x7d
 663 0017 08       		.sleb128 8
 664 0018 04000000 		.4byte	.LCFI1
 665 001c 18000000 		.4byte	.LFE0
 666 0020 0200     		.2byte	0x2
 667 0022 77       		.byte	0x77
 668 0023 08       		.sleb128 8
 669 0024 00000000 		.4byte	0
 670 0028 00000000 		.4byte	0
 671              	.LLST1:
 672 002c 00000000 		.4byte	.LFB1
 673 0030 02000000 		.4byte	.LCFI2
 674 0034 0200     		.2byte	0x2
 675 0036 7D       		.byte	0x7d
 676 0037 00       		.sleb128 0
 677 0038 02000000 		.4byte	.LCFI2
 678 003c 04000000 		.4byte	.LCFI3
 679 0040 0200     		.2byte	0x2
 680 0042 7D       		.byte	0x7d
 681 0043 08       		.sleb128 8
 682 0044 04000000 		.4byte	.LCFI3
 683 0048 06000000 		.4byte	.LCFI4
 684 004c 0200     		.2byte	0x2
 685 004e 7D       		.byte	0x7d
 686 004f 10       		.sleb128 16
 687 0050 06000000 		.4byte	.LCFI4
 688 0054 86000000 		.4byte	.LFE1
 689 0058 0200     		.2byte	0x2
 690 005a 77       		.byte	0x77
 691 005b 10       		.sleb128 16
 692 005c 00000000 		.4byte	0
 693 0060 00000000 		.4byte	0
 694              	.LLST2:
 695 0064 00000000 		.4byte	.LFB2
 696 0068 02000000 		.4byte	.LCFI5
 697 006c 0200     		.2byte	0x2
 698 006e 7D       		.byte	0x7d
 699 006f 00       		.sleb128 0
 700 0070 02000000 		.4byte	.LCFI5
 701 0074 04000000 		.4byte	.LCFI6
 702 0078 0200     		.2byte	0x2
 703 007a 7D       		.byte	0x7d
 704 007b 08       		.sleb128 8
 705 007c 04000000 		.4byte	.LCFI6
ARM GAS  C:\Users\CHAIYA~1\AppData\Local\Temp\ccQTahQS.s 			page 23


 706 0080 36000000 		.4byte	.LFE2
 707 0084 0200     		.2byte	0x2
 708 0086 77       		.byte	0x77
 709 0087 08       		.sleb128 8
 710 0088 00000000 		.4byte	0
 711 008c 00000000 		.4byte	0
 712              		.section	.debug_aranges,"",%progbits
 713 0000 2C000000 		.4byte	0x2c
 714 0004 0200     		.2byte	0x2
 715 0006 00000000 		.4byte	.Ldebug_info0
 716 000a 04       		.byte	0x4
 717 000b 00       		.byte	0
 718 000c 0000     		.2byte	0
 719 000e 0000     		.2byte	0
 720 0010 00000000 		.4byte	.LFB0
 721 0014 18000000 		.4byte	.LFE0-.LFB0
 722 0018 00000000 		.4byte	.LFB1
 723 001c 86000000 		.4byte	.LFE1-.LFB1
 724 0020 00000000 		.4byte	.LFB2
 725 0024 36000000 		.4byte	.LFE2-.LFB2
 726 0028 00000000 		.4byte	0
 727 002c 00000000 		.4byte	0
 728              		.section	.debug_ranges,"",%progbits
 729              	.Ldebug_ranges0:
 730 0000 00000000 		.4byte	.LFB0
 731 0004 18000000 		.4byte	.LFE0
 732 0008 00000000 		.4byte	.LFB1
 733 000c 86000000 		.4byte	.LFE1
 734 0010 00000000 		.4byte	.LFB2
 735 0014 36000000 		.4byte	.LFE2
 736 0018 00000000 		.4byte	0
 737 001c 00000000 		.4byte	0
 738              		.section	.debug_line,"",%progbits
 739              	.Ldebug_line0:
 740 0000 AE000000 		.section	.debug_str,"MS",%progbits,1
 740      02004F00 
 740      00000201 
 740      FB0E0D00 
 740      01010101 
 741              	.LASF15:
 742 0000 72656731 		.ascii	"reg16\000"
 742      3600
 743              	.LASF28:
 744 0006 73686966 		.ascii	"shift\000"
 744      7400
 745              	.LASF17:
 746 000c 43414E5F 		.ascii	"CAN_DATA_BYTES\000"
 746      44415441 
 746      5F425954 
 746      455300
 747              	.LASF23:
 748 001b 7278616D 		.ascii	"rxamr\000"
 748      7200
 749              	.LASF19:
 750 0021 43414E5F 		.ascii	"CAN_REG_32\000"
 750      5245475F 
 750      333200
ARM GAS  C:\Users\CHAIYA~1\AppData\Local\Temp\ccQTahQS.s 			page 24


 751              	.LASF3:
 752 002c 73686F72 		.ascii	"short unsigned int\000"
 752      7420756E 
 752      7369676E 
 752      65642069 
 752      6E7400
 753              	.LASF18:
 754 003f 62797465 		.ascii	"byte\000"
 754      00
 755              	.LASF22:
 756 0044 72786461 		.ascii	"rxdata\000"
 756      746100
 757              	.LASF26:
 758 004b 72786163 		.ascii	"rxacrd\000"
 758      726400
 759              	.LASF11:
 760 0052 666C6F61 		.ascii	"float\000"
 760      7400
 761              	.LASF1:
 762 0058 756E7369 		.ascii	"unsigned char\000"
 762      676E6564 
 762      20636861 
 762      7200
 763              	.LASF21:
 764 0066 72786964 		.ascii	"rxid\000"
 764      00
 765              	.LASF14:
 766 006b 72656738 		.ascii	"reg8\000"
 766      00
 767              	.LASF5:
 768 0070 6C6F6E67 		.ascii	"long unsigned int\000"
 768      20756E73 
 768      69676E65 
 768      6420696E 
 768      7400
 769              	.LASF9:
 770 0082 75696E74 		.ascii	"uint8\000"
 770      3800
 771              	.LASF30:
 772 0088 43414E5F 		.ascii	"CAN_ISR\000"
 772      49535200 
 773              	.LASF12:
 774 0090 646F7562 		.ascii	"double\000"
 774      6C6500
 775              	.LASF29:
 776 0097 43414E5F 		.ascii	"CAN_BusOffIsr\000"
 776      4275734F 
 776      66664973 
 776      7200
 777              	.LASF10:
 778 00a5 75696E74 		.ascii	"uint16\000"
 778      313600
 779              	.LASF34:
 780 00ac 43414E5F 		.ascii	"CAN_MsgRXIsr\000"
 780      4D736752 
 780      58497372 
 780      00
ARM GAS  C:\Users\CHAIYA~1\AppData\Local\Temp\ccQTahQS.s 			page 25


 781              	.LASF8:
 782 00b9 756E7369 		.ascii	"unsigned int\000"
 782      676E6564 
 782      20696E74 
 782      00
 783              	.LASF7:
 784 00c6 6C6F6E67 		.ascii	"long long unsigned int\000"
 784      206C6F6E 
 784      6720756E 
 784      7369676E 
 784      65642069 
 785              	.LASF27:
 786 00dd 43414E5F 		.ascii	"CAN_RX_STRUCT\000"
 786      52585F53 
 786      54525543 
 786      5400
 787              	.LASF20:
 788 00eb 7278636D 		.ascii	"rxcmd\000"
 788      6400
 789              	.LASF33:
 790 00f1 433A5C55 		.ascii	"C:\\Users\\Chai Yang\\Documents\\GitHub\\Node-Eleph"
 790      73657273 
 790      5C436861 
 790      69205961 
 790      6E675C44 
 791 011f 616E745C 		.ascii	"ant\\Node-Elephant\\Node-Elephant.cydsn\000"
 791      4E6F6465 
 791      2D456C65 
 791      7068616E 
 791      745C4E6F 
 792              	.LASF16:
 793 0145 73697A65 		.ascii	"sizetype\000"
 793      74797065 
 793      00
 794              	.LASF25:
 795 014e 7278616D 		.ascii	"rxamrd\000"
 795      726400
 796              	.LASF6:
 797 0155 6C6F6E67 		.ascii	"long long int\000"
 797      206C6F6E 
 797      6720696E 
 797      7400
 798              	.LASF13:
 799 0163 63686172 		.ascii	"char\000"
 799      00
 800              	.LASF2:
 801 0168 73686F72 		.ascii	"short int\000"
 801      7420696E 
 801      7400
 802              	.LASF24:
 803 0172 72786163 		.ascii	"rxacr\000"
 803      7200
 804              	.LASF31:
 805 0178 474E5520 		.ascii	"GNU C 4.7.3 20130312 (release) [ARM/embedded-4_7-br"
 805      4320342E 
 805      372E3320 
 805      32303133 
ARM GAS  C:\Users\CHAIYA~1\AppData\Local\Temp\ccQTahQS.s 			page 26


 805      30333132 
 806 01ab 616E6368 		.ascii	"anch revision 196615]\000"
 806      20726576 
 806      6973696F 
 806      6E203139 
 806      36363135 
 807              	.LASF32:
 808 01c1 2E5C4765 		.ascii	".\\Generated_Source\\PSoC5\\CAN_INT.c\000"
 808      6E657261 
 808      7465645F 
 808      536F7572 
 808      63655C50 
 809              	.LASF4:
 810 01e4 6C6F6E67 		.ascii	"long int\000"
 810      20696E74 
 810      00
 811              	.LASF0:
 812 01ed 7369676E 		.ascii	"signed char\000"
 812      65642063 
 812      68617200 
 813              		.ident	"GCC: (GNU Tools for ARM Embedded Processors) 4.7.3 20130312 (release) [ARM/embedded-4_7-br
