ARM GAS  C:\Users\CHAIYA~1\AppData\Local\Temp\cc4spIPn.s 			page 1


   1              		.syntax unified
   2              		.cpu cortex-m3
   3              		.fpu softvfp
   4              		.eabi_attribute 20, 1
   5              		.eabi_attribute 21, 1
   6              		.eabi_attribute 23, 3
   7              		.eabi_attribute 24, 1
   8              		.eabi_attribute 25, 1
   9              		.eabi_attribute 26, 1
  10              		.eabi_attribute 30, 6
  11              		.eabi_attribute 34, 1
  12              		.eabi_attribute 18, 4
  13              		.thumb
  14              		.file	"CAN_PM.c"
  15              		.text
  16              	.Ltext0:
  17              		.cfi_sections	.debug_frame
  18              		.data
  19              		.align	2
  20              		.type	CAN_backup, %object
  21              		.size	CAN_backup, 20
  22              	CAN_backup:
  23 0000 00       		.byte	0
  24 0001 000000   		.space	3
  25 0004 00000000 		.word	0
  26 0008 01120000 		.word	4609
  27 000c 01000000 		.word	1
  28 0010 200C0000 		.word	3104
  29              		.section	.text.CAN_SaveConfig,"ax",%progbits
  30              		.align	2
  31              		.global	CAN_SaveConfig
  32              		.thumb
  33              		.thumb_func
  34              		.type	CAN_SaveConfig, %function
  35              	CAN_SaveConfig:
  36              	.LFB0:
  37              		.file 1 ".\\Generated_Source\\PSoC5\\CAN_PM.c"
   1:.\Generated_Source\PSoC5/CAN_PM.c **** /*******************************************************************************
   2:.\Generated_Source\PSoC5/CAN_PM.c **** * File Name: CAN_PM.c
   3:.\Generated_Source\PSoC5/CAN_PM.c **** * Version 2.30
   4:.\Generated_Source\PSoC5/CAN_PM.c **** *
   5:.\Generated_Source\PSoC5/CAN_PM.c **** * Description:
   6:.\Generated_Source\PSoC5/CAN_PM.c **** *  This file contains the setup, control and status commands to support 
   7:.\Generated_Source\PSoC5/CAN_PM.c **** *  component operations in low power mode.  
   8:.\Generated_Source\PSoC5/CAN_PM.c **** *
   9:.\Generated_Source\PSoC5/CAN_PM.c **** * Note:
  10:.\Generated_Source\PSoC5/CAN_PM.c **** *
  11:.\Generated_Source\PSoC5/CAN_PM.c **** ********************************************************************************
  12:.\Generated_Source\PSoC5/CAN_PM.c **** * Copyright 2008-2012, Cypress Semiconductor Corporation.  All rights reserved.
  13:.\Generated_Source\PSoC5/CAN_PM.c **** * You may use this file only in accordance with the license, terms, conditions,
  14:.\Generated_Source\PSoC5/CAN_PM.c **** * disclaimers, and limitations in the end user license agreement accompanying
  15:.\Generated_Source\PSoC5/CAN_PM.c **** * the software package with which this file was provided.
  16:.\Generated_Source\PSoC5/CAN_PM.c **** *******************************************************************************/
  17:.\Generated_Source\PSoC5/CAN_PM.c **** 
  18:.\Generated_Source\PSoC5/CAN_PM.c **** #include "CAN.h"
  19:.\Generated_Source\PSoC5/CAN_PM.c **** 
  20:.\Generated_Source\PSoC5/CAN_PM.c **** static CAN_BACKUP_STRUCT CAN_backup = 
ARM GAS  C:\Users\CHAIYA~1\AppData\Local\Temp\cc4spIPn.s 			page 2


  21:.\Generated_Source\PSoC5/CAN_PM.c **** { 0u,
  22:.\Generated_Source\PSoC5/CAN_PM.c ****   0u,
  23:.\Generated_Source\PSoC5/CAN_PM.c ****   CAN_INIT_INTERRUPT_MASK,
  24:.\Generated_Source\PSoC5/CAN_PM.c ****   CAN_MODE_MASK,
  25:.\Generated_Source\PSoC5/CAN_PM.c ****   (((uint32) ((uint32) CAN_SYNC_EDGE     << CAN_EDGE_MODE_SHIFT))     | 
  26:.\Generated_Source\PSoC5/CAN_PM.c ****    ((uint32) ((uint32) CAN_SAMPLING_MODE << CAN_SAMPLE_MODE_SHIFT))   |
  27:.\Generated_Source\PSoC5/CAN_PM.c ****    ((uint32) ((uint32) CAN_CFG_REG_SJW   << CAN_CFG_REG_SJW_SHIFT))   | 
  28:.\Generated_Source\PSoC5/CAN_PM.c ****    ((uint32) ((uint32) CAN_RESET_TYPE    << CAN_RESET_SHIFT))         |
  29:.\Generated_Source\PSoC5/CAN_PM.c ****    ((uint32) ((uint32) CAN_CFG_REG_TSEG2 << CAN_CFG_REG_TSEG2_SHIFT)) |
  30:.\Generated_Source\PSoC5/CAN_PM.c ****    ((uint32) ((uint32) CAN_CFG_REG_TSEG1 << CAN_CFG_REG_TSEG1_SHIFT)) |
  31:.\Generated_Source\PSoC5/CAN_PM.c ****    ((uint32) ((uint32) CAN_ARBITER       << CAN_ARBITER_SHIFT))       |
  32:.\Generated_Source\PSoC5/CAN_PM.c ****    ((uint32) ((uint32) CAN_BITRATE       << CAN_BITRATE_SHIFT))) };
  33:.\Generated_Source\PSoC5/CAN_PM.c **** 
  34:.\Generated_Source\PSoC5/CAN_PM.c **** 
  35:.\Generated_Source\PSoC5/CAN_PM.c **** /*******************************************************************************
  36:.\Generated_Source\PSoC5/CAN_PM.c **** * Function Name: CAN_SaveConfig
  37:.\Generated_Source\PSoC5/CAN_PM.c **** ********************************************************************************
  38:.\Generated_Source\PSoC5/CAN_PM.c **** *
  39:.\Generated_Source\PSoC5/CAN_PM.c **** * Summary:
  40:.\Generated_Source\PSoC5/CAN_PM.c **** *  Save CAN configuration.
  41:.\Generated_Source\PSoC5/CAN_PM.c **** *
  42:.\Generated_Source\PSoC5/CAN_PM.c **** * Parameters:
  43:.\Generated_Source\PSoC5/CAN_PM.c **** *  None.
  44:.\Generated_Source\PSoC5/CAN_PM.c **** *
  45:.\Generated_Source\PSoC5/CAN_PM.c **** * Return:
  46:.\Generated_Source\PSoC5/CAN_PM.c **** *  None.
  47:.\Generated_Source\PSoC5/CAN_PM.c **** * 
  48:.\Generated_Source\PSoC5/CAN_PM.c **** * Global Variables:
  49:.\Generated_Source\PSoC5/CAN_PM.c **** *  CAN_backup - modified when non-retention registers are saved.
  50:.\Generated_Source\PSoC5/CAN_PM.c **** *
  51:.\Generated_Source\PSoC5/CAN_PM.c **** * Reentrant:
  52:.\Generated_Source\PSoC5/CAN_PM.c **** *  No.
  53:.\Generated_Source\PSoC5/CAN_PM.c **** *
  54:.\Generated_Source\PSoC5/CAN_PM.c **** *******************************************************************************/
  55:.\Generated_Source\PSoC5/CAN_PM.c **** void CAN_SaveConfig(void) 
  56:.\Generated_Source\PSoC5/CAN_PM.c **** {
  38              		.loc 1 56 0
  39              		.cfi_startproc
  40              		@ args = 0, pretend = 0, frame = 0
  41              		@ frame_needed = 1, uses_anonymous_args = 0
  42              		@ link register save eliminated.
  43 0000 80B4     		push	{r7}
  44              	.LCFI0:
  45              		.cfi_def_cfa_offset 4
  46              		.cfi_offset 7, -4
  47 0002 00AF     		add	r7, sp, #0
  48              	.LCFI1:
  49              		.cfi_def_cfa_register 7
  57:.\Generated_Source\PSoC5/CAN_PM.c ****     CAN_backup.intSr = (CY_GET_REG32(CAN_INT_SR_PTR));
  50              		.loc 1 57 0
  51 0004 4FF42043 		mov	r3, #40960
  52 0008 C4F20003 		movt	r3, 16384
  53 000c 1A68     		ldr	r2, [r3, #0]
  54 000e 40F20003 		movw	r3, #:lower16:CAN_backup
  55 0012 C0F20003 		movt	r3, #:upper16:CAN_backup
  56 0016 5A60     		str	r2, [r3, #4]
  58:.\Generated_Source\PSoC5/CAN_PM.c ****     CAN_backup.intEn = (CY_GET_REG32(CAN_INT_EN_PTR));
ARM GAS  C:\Users\CHAIYA~1\AppData\Local\Temp\cc4spIPn.s 			page 3


  57              		.loc 1 58 0
  58 0018 4AF20403 		movw	r3, #40964
  59 001c C4F20003 		movt	r3, 16384
  60 0020 1A68     		ldr	r2, [r3, #0]
  61 0022 40F20003 		movw	r3, #:lower16:CAN_backup
  62 0026 C0F20003 		movt	r3, #:upper16:CAN_backup
  63 002a 9A60     		str	r2, [r3, #8]
  59:.\Generated_Source\PSoC5/CAN_PM.c ****     CAN_backup.cmd = (CY_GET_REG32(CAN_CMD_PTR));
  64              		.loc 1 59 0
  65 002c 4AF21003 		movw	r3, #40976
  66 0030 C4F20003 		movt	r3, 16384
  67 0034 1A68     		ldr	r2, [r3, #0]
  68 0036 40F20003 		movw	r3, #:lower16:CAN_backup
  69 003a C0F20003 		movt	r3, #:upper16:CAN_backup
  70 003e DA60     		str	r2, [r3, #12]
  60:.\Generated_Source\PSoC5/CAN_PM.c ****     CAN_backup.cfg = (CY_GET_REG32(CAN_CFG_PTR));
  71              		.loc 1 60 0
  72 0040 4AF21403 		movw	r3, #40980
  73 0044 C4F20003 		movt	r3, 16384
  74 0048 1A68     		ldr	r2, [r3, #0]
  75 004a 40F20003 		movw	r3, #:lower16:CAN_backup
  76 004e C0F20003 		movt	r3, #:upper16:CAN_backup
  77 0052 1A61     		str	r2, [r3, #16]
  61:.\Generated_Source\PSoC5/CAN_PM.c **** }
  78              		.loc 1 61 0
  79 0054 BD46     		mov	sp, r7
  80 0056 80BC     		pop	{r7}
  81 0058 7047     		bx	lr
  82              		.cfi_endproc
  83              	.LFE0:
  84              		.size	CAN_SaveConfig, .-CAN_SaveConfig
  85 005a 00BF     		.section	.text.CAN_RestoreConfig,"ax",%progbits
  86              		.align	2
  87              		.global	CAN_RestoreConfig
  88              		.thumb
  89              		.thumb_func
  90              		.type	CAN_RestoreConfig, %function
  91              	CAN_RestoreConfig:
  92              	.LFB1:
  62:.\Generated_Source\PSoC5/CAN_PM.c **** 
  63:.\Generated_Source\PSoC5/CAN_PM.c **** 
  64:.\Generated_Source\PSoC5/CAN_PM.c **** /*******************************************************************************
  65:.\Generated_Source\PSoC5/CAN_PM.c **** * Function Name: CAN_RestoreConfig
  66:.\Generated_Source\PSoC5/CAN_PM.c **** ********************************************************************************
  67:.\Generated_Source\PSoC5/CAN_PM.c **** *
  68:.\Generated_Source\PSoC5/CAN_PM.c **** * Summary:
  69:.\Generated_Source\PSoC5/CAN_PM.c **** *  Restore CAN configuration.
  70:.\Generated_Source\PSoC5/CAN_PM.c **** *
  71:.\Generated_Source\PSoC5/CAN_PM.c **** * Parameters:
  72:.\Generated_Source\PSoC5/CAN_PM.c **** *  None.
  73:.\Generated_Source\PSoC5/CAN_PM.c **** *
  74:.\Generated_Source\PSoC5/CAN_PM.c **** * Return:
  75:.\Generated_Source\PSoC5/CAN_PM.c **** *  None.
  76:.\Generated_Source\PSoC5/CAN_PM.c **** *
  77:.\Generated_Source\PSoC5/CAN_PM.c **** * Global Variables:
  78:.\Generated_Source\PSoC5/CAN_PM.c **** *  CAN_backup - used when non-retention registers are restored.
  79:.\Generated_Source\PSoC5/CAN_PM.c **** *
ARM GAS  C:\Users\CHAIYA~1\AppData\Local\Temp\cc4spIPn.s 			page 4


  80:.\Generated_Source\PSoC5/CAN_PM.c **** * Side Effects:
  81:.\Generated_Source\PSoC5/CAN_PM.c **** *  If this API is called without first calling SaveConfig then in the following
  82:.\Generated_Source\PSoC5/CAN_PM.c **** *  registers will be default values from Customizer: CAN_INT_SR, 
  83:.\Generated_Source\PSoC5/CAN_PM.c **** *  CAN_INT_EN, CAN_CMD, CAN_CFG.
  84:.\Generated_Source\PSoC5/CAN_PM.c **** *
  85:.\Generated_Source\PSoC5/CAN_PM.c **** *******************************************************************************/
  86:.\Generated_Source\PSoC5/CAN_PM.c **** void CAN_RestoreConfig(void) 
  87:.\Generated_Source\PSoC5/CAN_PM.c **** {
  93              		.loc 1 87 0
  94              		.cfi_startproc
  95              		@ args = 0, pretend = 0, frame = 0
  96              		@ frame_needed = 1, uses_anonymous_args = 0
  97              		@ link register save eliminated.
  98 0000 80B4     		push	{r7}
  99              	.LCFI2:
 100              		.cfi_def_cfa_offset 4
 101              		.cfi_offset 7, -4
 102 0002 00AF     		add	r7, sp, #0
 103              	.LCFI3:
 104              		.cfi_def_cfa_register 7
  88:.\Generated_Source\PSoC5/CAN_PM.c ****     CY_SET_REG32(CAN_INT_SR_PTR, CAN_backup.intSr);
 105              		.loc 1 88 0
 106 0004 4FF42043 		mov	r3, #40960
 107 0008 C4F20003 		movt	r3, 16384
 108 000c 40F20002 		movw	r2, #:lower16:CAN_backup
 109 0010 C0F20002 		movt	r2, #:upper16:CAN_backup
 110 0014 5268     		ldr	r2, [r2, #4]
 111 0016 1A60     		str	r2, [r3, #0]
  89:.\Generated_Source\PSoC5/CAN_PM.c ****     CY_SET_REG32(CAN_INT_EN_PTR, CAN_backup.intEn);
 112              		.loc 1 89 0
 113 0018 4AF20403 		movw	r3, #40964
 114 001c C4F20003 		movt	r3, 16384
 115 0020 40F20002 		movw	r2, #:lower16:CAN_backup
 116 0024 C0F20002 		movt	r2, #:upper16:CAN_backup
 117 0028 9268     		ldr	r2, [r2, #8]
 118 002a 1A60     		str	r2, [r3, #0]
  90:.\Generated_Source\PSoC5/CAN_PM.c ****     CY_SET_REG32(CAN_CMD_PTR, CAN_backup.cmd);
 119              		.loc 1 90 0
 120 002c 4AF21003 		movw	r3, #40976
 121 0030 C4F20003 		movt	r3, 16384
 122 0034 40F20002 		movw	r2, #:lower16:CAN_backup
 123 0038 C0F20002 		movt	r2, #:upper16:CAN_backup
 124 003c D268     		ldr	r2, [r2, #12]
 125 003e 1A60     		str	r2, [r3, #0]
  91:.\Generated_Source\PSoC5/CAN_PM.c ****     CY_SET_REG32(CAN_CFG_PTR, CAN_backup.cfg);
 126              		.loc 1 91 0
 127 0040 4AF21403 		movw	r3, #40980
 128 0044 C4F20003 		movt	r3, 16384
 129 0048 40F20002 		movw	r2, #:lower16:CAN_backup
 130 004c C0F20002 		movt	r2, #:upper16:CAN_backup
 131 0050 1269     		ldr	r2, [r2, #16]
 132 0052 1A60     		str	r2, [r3, #0]
  92:.\Generated_Source\PSoC5/CAN_PM.c **** }
 133              		.loc 1 92 0
 134 0054 BD46     		mov	sp, r7
 135 0056 80BC     		pop	{r7}
 136 0058 7047     		bx	lr
ARM GAS  C:\Users\CHAIYA~1\AppData\Local\Temp\cc4spIPn.s 			page 5


 137              		.cfi_endproc
 138              	.LFE1:
 139              		.size	CAN_RestoreConfig, .-CAN_RestoreConfig
 140 005a 00BF     		.section	.text.CAN_Sleep,"ax",%progbits
 141              		.align	2
 142              		.global	CAN_Sleep
 143              		.thumb
 144              		.thumb_func
 145              		.type	CAN_Sleep, %function
 146              	CAN_Sleep:
 147              	.LFB2:
  93:.\Generated_Source\PSoC5/CAN_PM.c **** 
  94:.\Generated_Source\PSoC5/CAN_PM.c **** 
  95:.\Generated_Source\PSoC5/CAN_PM.c **** /*******************************************************************************
  96:.\Generated_Source\PSoC5/CAN_PM.c **** * Function Name: CAN_Sleep
  97:.\Generated_Source\PSoC5/CAN_PM.c **** ********************************************************************************
  98:.\Generated_Source\PSoC5/CAN_PM.c **** * 
  99:.\Generated_Source\PSoC5/CAN_PM.c **** * Summary:
 100:.\Generated_Source\PSoC5/CAN_PM.c **** *  Prepare CAN Component goes to sleep.
 101:.\Generated_Source\PSoC5/CAN_PM.c **** *
 102:.\Generated_Source\PSoC5/CAN_PM.c **** * Parameters:  
 103:.\Generated_Source\PSoC5/CAN_PM.c **** *  None.
 104:.\Generated_Source\PSoC5/CAN_PM.c **** *
 105:.\Generated_Source\PSoC5/CAN_PM.c **** * Return: 
 106:.\Generated_Source\PSoC5/CAN_PM.c **** *  None.
 107:.\Generated_Source\PSoC5/CAN_PM.c **** *
 108:.\Generated_Source\PSoC5/CAN_PM.c **** * Global Variables:
 109:.\Generated_Source\PSoC5/CAN_PM.c **** *  CAN_backup - modified when non-retention registers are saved.
 110:.\Generated_Source\PSoC5/CAN_PM.c **** *
 111:.\Generated_Source\PSoC5/CAN_PM.c **** * Reentrant:
 112:.\Generated_Source\PSoC5/CAN_PM.c **** *  No.
 113:.\Generated_Source\PSoC5/CAN_PM.c **** *
 114:.\Generated_Source\PSoC5/CAN_PM.c **** *******************************************************************************/
 115:.\Generated_Source\PSoC5/CAN_PM.c **** void CAN_Sleep(void) 
 116:.\Generated_Source\PSoC5/CAN_PM.c **** {   
 148              		.loc 1 116 0
 149              		.cfi_startproc
 150              		@ args = 0, pretend = 0, frame = 0
 151              		@ frame_needed = 1, uses_anonymous_args = 0
 152 0000 80B5     		push	{r7, lr}
 153              	.LCFI4:
 154              		.cfi_def_cfa_offset 8
 155              		.cfi_offset 7, -8
 156              		.cfi_offset 14, -4
 157 0002 00AF     		add	r7, sp, #0
 158              	.LCFI5:
 159              		.cfi_def_cfa_register 7
 117:.\Generated_Source\PSoC5/CAN_PM.c ****     if (0u != (CY_GET_REG32(CAN_CMD_PTR) & CAN_MODE_MASK))
 160              		.loc 1 117 0
 161 0004 4AF21003 		movw	r3, #40976
 162 0008 C4F20003 		movt	r3, 16384
 163 000c 1B68     		ldr	r3, [r3, #0]
 164 000e 03F00103 		and	r3, r3, #1
 165 0012 002B     		cmp	r3, #0
 166 0014 07D0     		beq	.L4
 118:.\Generated_Source\PSoC5/CAN_PM.c ****     {
 119:.\Generated_Source\PSoC5/CAN_PM.c ****         CAN_backup.enableState = 1u;
ARM GAS  C:\Users\CHAIYA~1\AppData\Local\Temp\cc4spIPn.s 			page 6


 167              		.loc 1 119 0
 168 0016 40F20003 		movw	r3, #:lower16:CAN_backup
 169 001a C0F20003 		movt	r3, #:upper16:CAN_backup
 170 001e 4FF00102 		mov	r2, #1
 171 0022 1A70     		strb	r2, [r3, #0]
 172 0024 06E0     		b	.L5
 173              	.L4:
 120:.\Generated_Source\PSoC5/CAN_PM.c ****     }
 121:.\Generated_Source\PSoC5/CAN_PM.c ****     else /* The CAN block is disabled */
 122:.\Generated_Source\PSoC5/CAN_PM.c ****     {
 123:.\Generated_Source\PSoC5/CAN_PM.c ****         CAN_backup.enableState = 0u;
 174              		.loc 1 123 0
 175 0026 40F20003 		movw	r3, #:lower16:CAN_backup
 176 002a C0F20003 		movt	r3, #:upper16:CAN_backup
 177 002e 4FF00002 		mov	r2, #0
 178 0032 1A70     		strb	r2, [r3, #0]
 179              	.L5:
 124:.\Generated_Source\PSoC5/CAN_PM.c ****     }
 125:.\Generated_Source\PSoC5/CAN_PM.c ****     
 126:.\Generated_Source\PSoC5/CAN_PM.c ****     CAN_SaveConfig();
 180              		.loc 1 126 0
 181 0034 FFF7FEFF 		bl	CAN_SaveConfig
 127:.\Generated_Source\PSoC5/CAN_PM.c ****     (void) CAN_Stop();
 182              		.loc 1 127 0
 183 0038 FFF7FEFF 		bl	CAN_Stop
 128:.\Generated_Source\PSoC5/CAN_PM.c **** }
 184              		.loc 1 128 0
 185 003c 80BD     		pop	{r7, pc}
 186              		.cfi_endproc
 187              	.LFE2:
 188              		.size	CAN_Sleep, .-CAN_Sleep
 189 003e 00BF     		.section	.text.CAN_Wakeup,"ax",%progbits
 190              		.align	2
 191              		.global	CAN_Wakeup
 192              		.thumb
 193              		.thumb_func
 194              		.type	CAN_Wakeup, %function
 195              	CAN_Wakeup:
 196              	.LFB3:
 129:.\Generated_Source\PSoC5/CAN_PM.c **** 
 130:.\Generated_Source\PSoC5/CAN_PM.c **** 
 131:.\Generated_Source\PSoC5/CAN_PM.c **** /*******************************************************************************
 132:.\Generated_Source\PSoC5/CAN_PM.c **** * Function Name: CAN_Wakeup
 133:.\Generated_Source\PSoC5/CAN_PM.c **** ********************************************************************************
 134:.\Generated_Source\PSoC5/CAN_PM.c **** * 
 135:.\Generated_Source\PSoC5/CAN_PM.c **** * Summary:
 136:.\Generated_Source\PSoC5/CAN_PM.c **** *  Prepare CAN Component to wake up.
 137:.\Generated_Source\PSoC5/CAN_PM.c **** *
 138:.\Generated_Source\PSoC5/CAN_PM.c **** * Parameters:  
 139:.\Generated_Source\PSoC5/CAN_PM.c **** *  None.
 140:.\Generated_Source\PSoC5/CAN_PM.c **** *
 141:.\Generated_Source\PSoC5/CAN_PM.c **** * Return: 
 142:.\Generated_Source\PSoC5/CAN_PM.c **** *  None.
 143:.\Generated_Source\PSoC5/CAN_PM.c **** *
 144:.\Generated_Source\PSoC5/CAN_PM.c **** * Global Variables:
 145:.\Generated_Source\PSoC5/CAN_PM.c **** *  CAN_backup - used when non-retention registers are restored.
 146:.\Generated_Source\PSoC5/CAN_PM.c **** *
ARM GAS  C:\Users\CHAIYA~1\AppData\Local\Temp\cc4spIPn.s 			page 7


 147:.\Generated_Source\PSoC5/CAN_PM.c **** * Reentrant:
 148:.\Generated_Source\PSoC5/CAN_PM.c **** *  No.
 149:.\Generated_Source\PSoC5/CAN_PM.c **** *
 150:.\Generated_Source\PSoC5/CAN_PM.c **** *******************************************************************************/
 151:.\Generated_Source\PSoC5/CAN_PM.c **** void CAN_Wakeup(void) 
 152:.\Generated_Source\PSoC5/CAN_PM.c **** {           
 197              		.loc 1 152 0
 198              		.cfi_startproc
 199              		@ args = 0, pretend = 0, frame = 0
 200              		@ frame_needed = 1, uses_anonymous_args = 0
 201 0000 80B5     		push	{r7, lr}
 202              	.LCFI6:
 203              		.cfi_def_cfa_offset 8
 204              		.cfi_offset 7, -8
 205              		.cfi_offset 14, -4
 206 0002 00AF     		add	r7, sp, #0
 207              	.LCFI7:
 208              		.cfi_def_cfa_register 7
 153:.\Generated_Source\PSoC5/CAN_PM.c ****     /* Enable power to CAN */
 154:.\Generated_Source\PSoC5/CAN_PM.c ****     CAN_PM_ACT_CFG_REG |= CAN_ACT_PWR_EN;
 209              		.loc 1 154 0
 210 0004 44F2A633 		movw	r3, #17318
 211 0008 C4F20003 		movt	r3, 16384
 212 000c 44F2A632 		movw	r2, #17318
 213 0010 C4F20002 		movt	r2, 16384
 214 0014 1278     		ldrb	r2, [r2, #0]
 215 0016 D2B2     		uxtb	r2, r2
 216 0018 42F00102 		orr	r2, r2, #1
 217 001c D2B2     		uxtb	r2, r2
 218 001e 1A70     		strb	r2, [r3, #0]
 155:.\Generated_Source\PSoC5/CAN_PM.c ****     
 156:.\Generated_Source\PSoC5/CAN_PM.c ****     CAN_RestoreConfig();
 219              		.loc 1 156 0
 220 0020 FFF7FEFF 		bl	CAN_RestoreConfig
 157:.\Generated_Source\PSoC5/CAN_PM.c ****     
 158:.\Generated_Source\PSoC5/CAN_PM.c ****     if (CAN_backup.enableState != 0u)
 221              		.loc 1 158 0
 222 0024 40F20003 		movw	r3, #:lower16:CAN_backup
 223 0028 C0F20003 		movt	r3, #:upper16:CAN_backup
 224 002c 1B78     		ldrb	r3, [r3, #0]	@ zero_extendqisi2
 225 002e 002B     		cmp	r3, #0
 226 0030 01D0     		beq	.L6
 159:.\Generated_Source\PSoC5/CAN_PM.c ****     {
 160:.\Generated_Source\PSoC5/CAN_PM.c ****         /* Enable component's operation */
 161:.\Generated_Source\PSoC5/CAN_PM.c ****         (void) CAN_Enable();
 227              		.loc 1 161 0
 228 0032 FFF7FEFF 		bl	CAN_Enable
 229              	.L6:
 162:.\Generated_Source\PSoC5/CAN_PM.c ****     } /* Do nothing if component's block was disabled before */
 163:.\Generated_Source\PSoC5/CAN_PM.c **** }
 230              		.loc 1 163 0
 231 0036 80BD     		pop	{r7, pc}
 232              		.cfi_endproc
 233              	.LFE3:
 234              		.size	CAN_Wakeup, .-CAN_Wakeup
 235              		.text
 236              	.Letext0:
ARM GAS  C:\Users\CHAIYA~1\AppData\Local\Temp\cc4spIPn.s 			page 8


 237              		.file 2 ".\\Generated_Source\\PSoC5\\cytypes.h"
 238              		.file 3 ".\\Generated_Source\\PSoC5\\CAN.h"
 239              		.section	.debug_info,"",%progbits
 240              	.Ldebug_info0:
 241 0000 8C010000 		.4byte	0x18c
 242 0004 0200     		.2byte	0x2
 243 0006 00000000 		.4byte	.Ldebug_abbrev0
 244 000a 04       		.byte	0x4
 245 000b 01       		.uleb128 0x1
 246 000c 7E010000 		.4byte	.LASF26
 247 0010 01       		.byte	0x1
 248 0011 06000000 		.4byte	.LASF27
 249 0015 F4000000 		.4byte	.LASF28
 250 0019 00000000 		.4byte	.Ldebug_ranges0+0
 251 001d 00000000 		.4byte	0
 252 0021 00000000 		.4byte	0
 253 0025 00000000 		.4byte	.Ldebug_line0
 254 0029 02       		.uleb128 0x2
 255 002a 01       		.byte	0x1
 256 002b 06       		.byte	0x6
 257 002c DC010000 		.4byte	.LASF0
 258 0030 02       		.uleb128 0x2
 259 0031 01       		.byte	0x1
 260 0032 08       		.byte	0x8
 261 0033 C2000000 		.4byte	.LASF1
 262 0037 02       		.uleb128 0x2
 263 0038 02       		.byte	0x2
 264 0039 05       		.byte	0x5
 265 003a 74010000 		.4byte	.LASF2
 266 003e 02       		.uleb128 0x2
 267 003f 02       		.byte	0x2
 268 0040 07       		.byte	0x7
 269 0041 37000000 		.4byte	.LASF3
 270 0045 02       		.uleb128 0x2
 271 0046 04       		.byte	0x4
 272 0047 05       		.byte	0x5
 273 0048 C7010000 		.4byte	.LASF4
 274 004c 02       		.uleb128 0x2
 275 004d 04       		.byte	0x4
 276 004e 07       		.byte	0x7
 277 004f 6D000000 		.4byte	.LASF5
 278 0053 02       		.uleb128 0x2
 279 0054 08       		.byte	0x8
 280 0055 05       		.byte	0x5
 281 0056 51010000 		.4byte	.LASF6
 282 005a 02       		.uleb128 0x2
 283 005b 08       		.byte	0x8
 284 005c 07       		.byte	0x7
 285 005d DD000000 		.4byte	.LASF7
 286 0061 03       		.uleb128 0x3
 287 0062 04       		.byte	0x4
 288 0063 05       		.byte	0x5
 289 0064 696E7400 		.ascii	"int\000"
 290 0068 02       		.uleb128 0x2
 291 0069 04       		.byte	0x4
 292 006a 07       		.byte	0x7
 293 006b D0000000 		.4byte	.LASF8
ARM GAS  C:\Users\CHAIYA~1\AppData\Local\Temp\cc4spIPn.s 			page 9


 294 006f 04       		.uleb128 0x4
 295 0070 7F000000 		.4byte	.LASF9
 296 0074 02       		.byte	0x2
 297 0075 5B       		.byte	0x5b
 298 0076 30000000 		.4byte	0x30
 299 007a 04       		.uleb128 0x4
 300 007b A9000000 		.4byte	.LASF10
 301 007f 02       		.byte	0x2
 302 0080 5C       		.byte	0x5c
 303 0081 3E000000 		.4byte	0x3e
 304 0085 04       		.uleb128 0x4
 305 0086 BB000000 		.4byte	.LASF11
 306 008a 02       		.byte	0x2
 307 008b 5D       		.byte	0x5d
 308 008c 4C000000 		.4byte	0x4c
 309 0090 02       		.uleb128 0x2
 310 0091 04       		.byte	0x4
 311 0092 04       		.byte	0x4
 312 0093 4A000000 		.4byte	.LASF12
 313 0097 02       		.uleb128 0x2
 314 0098 08       		.byte	0x8
 315 0099 04       		.byte	0x4
 316 009a 90000000 		.4byte	.LASF13
 317 009e 02       		.uleb128 0x2
 318 009f 01       		.byte	0x1
 319 00a0 08       		.byte	0x8
 320 00a1 5F010000 		.4byte	.LASF14
 321 00a5 04       		.uleb128 0x4
 322 00a6 62000000 		.4byte	.LASF15
 323 00aa 02       		.byte	0x2
 324 00ab F0       		.byte	0xf0
 325 00ac B0000000 		.4byte	0xb0
 326 00b0 05       		.uleb128 0x5
 327 00b1 6F000000 		.4byte	0x6f
 328 00b5 04       		.uleb128 0x4
 329 00b6 00000000 		.4byte	.LASF16
 330 00ba 02       		.byte	0x2
 331 00bb F2       		.byte	0xf2
 332 00bc C0000000 		.4byte	0xc0
 333 00c0 05       		.uleb128 0x5
 334 00c1 85000000 		.4byte	0x85
 335 00c5 02       		.uleb128 0x2
 336 00c6 04       		.byte	0x4
 337 00c7 07       		.byte	0x7
 338 00c8 48010000 		.4byte	.LASF17
 339 00cc 06       		.uleb128 0x6
 340 00cd 14       		.byte	0x14
 341 00ce 03       		.byte	0x3
 342 00cf A5       		.byte	0xa5
 343 00d0 1B010000 		.4byte	0x11b
 344 00d4 07       		.uleb128 0x7
 345 00d5 D0010000 		.4byte	.LASF18
 346 00d9 03       		.byte	0x3
 347 00da A7       		.byte	0xa7
 348 00db 6F000000 		.4byte	0x6f
 349 00df 02       		.byte	0x2
 350 00e0 23       		.byte	0x23
ARM GAS  C:\Users\CHAIYA~1\AppData\Local\Temp\cc4spIPn.s 			page 10


 351 00e1 00       		.uleb128 0
 352 00e2 07       		.uleb128 0x7
 353 00e3 64010000 		.4byte	.LASF19
 354 00e7 03       		.byte	0x3
 355 00e8 A8       		.byte	0xa8
 356 00e9 85000000 		.4byte	0x85
 357 00ed 02       		.byte	0x2
 358 00ee 23       		.byte	0x23
 359 00ef 04       		.uleb128 0x4
 360 00f0 07       		.uleb128 0x7
 361 00f1 67000000 		.4byte	.LASF20
 362 00f5 03       		.byte	0x3
 363 00f6 A9       		.byte	0xa9
 364 00f7 85000000 		.4byte	0x85
 365 00fb 02       		.byte	0x2
 366 00fc 23       		.byte	0x23
 367 00fd 08       		.uleb128 0x8
 368 00fe 08       		.uleb128 0x8
 369 00ff 636D6400 		.ascii	"cmd\000"
 370 0103 03       		.byte	0x3
 371 0104 AA       		.byte	0xaa
 372 0105 85000000 		.4byte	0x85
 373 0109 02       		.byte	0x2
 374 010a 23       		.byte	0x23
 375 010b 0C       		.uleb128 0xc
 376 010c 08       		.uleb128 0x8
 377 010d 63666700 		.ascii	"cfg\000"
 378 0111 03       		.byte	0x3
 379 0112 AB       		.byte	0xab
 380 0113 85000000 		.4byte	0x85
 381 0117 02       		.byte	0x2
 382 0118 23       		.byte	0x23
 383 0119 10       		.uleb128 0x10
 384 011a 00       		.byte	0
 385 011b 04       		.uleb128 0x4
 386 011c 50000000 		.4byte	.LASF21
 387 0120 03       		.byte	0x3
 388 0121 AC       		.byte	0xac
 389 0122 CC000000 		.4byte	0xcc
 390 0126 09       		.uleb128 0x9
 391 0127 01       		.byte	0x1
 392 0128 28000000 		.4byte	.LASF22
 393 012c 01       		.byte	0x1
 394 012d 37       		.byte	0x37
 395 012e 01       		.byte	0x1
 396 012f 00000000 		.4byte	.LFB0
 397 0133 5A000000 		.4byte	.LFE0
 398 0137 00000000 		.4byte	.LLST0
 399 013b 01       		.byte	0x1
 400 013c 09       		.uleb128 0x9
 401 013d 01       		.byte	0x1
 402 013e 97000000 		.4byte	.LASF23
 403 0142 01       		.byte	0x1
 404 0143 56       		.byte	0x56
 405 0144 01       		.byte	0x1
 406 0145 00000000 		.4byte	.LFB1
 407 0149 5A000000 		.4byte	.LFE1
ARM GAS  C:\Users\CHAIYA~1\AppData\Local\Temp\cc4spIPn.s 			page 11


 408 014d 2C000000 		.4byte	.LLST1
 409 0151 01       		.byte	0x1
 410 0152 0A       		.uleb128 0xa
 411 0153 01       		.byte	0x1
 412 0154 6A010000 		.4byte	.LASF24
 413 0158 01       		.byte	0x1
 414 0159 73       		.byte	0x73
 415 015a 01       		.byte	0x1
 416 015b 00000000 		.4byte	.LFB2
 417 015f 3E000000 		.4byte	.LFE2
 418 0163 58000000 		.4byte	.LLST2
 419 0167 01       		.byte	0x1
 420 0168 0A       		.uleb128 0xa
 421 0169 01       		.byte	0x1
 422 016a B0000000 		.4byte	.LASF25
 423 016e 01       		.byte	0x1
 424 016f 97       		.byte	0x97
 425 0170 01       		.byte	0x1
 426 0171 00000000 		.4byte	.LFB3
 427 0175 38000000 		.4byte	.LFE3
 428 0179 84000000 		.4byte	.LLST3
 429 017d 01       		.byte	0x1
 430 017e 0B       		.uleb128 0xb
 431 017f 85000000 		.4byte	.LASF29
 432 0183 01       		.byte	0x1
 433 0184 14       		.byte	0x14
 434 0185 1B010000 		.4byte	0x11b
 435 0189 05       		.byte	0x5
 436 018a 03       		.byte	0x3
 437 018b 00000000 		.4byte	CAN_backup
 438 018f 00       		.byte	0
 439              		.section	.debug_abbrev,"",%progbits
 440              	.Ldebug_abbrev0:
 441 0000 01       		.uleb128 0x1
 442 0001 11       		.uleb128 0x11
 443 0002 01       		.byte	0x1
 444 0003 25       		.uleb128 0x25
 445 0004 0E       		.uleb128 0xe
 446 0005 13       		.uleb128 0x13
 447 0006 0B       		.uleb128 0xb
 448 0007 03       		.uleb128 0x3
 449 0008 0E       		.uleb128 0xe
 450 0009 1B       		.uleb128 0x1b
 451 000a 0E       		.uleb128 0xe
 452 000b 55       		.uleb128 0x55
 453 000c 06       		.uleb128 0x6
 454 000d 11       		.uleb128 0x11
 455 000e 01       		.uleb128 0x1
 456 000f 52       		.uleb128 0x52
 457 0010 01       		.uleb128 0x1
 458 0011 10       		.uleb128 0x10
 459 0012 06       		.uleb128 0x6
 460 0013 00       		.byte	0
 461 0014 00       		.byte	0
 462 0015 02       		.uleb128 0x2
 463 0016 24       		.uleb128 0x24
 464 0017 00       		.byte	0
ARM GAS  C:\Users\CHAIYA~1\AppData\Local\Temp\cc4spIPn.s 			page 12


 465 0018 0B       		.uleb128 0xb
 466 0019 0B       		.uleb128 0xb
 467 001a 3E       		.uleb128 0x3e
 468 001b 0B       		.uleb128 0xb
 469 001c 03       		.uleb128 0x3
 470 001d 0E       		.uleb128 0xe
 471 001e 00       		.byte	0
 472 001f 00       		.byte	0
 473 0020 03       		.uleb128 0x3
 474 0021 24       		.uleb128 0x24
 475 0022 00       		.byte	0
 476 0023 0B       		.uleb128 0xb
 477 0024 0B       		.uleb128 0xb
 478 0025 3E       		.uleb128 0x3e
 479 0026 0B       		.uleb128 0xb
 480 0027 03       		.uleb128 0x3
 481 0028 08       		.uleb128 0x8
 482 0029 00       		.byte	0
 483 002a 00       		.byte	0
 484 002b 04       		.uleb128 0x4
 485 002c 16       		.uleb128 0x16
 486 002d 00       		.byte	0
 487 002e 03       		.uleb128 0x3
 488 002f 0E       		.uleb128 0xe
 489 0030 3A       		.uleb128 0x3a
 490 0031 0B       		.uleb128 0xb
 491 0032 3B       		.uleb128 0x3b
 492 0033 0B       		.uleb128 0xb
 493 0034 49       		.uleb128 0x49
 494 0035 13       		.uleb128 0x13
 495 0036 00       		.byte	0
 496 0037 00       		.byte	0
 497 0038 05       		.uleb128 0x5
 498 0039 35       		.uleb128 0x35
 499 003a 00       		.byte	0
 500 003b 49       		.uleb128 0x49
 501 003c 13       		.uleb128 0x13
 502 003d 00       		.byte	0
 503 003e 00       		.byte	0
 504 003f 06       		.uleb128 0x6
 505 0040 13       		.uleb128 0x13
 506 0041 01       		.byte	0x1
 507 0042 0B       		.uleb128 0xb
 508 0043 0B       		.uleb128 0xb
 509 0044 3A       		.uleb128 0x3a
 510 0045 0B       		.uleb128 0xb
 511 0046 3B       		.uleb128 0x3b
 512 0047 0B       		.uleb128 0xb
 513 0048 01       		.uleb128 0x1
 514 0049 13       		.uleb128 0x13
 515 004a 00       		.byte	0
 516 004b 00       		.byte	0
 517 004c 07       		.uleb128 0x7
 518 004d 0D       		.uleb128 0xd
 519 004e 00       		.byte	0
 520 004f 03       		.uleb128 0x3
 521 0050 0E       		.uleb128 0xe
ARM GAS  C:\Users\CHAIYA~1\AppData\Local\Temp\cc4spIPn.s 			page 13


 522 0051 3A       		.uleb128 0x3a
 523 0052 0B       		.uleb128 0xb
 524 0053 3B       		.uleb128 0x3b
 525 0054 0B       		.uleb128 0xb
 526 0055 49       		.uleb128 0x49
 527 0056 13       		.uleb128 0x13
 528 0057 38       		.uleb128 0x38
 529 0058 0A       		.uleb128 0xa
 530 0059 00       		.byte	0
 531 005a 00       		.byte	0
 532 005b 08       		.uleb128 0x8
 533 005c 0D       		.uleb128 0xd
 534 005d 00       		.byte	0
 535 005e 03       		.uleb128 0x3
 536 005f 08       		.uleb128 0x8
 537 0060 3A       		.uleb128 0x3a
 538 0061 0B       		.uleb128 0xb
 539 0062 3B       		.uleb128 0x3b
 540 0063 0B       		.uleb128 0xb
 541 0064 49       		.uleb128 0x49
 542 0065 13       		.uleb128 0x13
 543 0066 38       		.uleb128 0x38
 544 0067 0A       		.uleb128 0xa
 545 0068 00       		.byte	0
 546 0069 00       		.byte	0
 547 006a 09       		.uleb128 0x9
 548 006b 2E       		.uleb128 0x2e
 549 006c 00       		.byte	0
 550 006d 3F       		.uleb128 0x3f
 551 006e 0C       		.uleb128 0xc
 552 006f 03       		.uleb128 0x3
 553 0070 0E       		.uleb128 0xe
 554 0071 3A       		.uleb128 0x3a
 555 0072 0B       		.uleb128 0xb
 556 0073 3B       		.uleb128 0x3b
 557 0074 0B       		.uleb128 0xb
 558 0075 27       		.uleb128 0x27
 559 0076 0C       		.uleb128 0xc
 560 0077 11       		.uleb128 0x11
 561 0078 01       		.uleb128 0x1
 562 0079 12       		.uleb128 0x12
 563 007a 01       		.uleb128 0x1
 564 007b 40       		.uleb128 0x40
 565 007c 06       		.uleb128 0x6
 566 007d 9742     		.uleb128 0x2117
 567 007f 0C       		.uleb128 0xc
 568 0080 00       		.byte	0
 569 0081 00       		.byte	0
 570 0082 0A       		.uleb128 0xa
 571 0083 2E       		.uleb128 0x2e
 572 0084 00       		.byte	0
 573 0085 3F       		.uleb128 0x3f
 574 0086 0C       		.uleb128 0xc
 575 0087 03       		.uleb128 0x3
 576 0088 0E       		.uleb128 0xe
 577 0089 3A       		.uleb128 0x3a
 578 008a 0B       		.uleb128 0xb
ARM GAS  C:\Users\CHAIYA~1\AppData\Local\Temp\cc4spIPn.s 			page 14


 579 008b 3B       		.uleb128 0x3b
 580 008c 0B       		.uleb128 0xb
 581 008d 27       		.uleb128 0x27
 582 008e 0C       		.uleb128 0xc
 583 008f 11       		.uleb128 0x11
 584 0090 01       		.uleb128 0x1
 585 0091 12       		.uleb128 0x12
 586 0092 01       		.uleb128 0x1
 587 0093 40       		.uleb128 0x40
 588 0094 06       		.uleb128 0x6
 589 0095 9642     		.uleb128 0x2116
 590 0097 0C       		.uleb128 0xc
 591 0098 00       		.byte	0
 592 0099 00       		.byte	0
 593 009a 0B       		.uleb128 0xb
 594 009b 34       		.uleb128 0x34
 595 009c 00       		.byte	0
 596 009d 03       		.uleb128 0x3
 597 009e 0E       		.uleb128 0xe
 598 009f 3A       		.uleb128 0x3a
 599 00a0 0B       		.uleb128 0xb
 600 00a1 3B       		.uleb128 0x3b
 601 00a2 0B       		.uleb128 0xb
 602 00a3 49       		.uleb128 0x49
 603 00a4 13       		.uleb128 0x13
 604 00a5 02       		.uleb128 0x2
 605 00a6 0A       		.uleb128 0xa
 606 00a7 00       		.byte	0
 607 00a8 00       		.byte	0
 608 00a9 00       		.byte	0
 609              		.section	.debug_loc,"",%progbits
 610              	.Ldebug_loc0:
 611              	.LLST0:
 612 0000 00000000 		.4byte	.LFB0
 613 0004 02000000 		.4byte	.LCFI0
 614 0008 0200     		.2byte	0x2
 615 000a 7D       		.byte	0x7d
 616 000b 00       		.sleb128 0
 617 000c 02000000 		.4byte	.LCFI0
 618 0010 04000000 		.4byte	.LCFI1
 619 0014 0200     		.2byte	0x2
 620 0016 7D       		.byte	0x7d
 621 0017 04       		.sleb128 4
 622 0018 04000000 		.4byte	.LCFI1
 623 001c 5A000000 		.4byte	.LFE0
 624 0020 0200     		.2byte	0x2
 625 0022 77       		.byte	0x77
 626 0023 04       		.sleb128 4
 627 0024 00000000 		.4byte	0
 628 0028 00000000 		.4byte	0
 629              	.LLST1:
 630 002c 00000000 		.4byte	.LFB1
 631 0030 02000000 		.4byte	.LCFI2
 632 0034 0200     		.2byte	0x2
 633 0036 7D       		.byte	0x7d
 634 0037 00       		.sleb128 0
 635 0038 02000000 		.4byte	.LCFI2
ARM GAS  C:\Users\CHAIYA~1\AppData\Local\Temp\cc4spIPn.s 			page 15


 636 003c 04000000 		.4byte	.LCFI3
 637 0040 0200     		.2byte	0x2
 638 0042 7D       		.byte	0x7d
 639 0043 04       		.sleb128 4
 640 0044 04000000 		.4byte	.LCFI3
 641 0048 5A000000 		.4byte	.LFE1
 642 004c 0200     		.2byte	0x2
 643 004e 77       		.byte	0x77
 644 004f 04       		.sleb128 4
 645 0050 00000000 		.4byte	0
 646 0054 00000000 		.4byte	0
 647              	.LLST2:
 648 0058 00000000 		.4byte	.LFB2
 649 005c 02000000 		.4byte	.LCFI4
 650 0060 0200     		.2byte	0x2
 651 0062 7D       		.byte	0x7d
 652 0063 00       		.sleb128 0
 653 0064 02000000 		.4byte	.LCFI4
 654 0068 04000000 		.4byte	.LCFI5
 655 006c 0200     		.2byte	0x2
 656 006e 7D       		.byte	0x7d
 657 006f 08       		.sleb128 8
 658 0070 04000000 		.4byte	.LCFI5
 659 0074 3E000000 		.4byte	.LFE2
 660 0078 0200     		.2byte	0x2
 661 007a 77       		.byte	0x77
 662 007b 08       		.sleb128 8
 663 007c 00000000 		.4byte	0
 664 0080 00000000 		.4byte	0
 665              	.LLST3:
 666 0084 00000000 		.4byte	.LFB3
 667 0088 02000000 		.4byte	.LCFI6
 668 008c 0200     		.2byte	0x2
 669 008e 7D       		.byte	0x7d
 670 008f 00       		.sleb128 0
 671 0090 02000000 		.4byte	.LCFI6
 672 0094 04000000 		.4byte	.LCFI7
 673 0098 0200     		.2byte	0x2
 674 009a 7D       		.byte	0x7d
 675 009b 08       		.sleb128 8
 676 009c 04000000 		.4byte	.LCFI7
 677 00a0 38000000 		.4byte	.LFE3
 678 00a4 0200     		.2byte	0x2
 679 00a6 77       		.byte	0x77
 680 00a7 08       		.sleb128 8
 681 00a8 00000000 		.4byte	0
 682 00ac 00000000 		.4byte	0
 683              		.section	.debug_aranges,"",%progbits
 684 0000 34000000 		.4byte	0x34
 685 0004 0200     		.2byte	0x2
 686 0006 00000000 		.4byte	.Ldebug_info0
 687 000a 04       		.byte	0x4
 688 000b 00       		.byte	0
 689 000c 0000     		.2byte	0
 690 000e 0000     		.2byte	0
 691 0010 00000000 		.4byte	.LFB0
 692 0014 5A000000 		.4byte	.LFE0-.LFB0
ARM GAS  C:\Users\CHAIYA~1\AppData\Local\Temp\cc4spIPn.s 			page 16


 693 0018 00000000 		.4byte	.LFB1
 694 001c 5A000000 		.4byte	.LFE1-.LFB1
 695 0020 00000000 		.4byte	.LFB2
 696 0024 3E000000 		.4byte	.LFE2-.LFB2
 697 0028 00000000 		.4byte	.LFB3
 698 002c 38000000 		.4byte	.LFE3-.LFB3
 699 0030 00000000 		.4byte	0
 700 0034 00000000 		.4byte	0
 701              		.section	.debug_ranges,"",%progbits
 702              	.Ldebug_ranges0:
 703 0000 00000000 		.4byte	.LFB0
 704 0004 5A000000 		.4byte	.LFE0
 705 0008 00000000 		.4byte	.LFB1
 706 000c 5A000000 		.4byte	.LFE1
 707 0010 00000000 		.4byte	.LFB2
 708 0014 3E000000 		.4byte	.LFE2
 709 0018 00000000 		.4byte	.LFB3
 710 001c 38000000 		.4byte	.LFE3
 711 0020 00000000 		.4byte	0
 712 0024 00000000 		.4byte	0
 713              		.section	.debug_line,"",%progbits
 714              	.Ldebug_line0:
 715 0000 A8000000 		.section	.debug_str,"MS",%progbits,1
 715      02004E00 
 715      00000201 
 715      FB0E0D00 
 715      01010101 
 716              	.LASF16:
 717 0000 72656733 		.ascii	"reg32\000"
 717      3200
 718              	.LASF27:
 719 0006 2E5C4765 		.ascii	".\\Generated_Source\\PSoC5\\CAN_PM.c\000"
 719      6E657261 
 719      7465645F 
 719      536F7572 
 719      63655C50 
 720              	.LASF22:
 721 0028 43414E5F 		.ascii	"CAN_SaveConfig\000"
 721      53617665 
 721      436F6E66 
 721      696700
 722              	.LASF3:
 723 0037 73686F72 		.ascii	"short unsigned int\000"
 723      7420756E 
 723      7369676E 
 723      65642069 
 723      6E7400
 724              	.LASF12:
 725 004a 666C6F61 		.ascii	"float\000"
 725      7400
 726              	.LASF21:
 727 0050 43414E5F 		.ascii	"CAN_BACKUP_STRUCT\000"
 727      4241434B 
 727      55505F53 
 727      54525543 
 727      5400
 728              	.LASF15:
ARM GAS  C:\Users\CHAIYA~1\AppData\Local\Temp\cc4spIPn.s 			page 17


 729 0062 72656738 		.ascii	"reg8\000"
 729      00
 730              	.LASF20:
 731 0067 696E7445 		.ascii	"intEn\000"
 731      6E00
 732              	.LASF5:
 733 006d 6C6F6E67 		.ascii	"long unsigned int\000"
 733      20756E73 
 733      69676E65 
 733      6420696E 
 733      7400
 734              	.LASF9:
 735 007f 75696E74 		.ascii	"uint8\000"
 735      3800
 736              	.LASF29:
 737 0085 43414E5F 		.ascii	"CAN_backup\000"
 737      6261636B 
 737      757000
 738              	.LASF13:
 739 0090 646F7562 		.ascii	"double\000"
 739      6C6500
 740              	.LASF23:
 741 0097 43414E5F 		.ascii	"CAN_RestoreConfig\000"
 741      52657374 
 741      6F726543 
 741      6F6E6669 
 741      6700
 742              	.LASF10:
 743 00a9 75696E74 		.ascii	"uint16\000"
 743      313600
 744              	.LASF25:
 745 00b0 43414E5F 		.ascii	"CAN_Wakeup\000"
 745      57616B65 
 745      757000
 746              	.LASF11:
 747 00bb 75696E74 		.ascii	"uint32\000"
 747      333200
 748              	.LASF1:
 749 00c2 756E7369 		.ascii	"unsigned char\000"
 749      676E6564 
 749      20636861 
 749      7200
 750              	.LASF8:
 751 00d0 756E7369 		.ascii	"unsigned int\000"
 751      676E6564 
 751      20696E74 
 751      00
 752              	.LASF7:
 753 00dd 6C6F6E67 		.ascii	"long long unsigned int\000"
 753      206C6F6E 
 753      6720756E 
 753      7369676E 
 753      65642069 
 754              	.LASF28:
 755 00f4 433A5C55 		.ascii	"C:\\Users\\Chai Yang\\Documents\\GitHub\\Node-Eleph"
 755      73657273 
 755      5C436861 
ARM GAS  C:\Users\CHAIYA~1\AppData\Local\Temp\cc4spIPn.s 			page 18


 755      69205961 
 755      6E675C44 
 756 0122 616E745C 		.ascii	"ant\\Node-Elephant\\Node-Elephant.cydsn\000"
 756      4E6F6465 
 756      2D456C65 
 756      7068616E 
 756      745C4E6F 
 757              	.LASF17:
 758 0148 73697A65 		.ascii	"sizetype\000"
 758      74797065 
 758      00
 759              	.LASF6:
 760 0151 6C6F6E67 		.ascii	"long long int\000"
 760      206C6F6E 
 760      6720696E 
 760      7400
 761              	.LASF14:
 762 015f 63686172 		.ascii	"char\000"
 762      00
 763              	.LASF19:
 764 0164 696E7453 		.ascii	"intSr\000"
 764      7200
 765              	.LASF24:
 766 016a 43414E5F 		.ascii	"CAN_Sleep\000"
 766      536C6565 
 766      7000
 767              	.LASF2:
 768 0174 73686F72 		.ascii	"short int\000"
 768      7420696E 
 768      7400
 769              	.LASF26:
 770 017e 474E5520 		.ascii	"GNU C 4.7.3 20130312 (release) [ARM/embedded-4_7-br"
 770      4320342E 
 770      372E3320 
 770      32303133 
 770      30333132 
 771 01b1 616E6368 		.ascii	"anch revision 196615]\000"
 771      20726576 
 771      6973696F 
 771      6E203139 
 771      36363135 
 772              	.LASF4:
 773 01c7 6C6F6E67 		.ascii	"long int\000"
 773      20696E74 
 773      00
 774              	.LASF18:
 775 01d0 656E6162 		.ascii	"enableState\000"
 775      6C655374 
 775      61746500 
 776              	.LASF0:
 777 01dc 7369676E 		.ascii	"signed char\000"
 777      65642063 
 777      68617200 
 778              		.ident	"GCC: (GNU Tools for ARM Embedded Processors) 4.7.3 20130312 (release) [ARM/embedded-4_7-br
