ARM GAS  C:\Users\CHAIYA~1\AppData\Local\Temp\ccHWj2IW.s 			page 1


   1              		.syntax unified
   2              		.cpu cortex-m3
   3              		.fpu softvfp
   4              		.eabi_attribute 20, 1
   5              		.eabi_attribute 21, 1
   6              		.eabi_attribute 23, 3
   7              		.eabi_attribute 24, 1
   8              		.eabi_attribute 25, 1
   9              		.eabi_attribute 26, 1
  10              		.eabi_attribute 30, 6
  11              		.eabi_attribute 34, 1
  12              		.eabi_attribute 18, 4
  13              		.thumb
  14              		.file	"cymetadata.c"
  15              		.text
  16              	.Ltext0:
  17              		.cfi_sections	.debug_frame
  18              		.global	cy_meta_configecc
  19              		.section	.cyconfigecc,"a",%progbits
  20              		.align	2
  21              		.type	cy_meta_configecc, %object
  22              		.size	cy_meta_configecc, 1464
  23              	cy_meta_configecc:
  24 0000 04       		.byte	4
  25 0001 52       		.byte	82
  26 0002 00       		.byte	0
  27 0003 40       		.byte	64
  28 0004 01       		.byte	1
  29 0005 5B       		.byte	91
  30 0006 00       		.byte	0
  31 0007 40       		.byte	64
  32 0008 01       		.byte	1
  33 0009 64       		.byte	100
  34 000a 00       		.byte	0
  35 000b 40       		.byte	64
  36 000c 01       		.byte	1
  37 000d 65       		.byte	101
  38 000e 00       		.byte	0
  39 000f 40       		.byte	64
  40 0010 06       		.byte	6
  41 0011 00       		.byte	0
  42 0012 01       		.byte	1
  43 0013 40       		.byte	64
  44 0014 1B       		.byte	27
  45 0015 01       		.byte	1
  46 0016 01       		.byte	1
  47 0017 40       		.byte	64
  48 0018 08       		.byte	8
  49 0019 02       		.byte	2
  50 001a 01       		.byte	1
  51 001b 40       		.byte	64
  52 001c 2A       		.byte	42
  53 001d 03       		.byte	3
  54 001e 01       		.byte	1
  55 001f 40       		.byte	64
  56 0020 18       		.byte	24
  57 0021 04       		.byte	4
ARM GAS  C:\Users\CHAIYA~1\AppData\Local\Temp\ccHWj2IW.s 			page 2


  58 0022 01       		.byte	1
  59 0023 40       		.byte	64
  60 0024 3E       		.byte	62
  61 0025 05       		.byte	5
  62 0026 01       		.byte	1
  63 0027 40       		.byte	64
  64 0028 1F       		.byte	31
  65 0029 06       		.byte	6
  66 002a 01       		.byte	1
  67 002b 40       		.byte	64
  68 002c 3B       		.byte	59
  69 002d 07       		.byte	7
  70 002e 01       		.byte	1
  71 002f 40       		.byte	64
  72 0030 06       		.byte	6
  73 0031 08       		.byte	8
  74 0032 01       		.byte	1
  75 0033 40       		.byte	64
  76 0034 27       		.byte	39
  77 0035 09       		.byte	9
  78 0036 01       		.byte	1
  79 0037 40       		.byte	64
  80 0038 03       		.byte	3
  81 0039 0B       		.byte	11
  82 003a 01       		.byte	1
  83 003b 40       		.byte	64
  84 003c 32       		.byte	50
  85 003d 14       		.byte	20
  86 003e 01       		.byte	1
  87 003f 40       		.byte	64
  88 0040 3F       		.byte	63
  89 0041 15       		.byte	21
  90 0042 01       		.byte	1
  91 0043 40       		.byte	64
  92 0044 36       		.byte	54
  93 0045 16       		.byte	22
  94 0046 01       		.byte	1
  95 0047 40       		.byte	64
  96 0048 3D       		.byte	61
  97 0049 17       		.byte	23
  98 004a 01       		.byte	1
  99 004b 40       		.byte	64
 100 004c 07       		.byte	7
 101 004d 19       		.byte	25
 102 004e 01       		.byte	1
 103 004f 40       		.byte	64
 104 0050 03       		.byte	3
 105 0051 1B       		.byte	27
 106 0052 01       		.byte	1
 107 0053 40       		.byte	64
 108 0054 0A       		.byte	10
 109 0055 40       		.byte	64
 110 0056 01       		.byte	1
 111 0057 40       		.byte	64
 112 0058 0B       		.byte	11
 113 0059 41       		.byte	65
 114 005a 01       		.byte	1
ARM GAS  C:\Users\CHAIYA~1\AppData\Local\Temp\ccHWj2IW.s 			page 3


 115 005b 40       		.byte	64
 116 005c 04       		.byte	4
 117 005d 42       		.byte	66
 118 005e 01       		.byte	1
 119 005f 40       		.byte	64
 120 0060 03       		.byte	3
 121 0061 43       		.byte	67
 122 0062 01       		.byte	1
 123 0063 40       		.byte	64
 124 0064 02       		.byte	2
 125 0065 45       		.byte	69
 126 0066 01       		.byte	1
 127 0067 40       		.byte	64
 128 0068 05       		.byte	5
 129 0069 46       		.byte	70
 130 006a 01       		.byte	1
 131 006b 40       		.byte	64
 132 006c 01       		.byte	1
 133 006d 47       		.byte	71
 134 006e 01       		.byte	1
 135 006f 40       		.byte	64
 136 0070 07       		.byte	7
 137 0071 48       		.byte	72
 138 0072 01       		.byte	1
 139 0073 40       		.byte	64
 140 0074 15       		.byte	21
 141 0075 49       		.byte	73
 142 0076 01       		.byte	1
 143 0077 40       		.byte	64
 144 0078 05       		.byte	5
 145 0079 4C       		.byte	76
 146 007a 01       		.byte	1
 147 007b 40       		.byte	64
 148 007c 0A       		.byte	10
 149 007d 4D       		.byte	77
 150 007e 01       		.byte	1
 151 007f 40       		.byte	64
 152 0080 08       		.byte	8
 153 0081 50       		.byte	80
 154 0082 01       		.byte	1
 155 0083 40       		.byte	64
 156 0084 02       		.byte	2
 157 0085 51       		.byte	81
 158 0086 01       		.byte	1
 159 0087 40       		.byte	64
 160 0088 00       		.byte	0
 161 0089 02       		.byte	2
 162 008a 18       		.byte	24
 163 008b 6C       		.byte	108
 164 008c 19       		.byte	25
 165 008d 48       		.byte	72
 166 008e 34       		.byte	52
 167 008f 02       		.byte	2
 168 0090 2F       		.byte	47
 169 0091 84       		.byte	-124
 170 0092 86       		.byte	-122
 171 0093 04       		.byte	4
ARM GAS  C:\Users\CHAIYA~1\AppData\Local\Temp\ccHWj2IW.s 			page 4


 172 0094 87       		.byte	-121
 173 0095 0D       		.byte	13
 174 0096 58       		.byte	88
 175 0097 04       		.byte	4
 176 0098 59       		.byte	89
 177 0099 04       		.byte	4
 178 009a 5F       		.byte	95
 179 009b 01       		.byte	1
 180 009c D8       		.byte	-40
 181 009d 04       		.byte	4
 182 009e D9       		.byte	-39
 183 009f 04       		.byte	4
 184 00a0 DF       		.byte	-33
 185 00a1 01       		.byte	1
 186 00a2 00       		.byte	0
 187 00a3 04       		.byte	4
 188 00a4 02       		.byte	2
 189 00a5 40       		.byte	64
 190 00a6 04       		.byte	4
 191 00a7 04       		.byte	4
 192 00a8 06       		.byte	6
 193 00a9 40       		.byte	64
 194 00aa 09       		.byte	9
 195 00ab 22       		.byte	34
 196 00ac 0A       		.byte	10
 197 00ad 04       		.byte	4
 198 00ae 0B       		.byte	11
 199 00af 83       		.byte	-125
 200 00b0 0D       		.byte	13
 201 00b1 22       		.byte	34
 202 00b2 0F       		.byte	15
 203 00b3 11       		.byte	17
 204 00b4 12       		.byte	18
 205 00b5 01       		.byte	1
 206 00b6 13       		.byte	19
 207 00b7 10       		.byte	16
 208 00b8 16       		.byte	22
 209 00b9 02       		.byte	2
 210 00ba 2A       		.byte	42
 211 00bb 43       		.byte	67
 212 00bc 2B       		.byte	43
 213 00bd 41       		.byte	65
 214 00be 2E       		.byte	46
 215 00bf 04       		.byte	4
 216 00c0 2F       		.byte	47
 217 00c1 41       		.byte	65
 218 00c2 31       		.byte	49
 219 00c3 20       		.byte	32
 220 00c4 38       		.byte	56
 221 00c5 24       		.byte	36
 222 00c6 3B       		.byte	59
 223 00c7 92       		.byte	-110
 224 00c8 3C       		.byte	60
 225 00c9 04       		.byte	4
 226 00ca 3F       		.byte	63
 227 00cb 92       		.byte	-110
 228 00cc C0       		.byte	-64
ARM GAS  C:\Users\CHAIYA~1\AppData\Local\Temp\ccHWj2IW.s 			page 5


 229 00cd 3C       		.byte	60
 230 00ce C2       		.byte	-62
 231 00cf FB       		.byte	-5
 232 00d0 C4       		.byte	-60
 233 00d1 83       		.byte	-125
 234 00d2 CA       		.byte	-54
 235 00d3 D9       		.byte	-39
 236 00d4 CC       		.byte	-52
 237 00d5 04       		.byte	4
 238 00d6 CE       		.byte	-50
 239 00d7 FF       		.byte	-1
 240 00d8 27       		.byte	39
 241 00d9 01       		.byte	1
 242 00da 31       		.byte	49
 243 00db 01       		.byte	1
 244 00dc 58       		.byte	88
 245 00dd 04       		.byte	4
 246 00de 59       		.byte	89
 247 00df 04       		.byte	4
 248 00e0 5F       		.byte	95
 249 00e1 01       		.byte	1
 250 00e2 D8       		.byte	-40
 251 00e3 04       		.byte	4
 252 00e4 D9       		.byte	-39
 253 00e5 04       		.byte	4
 254 00e6 DF       		.byte	-33
 255 00e7 01       		.byte	1
 256 00e8 00       		.byte	0
 257 00e9 04       		.byte	4
 258 00ea 02       		.byte	2
 259 00eb 40       		.byte	64
 260 00ec 04       		.byte	4
 261 00ed 24       		.byte	36
 262 00ee 05       		.byte	5
 263 00ef 20       		.byte	32
 264 00f0 06       		.byte	6
 265 00f1 48       		.byte	72
 266 00f2 09       		.byte	9
 267 00f3 20       		.byte	32
 268 00f4 0A       		.byte	10
 269 00f5 10       		.byte	16
 270 00f6 0B       		.byte	11
 271 00f7 03       		.byte	3
 272 00f8 0D       		.byte	13
 273 00f9 20       		.byte	32
 274 00fa 0E       		.byte	14
 275 00fb 10       		.byte	16
 276 00fc 0F       		.byte	15
 277 00fd 01       		.byte	1
 278 00fe 11       		.byte	17
 279 00ff 10       		.byte	16
 280 0100 12       		.byte	18
 281 0101 02       		.byte	2
 282 0102 17       		.byte	23
 283 0103 40       		.byte	64
 284 0104 24       		.byte	36
 285 0105 80       		.byte	-128
ARM GAS  C:\Users\CHAIYA~1\AppData\Local\Temp\ccHWj2IW.s 			page 6


 286 0106 25       		.byte	37
 287 0107 02       		.byte	2
 288 0108 26       		.byte	38
 289 0109 02       		.byte	2
 290 010a 27       		.byte	39
 291 010b 40       		.byte	64
 292 010c 2A       		.byte	42
 293 010d CA       		.byte	-54
 294 010e 2D       		.byte	45
 295 010f 34       		.byte	52
 296 0110 2E       		.byte	46
 297 0111 02       		.byte	2
 298 0112 2F       		.byte	47
 299 0113 01       		.byte	1
 300 0114 31       		.byte	49
 301 0115 20       		.byte	32
 302 0116 36       		.byte	54
 303 0117 12       		.byte	18
 304 0118 38       		.byte	56
 305 0119 84       		.byte	-124
 306 011a 3B       		.byte	59
 307 011b 02       		.byte	2
 308 011c 3C       		.byte	60
 309 011d 04       		.byte	4
 310 011e 3E       		.byte	62
 311 011f 80       		.byte	-128
 312 0120 93       		.byte	-109
 313 0121 08       		.byte	8
 314 0122 94       		.byte	-108
 315 0123 24       		.byte	36
 316 0124 97       		.byte	-105
 317 0125 02       		.byte	2
 318 0126 9E       		.byte	-98
 319 0127 42       		.byte	66
 320 0128 A0       		.byte	-96
 321 0129 08       		.byte	8
 322 012a A5       		.byte	-91
 323 012b 22       		.byte	34
 324 012c A8       		.byte	-88
 325 012d 08       		.byte	8
 326 012e AF       		.byte	-81
 327 012f 04       		.byte	4
 328 0130 C0       		.byte	-64
 329 0131 7C       		.byte	124
 330 0132 C2       		.byte	-62
 331 0133 E7       		.byte	-25
 332 0134 C4       		.byte	-60
 333 0135 83       		.byte	-125
 334 0136 CA       		.byte	-54
 335 0137 FB       		.byte	-5
 336 0138 CC       		.byte	-52
 337 0139 A4       		.byte	-92
 338 013a CE       		.byte	-50
 339 013b 5B       		.byte	91
 340 013c 58       		.byte	88
 341 013d 04       		.byte	4
 342 013e 59       		.byte	89
ARM GAS  C:\Users\CHAIYA~1\AppData\Local\Temp\ccHWj2IW.s 			page 7


 343 013f 04       		.byte	4
 344 0140 5F       		.byte	95
 345 0141 01       		.byte	1
 346 0142 80       		.byte	-128
 347 0143 01       		.byte	1
 348 0144 8A       		.byte	-118
 349 0145 01       		.byte	1
 350 0146 8C       		.byte	-116
 351 0147 08       		.byte	8
 352 0148 92       		.byte	-110
 353 0149 10       		.byte	16
 354 014a 94       		.byte	-108
 355 014b 04       		.byte	4
 356 014c 98       		.byte	-104
 357 014d 02       		.byte	2
 358 014e 9E       		.byte	-98
 359 014f 04       		.byte	4
 360 0150 A2       		.byte	-94
 361 0151 02       		.byte	2
 362 0152 A3       		.byte	-93
 363 0153 01       		.byte	1
 364 0154 A6       		.byte	-90
 365 0155 08       		.byte	8
 366 0156 AB       		.byte	-85
 367 0157 04       		.byte	4
 368 0158 AF       		.byte	-81
 369 0159 02       		.byte	2
 370 015a B0       		.byte	-80
 371 015b 1F       		.byte	31
 372 015c B1       		.byte	-79
 373 015d 04       		.byte	4
 374 015e B5       		.byte	-75
 375 015f 02       		.byte	2
 376 0160 B7       		.byte	-73
 377 0161 01       		.byte	1
 378 0162 B8       		.byte	-72
 379 0163 02       		.byte	2
 380 0164 BE       		.byte	-66
 381 0165 01       		.byte	1
 382 0166 D8       		.byte	-40
 383 0167 04       		.byte	4
 384 0168 D9       		.byte	-39
 385 0169 04       		.byte	4
 386 016a DF       		.byte	-33
 387 016b 01       		.byte	1
 388 016c 00       		.byte	0
 389 016d 05       		.byte	5
 390 016e 04       		.byte	4
 391 016f 84       		.byte	-124
 392 0170 05       		.byte	5
 393 0171 20       		.byte	32
 394 0172 06       		.byte	6
 395 0173 41       		.byte	65
 396 0174 07       		.byte	7
 397 0175 48       		.byte	72
 398 0176 09       		.byte	9
 399 0177 20       		.byte	32
ARM GAS  C:\Users\CHAIYA~1\AppData\Local\Temp\ccHWj2IW.s 			page 8


 400 0178 0B       		.byte	11
 401 0179 02       		.byte	2
 402 017a 0D       		.byte	13
 403 017b 22       		.byte	34
 404 017c 0E       		.byte	14
 405 017d 11       		.byte	17
 406 017e 10       		.byte	16
 407 017f 01       		.byte	1
 408 0180 11       		.byte	17
 409 0181 02       		.byte	2
 410 0182 12       		.byte	18
 411 0183 01       		.byte	1
 412 0184 13       		.byte	19
 413 0185 20       		.byte	32
 414 0186 14       		.byte	20
 415 0187 02       		.byte	2
 416 0188 15       		.byte	21
 417 0189 04       		.byte	4
 418 018a 16       		.byte	22
 419 018b 80       		.byte	-128
 420 018c 17       		.byte	23
 421 018d 21       		.byte	33
 422 018e 1E       		.byte	30
 423 018f 40       		.byte	64
 424 0190 1F       		.byte	31
 425 0191 03       		.byte	3
 426 0192 24       		.byte	36
 427 0193 01       		.byte	1
 428 0194 25       		.byte	37
 429 0195 61       		.byte	97
 430 0196 26       		.byte	38
 431 0197 10       		.byte	16
 432 0198 27       		.byte	39
 433 0199 40       		.byte	64
 434 019a 28       		.byte	40
 435 019b 02       		.byte	2
 436 019c 2A       		.byte	42
 437 019d 02       		.byte	2
 438 019e 2B       		.byte	43
 439 019f 02       		.byte	2
 440 01a0 2D       		.byte	45
 441 01a1 20       		.byte	32
 442 01a2 2E       		.byte	46
 443 01a3 81       		.byte	-127
 444 01a4 2F       		.byte	47
 445 01a5 20       		.byte	32
 446 01a6 31       		.byte	49
 447 01a7 20       		.byte	32
 448 01a8 33       		.byte	51
 449 01a9 20       		.byte	32
 450 01aa 34       		.byte	52
 451 01ab 01       		.byte	1
 452 01ac 37       		.byte	55
 453 01ad 20       		.byte	32
 454 01ae 38       		.byte	56
 455 01af 24       		.byte	36
 456 01b0 3A       		.byte	58
ARM GAS  C:\Users\CHAIYA~1\AppData\Local\Temp\ccHWj2IW.s 			page 9


 457 01b1 41       		.byte	65
 458 01b2 3C       		.byte	60
 459 01b3 04       		.byte	4
 460 01b4 3D       		.byte	61
 461 01b5 02       		.byte	2
 462 01b6 3E       		.byte	62
 463 01b7 50       		.byte	80
 464 01b8 45       		.byte	69
 465 01b9 40       		.byte	64
 466 01ba 46       		.byte	70
 467 01bb 02       		.byte	2
 468 01bc 80       		.byte	-128
 469 01bd 01       		.byte	1
 470 01be 82       		.byte	-126
 471 01bf 10       		.byte	16
 472 01c0 84       		.byte	-124
 473 01c1 20       		.byte	32
 474 01c2 90       		.byte	-112
 475 01c3 80       		.byte	-128
 476 01c4 93       		.byte	-109
 477 01c5 08       		.byte	8
 478 01c6 94       		.byte	-108
 479 01c7 24       		.byte	36
 480 01c8 95       		.byte	-107
 481 01c9 04       		.byte	4
 482 01ca 96       		.byte	-106
 483 01cb 10       		.byte	16
 484 01cc 97       		.byte	-105
 485 01cd 02       		.byte	2
 486 01ce 9E       		.byte	-98
 487 01cf 42       		.byte	66
 488 01d0 A0       		.byte	-96
 489 01d1 08       		.byte	8
 490 01d2 A5       		.byte	-91
 491 01d3 20       		.byte	32
 492 01d4 A6       		.byte	-90
 493 01d5 10       		.byte	16
 494 01d6 C0       		.byte	-64
 495 01d7 FC       		.byte	-4
 496 01d8 C2       		.byte	-62
 497 01d9 F3       		.byte	-13
 498 01da C4       		.byte	-60
 499 01db FB       		.byte	-5
 500 01dc CA       		.byte	-54
 501 01dd F9       		.byte	-7
 502 01de CC       		.byte	-52
 503 01df A4       		.byte	-92
 504 01e0 CE       		.byte	-50
 505 01e1 FF       		.byte	-1
 506 01e2 E0       		.byte	-32
 507 01e3 01       		.byte	1
 508 01e4 E2       		.byte	-30
 509 01e5 02       		.byte	2
 510 01e6 E8       		.byte	-24
 511 01e7 80       		.byte	-128
 512 01e8 02       		.byte	2
 513 01e9 01       		.byte	1
ARM GAS  C:\Users\CHAIYA~1\AppData\Local\Temp\ccHWj2IW.s 			page 10


 514 01ea 04       		.byte	4
 515 01eb 40       		.byte	64
 516 01ec 06       		.byte	6
 517 01ed 80       		.byte	-128
 518 01ee 08       		.byte	8
 519 01ef 20       		.byte	32
 520 01f0 0A       		.byte	10
 521 01f1 10       		.byte	16
 522 01f2 0E       		.byte	14
 523 01f3 08       		.byte	8
 524 01f4 0F       		.byte	15
 525 01f5 01       		.byte	1
 526 01f6 10       		.byte	16
 527 01f7 80       		.byte	-128
 528 01f8 12       		.byte	18
 529 01f9 40       		.byte	64
 530 01fa 16       		.byte	22
 531 01fb 02       		.byte	2
 532 01fc 17       		.byte	23
 533 01fd 02       		.byte	2
 534 01fe 18       		.byte	24
 535 01ff 10       		.byte	16
 536 0200 1A       		.byte	26
 537 0201 20       		.byte	32
 538 0202 1C       		.byte	28
 539 0203 04       		.byte	4
 540 0204 20       		.byte	32
 541 0205 02       		.byte	2
 542 0206 24       		.byte	36
 543 0207 01       		.byte	1
 544 0208 28       		.byte	40
 545 0209 08       		.byte	8
 546 020a 2E       		.byte	46
 547 020b 04       		.byte	4
 548 020c 30       		.byte	48
 549 020d FF       		.byte	-1
 550 020e 33       		.byte	51
 551 020f 01       		.byte	1
 552 0210 35       		.byte	53
 553 0211 02       		.byte	2
 554 0212 3E       		.byte	62
 555 0213 01       		.byte	1
 556 0214 56       		.byte	86
 557 0215 02       		.byte	2
 558 0216 57       		.byte	87
 559 0217 24       		.byte	36
 560 0218 58       		.byte	88
 561 0219 04       		.byte	4
 562 021a 59       		.byte	89
 563 021b 04       		.byte	4
 564 021c 5B       		.byte	91
 565 021d 04       		.byte	4
 566 021e 5F       		.byte	95
 567 021f 01       		.byte	1
 568 0220 D8       		.byte	-40
 569 0221 04       		.byte	4
 570 0222 D9       		.byte	-39
ARM GAS  C:\Users\CHAIYA~1\AppData\Local\Temp\ccHWj2IW.s 			page 11


 571 0223 04       		.byte	4
 572 0224 DF       		.byte	-33
 573 0225 01       		.byte	1
 574 0226 00       		.byte	0
 575 0227 10       		.byte	16
 576 0228 03       		.byte	3
 577 0229 42       		.byte	66
 578 022a 04       		.byte	4
 579 022b 80       		.byte	-128
 580 022c 07       		.byte	7
 581 022d 64       		.byte	100
 582 022e 08       		.byte	8
 583 022f 04       		.byte	4
 584 0230 0B       		.byte	11
 585 0231 01       		.byte	1
 586 0232 0C       		.byte	12
 587 0233 06       		.byte	6
 588 0234 0D       		.byte	13
 589 0235 20       		.byte	32
 590 0236 0E       		.byte	14
 591 0237 21       		.byte	33
 592 0238 11       		.byte	17
 593 0239 A0       		.byte	-96
 594 023a 16       		.byte	22
 595 023b 02       		.byte	2
 596 023c 17       		.byte	23
 597 023d 19       		.byte	25
 598 023e 1D       		.byte	29
 599 023f 02       		.byte	2
 600 0240 24       		.byte	36
 601 0241 34       		.byte	52
 602 0242 25       		.byte	37
 603 0243 34       		.byte	52
 604 0244 27       		.byte	39
 605 0245 20       		.byte	32
 606 0246 28       		.byte	40
 607 0247 04       		.byte	4
 608 0248 2A       		.byte	42
 609 0249 02       		.byte	2
 610 024a 2B       		.byte	43
 611 024b 02       		.byte	2
 612 024c 2E       		.byte	46
 613 024d 02       		.byte	2
 614 024e 2F       		.byte	47
 615 024f 02       		.byte	2
 616 0250 31       		.byte	49
 617 0251 20       		.byte	32
 618 0252 33       		.byte	51
 619 0253 40       		.byte	64
 620 0254 36       		.byte	54
 621 0255 10       		.byte	16
 622 0256 37       		.byte	55
 623 0257 44       		.byte	68
 624 0258 38       		.byte	56
 625 0259 10       		.byte	16
 626 025a 3B       		.byte	59
 627 025b 01       		.byte	1
ARM GAS  C:\Users\CHAIYA~1\AppData\Local\Temp\ccHWj2IW.s 			page 12


 628 025c 3D       		.byte	61
 629 025d 68       		.byte	104
 630 025e 3F       		.byte	63
 631 025f 01       		.byte	1
 632 0260 65       		.byte	101
 633 0261 20       		.byte	32
 634 0262 6C       		.byte	108
 635 0263 02       		.byte	2
 636 0264 6D       		.byte	109
 637 0265 44       		.byte	68
 638 0266 6E       		.byte	110
 639 0267 01       		.byte	1
 640 0268 6F       		.byte	111
 641 0269 14       		.byte	20
 642 026a 77       		.byte	119
 643 026b 09       		.byte	9
 644 026c 8B       		.byte	-117
 645 026d 02       		.byte	2
 646 026e 8C       		.byte	-116
 647 026f 04       		.byte	4
 648 0270 8E       		.byte	-114
 649 0271 08       		.byte	8
 650 0272 8F       		.byte	-113
 651 0273 40       		.byte	64
 652 0274 90       		.byte	-112
 653 0275 80       		.byte	-128
 654 0276 93       		.byte	-109
 655 0277 08       		.byte	8
 656 0278 94       		.byte	-108
 657 0279 24       		.byte	36
 658 027a 95       		.byte	-107
 659 027b 04       		.byte	4
 660 027c 96       		.byte	-106
 661 027d 01       		.byte	1
 662 027e 9A       		.byte	-102
 663 027f 02       		.byte	2
 664 0280 9B       		.byte	-101
 665 0281 40       		.byte	64
 666 0282 9F       		.byte	-97
 667 0283 29       		.byte	41
 668 0284 A0       		.byte	-96
 669 0285 28       		.byte	40
 670 0286 A1       		.byte	-95
 671 0287 40       		.byte	64
 672 0288 A2       		.byte	-94
 673 0289 10       		.byte	16
 674 028a A3       		.byte	-93
 675 028b 02       		.byte	2
 676 028c A5       		.byte	-91
 677 028d 02       		.byte	2
 678 028e C0       		.byte	-64
 679 028f FB       		.byte	-5
 680 0290 C2       		.byte	-62
 681 0291 F5       		.byte	-11
 682 0292 C4       		.byte	-60
 683 0293 F3       		.byte	-13
 684 0294 CA       		.byte	-54
ARM GAS  C:\Users\CHAIYA~1\AppData\Local\Temp\ccHWj2IW.s 			page 13


 685 0295 9D       		.byte	-99
 686 0296 CC       		.byte	-52
 687 0297 7C       		.byte	124
 688 0298 CE       		.byte	-50
 689 0299 F5       		.byte	-11
 690 029a D8       		.byte	-40
 691 029b 20       		.byte	32
 692 029c 58       		.byte	88
 693 029d 04       		.byte	4
 694 029e 59       		.byte	89
 695 029f 04       		.byte	4
 696 02a0 5F       		.byte	95
 697 02a1 01       		.byte	1
 698 02a2 D8       		.byte	-40
 699 02a3 04       		.byte	4
 700 02a4 D9       		.byte	-39
 701 02a5 04       		.byte	4
 702 02a6 DF       		.byte	-33
 703 02a7 01       		.byte	1
 704 02a8 00       		.byte	0
 705 02a9 01       		.byte	1
 706 02aa 01       		.byte	1
 707 02ab 80       		.byte	-128
 708 02ac 03       		.byte	3
 709 02ad 10       		.byte	16
 710 02ae 04       		.byte	4
 711 02af 01       		.byte	1
 712 02b0 06       		.byte	6
 713 02b1 80       		.byte	-128
 714 02b2 07       		.byte	7
 715 02b3 10       		.byte	16
 716 02b4 0A       		.byte	10
 717 02b5 09       		.byte	9
 718 02b6 0C       		.byte	12
 719 02b7 20       		.byte	32
 720 02b8 0E       		.byte	14
 721 02b9 01       		.byte	1
 722 02ba 0F       		.byte	15
 723 02bb 20       		.byte	32
 724 02bc 10       		.byte	16
 725 02bd 20       		.byte	32
 726 02be 11       		.byte	17
 727 02bf 02       		.byte	2
 728 02c0 14       		.byte	20
 729 02c1 40       		.byte	64
 730 02c2 16       		.byte	22
 731 02c3 20       		.byte	32
 732 02c4 28       		.byte	40
 733 02c5 40       		.byte	64
 734 02c6 2A       		.byte	42
 735 02c7 08       		.byte	8
 736 02c8 2C       		.byte	44
 737 02c9 20       		.byte	32
 738 02ca 2F       		.byte	47
 739 02cb 42       		.byte	66
 740 02cc 30       		.byte	48
 741 02cd 20       		.byte	32
ARM GAS  C:\Users\CHAIYA~1\AppData\Local\Temp\ccHWj2IW.s 			page 14


 742 02ce 31       		.byte	49
 743 02cf 01       		.byte	1
 744 02d0 34       		.byte	52
 745 02d1 40       		.byte	64
 746 02d2 38       		.byte	56
 747 02d3 21       		.byte	33
 748 02d4 3B       		.byte	59
 749 02d5 80       		.byte	-128
 750 02d6 3E       		.byte	62
 751 02d7 A8       		.byte	-88
 752 02d8 8A       		.byte	-118
 753 02d9 01       		.byte	1
 754 02da 8B       		.byte	-117
 755 02db 40       		.byte	64
 756 02dc 8C       		.byte	-116
 757 02dd 10       		.byte	16
 758 02de 8D       		.byte	-115
 759 02df 81       		.byte	-127
 760 02e0 8E       		.byte	-114
 761 02e1 28       		.byte	40
 762 02e2 8F       		.byte	-113
 763 02e3 10       		.byte	16
 764 02e4 9A       		.byte	-102
 765 02e5 80       		.byte	-128
 766 02e6 C0       		.byte	-64
 767 02e7 3D       		.byte	61
 768 02e8 C2       		.byte	-62
 769 02e9 E3       		.byte	-29
 770 02ea C4       		.byte	-60
 771 02eb 3C       		.byte	60
 772 02ec CA       		.byte	-54
 773 02ed D3       		.byte	-45
 774 02ee CC       		.byte	-52
 775 02ef 15       		.byte	21
 776 02f0 CE       		.byte	-50
 777 02f1 7D       		.byte	125
 778 02f2 E0       		.byte	-32
 779 02f3 10       		.byte	16
 780 02f4 E4       		.byte	-28
 781 02f5 C0       		.byte	-64
 782 02f6 82       		.byte	-126
 783 02f7 80       		.byte	-128
 784 02f8 E2       		.byte	-30
 785 02f9 02       		.byte	2
 786 02fa E8       		.byte	-24
 787 02fb 80       		.byte	-128
 788 02fc 06       		.byte	6
 789 02fd 08       		.byte	8
 790 02fe 07       		.byte	7
 791 02ff 02       		.byte	2
 792 0300 0A       		.byte	10
 793 0301 01       		.byte	1
 794 0302 0E       		.byte	14
 795 0303 04       		.byte	4
 796 0304 11       		.byte	17
 797 0305 01       		.byte	1
 798 0306 18       		.byte	24
ARM GAS  C:\Users\CHAIYA~1\AppData\Local\Temp\ccHWj2IW.s 			page 15


 799 0307 01       		.byte	1
 800 0308 23       		.byte	35
 801 0309 01       		.byte	1
 802 030a 26       		.byte	38
 803 030b 04       		.byte	4
 804 030c 2A       		.byte	42
 805 030d 02       		.byte	2
 806 030e 30       		.byte	48
 807 030f 03       		.byte	3
 808 0310 31       		.byte	49
 809 0311 03       		.byte	3
 810 0312 32       		.byte	50
 811 0313 03       		.byte	3
 812 0314 34       		.byte	52
 813 0315 0C       		.byte	12
 814 0316 35       		.byte	53
 815 0317 03       		.byte	3
 816 0318 37       		.byte	55
 817 0319 03       		.byte	3
 818 031a 3E       		.byte	62
 819 031b 10       		.byte	16
 820 031c 52       		.byte	82
 821 031d 03       		.byte	3
 822 031e 53       		.byte	83
 823 031f 02       		.byte	2
 824 0320 54       		.byte	84
 825 0321 01       		.byte	1
 826 0322 58       		.byte	88
 827 0323 04       		.byte	4
 828 0324 59       		.byte	89
 829 0325 04       		.byte	4
 830 0326 5B       		.byte	91
 831 0327 04       		.byte	4
 832 0328 5C       		.byte	92
 833 0329 09       		.byte	9
 834 032a 5F       		.byte	95
 835 032b 01       		.byte	1
 836 032c 80       		.byte	-128
 837 032d 03       		.byte	3
 838 032e 81       		.byte	-127
 839 032f 07       		.byte	7
 840 0330 89       		.byte	-119
 841 0331 01       		.byte	1
 842 0332 8B       		.byte	-117
 843 0333 06       		.byte	6
 844 0334 8C       		.byte	-116
 845 0335 03       		.byte	3
 846 0336 94       		.byte	-108
 847 0337 03       		.byte	3
 848 0338 95       		.byte	-107
 849 0339 05       		.byte	5
 850 033a 97       		.byte	-105
 851 033b 02       		.byte	2
 852 033c 9C       		.byte	-100
 853 033d 02       		.byte	2
 854 033e 9D       		.byte	-99
 855 033f 07       		.byte	7
ARM GAS  C:\Users\CHAIYA~1\AppData\Local\Temp\ccHWj2IW.s 			page 16


 856 0340 9E       		.byte	-98
 857 0341 01       		.byte	1
 858 0342 A1       		.byte	-95
 859 0343 07       		.byte	7
 860 0344 A2       		.byte	-94
 861 0345 03       		.byte	3
 862 0346 A4       		.byte	-92
 863 0347 01       		.byte	1
 864 0348 A6       		.byte	-90
 865 0349 02       		.byte	2
 866 034a A8       		.byte	-88
 867 034b 03       		.byte	3
 868 034c A9       		.byte	-87
 869 034d 07       		.byte	7
 870 034e AF       		.byte	-81
 871 034f 07       		.byte	7
 872 0350 B0       		.byte	-80
 873 0351 02       		.byte	2
 874 0352 B1       		.byte	-79
 875 0353 02       		.byte	2
 876 0354 B4       		.byte	-76
 877 0355 01       		.byte	1
 878 0356 B5       		.byte	-75
 879 0357 04       		.byte	4
 880 0358 B7       		.byte	-73
 881 0359 01       		.byte	1
 882 035a D8       		.byte	-40
 883 035b 04       		.byte	4
 884 035c D9       		.byte	-39
 885 035d 04       		.byte	4
 886 035e DF       		.byte	-33
 887 035f 01       		.byte	1
 888 0360 00       		.byte	0
 889 0361 18       		.byte	24
 890 0362 01       		.byte	1
 891 0363 40       		.byte	64
 892 0364 06       		.byte	6
 893 0365 02       		.byte	2
 894 0366 07       		.byte	7
 895 0367 40       		.byte	64
 896 0368 09       		.byte	9
 897 0369 20       		.byte	32
 898 036a 0C       		.byte	12
 899 036b 04       		.byte	4
 900 036c 0F       		.byte	15
 901 036d 01       		.byte	1
 902 036e 10       		.byte	16
 903 036f 28       		.byte	40
 904 0370 15       		.byte	21
 905 0371 10       		.byte	16
 906 0372 16       		.byte	22
 907 0373 40       		.byte	64
 908 0374 17       		.byte	23
 909 0375 04       		.byte	4
 910 0376 18       		.byte	24
 911 0377 10       		.byte	16
 912 0378 19       		.byte	25
ARM GAS  C:\Users\CHAIYA~1\AppData\Local\Temp\ccHWj2IW.s 			page 17


 913 0379 21       		.byte	33
 914 037a 1E       		.byte	30
 915 037b 04       		.byte	4
 916 037c 1F       		.byte	31
 917 037d 01       		.byte	1
 918 037e 21       		.byte	33
 919 037f 23       		.byte	35
 920 0380 22       		.byte	34
 921 0381 40       		.byte	64
 922 0382 24       		.byte	36
 923 0383 01       		.byte	1
 924 0384 26       		.byte	38
 925 0385 22       		.byte	34
 926 0386 28       		.byte	40
 927 0387 04       		.byte	4
 928 0388 29       		.byte	41
 929 0389 01       		.byte	1
 930 038a 2A       		.byte	42
 931 038b 40       		.byte	64
 932 038c 2B       		.byte	43
 933 038d 02       		.byte	2
 934 038e 2C       		.byte	44
 935 038f 04       		.byte	4
 936 0390 2E       		.byte	46
 937 0391 02       		.byte	2
 938 0392 2F       		.byte	47
 939 0393 02       		.byte	2
 940 0394 31       		.byte	49
 941 0395 02       		.byte	2
 942 0396 32       		.byte	50
 943 0397 18       		.byte	24
 944 0398 33       		.byte	51
 945 0399 44       		.byte	68
 946 039a 36       		.byte	54
 947 039b 08       		.byte	8
 948 039c 37       		.byte	55
 949 039d 40       		.byte	64
 950 039e 39       		.byte	57
 951 039f 10       		.byte	16
 952 03a0 3B       		.byte	59
 953 03a1 19       		.byte	25
 954 03a2 3F       		.byte	63
 955 03a3 11       		.byte	17
 956 03a4 5A       		.byte	90
 957 03a5 80       		.byte	-128
 958 03a6 68       		.byte	104
 959 03a7 04       		.byte	4
 960 03a8 69       		.byte	105
 961 03a9 40       		.byte	64
 962 03aa 82       		.byte	-126
 963 03ab 12       		.byte	18
 964 03ac 85       		.byte	-123
 965 03ad 01       		.byte	1
 966 03ae 86       		.byte	-122
 967 03af 04       		.byte	4
 968 03b0 8A       		.byte	-118
 969 03b1 22       		.byte	34
ARM GAS  C:\Users\CHAIYA~1\AppData\Local\Temp\ccHWj2IW.s 			page 18


 970 03b2 8C       		.byte	-116
 971 03b3 01       		.byte	1
 972 03b4 8F       		.byte	-113
 973 03b5 01       		.byte	1
 974 03b6 93       		.byte	-109
 975 03b7 19       		.byte	25
 976 03b8 98       		.byte	-104
 977 03b9 04       		.byte	4
 978 03ba 9A       		.byte	-102
 979 03bb 02       		.byte	2
 980 03bc 9B       		.byte	-101
 981 03bd 40       		.byte	64
 982 03be 9D       		.byte	-99
 983 03bf 20       		.byte	32
 984 03c0 9E       		.byte	-98
 985 03c1 40       		.byte	64
 986 03c2 A0       		.byte	-96
 987 03c3 28       		.byte	40
 988 03c4 A2       		.byte	-94
 989 03c5 08       		.byte	8
 990 03c6 A3       		.byte	-93
 991 03c7 02       		.byte	2
 992 03c8 C0       		.byte	-64
 993 03c9 97       		.byte	-105
 994 03ca C2       		.byte	-62
 995 03cb A2       		.byte	-94
 996 03cc C4       		.byte	-60
 997 03cd 76       		.byte	118
 998 03ce CA       		.byte	-54
 999 03cf BD       		.byte	-67
 1000 03d0 CC       		.byte	-52
 1001 03d1 5F       		.byte	95
 1002 03d2 CE       		.byte	-50
 1003 03d3 A7       		.byte	-89
 1004 03d4 D6       		.byte	-42
 1005 03d5 08       		.byte	8
 1006 03d6 E2       		.byte	-30
 1007 03d7 70       		.byte	112
 1008 03d8 E6       		.byte	-26
 1009 03d9 30       		.byte	48
 1010 03da E8       		.byte	-24
 1011 03db 10       		.byte	16
 1012 03dc EE       		.byte	-18
 1013 03dd 08       		.byte	8
 1014 03de 40       		.byte	64
 1015 03df 41       		.byte	65
 1016 03e0 49       		.byte	73
 1017 03e1 FF       		.byte	-1
 1018 03e2 4A       		.byte	74
 1019 03e3 FF       		.byte	-1
 1020 03e4 4B       		.byte	75
 1021 03e5 FF       		.byte	-1
 1022 03e6 4F       		.byte	79
 1023 03e7 01       		.byte	1
 1024 03e8 50       		.byte	80
 1025 03e9 18       		.byte	24
 1026 03ea 52       		.byte	82
ARM GAS  C:\Users\CHAIYA~1\AppData\Local\Temp\ccHWj2IW.s 			page 19


 1027 03eb 80       		.byte	-128
 1028 03ec 58       		.byte	88
 1029 03ed 04       		.byte	4
 1030 03ee 59       		.byte	89
 1031 03ef 04       		.byte	4
 1032 03f0 5A       		.byte	90
 1033 03f1 04       		.byte	4
 1034 03f2 5B       		.byte	91
 1035 03f3 04       		.byte	4
 1036 03f4 5D       		.byte	93
 1037 03f5 11       		.byte	17
 1038 03f6 5F       		.byte	95
 1039 03f7 01       		.byte	1
 1040 03f8 60       		.byte	96
 1041 03f9 40       		.byte	64
 1042 03fa 62       		.byte	98
 1043 03fb 40       		.byte	64
 1044 03fc 64       		.byte	100
 1045 03fd 40       		.byte	64
 1046 03fe 65       		.byte	101
 1047 03ff 40       		.byte	64
 1048 0400 66       		.byte	102
 1049 0401 80       		.byte	-128
 1050 0402 68       		.byte	104
 1051 0403 80       		.byte	-128
 1052 0404 6A       		.byte	106
 1053 0405 80       		.byte	-128
 1054 0406 6C       		.byte	108
 1055 0407 80       		.byte	-128
 1056 0408 6E       		.byte	110
 1057 0409 80       		.byte	-128
 1058 040a 92       		.byte	-110
 1059 040b 01       		.byte	1
 1060 040c AE       		.byte	-82
 1061 040d 01       		.byte	1
 1062 040e B6       		.byte	-74
 1063 040f 01       		.byte	1
 1064 0410 BE       		.byte	-66
 1065 0411 40       		.byte	64
 1066 0412 C0       		.byte	-64
 1067 0413 41       		.byte	65
 1068 0414 C5       		.byte	-59
 1069 0415 EC       		.byte	-20
 1070 0416 C6       		.byte	-58
 1071 0417 02       		.byte	2
 1072 0418 C8       		.byte	-56
 1073 0419 07       		.byte	7
 1074 041a C9       		.byte	-55
 1075 041b FF       		.byte	-1
 1076 041c CA       		.byte	-54
 1077 041d FF       		.byte	-1
 1078 041e CB       		.byte	-53
 1079 041f FF       		.byte	-1
 1080 0420 CD       		.byte	-51
 1081 0421 83       		.byte	-125
 1082 0422 CE       		.byte	-50
 1083 0423 03       		.byte	3
ARM GAS  C:\Users\CHAIYA~1\AppData\Local\Temp\ccHWj2IW.s 			page 20


 1084 0424 CF       		.byte	-49
 1085 0425 01       		.byte	1
 1086 0426 D0       		.byte	-48
 1087 0427 18       		.byte	24
 1088 0428 D4       		.byte	-44
 1089 0429 01       		.byte	1
 1090 042a D6       		.byte	-42
 1091 042b 04       		.byte	4
 1092 042c D8       		.byte	-40
 1093 042d 04       		.byte	4
 1094 042e D9       		.byte	-39
 1095 042f 04       		.byte	4
 1096 0430 DA       		.byte	-38
 1097 0431 04       		.byte	4
 1098 0432 DB       		.byte	-37
 1099 0433 04       		.byte	4
 1100 0434 DD       		.byte	-35
 1101 0435 11       		.byte	17
 1102 0436 DF       		.byte	-33
 1103 0437 01       		.byte	1
 1104 0438 E0       		.byte	-32
 1105 0439 40       		.byte	64
 1106 043a E2       		.byte	-30
 1107 043b 40       		.byte	64
 1108 043c E4       		.byte	-28
 1109 043d 40       		.byte	64
 1110 043e E5       		.byte	-27
 1111 043f 40       		.byte	64
 1112 0440 E6       		.byte	-26
 1113 0441 80       		.byte	-128
 1114 0442 E8       		.byte	-24
 1115 0443 80       		.byte	-128
 1116 0444 EA       		.byte	-22
 1117 0445 80       		.byte	-128
 1118 0446 EC       		.byte	-20
 1119 0447 80       		.byte	-128
 1120 0448 EE       		.byte	-18
 1121 0449 80       		.byte	-128
 1122 044a 02       		.byte	2
 1123 044b 08       		.byte	8
 1124 044c 03       		.byte	3
 1125 044d 42       		.byte	66
 1126 044e 04       		.byte	4
 1127 044f 10       		.byte	16
 1128 0450 06       		.byte	6
 1129 0451 02       		.byte	2
 1130 0452 07       		.byte	7
 1131 0453 40       		.byte	64
 1132 0454 08       		.byte	8
 1133 0455 04       		.byte	4
 1134 0456 0B       		.byte	11
 1135 0457 81       		.byte	-127
 1136 0458 0D       		.byte	13
 1137 0459 20       		.byte	32
 1138 045a 0F       		.byte	15
 1139 045b 01       		.byte	1
 1140 045c 10       		.byte	16
ARM GAS  C:\Users\CHAIYA~1\AppData\Local\Temp\ccHWj2IW.s 			page 21


 1141 045d 42       		.byte	66
 1142 045e 13       		.byte	19
 1143 045f 10       		.byte	16
 1144 0460 14       		.byte	20
 1145 0461 04       		.byte	4
 1146 0462 16       		.byte	22
 1147 0463 40       		.byte	64
 1148 0464 19       		.byte	25
 1149 0465 40       		.byte	64
 1150 0466 2A       		.byte	42
 1151 0467 22       		.byte	34
 1152 0468 2C       		.byte	44
 1153 0469 44       		.byte	68
 1154 046a 2E       		.byte	46
 1155 046b 02       		.byte	2
 1156 046c 2F       		.byte	47
 1157 046d 02       		.byte	2
 1158 046e 30       		.byte	48
 1159 046f 04       		.byte	4
 1160 0470 33       		.byte	51
 1161 0471 42       		.byte	66
 1162 0472 36       		.byte	54
 1163 0473 08       		.byte	8
 1164 0474 37       		.byte	55
 1165 0475 40       		.byte	64
 1166 0476 38       		.byte	56
 1167 0477 04       		.byte	4
 1168 0478 3B       		.byte	59
 1169 0479 01       		.byte	1
 1170 047a 3C       		.byte	60
 1171 047b 10       		.byte	16
 1172 047c 3E       		.byte	62
 1173 047d 20       		.byte	32
 1174 047e 3F       		.byte	63
 1175 047f 11       		.byte	17
 1176 0480 41       		.byte	65
 1177 0481 80       		.byte	-128
 1178 0482 42       		.byte	66
 1179 0483 80       		.byte	-128
 1180 0484 45       		.byte	69
 1181 0485 80       		.byte	-128
 1182 0486 46       		.byte	70
 1183 0487 80       		.byte	-128
 1184 0488 49       		.byte	73
 1185 0489 05       		.byte	5
 1186 048a 51       		.byte	81
 1187 048b 80       		.byte	-128
 1188 048c 53       		.byte	83
 1189 048d 40       		.byte	64
 1190 048e 59       		.byte	89
 1191 048f 45       		.byte	69
 1192 0490 63       		.byte	99
 1193 0491 40       		.byte	64
 1194 0492 74       		.byte	116
 1195 0493 02       		.byte	2
 1196 0494 76       		.byte	118
 1197 0495 80       		.byte	-128
ARM GAS  C:\Users\CHAIYA~1\AppData\Local\Temp\ccHWj2IW.s 			page 22


 1198 0496 87       		.byte	-121
 1199 0497 40       		.byte	64
 1200 0498 90       		.byte	-112
 1201 0499 14       		.byte	20
 1202 049a 93       		.byte	-109
 1203 049b 09       		.byte	9
 1204 049c 98       		.byte	-104
 1205 049d 04       		.byte	4
 1206 049e 9A       		.byte	-102
 1207 049f 02       		.byte	2
 1208 04a0 9B       		.byte	-101
 1209 04a1 40       		.byte	64
 1210 04a2 9D       		.byte	-99
 1211 04a3 20       		.byte	32
 1212 04a4 A0       		.byte	-96
 1213 04a5 28       		.byte	40
 1214 04a6 A1       		.byte	-95
 1215 04a7 20       		.byte	32
 1216 04a8 A2       		.byte	-94
 1217 04a9 08       		.byte	8
 1218 04aa A3       		.byte	-93
 1219 04ab 02       		.byte	2
 1220 04ac B2       		.byte	-78
 1221 04ad 10       		.byte	16
 1222 04ae B4       		.byte	-76
 1223 04af 50       		.byte	80
 1224 04b0 B7       		.byte	-73
 1225 04b1 01       		.byte	1
 1226 04b2 C0       		.byte	-64
 1227 04b3 DB       		.byte	-37
 1228 04b4 C2       		.byte	-62
 1229 04b5 CD       		.byte	-51
 1230 04b6 C4       		.byte	-60
 1231 04b7 5B       		.byte	91
 1232 04b8 CA       		.byte	-54
 1233 04b9 B5       		.byte	-75
 1234 04ba CC       		.byte	-52
 1235 04bb 5B       		.byte	91
 1236 04bc CE       		.byte	-50
 1237 04bd A3       		.byte	-93
 1238 04be D0       		.byte	-48
 1239 04bf 99       		.byte	-103
 1240 04c0 D6       		.byte	-42
 1241 04c1 0B       		.byte	11
 1242 04c2 D8       		.byte	-40
 1243 04c3 01       		.byte	1
 1244 04c4 B0       		.byte	-80
 1245 04c5 40       		.byte	64
 1246 04c6 B2       		.byte	-78
 1247 04c7 04       		.byte	4
 1248 04c8 B4       		.byte	-76
 1249 04c9 20       		.byte	32
 1250 04ca B5       		.byte	-75
 1251 04cb 01       		.byte	1
 1252 04cc B7       		.byte	-73
 1253 04cd 12       		.byte	18
 1254 04ce E8       		.byte	-24
ARM GAS  C:\Users\CHAIYA~1\AppData\Local\Temp\ccHWj2IW.s 			page 23


 1255 04cf 80       		.byte	-128
 1256 04d0 EC       		.byte	-20
 1257 04d1 50       		.byte	80
 1258 04d2 E2       		.byte	-30
 1259 04d3 10       		.byte	16
 1260 04d4 E8       		.byte	-24
 1261 04d5 10       		.byte	16
 1262 04d6 EE       		.byte	-18
 1263 04d7 08       		.byte	8
 1264 04d8 12       		.byte	18
 1265 04d9 04       		.byte	4
 1266 04da 14       		.byte	20
 1267 04db 40       		.byte	64
 1268 04dc 17       		.byte	23
 1269 04dd 04       		.byte	4
 1270 04de 32       		.byte	50
 1271 04df 20       		.byte	32
 1272 04e0 36       		.byte	54
 1273 04e1 40       		.byte	64
 1274 04e2 3A       		.byte	58
 1275 04e3 04       		.byte	4
 1276 04e4 3F       		.byte	63
 1277 04e5 42       		.byte	66
 1278 04e6 C4       		.byte	-60
 1279 04e7 60       		.byte	96
 1280 04e8 CC       		.byte	-52
 1281 04e9 30       		.byte	48
 1282 04ea CE       		.byte	-50
 1283 04eb E0       		.byte	-32
 1284 04ec 01       		.byte	1
 1285 04ed 02       		.byte	2
 1286 04ee 57       		.byte	87
 1287 04ef 10       		.byte	16
 1288 04f0 97       		.byte	-105
 1289 04f1 40       		.byte	64
 1290 04f2 A6       		.byte	-90
 1291 04f3 60       		.byte	96
 1292 04f4 A7       		.byte	-89
 1293 04f5 01       		.byte	1
 1294 04f6 AB       		.byte	-85
 1295 04f7 04       		.byte	4
 1296 04f8 AC       		.byte	-84
 1297 04f9 40       		.byte	64
 1298 04fa C0       		.byte	-64
 1299 04fb 10       		.byte	16
 1300 04fc D4       		.byte	-44
 1301 04fd 40       		.byte	64
 1302 04fe E8       		.byte	-24
 1303 04ff 80       		.byte	-128
 1304 0500 EC       		.byte	-20
 1305 0501 10       		.byte	16
 1306 0502 97       		.byte	-105
 1307 0503 40       		.byte	64
 1308 0504 A6       		.byte	-90
 1309 0505 60       		.byte	96
 1310 0506 A7       		.byte	-89
 1311 0507 11       		.byte	17
ARM GAS  C:\Users\CHAIYA~1\AppData\Local\Temp\ccHWj2IW.s 			page 24


 1312 0508 B1       		.byte	-79
 1313 0509 02       		.byte	2
 1314 050a 97       		.byte	-105
 1315 050b 40       		.byte	64
 1316 050c A6       		.byte	-90
 1317 050d 60       		.byte	96
 1318 050e A7       		.byte	-89
 1319 050f 11       		.byte	17
 1320 0510 23       		.byte	35
 1321 0511 80       		.byte	-128
 1322 0512 C8       		.byte	-56
 1323 0513 02       		.byte	2
 1324 0514 87       		.byte	-121
 1325 0515 80       		.byte	-128
 1326 0516 98       		.byte	-104
 1327 0517 20       		.byte	32
 1328 0518 9B       		.byte	-101
 1329 0519 80       		.byte	-128
 1330 051a B0       		.byte	-80
 1331 051b 20       		.byte	32
 1332 051c E8       		.byte	-24
 1333 051d 01       		.byte	1
 1334 051e 98       		.byte	-104
 1335 051f 20       		.byte	32
 1336 0520 24       		.byte	36
 1337 0521 08       		.byte	8
 1338 0522 86       		.byte	-122
 1339 0523 40       		.byte	64
 1340 0524 97       		.byte	-105
 1341 0525 40       		.byte	64
 1342 0526 A6       		.byte	-90
 1343 0527 60       		.byte	96
 1344 0528 A7       		.byte	-89
 1345 0529 11       		.byte	17
 1346 052a C8       		.byte	-56
 1347 052b 20       		.byte	32
 1348 052c E6       		.byte	-26
 1349 052d 40       		.byte	64
 1350 052e 56       		.byte	86
 1351 052f 80       		.byte	-128
 1352 0530 59       		.byte	89
 1353 0531 08       		.byte	8
 1354 0532 5E       		.byte	94
 1355 0533 84       		.byte	-124
 1356 0534 66       		.byte	102
 1357 0535 10       		.byte	16
 1358 0536 86       		.byte	-122
 1359 0537 30       		.byte	48
 1360 0538 87       		.byte	-121
 1361 0539 40       		.byte	64
 1362 053a 8A       		.byte	-118
 1363 053b 44       		.byte	68
 1364 053c 8D       		.byte	-115
 1365 053d 08       		.byte	8
 1366 053e 8E       		.byte	-114
 1367 053f 80       		.byte	-128
 1368 0540 8F       		.byte	-113
ARM GAS  C:\Users\CHAIYA~1\AppData\Local\Temp\ccHWj2IW.s 			page 25


 1369 0541 10       		.byte	16
 1370 0542 97       		.byte	-105
 1371 0543 40       		.byte	64
 1372 0544 A6       		.byte	-90
 1373 0545 20       		.byte	32
 1374 0546 A7       		.byte	-89
 1375 0547 10       		.byte	16
 1376 0548 AF       		.byte	-81
 1377 0549 01       		.byte	1
 1378 054a B4       		.byte	-76
 1379 054b 04       		.byte	4
 1380 054c D4       		.byte	-44
 1381 054d 40       		.byte	64
 1382 054e D6       		.byte	-42
 1383 054f E0       		.byte	-32
 1384 0550 D8       		.byte	-40
 1385 0551 80       		.byte	-128
 1386 0552 E2       		.byte	-30
 1387 0553 40       		.byte	64
 1388 0554 E6       		.byte	-26
 1389 0555 40       		.byte	64
 1390 0556 EE       		.byte	-18
 1391 0557 10       		.byte	16
 1392 0558 1F       		.byte	31
 1393 0559 80       		.byte	-128
 1394 055a 34       		.byte	52
 1395 055b 02       		.byte	2
 1396 055c 98       		.byte	-104
 1397 055d 20       		.byte	32
 1398 055e C6       		.byte	-58
 1399 055f 01       		.byte	1
 1400 0560 CC       		.byte	-52
 1401 0561 01       		.byte	1
 1402 0562 18       		.byte	24
 1403 0563 10       		.byte	16
 1404 0564 78       		.byte	120
 1405 0565 20       		.byte	32
 1406 0566 8C       		.byte	-116
 1407 0567 10       		.byte	16
 1408 0568 98       		.byte	-104
 1409 0569 20       		.byte	32
 1410 056a AF       		.byte	-81
 1411 056b 80       		.byte	-128
 1412 056c B4       		.byte	-76
 1413 056d 02       		.byte	2
 1414 056e C6       		.byte	-58
 1415 056f 08       		.byte	8
 1416 0570 DE       		.byte	-34
 1417 0571 02       		.byte	2
 1418 0572 E2       		.byte	-30
 1419 0573 08       		.byte	8
 1420 0574 E8       		.byte	-24
 1421 0575 08       		.byte	8
 1422 0576 00       		.byte	0
 1423 0577 01       		.byte	1
 1424 0578 08       		.byte	8
 1425 0579 01       		.byte	1
ARM GAS  C:\Users\CHAIYA~1\AppData\Local\Temp\ccHWj2IW.s 			page 26


 1426 057a 0A       		.byte	10
 1427 057b 01       		.byte	1
 1428 057c 0C       		.byte	12
 1429 057d 01       		.byte	1
 1430 057e 10       		.byte	16
 1431 057f 03       		.byte	3
 1432 0580 11       		.byte	17
 1433 0581 01       		.byte	1
 1434 0582 1A       		.byte	26
 1435 0583 03       		.byte	3
 1436 0584 1B       		.byte	27
 1437 0585 01       		.byte	1
 1438 0586 00       		.byte	0
 1439 0587 0F       		.byte	15
 1440 0588 10       		.byte	16
 1441 0589 2A       		.byte	42
 1442 058a 00       		.byte	0
 1443 058b 00       		.byte	0
 1444 058c 01       		.byte	1
 1445 058d 02       		.byte	2
 1446 058e 02       		.byte	2
 1447 058f 00       		.byte	0
 1448 0590 02       		.byte	2
 1449 0591 00       		.byte	0
 1450 0592 00       		.byte	0
 1451 0593 00       		.byte	0
 1452 0594 00       		.byte	0
 1453 0595 7F       		.byte	127
 1454 0596 7F       		.byte	127
 1455 0597 00       		.byte	0
 1456 0598 00       		.byte	0
 1457 0599 00       		.byte	0
 1458 059a 00       		.byte	0
 1459 059b 00       		.byte	0
 1460 059c 00       		.byte	0
 1461 059d 00       		.byte	0
 1462 059e 00       		.byte	0
 1463 059f 00       		.byte	0
 1464 05a0 00       		.byte	0
 1465 05a1 7C       		.byte	124
 1466 05a2 7C       		.byte	124
 1467 05a3 00       		.byte	0
 1468 05a4 02       		.byte	2
 1469 05a5 00       		.byte	0
 1470 05a6 00       		.byte	0
 1471 05a7 0A       		.byte	10
 1472 05a8 08       		.byte	8
 1473 05a9 00       		.byte	0
 1474 05aa 00       		.byte	0
 1475 05ab 00       		.byte	0
 1476 05ac 00       		.byte	0
 1477 05ad 00       		.byte	0
 1478 05ae 00       		.byte	0
 1479 05af 00       		.byte	0
 1480 05b0 00       		.byte	0
 1481 05b1 01       		.byte	1
 1482 05b2 00       		.byte	0
ARM GAS  C:\Users\CHAIYA~1\AppData\Local\Temp\ccHWj2IW.s 			page 27


 1483 05b3 00       		.byte	0
 1484 05b4 00       		.byte	0
 1485 05b5 02       		.byte	2
 1486 05b6 00       		.byte	0
 1487 05b7 00       		.byte	0
 1488              		.global	cy_meta_custnvl
 1489              		.section	.cycustnvl,"a",%progbits
 1490              		.align	2
 1491              		.type	cy_meta_custnvl, %object
 1492              		.size	cy_meta_custnvl, 4
 1493              	cy_meta_custnvl:
 1494 0000 00       		.byte	0
 1495 0001 00       		.byte	0
 1496 0002 40       		.byte	64
 1497 0003 05       		.byte	5
 1498              		.global	cy_meta_wonvl
 1499              		.section	.cywolatch,"a",%progbits
 1500              		.align	2
 1501              		.type	cy_meta_wonvl, %object
 1502              		.size	cy_meta_wonvl, 4
 1503              	cy_meta_wonvl:
 1504 0000 BC       		.byte	-68
 1505 0001 90       		.byte	-112
 1506 0002 AC       		.byte	-84
 1507 0003 AF       		.byte	-81
 1508              		.global	cy_meta_flashprotect
 1509              		.section	.cyflashprotect,"a",%progbits
 1510              		.align	2
 1511              		.type	cy_meta_flashprotect, %object
 1512              		.size	cy_meta_flashprotect, 256
 1513              	cy_meta_flashprotect:
 1514 0000 00000000 		.space	256
 1514      00000000 
 1514      00000000 
 1514      00000000 
 1514      00000000 
 1515              		.global	cy_metadata
 1516              		.section	.cymeta,"a",%progbits
 1517              		.align	2
 1518              		.type	cy_metadata, %object
 1519              		.size	cy_metadata, 12
 1520              	cy_metadata:
 1521 0000 00       		.byte	0
 1522 0001 01       		.byte	1
 1523 0002 2E       		.byte	46
 1524 0003 12       		.byte	18
 1525 0004 30       		.byte	48
 1526 0005 69       		.byte	105
 1527 0006 00       		.byte	0
 1528 0007 01       		.byte	1
 1529 0008 00       		.byte	0
 1530 0009 00       		.byte	0
 1531 000a 00       		.byte	0
 1532 000b 00       		.byte	0
 1533              		.text
 1534              	.Letext0:
 1535              		.file 1 ".\\Generated_Source\\PSoC5\\cymetadata.c"
ARM GAS  C:\Users\CHAIYA~1\AppData\Local\Temp\ccHWj2IW.s 			page 28


 1536              		.file 2 ".\\Generated_Source\\PSoC5\\cytypes.h"
 1537              		.section	.debug_info,"",%progbits
 1538              	.Ldebug_info0:
 1539 0000 3C010000 		.4byte	0x13c
 1540 0004 0200     		.2byte	0x2
 1541 0006 00000000 		.4byte	.Ldebug_abbrev0
 1542 000a 04       		.byte	0x4
 1543 000b 01       		.uleb128 0x1
 1544 000c 5B010000 		.4byte	.LASF18
 1545 0010 01       		.byte	0x1
 1546 0011 00000000 		.4byte	.LASF19
 1547 0015 DB000000 		.4byte	.LASF20
 1548 0019 00000000 		.4byte	.Ldebug_line0
 1549 001d 02       		.uleb128 0x2
 1550 001e 01       		.byte	0x1
 1551 001f 06       		.byte	0x6
 1552 0020 AD010000 		.4byte	.LASF0
 1553 0024 02       		.uleb128 0x2
 1554 0025 01       		.byte	0x1
 1555 0026 08       		.byte	0x8
 1556 0027 38000000 		.4byte	.LASF1
 1557 002b 02       		.uleb128 0x2
 1558 002c 02       		.byte	0x2
 1559 002d 05       		.byte	0x5
 1560 002e 4B010000 		.4byte	.LASF2
 1561 0032 02       		.uleb128 0x2
 1562 0033 02       		.byte	0x2
 1563 0034 07       		.byte	0x7
 1564 0035 58000000 		.4byte	.LASF3
 1565 0039 02       		.uleb128 0x2
 1566 003a 04       		.byte	0x4
 1567 003b 05       		.byte	0x5
 1568 003c A4010000 		.4byte	.LASF4
 1569 0040 02       		.uleb128 0x2
 1570 0041 04       		.byte	0x4
 1571 0042 07       		.byte	0x7
 1572 0043 46000000 		.4byte	.LASF5
 1573 0047 02       		.uleb128 0x2
 1574 0048 08       		.byte	0x8
 1575 0049 05       		.byte	0x5
 1576 004a 38010000 		.4byte	.LASF6
 1577 004e 02       		.uleb128 0x2
 1578 004f 08       		.byte	0x8
 1579 0050 07       		.byte	0x7
 1580 0051 A1000000 		.4byte	.LASF7
 1581 0055 03       		.uleb128 0x3
 1582 0056 04       		.byte	0x4
 1583 0057 05       		.byte	0x5
 1584 0058 696E7400 		.ascii	"int\000"
 1585 005c 02       		.uleb128 0x2
 1586 005d 04       		.byte	0x4
 1587 005e 07       		.byte	0x7
 1588 005f 94000000 		.4byte	.LASF8
 1589 0063 04       		.uleb128 0x4
 1590 0064 55010000 		.4byte	.LASF21
 1591 0068 02       		.byte	0x2
 1592 0069 5B       		.byte	0x5b
ARM GAS  C:\Users\CHAIYA~1\AppData\Local\Temp\ccHWj2IW.s 			page 29


 1593 006a 24000000 		.4byte	0x24
 1594 006e 02       		.uleb128 0x2
 1595 006f 04       		.byte	0x4
 1596 0070 04       		.byte	0x4
 1597 0071 32000000 		.4byte	.LASF9
 1598 0075 02       		.uleb128 0x2
 1599 0076 08       		.byte	0x8
 1600 0077 04       		.byte	0x4
 1601 0078 6B000000 		.4byte	.LASF10
 1602 007c 02       		.uleb128 0x2
 1603 007d 01       		.byte	0x1
 1604 007e 08       		.byte	0x8
 1605 007f 46010000 		.4byte	.LASF11
 1606 0083 05       		.uleb128 0x5
 1607 0084 63000000 		.4byte	0x63
 1608 0088 94000000 		.4byte	0x94
 1609 008c 06       		.uleb128 0x6
 1610 008d 94000000 		.4byte	0x94
 1611 0091 B705     		.2byte	0x5b7
 1612 0093 00       		.byte	0
 1613 0094 02       		.uleb128 0x2
 1614 0095 04       		.byte	0x4
 1615 0096 07       		.byte	0x7
 1616 0097 2F010000 		.4byte	.LASF12
 1617 009b 07       		.uleb128 0x7
 1618 009c 82000000 		.4byte	.LASF13
 1619 00a0 01       		.byte	0x1
 1620 00a1 1C       		.byte	0x1c
 1621 00a2 AD000000 		.4byte	0xad
 1622 00a6 01       		.byte	0x1
 1623 00a7 05       		.byte	0x5
 1624 00a8 03       		.byte	0x3
 1625 00a9 00000000 		.4byte	cy_meta_configecc
 1626 00ad 08       		.uleb128 0x8
 1627 00ae 83000000 		.4byte	0x83
 1628 00b2 05       		.uleb128 0x5
 1629 00b3 63000000 		.4byte	0x63
 1630 00b7 C2000000 		.4byte	0xc2
 1631 00bb 09       		.uleb128 0x9
 1632 00bc 94000000 		.4byte	0x94
 1633 00c0 03       		.byte	0x3
 1634 00c1 00       		.byte	0
 1635 00c2 07       		.uleb128 0x7
 1636 00c3 72000000 		.4byte	.LASF14
 1637 00c7 01       		.byte	0x1
 1638 00c8 DD       		.byte	0xdd
 1639 00c9 D4000000 		.4byte	0xd4
 1640 00cd 01       		.byte	0x1
 1641 00ce 05       		.byte	0x5
 1642 00cf 03       		.byte	0x3
 1643 00d0 00000000 		.4byte	cy_meta_custnvl
 1644 00d4 08       		.uleb128 0x8
 1645 00d5 B2000000 		.4byte	0xb2
 1646 00d9 07       		.uleb128 0x7
 1647 00da CD000000 		.4byte	.LASF15
 1648 00de 01       		.byte	0x1
 1649 00df E8       		.byte	0xe8
ARM GAS  C:\Users\CHAIYA~1\AppData\Local\Temp\ccHWj2IW.s 			page 30


 1650 00e0 EB000000 		.4byte	0xeb
 1651 00e4 01       		.byte	0x1
 1652 00e5 05       		.byte	0x5
 1653 00e6 03       		.byte	0x3
 1654 00e7 00000000 		.4byte	cy_meta_wonvl
 1655 00eb 08       		.uleb128 0x8
 1656 00ec B2000000 		.4byte	0xb2
 1657 00f0 05       		.uleb128 0x5
 1658 00f1 63000000 		.4byte	0x63
 1659 00f5 00010000 		.4byte	0x100
 1660 00f9 09       		.uleb128 0x9
 1661 00fa 94000000 		.4byte	0x94
 1662 00fe FF       		.byte	0xff
 1663 00ff 00       		.byte	0
 1664 0100 07       		.uleb128 0x7
 1665 0101 B8000000 		.4byte	.LASF16
 1666 0105 01       		.byte	0x1
 1667 0106 F3       		.byte	0xf3
 1668 0107 12010000 		.4byte	0x112
 1669 010b 01       		.byte	0x1
 1670 010c 05       		.byte	0x5
 1671 010d 03       		.byte	0x3
 1672 010e 00000000 		.4byte	cy_meta_flashprotect
 1673 0112 08       		.uleb128 0x8
 1674 0113 F0000000 		.4byte	0xf0
 1675 0117 05       		.uleb128 0x5
 1676 0118 63000000 		.4byte	0x63
 1677 011c 27010000 		.4byte	0x127
 1678 0120 09       		.uleb128 0x9
 1679 0121 94000000 		.4byte	0x94
 1680 0125 0B       		.byte	0xb
 1681 0126 00       		.byte	0
 1682 0127 0A       		.uleb128 0xa
 1683 0128 26000000 		.4byte	.LASF17
 1684 012c 01       		.byte	0x1
 1685 012d 1D01     		.2byte	0x11d
 1686 012f 3A010000 		.4byte	0x13a
 1687 0133 01       		.byte	0x1
 1688 0134 05       		.byte	0x5
 1689 0135 03       		.byte	0x3
 1690 0136 00000000 		.4byte	cy_metadata
 1691 013a 08       		.uleb128 0x8
 1692 013b 17010000 		.4byte	0x117
 1693 013f 00       		.byte	0
 1694              		.section	.debug_abbrev,"",%progbits
 1695              	.Ldebug_abbrev0:
 1696 0000 01       		.uleb128 0x1
 1697 0001 11       		.uleb128 0x11
 1698 0002 01       		.byte	0x1
 1699 0003 25       		.uleb128 0x25
 1700 0004 0E       		.uleb128 0xe
 1701 0005 13       		.uleb128 0x13
 1702 0006 0B       		.uleb128 0xb
 1703 0007 03       		.uleb128 0x3
 1704 0008 0E       		.uleb128 0xe
 1705 0009 1B       		.uleb128 0x1b
 1706 000a 0E       		.uleb128 0xe
ARM GAS  C:\Users\CHAIYA~1\AppData\Local\Temp\ccHWj2IW.s 			page 31


 1707 000b 10       		.uleb128 0x10
 1708 000c 06       		.uleb128 0x6
 1709 000d 00       		.byte	0
 1710 000e 00       		.byte	0
 1711 000f 02       		.uleb128 0x2
 1712 0010 24       		.uleb128 0x24
 1713 0011 00       		.byte	0
 1714 0012 0B       		.uleb128 0xb
 1715 0013 0B       		.uleb128 0xb
 1716 0014 3E       		.uleb128 0x3e
 1717 0015 0B       		.uleb128 0xb
 1718 0016 03       		.uleb128 0x3
 1719 0017 0E       		.uleb128 0xe
 1720 0018 00       		.byte	0
 1721 0019 00       		.byte	0
 1722 001a 03       		.uleb128 0x3
 1723 001b 24       		.uleb128 0x24
 1724 001c 00       		.byte	0
 1725 001d 0B       		.uleb128 0xb
 1726 001e 0B       		.uleb128 0xb
 1727 001f 3E       		.uleb128 0x3e
 1728 0020 0B       		.uleb128 0xb
 1729 0021 03       		.uleb128 0x3
 1730 0022 08       		.uleb128 0x8
 1731 0023 00       		.byte	0
 1732 0024 00       		.byte	0
 1733 0025 04       		.uleb128 0x4
 1734 0026 16       		.uleb128 0x16
 1735 0027 00       		.byte	0
 1736 0028 03       		.uleb128 0x3
 1737 0029 0E       		.uleb128 0xe
 1738 002a 3A       		.uleb128 0x3a
 1739 002b 0B       		.uleb128 0xb
 1740 002c 3B       		.uleb128 0x3b
 1741 002d 0B       		.uleb128 0xb
 1742 002e 49       		.uleb128 0x49
 1743 002f 13       		.uleb128 0x13
 1744 0030 00       		.byte	0
 1745 0031 00       		.byte	0
 1746 0032 05       		.uleb128 0x5
 1747 0033 01       		.uleb128 0x1
 1748 0034 01       		.byte	0x1
 1749 0035 49       		.uleb128 0x49
 1750 0036 13       		.uleb128 0x13
 1751 0037 01       		.uleb128 0x1
 1752 0038 13       		.uleb128 0x13
 1753 0039 00       		.byte	0
 1754 003a 00       		.byte	0
 1755 003b 06       		.uleb128 0x6
 1756 003c 21       		.uleb128 0x21
 1757 003d 00       		.byte	0
 1758 003e 49       		.uleb128 0x49
 1759 003f 13       		.uleb128 0x13
 1760 0040 2F       		.uleb128 0x2f
 1761 0041 05       		.uleb128 0x5
 1762 0042 00       		.byte	0
 1763 0043 00       		.byte	0
ARM GAS  C:\Users\CHAIYA~1\AppData\Local\Temp\ccHWj2IW.s 			page 32


 1764 0044 07       		.uleb128 0x7
 1765 0045 34       		.uleb128 0x34
 1766 0046 00       		.byte	0
 1767 0047 03       		.uleb128 0x3
 1768 0048 0E       		.uleb128 0xe
 1769 0049 3A       		.uleb128 0x3a
 1770 004a 0B       		.uleb128 0xb
 1771 004b 3B       		.uleb128 0x3b
 1772 004c 0B       		.uleb128 0xb
 1773 004d 49       		.uleb128 0x49
 1774 004e 13       		.uleb128 0x13
 1775 004f 3F       		.uleb128 0x3f
 1776 0050 0C       		.uleb128 0xc
 1777 0051 02       		.uleb128 0x2
 1778 0052 0A       		.uleb128 0xa
 1779 0053 00       		.byte	0
 1780 0054 00       		.byte	0
 1781 0055 08       		.uleb128 0x8
 1782 0056 26       		.uleb128 0x26
 1783 0057 00       		.byte	0
 1784 0058 49       		.uleb128 0x49
 1785 0059 13       		.uleb128 0x13
 1786 005a 00       		.byte	0
 1787 005b 00       		.byte	0
 1788 005c 09       		.uleb128 0x9
 1789 005d 21       		.uleb128 0x21
 1790 005e 00       		.byte	0
 1791 005f 49       		.uleb128 0x49
 1792 0060 13       		.uleb128 0x13
 1793 0061 2F       		.uleb128 0x2f
 1794 0062 0B       		.uleb128 0xb
 1795 0063 00       		.byte	0
 1796 0064 00       		.byte	0
 1797 0065 0A       		.uleb128 0xa
 1798 0066 34       		.uleb128 0x34
 1799 0067 00       		.byte	0
 1800 0068 03       		.uleb128 0x3
 1801 0069 0E       		.uleb128 0xe
 1802 006a 3A       		.uleb128 0x3a
 1803 006b 0B       		.uleb128 0xb
 1804 006c 3B       		.uleb128 0x3b
 1805 006d 05       		.uleb128 0x5
 1806 006e 49       		.uleb128 0x49
 1807 006f 13       		.uleb128 0x13
 1808 0070 3F       		.uleb128 0x3f
 1809 0071 0C       		.uleb128 0xc
 1810 0072 02       		.uleb128 0x2
 1811 0073 0A       		.uleb128 0xa
 1812 0074 00       		.byte	0
 1813 0075 00       		.byte	0
 1814 0076 00       		.byte	0
 1815              		.section	.debug_aranges,"",%progbits
 1816 0000 14000000 		.4byte	0x14
 1817 0004 0200     		.2byte	0x2
 1818 0006 00000000 		.4byte	.Ldebug_info0
 1819 000a 04       		.byte	0x4
 1820 000b 00       		.byte	0
ARM GAS  C:\Users\CHAIYA~1\AppData\Local\Temp\ccHWj2IW.s 			page 33


 1821 000c 0000     		.2byte	0
 1822 000e 0000     		.2byte	0
 1823 0010 00000000 		.4byte	0
 1824 0014 00000000 		.4byte	0
 1825              		.section	.debug_line,"",%progbits
 1826              	.Ldebug_line0:
 1827 0000 4F000000 		.section	.debug_str,"MS",%progbits,1
 1827      02004900 
 1827      00000201 
 1827      FB0E0D00 
 1827      01010101 
 1828              	.LASF19:
 1829 0000 2E5C4765 		.ascii	".\\Generated_Source\\PSoC5\\cymetadata.c\000"
 1829      6E657261 
 1829      7465645F 
 1829      536F7572 
 1829      63655C50 
 1830              	.LASF17:
 1831 0026 63795F6D 		.ascii	"cy_metadata\000"
 1831      65746164 
 1831      61746100 
 1832              	.LASF9:
 1833 0032 666C6F61 		.ascii	"float\000"
 1833      7400
 1834              	.LASF1:
 1835 0038 756E7369 		.ascii	"unsigned char\000"
 1835      676E6564 
 1835      20636861 
 1835      7200
 1836              	.LASF5:
 1837 0046 6C6F6E67 		.ascii	"long unsigned int\000"
 1837      20756E73 
 1837      69676E65 
 1837      6420696E 
 1837      7400
 1838              	.LASF3:
 1839 0058 73686F72 		.ascii	"short unsigned int\000"
 1839      7420756E 
 1839      7369676E 
 1839      65642069 
 1839      6E7400
 1840              	.LASF10:
 1841 006b 646F7562 		.ascii	"double\000"
 1841      6C6500
 1842              	.LASF14:
 1843 0072 63795F6D 		.ascii	"cy_meta_custnvl\000"
 1843      6574615F 
 1843      63757374 
 1843      6E766C00 
 1844              	.LASF13:
 1845 0082 63795F6D 		.ascii	"cy_meta_configecc\000"
 1845      6574615F 
 1845      636F6E66 
 1845      69676563 
 1845      6300
 1846              	.LASF8:
 1847 0094 756E7369 		.ascii	"unsigned int\000"
ARM GAS  C:\Users\CHAIYA~1\AppData\Local\Temp\ccHWj2IW.s 			page 34


 1847      676E6564 
 1847      20696E74 
 1847      00
 1848              	.LASF7:
 1849 00a1 6C6F6E67 		.ascii	"long long unsigned int\000"
 1849      206C6F6E 
 1849      6720756E 
 1849      7369676E 
 1849      65642069 
 1850              	.LASF16:
 1851 00b8 63795F6D 		.ascii	"cy_meta_flashprotect\000"
 1851      6574615F 
 1851      666C6173 
 1851      6870726F 
 1851      74656374 
 1852              	.LASF15:
 1853 00cd 63795F6D 		.ascii	"cy_meta_wonvl\000"
 1853      6574615F 
 1853      776F6E76 
 1853      6C00
 1854              	.LASF20:
 1855 00db 433A5C55 		.ascii	"C:\\Users\\Chai Yang\\Documents\\GitHub\\Node-Eleph"
 1855      73657273 
 1855      5C436861 
 1855      69205961 
 1855      6E675C44 
 1856 0109 616E745C 		.ascii	"ant\\Node-Elephant\\Node-Elephant.cydsn\000"
 1856      4E6F6465 
 1856      2D456C65 
 1856      7068616E 
 1856      745C4E6F 
 1857              	.LASF12:
 1858 012f 73697A65 		.ascii	"sizetype\000"
 1858      74797065 
 1858      00
 1859              	.LASF6:
 1860 0138 6C6F6E67 		.ascii	"long long int\000"
 1860      206C6F6E 
 1860      6720696E 
 1860      7400
 1861              	.LASF11:
 1862 0146 63686172 		.ascii	"char\000"
 1862      00
 1863              	.LASF2:
 1864 014b 73686F72 		.ascii	"short int\000"
 1864      7420696E 
 1864      7400
 1865              	.LASF21:
 1866 0155 75696E74 		.ascii	"uint8\000"
 1866      3800
 1867              	.LASF18:
 1868 015b 474E5520 		.ascii	"GNU C 4.7.3 20130312 (release) [ARM/embedded-4_7-br"
 1868      4320342E 
 1868      372E3320 
 1868      32303133 
 1868      30333132 
 1869 018e 616E6368 		.ascii	"anch revision 196615]\000"
ARM GAS  C:\Users\CHAIYA~1\AppData\Local\Temp\ccHWj2IW.s 			page 35


 1869      20726576 
 1869      6973696F 
 1869      6E203139 
 1869      36363135 
 1870              	.LASF4:
 1871 01a4 6C6F6E67 		.ascii	"long int\000"
 1871      20696E74 
 1871      00
 1872              	.LASF0:
 1873 01ad 7369676E 		.ascii	"signed char\000"
 1873      65642063 
 1873      68617200 
 1874              		.ident	"GCC: (GNU Tools for ARM Embedded Processors) 4.7.3 20130312 (release) [ARM/embedded-4_7-br
