ARM GAS  C:\Users\CHAIYA~1\AppData\Local\Temp\ccCTHPNg.s 			page 1


   1              		.syntax unified
   2              		.cpu cortex-m3
   3              		.fpu softvfp
   4              		.eabi_attribute 20, 1
   5              		.eabi_attribute 21, 1
   6              		.eabi_attribute 23, 3
   7              		.eabi_attribute 24, 1
   8              		.eabi_attribute 25, 1
   9              		.eabi_attribute 26, 1
  10              		.eabi_attribute 30, 6
  11              		.eabi_attribute 34, 1
  12              		.eabi_attribute 18, 4
  13              		.thumb
  14              		.file	"Filter_1_Coefficients.c"
  15              		.text
  16              	.Ltext0:
  17              		.cfi_sections	.debug_frame
  18              		.global	Filter_1_ChannelAFirCoefficients
  19              		.section	.rodata
  20              		.align	2
  21              		.type	Filter_1_ChannelAFirCoefficients, %object
  22              		.size	Filter_1_ChannelAFirCoefficients, 64
  23              	Filter_1_ChannelAFirCoefficients:
  24 0000 4E       		.byte	78
  25 0001 4D       		.byte	77
  26 0002 00       		.byte	0
  27 0003 00       		.byte	0
  28 0004 93       		.byte	-109
  29 0005 8E       		.byte	-114
  30 0006 00       		.byte	0
  31 0007 00       		.byte	0
  32 0008 DD       		.byte	-35
  33 0009 08       		.byte	8
  34 000a 01       		.byte	1
  35 000b 00       		.byte	0
  36 000c 9A       		.byte	-102
  37 000d AB       		.byte	-85
  38 000e 01       		.byte	1
  39 000f 00       		.byte	0
  40 0010 9F       		.byte	-97
  41 0011 5E       		.byte	94
  42 0012 02       		.byte	2
  43 0013 00       		.byte	0
  44 0014 25       		.byte	37
  45 0015 06       		.byte	6
  46 0016 03       		.byte	3
  47 0017 00       		.byte	0
  48 0018 8B       		.byte	-117
  49 0019 87       		.byte	-121
  50 001a 03       		.byte	3
  51 001b 00       		.byte	0
  52 001c F6       		.byte	-10
  53 001d CD       		.byte	-51
  54 001e 03       		.byte	3
  55 001f 00       		.byte	0
  56 0020 F6       		.byte	-10
  57 0021 CD       		.byte	-51
ARM GAS  C:\Users\CHAIYA~1\AppData\Local\Temp\ccCTHPNg.s 			page 2


  58 0022 03       		.byte	3
  59 0023 00       		.byte	0
  60 0024 8B       		.byte	-117
  61 0025 87       		.byte	-121
  62 0026 03       		.byte	3
  63 0027 00       		.byte	0
  64 0028 25       		.byte	37
  65 0029 06       		.byte	6
  66 002a 03       		.byte	3
  67 002b 00       		.byte	0
  68 002c 9F       		.byte	-97
  69 002d 5E       		.byte	94
  70 002e 02       		.byte	2
  71 002f 00       		.byte	0
  72 0030 9A       		.byte	-102
  73 0031 AB       		.byte	-85
  74 0032 01       		.byte	1
  75 0033 00       		.byte	0
  76 0034 DD       		.byte	-35
  77 0035 08       		.byte	8
  78 0036 01       		.byte	1
  79 0037 00       		.byte	0
  80 0038 93       		.byte	-109
  81 0039 8E       		.byte	-114
  82 003a 00       		.byte	0
  83 003b 00       		.byte	0
  84 003c 4E       		.byte	78
  85 003d 4D       		.byte	77
  86 003e 00       		.byte	0
  87 003f 00       		.byte	0
  88              		.text
  89              	.Letext0:
  90              		.file 1 ".\\Generated_Source\\PSoC5\\cytypes.h"
  91              		.file 2 ".\\Generated_Source\\PSoC5\\Filter_1_Coefficients.c"
  92              		.section	.debug_info,"",%progbits
  93              	.Ldebug_info0:
  94 0000 AE000000 		.4byte	0xae
  95 0004 0200     		.2byte	0x2
  96 0006 00000000 		.4byte	.Ldebug_abbrev0
  97 000a 04       		.byte	0x4
  98 000b 01       		.uleb128 0x1
  99 000c 1B000000 		.4byte	.LASF13
 100 0010 01       		.byte	0x1
 101 0011 7C000000 		.4byte	.LASF14
 102 0015 2D010000 		.4byte	.LASF15
 103 0019 00000000 		.4byte	.Ldebug_line0
 104 001d 02       		.uleb128 0x2
 105 001e 01       		.byte	0x1
 106 001f 06       		.byte	0x6
 107 0020 21010000 		.4byte	.LASF0
 108 0024 02       		.uleb128 0x2
 109 0025 01       		.byte	0x1
 110 0026 08       		.byte	0x8
 111 0027 CA000000 		.4byte	.LASF1
 112 002b 02       		.uleb128 0x2
 113 002c 02       		.byte	0x2
 114 002d 05       		.byte	0x5
ARM GAS  C:\Users\CHAIYA~1\AppData\Local\Temp\ccCTHPNg.s 			page 3


 115 002e 81010000 		.4byte	.LASF2
 116 0032 02       		.uleb128 0x2
 117 0033 02       		.byte	0x2
 118 0034 07       		.byte	0x7
 119 0035 0E010000 		.4byte	.LASF3
 120 0039 03       		.uleb128 0x3
 121 003a 04       		.byte	0x4
 122 003b 05       		.byte	0x5
 123 003c 696E7400 		.ascii	"int\000"
 124 0040 02       		.uleb128 0x2
 125 0041 04       		.byte	0x4
 126 0042 07       		.byte	0x7
 127 0043 0E000000 		.4byte	.LASF4
 128 0047 02       		.uleb128 0x2
 129 0048 08       		.byte	0x8
 130 0049 05       		.byte	0x5
 131 004a 00000000 		.4byte	.LASF5
 132 004e 02       		.uleb128 0x2
 133 004f 08       		.byte	0x8
 134 0050 07       		.byte	0x7
 135 0051 AD000000 		.4byte	.LASF6
 136 0055 02       		.uleb128 0x2
 137 0056 04       		.byte	0x4
 138 0057 05       		.byte	0x5
 139 0058 DD000000 		.4byte	.LASF7
 140 005c 02       		.uleb128 0x2
 141 005d 04       		.byte	0x4
 142 005e 07       		.byte	0x7
 143 005f 8B010000 		.4byte	.LASF8
 144 0063 02       		.uleb128 0x2
 145 0064 04       		.byte	0x4
 146 0065 07       		.byte	0x7
 147 0066 6A000000 		.4byte	.LASF9
 148 006a 02       		.uleb128 0x2
 149 006b 01       		.byte	0x1
 150 006c 08       		.byte	0x8
 151 006d D8000000 		.4byte	.LASF10
 152 0071 04       		.uleb128 0x4
 153 0072 64000000 		.4byte	.LASF16
 154 0076 01       		.byte	0x1
 155 0077 5B       		.byte	0x5b
 156 0078 24000000 		.4byte	0x24
 157 007c 02       		.uleb128 0x2
 158 007d 04       		.byte	0x4
 159 007e 04       		.byte	0x4
 160 007f C4000000 		.4byte	.LASF11
 161 0083 02       		.uleb128 0x2
 162 0084 08       		.byte	0x8
 163 0085 04       		.byte	0x4
 164 0086 07010000 		.4byte	.LASF12
 165 008a 05       		.uleb128 0x5
 166 008b 71000000 		.4byte	0x71
 167 008f 9A000000 		.4byte	0x9a
 168 0093 06       		.uleb128 0x6
 169 0094 5C000000 		.4byte	0x5c
 170 0098 3F       		.byte	0x3f
 171 0099 00       		.byte	0
ARM GAS  C:\Users\CHAIYA~1\AppData\Local\Temp\ccCTHPNg.s 			page 4


 172 009a 07       		.uleb128 0x7
 173 009b E6000000 		.4byte	.LASF17
 174 009f 02       		.byte	0x2
 175 00a0 11       		.byte	0x11
 176 00a1 AC000000 		.4byte	0xac
 177 00a5 01       		.byte	0x1
 178 00a6 05       		.byte	0x5
 179 00a7 03       		.byte	0x3
 180 00a8 00000000 		.4byte	Filter_1_ChannelAFirCoefficients
 181 00ac 08       		.uleb128 0x8
 182 00ad 8A000000 		.4byte	0x8a
 183 00b1 00       		.byte	0
 184              		.section	.debug_abbrev,"",%progbits
 185              	.Ldebug_abbrev0:
 186 0000 01       		.uleb128 0x1
 187 0001 11       		.uleb128 0x11
 188 0002 01       		.byte	0x1
 189 0003 25       		.uleb128 0x25
 190 0004 0E       		.uleb128 0xe
 191 0005 13       		.uleb128 0x13
 192 0006 0B       		.uleb128 0xb
 193 0007 03       		.uleb128 0x3
 194 0008 0E       		.uleb128 0xe
 195 0009 1B       		.uleb128 0x1b
 196 000a 0E       		.uleb128 0xe
 197 000b 10       		.uleb128 0x10
 198 000c 06       		.uleb128 0x6
 199 000d 00       		.byte	0
 200 000e 00       		.byte	0
 201 000f 02       		.uleb128 0x2
 202 0010 24       		.uleb128 0x24
 203 0011 00       		.byte	0
 204 0012 0B       		.uleb128 0xb
 205 0013 0B       		.uleb128 0xb
 206 0014 3E       		.uleb128 0x3e
 207 0015 0B       		.uleb128 0xb
 208 0016 03       		.uleb128 0x3
 209 0017 0E       		.uleb128 0xe
 210 0018 00       		.byte	0
 211 0019 00       		.byte	0
 212 001a 03       		.uleb128 0x3
 213 001b 24       		.uleb128 0x24
 214 001c 00       		.byte	0
 215 001d 0B       		.uleb128 0xb
 216 001e 0B       		.uleb128 0xb
 217 001f 3E       		.uleb128 0x3e
 218 0020 0B       		.uleb128 0xb
 219 0021 03       		.uleb128 0x3
 220 0022 08       		.uleb128 0x8
 221 0023 00       		.byte	0
 222 0024 00       		.byte	0
 223 0025 04       		.uleb128 0x4
 224 0026 16       		.uleb128 0x16
 225 0027 00       		.byte	0
 226 0028 03       		.uleb128 0x3
 227 0029 0E       		.uleb128 0xe
 228 002a 3A       		.uleb128 0x3a
ARM GAS  C:\Users\CHAIYA~1\AppData\Local\Temp\ccCTHPNg.s 			page 5


 229 002b 0B       		.uleb128 0xb
 230 002c 3B       		.uleb128 0x3b
 231 002d 0B       		.uleb128 0xb
 232 002e 49       		.uleb128 0x49
 233 002f 13       		.uleb128 0x13
 234 0030 00       		.byte	0
 235 0031 00       		.byte	0
 236 0032 05       		.uleb128 0x5
 237 0033 01       		.uleb128 0x1
 238 0034 01       		.byte	0x1
 239 0035 49       		.uleb128 0x49
 240 0036 13       		.uleb128 0x13
 241 0037 01       		.uleb128 0x1
 242 0038 13       		.uleb128 0x13
 243 0039 00       		.byte	0
 244 003a 00       		.byte	0
 245 003b 06       		.uleb128 0x6
 246 003c 21       		.uleb128 0x21
 247 003d 00       		.byte	0
 248 003e 49       		.uleb128 0x49
 249 003f 13       		.uleb128 0x13
 250 0040 2F       		.uleb128 0x2f
 251 0041 0B       		.uleb128 0xb
 252 0042 00       		.byte	0
 253 0043 00       		.byte	0
 254 0044 07       		.uleb128 0x7
 255 0045 34       		.uleb128 0x34
 256 0046 00       		.byte	0
 257 0047 03       		.uleb128 0x3
 258 0048 0E       		.uleb128 0xe
 259 0049 3A       		.uleb128 0x3a
 260 004a 0B       		.uleb128 0xb
 261 004b 3B       		.uleb128 0x3b
 262 004c 0B       		.uleb128 0xb
 263 004d 49       		.uleb128 0x49
 264 004e 13       		.uleb128 0x13
 265 004f 3F       		.uleb128 0x3f
 266 0050 0C       		.uleb128 0xc
 267 0051 02       		.uleb128 0x2
 268 0052 0A       		.uleb128 0xa
 269 0053 00       		.byte	0
 270 0054 00       		.byte	0
 271 0055 08       		.uleb128 0x8
 272 0056 26       		.uleb128 0x26
 273 0057 00       		.byte	0
 274 0058 49       		.uleb128 0x49
 275 0059 13       		.uleb128 0x13
 276 005a 00       		.byte	0
 277 005b 00       		.byte	0
 278 005c 00       		.byte	0
 279              		.section	.debug_aranges,"",%progbits
 280 0000 14000000 		.4byte	0x14
 281 0004 0200     		.2byte	0x2
 282 0006 00000000 		.4byte	.Ldebug_info0
 283 000a 04       		.byte	0x4
 284 000b 00       		.byte	0
 285 000c 0000     		.2byte	0
ARM GAS  C:\Users\CHAIYA~1\AppData\Local\Temp\ccCTHPNg.s 			page 6


 286 000e 0000     		.2byte	0
 287 0010 00000000 		.4byte	0
 288 0014 00000000 		.4byte	0
 289              		.section	.debug_line,"",%progbits
 290              	.Ldebug_line0:
 291 0000 5A000000 		.section	.debug_str,"MS",%progbits,1
 291      02005400 
 291      00000201 
 291      FB0E0D00 
 291      01010101 
 292              	.LASF5:
 293 0000 6C6F6E67 		.ascii	"long long int\000"
 293      206C6F6E 
 293      6720696E 
 293      7400
 294              	.LASF4:
 295 000e 756E7369 		.ascii	"unsigned int\000"
 295      676E6564 
 295      20696E74 
 295      00
 296              	.LASF13:
 297 001b 474E5520 		.ascii	"GNU C 4.7.3 20130312 (release) [ARM/embedded-4_7-br"
 297      4320342E 
 297      372E3320 
 297      32303133 
 297      30333132 
 298 004e 616E6368 		.ascii	"anch revision 196615]\000"
 298      20726576 
 298      6973696F 
 298      6E203139 
 298      36363135 
 299              	.LASF16:
 300 0064 75696E74 		.ascii	"uint8\000"
 300      3800
 301              	.LASF9:
 302 006a 6C6F6E67 		.ascii	"long unsigned int\000"
 302      20756E73 
 302      69676E65 
 302      6420696E 
 302      7400
 303              	.LASF14:
 304 007c 2E5C4765 		.ascii	".\\Generated_Source\\PSoC5\\Filter_1_Coefficients.c"
 304      6E657261 
 304      7465645F 
 304      536F7572 
 304      63655C50 
 305 00ac 00       		.ascii	"\000"
 306              	.LASF6:
 307 00ad 6C6F6E67 		.ascii	"long long unsigned int\000"
 307      206C6F6E 
 307      6720756E 
 307      7369676E 
 307      65642069 
 308              	.LASF11:
 309 00c4 666C6F61 		.ascii	"float\000"
 309      7400
 310              	.LASF1:
ARM GAS  C:\Users\CHAIYA~1\AppData\Local\Temp\ccCTHPNg.s 			page 7


 311 00ca 756E7369 		.ascii	"unsigned char\000"
 311      676E6564 
 311      20636861 
 311      7200
 312              	.LASF10:
 313 00d8 63686172 		.ascii	"char\000"
 313      00
 314              	.LASF7:
 315 00dd 6C6F6E67 		.ascii	"long int\000"
 315      20696E74 
 315      00
 316              	.LASF17:
 317 00e6 46696C74 		.ascii	"Filter_1_ChannelAFirCoefficients\000"
 317      65725F31 
 317      5F436861 
 317      6E6E656C 
 317      41466972 
 318              	.LASF12:
 319 0107 646F7562 		.ascii	"double\000"
 319      6C6500
 320              	.LASF3:
 321 010e 73686F72 		.ascii	"short unsigned int\000"
 321      7420756E 
 321      7369676E 
 321      65642069 
 321      6E7400
 322              	.LASF0:
 323 0121 7369676E 		.ascii	"signed char\000"
 323      65642063 
 323      68617200 
 324              	.LASF15:
 325 012d 433A5C55 		.ascii	"C:\\Users\\Chai Yang\\Documents\\GitHub\\Node-Eleph"
 325      73657273 
 325      5C436861 
 325      69205961 
 325      6E675C44 
 326 015b 616E745C 		.ascii	"ant\\Node-Elephant\\Node-Elephant.cydsn\000"
 326      4E6F6465 
 326      2D456C65 
 326      7068616E 
 326      745C4E6F 
 327              	.LASF2:
 328 0181 73686F72 		.ascii	"short int\000"
 328      7420696E 
 328      7400
 329              	.LASF8:
 330 018b 73697A65 		.ascii	"sizetype\000"
 330      74797065 
 330      00
 331              		.ident	"GCC: (GNU Tools for ARM Embedded Processors) 4.7.3 20130312 (release) [ARM/embedded-4_7-br
