ARM GAS  C:\Users\CHAIYA~1\AppData\Local\Temp\ccF06XUs.s 			page 1


   1              		.syntax unified
   2              		.cpu cortex-m3
   3              		.fpu softvfp
   4              		.eabi_attribute 20, 1
   5              		.eabi_attribute 21, 1
   6              		.eabi_attribute 23, 3
   7              		.eabi_attribute 24, 1
   8              		.eabi_attribute 25, 1
   9              		.eabi_attribute 26, 1
  10              		.eabi_attribute 30, 6
  11              		.eabi_attribute 34, 1
  12              		.eabi_attribute 18, 4
  13              		.thumb
  14              		.file	"isr.c"
  15              		.text
  16              	.Ltext0:
  17              		.cfi_sections	.debug_frame
  18              		.global	toggle_flag
  19              		.bss
  20              		.type	toggle_flag, %object
  21              		.size	toggle_flag, 1
  22              	toggle_flag:
  23 0000 00       		.space	1
  24              		.section	.text.isr_Start,"ax",%progbits
  25              		.align	2
  26              		.global	isr_Start
  27              		.thumb
  28              		.thumb_func
  29              		.type	isr_Start, %function
  30              	isr_Start:
  31              	.LFB0:
  32              		.file 1 ".\\Generated_Source\\PSoC5\\isr.c"
   1:.\Generated_Source\PSoC5/isr.c **** /*******************************************************************************
   2:.\Generated_Source\PSoC5/isr.c **** * File Name: isr.c  
   3:.\Generated_Source\PSoC5/isr.c **** * Version 1.70
   4:.\Generated_Source\PSoC5/isr.c **** *
   5:.\Generated_Source\PSoC5/isr.c **** *  Description:
   6:.\Generated_Source\PSoC5/isr.c **** *   API for controlling the state of an interrupt.
   7:.\Generated_Source\PSoC5/isr.c **** *
   8:.\Generated_Source\PSoC5/isr.c **** *
   9:.\Generated_Source\PSoC5/isr.c **** *  Note:
  10:.\Generated_Source\PSoC5/isr.c **** *
  11:.\Generated_Source\PSoC5/isr.c **** ********************************************************************************
  12:.\Generated_Source\PSoC5/isr.c **** * Copyright 2008-2012, Cypress Semiconductor Corporation.  All rights reserved.
  13:.\Generated_Source\PSoC5/isr.c **** * You may use this file only in accordance with the license, terms, conditions, 
  14:.\Generated_Source\PSoC5/isr.c **** * disclaimers, and limitations in the end user license agreement accompanying 
  15:.\Generated_Source\PSoC5/isr.c **** * the software package with which this file was provided.
  16:.\Generated_Source\PSoC5/isr.c **** *******************************************************************************/
  17:.\Generated_Source\PSoC5/isr.c **** 
  18:.\Generated_Source\PSoC5/isr.c **** 
  19:.\Generated_Source\PSoC5/isr.c **** #include <cydevice_trm.h>
  20:.\Generated_Source\PSoC5/isr.c **** #include <CyLib.h>
  21:.\Generated_Source\PSoC5/isr.c **** #include <isr.h>
  22:.\Generated_Source\PSoC5/isr.c **** 
  23:.\Generated_Source\PSoC5/isr.c **** #if !defined(isr__REMOVED) /* Check for removal by optimization */
  24:.\Generated_Source\PSoC5/isr.c **** 
  25:.\Generated_Source\PSoC5/isr.c **** /*******************************************************************************
ARM GAS  C:\Users\CHAIYA~1\AppData\Local\Temp\ccF06XUs.s 			page 2


  26:.\Generated_Source\PSoC5/isr.c **** *  Place your includes, defines and code here 
  27:.\Generated_Source\PSoC5/isr.c **** ********************************************************************************/
  28:.\Generated_Source\PSoC5/isr.c **** /* `#START isr_intc` */
  29:.\Generated_Source\PSoC5/isr.c **** #include <Timer.h>
  30:.\Generated_Source\PSoC5/isr.c **** volatile uint8 toggle_flag = 0;
  31:.\Generated_Source\PSoC5/isr.c **** /* `#END` */
  32:.\Generated_Source\PSoC5/isr.c **** 
  33:.\Generated_Source\PSoC5/isr.c **** #ifndef CYINT_IRQ_BASE
  34:.\Generated_Source\PSoC5/isr.c **** #define CYINT_IRQ_BASE      16
  35:.\Generated_Source\PSoC5/isr.c **** #endif /* CYINT_IRQ_BASE */
  36:.\Generated_Source\PSoC5/isr.c **** #ifndef CYINT_VECT_TABLE
  37:.\Generated_Source\PSoC5/isr.c **** #define CYINT_VECT_TABLE    ((cyisraddress **) CYREG_NVIC_VECT_OFFSET)
  38:.\Generated_Source\PSoC5/isr.c **** #endif /* CYINT_VECT_TABLE */
  39:.\Generated_Source\PSoC5/isr.c **** 
  40:.\Generated_Source\PSoC5/isr.c **** /* Declared in startup, used to set unused interrupts to. */
  41:.\Generated_Source\PSoC5/isr.c **** CY_ISR_PROTO(IntDefaultHandler);
  42:.\Generated_Source\PSoC5/isr.c **** 
  43:.\Generated_Source\PSoC5/isr.c **** 
  44:.\Generated_Source\PSoC5/isr.c **** /*******************************************************************************
  45:.\Generated_Source\PSoC5/isr.c **** * Function Name: isr_Start
  46:.\Generated_Source\PSoC5/isr.c **** ********************************************************************************
  47:.\Generated_Source\PSoC5/isr.c **** *
  48:.\Generated_Source\PSoC5/isr.c **** * Summary:
  49:.\Generated_Source\PSoC5/isr.c **** *  Set up the interrupt and enable it.
  50:.\Generated_Source\PSoC5/isr.c **** *
  51:.\Generated_Source\PSoC5/isr.c **** * Parameters:  
  52:.\Generated_Source\PSoC5/isr.c **** *   None
  53:.\Generated_Source\PSoC5/isr.c **** *
  54:.\Generated_Source\PSoC5/isr.c **** * Return:
  55:.\Generated_Source\PSoC5/isr.c **** *   None
  56:.\Generated_Source\PSoC5/isr.c **** *
  57:.\Generated_Source\PSoC5/isr.c **** *******************************************************************************/
  58:.\Generated_Source\PSoC5/isr.c **** void isr_Start(void)
  59:.\Generated_Source\PSoC5/isr.c **** {
  33              		.loc 1 59 0
  34              		.cfi_startproc
  35              		@ args = 0, pretend = 0, frame = 0
  36              		@ frame_needed = 1, uses_anonymous_args = 0
  37 0000 80B5     		push	{r7, lr}
  38              	.LCFI0:
  39              		.cfi_def_cfa_offset 8
  40              		.cfi_offset 7, -8
  41              		.cfi_offset 14, -4
  42 0002 00AF     		add	r7, sp, #0
  43              	.LCFI1:
  44              		.cfi_def_cfa_register 7
  60:.\Generated_Source\PSoC5/isr.c ****     /* For all we know the interrupt is active. */
  61:.\Generated_Source\PSoC5/isr.c ****     isr_Disable();
  45              		.loc 1 61 0
  46 0004 FFF7FEFF 		bl	isr_Disable
  62:.\Generated_Source\PSoC5/isr.c **** 
  63:.\Generated_Source\PSoC5/isr.c ****     /* Set the ISR to point to the isr Interrupt. */
  64:.\Generated_Source\PSoC5/isr.c ****     isr_SetVector(&isr_Interrupt);
  47              		.loc 1 64 0
  48 0008 40F20000 		movw	r0, #:lower16:isr_Interrupt
  49 000c C0F20000 		movt	r0, #:upper16:isr_Interrupt
  50 0010 FFF7FEFF 		bl	isr_SetVector
ARM GAS  C:\Users\CHAIYA~1\AppData\Local\Temp\ccF06XUs.s 			page 3


  65:.\Generated_Source\PSoC5/isr.c **** 
  66:.\Generated_Source\PSoC5/isr.c ****     /* Set the priority. */
  67:.\Generated_Source\PSoC5/isr.c ****     isr_SetPriority((uint8)isr_INTC_PRIOR_NUMBER);
  51              		.loc 1 67 0
  52 0014 4FF00700 		mov	r0, #7
  53 0018 FFF7FEFF 		bl	isr_SetPriority
  68:.\Generated_Source\PSoC5/isr.c **** 
  69:.\Generated_Source\PSoC5/isr.c ****     /* Enable it. */
  70:.\Generated_Source\PSoC5/isr.c ****     isr_Enable();
  54              		.loc 1 70 0
  55 001c FFF7FEFF 		bl	isr_Enable
  71:.\Generated_Source\PSoC5/isr.c **** }
  56              		.loc 1 71 0
  57 0020 80BD     		pop	{r7, pc}
  58              		.cfi_endproc
  59              	.LFE0:
  60              		.size	isr_Start, .-isr_Start
  61 0022 00BF     		.section	.text.isr_StartEx,"ax",%progbits
  62              		.align	2
  63              		.global	isr_StartEx
  64              		.thumb
  65              		.thumb_func
  66              		.type	isr_StartEx, %function
  67              	isr_StartEx:
  68              	.LFB1:
  72:.\Generated_Source\PSoC5/isr.c **** 
  73:.\Generated_Source\PSoC5/isr.c **** 
  74:.\Generated_Source\PSoC5/isr.c **** /*******************************************************************************
  75:.\Generated_Source\PSoC5/isr.c **** * Function Name: isr_StartEx
  76:.\Generated_Source\PSoC5/isr.c **** ********************************************************************************
  77:.\Generated_Source\PSoC5/isr.c **** *
  78:.\Generated_Source\PSoC5/isr.c **** * Summary:
  79:.\Generated_Source\PSoC5/isr.c **** *  Set up the interrupt and enable it.
  80:.\Generated_Source\PSoC5/isr.c **** *
  81:.\Generated_Source\PSoC5/isr.c **** * Parameters:  
  82:.\Generated_Source\PSoC5/isr.c **** *   address: Address of the ISR to set in the interrupt vector table.
  83:.\Generated_Source\PSoC5/isr.c **** *
  84:.\Generated_Source\PSoC5/isr.c **** * Return:
  85:.\Generated_Source\PSoC5/isr.c **** *   None
  86:.\Generated_Source\PSoC5/isr.c **** *
  87:.\Generated_Source\PSoC5/isr.c **** *******************************************************************************/
  88:.\Generated_Source\PSoC5/isr.c **** void isr_StartEx(cyisraddress address)
  89:.\Generated_Source\PSoC5/isr.c **** {
  69              		.loc 1 89 0
  70              		.cfi_startproc
  71              		@ args = 0, pretend = 0, frame = 8
  72              		@ frame_needed = 1, uses_anonymous_args = 0
  73 0000 80B5     		push	{r7, lr}
  74              	.LCFI2:
  75              		.cfi_def_cfa_offset 8
  76              		.cfi_offset 7, -8
  77              		.cfi_offset 14, -4
  78 0002 82B0     		sub	sp, sp, #8
  79              	.LCFI3:
  80              		.cfi_def_cfa_offset 16
  81 0004 00AF     		add	r7, sp, #0
  82              	.LCFI4:
ARM GAS  C:\Users\CHAIYA~1\AppData\Local\Temp\ccF06XUs.s 			page 4


  83              		.cfi_def_cfa_register 7
  84 0006 7860     		str	r0, [r7, #4]
  90:.\Generated_Source\PSoC5/isr.c ****     /* For all we know the interrupt is active. */
  91:.\Generated_Source\PSoC5/isr.c ****     isr_Disable();
  85              		.loc 1 91 0
  86 0008 FFF7FEFF 		bl	isr_Disable
  92:.\Generated_Source\PSoC5/isr.c **** 
  93:.\Generated_Source\PSoC5/isr.c ****     /* Set the ISR to point to the isr Interrupt. */
  94:.\Generated_Source\PSoC5/isr.c ****     isr_SetVector(address);
  87              		.loc 1 94 0
  88 000c 7868     		ldr	r0, [r7, #4]
  89 000e FFF7FEFF 		bl	isr_SetVector
  95:.\Generated_Source\PSoC5/isr.c **** 
  96:.\Generated_Source\PSoC5/isr.c ****     /* Set the priority. */
  97:.\Generated_Source\PSoC5/isr.c ****     isr_SetPriority((uint8)isr_INTC_PRIOR_NUMBER);
  90              		.loc 1 97 0
  91 0012 4FF00700 		mov	r0, #7
  92 0016 FFF7FEFF 		bl	isr_SetPriority
  98:.\Generated_Source\PSoC5/isr.c **** 
  99:.\Generated_Source\PSoC5/isr.c ****     /* Enable it. */
 100:.\Generated_Source\PSoC5/isr.c ****     isr_Enable();
  93              		.loc 1 100 0
  94 001a FFF7FEFF 		bl	isr_Enable
 101:.\Generated_Source\PSoC5/isr.c **** }
  95              		.loc 1 101 0
  96 001e 07F10807 		add	r7, r7, #8
  97 0022 BD46     		mov	sp, r7
  98 0024 80BD     		pop	{r7, pc}
  99              		.cfi_endproc
 100              	.LFE1:
 101              		.size	isr_StartEx, .-isr_StartEx
 102 0026 00BF     		.section	.text.isr_Stop,"ax",%progbits
 103              		.align	2
 104              		.global	isr_Stop
 105              		.thumb
 106              		.thumb_func
 107              		.type	isr_Stop, %function
 108              	isr_Stop:
 109              	.LFB2:
 102:.\Generated_Source\PSoC5/isr.c **** 
 103:.\Generated_Source\PSoC5/isr.c **** 
 104:.\Generated_Source\PSoC5/isr.c **** /*******************************************************************************
 105:.\Generated_Source\PSoC5/isr.c **** * Function Name: isr_Stop
 106:.\Generated_Source\PSoC5/isr.c **** ********************************************************************************
 107:.\Generated_Source\PSoC5/isr.c **** *
 108:.\Generated_Source\PSoC5/isr.c **** * Summary:
 109:.\Generated_Source\PSoC5/isr.c **** *   Disables and removes the interrupt.
 110:.\Generated_Source\PSoC5/isr.c **** *
 111:.\Generated_Source\PSoC5/isr.c **** * Parameters:  
 112:.\Generated_Source\PSoC5/isr.c **** *
 113:.\Generated_Source\PSoC5/isr.c **** * Return:
 114:.\Generated_Source\PSoC5/isr.c **** *   None
 115:.\Generated_Source\PSoC5/isr.c **** *
 116:.\Generated_Source\PSoC5/isr.c **** *******************************************************************************/
 117:.\Generated_Source\PSoC5/isr.c **** void isr_Stop(void)
 118:.\Generated_Source\PSoC5/isr.c **** {
 110              		.loc 1 118 0
ARM GAS  C:\Users\CHAIYA~1\AppData\Local\Temp\ccF06XUs.s 			page 5


 111              		.cfi_startproc
 112              		@ args = 0, pretend = 0, frame = 0
 113              		@ frame_needed = 1, uses_anonymous_args = 0
 114 0000 80B5     		push	{r7, lr}
 115              	.LCFI5:
 116              		.cfi_def_cfa_offset 8
 117              		.cfi_offset 7, -8
 118              		.cfi_offset 14, -4
 119 0002 00AF     		add	r7, sp, #0
 120              	.LCFI6:
 121              		.cfi_def_cfa_register 7
 119:.\Generated_Source\PSoC5/isr.c ****     /* Disable this interrupt. */
 120:.\Generated_Source\PSoC5/isr.c ****     isr_Disable();
 122              		.loc 1 120 0
 123 0004 FFF7FEFF 		bl	isr_Disable
 121:.\Generated_Source\PSoC5/isr.c **** 
 122:.\Generated_Source\PSoC5/isr.c ****     /* Set the ISR to point to the passive one. */
 123:.\Generated_Source\PSoC5/isr.c ****     isr_SetVector(&IntDefaultHandler);
 124              		.loc 1 123 0
 125 0008 40F20000 		movw	r0, #:lower16:IntDefaultHandler
 126 000c C0F20000 		movt	r0, #:upper16:IntDefaultHandler
 127 0010 FFF7FEFF 		bl	isr_SetVector
 124:.\Generated_Source\PSoC5/isr.c **** }
 128              		.loc 1 124 0
 129 0014 80BD     		pop	{r7, pc}
 130              		.cfi_endproc
 131              	.LFE2:
 132              		.size	isr_Stop, .-isr_Stop
 133 0016 00BF     		.section	.text.isr_Interrupt,"ax",%progbits
 134              		.align	2
 135              		.global	isr_Interrupt
 136              		.thumb
 137              		.thumb_func
 138              		.type	isr_Interrupt, %function
 139              	isr_Interrupt:
 140              	.LFB3:
 125:.\Generated_Source\PSoC5/isr.c **** 
 126:.\Generated_Source\PSoC5/isr.c **** 
 127:.\Generated_Source\PSoC5/isr.c **** /*******************************************************************************
 128:.\Generated_Source\PSoC5/isr.c **** * Function Name: isr_Interrupt
 129:.\Generated_Source\PSoC5/isr.c **** ********************************************************************************
 130:.\Generated_Source\PSoC5/isr.c **** *
 131:.\Generated_Source\PSoC5/isr.c **** * Summary:
 132:.\Generated_Source\PSoC5/isr.c **** *   The default Interrupt Service Routine for isr.
 133:.\Generated_Source\PSoC5/isr.c **** *
 134:.\Generated_Source\PSoC5/isr.c **** *   Add custom code between the coments to keep the next version of this file
 135:.\Generated_Source\PSoC5/isr.c **** *   from over writting your code.
 136:.\Generated_Source\PSoC5/isr.c **** *
 137:.\Generated_Source\PSoC5/isr.c **** * Parameters:  
 138:.\Generated_Source\PSoC5/isr.c **** *
 139:.\Generated_Source\PSoC5/isr.c **** * Return:
 140:.\Generated_Source\PSoC5/isr.c **** *   None
 141:.\Generated_Source\PSoC5/isr.c **** *
 142:.\Generated_Source\PSoC5/isr.c **** *******************************************************************************/
 143:.\Generated_Source\PSoC5/isr.c **** CY_ISR(isr_Interrupt)
 144:.\Generated_Source\PSoC5/isr.c **** {
 141              		.loc 1 144 0
ARM GAS  C:\Users\CHAIYA~1\AppData\Local\Temp\ccF06XUs.s 			page 6


 142              		.cfi_startproc
 143              		@ args = 0, pretend = 0, frame = 0
 144              		@ frame_needed = 1, uses_anonymous_args = 0
 145 0000 80B5     		push	{r7, lr}
 146              	.LCFI7:
 147              		.cfi_def_cfa_offset 8
 148              		.cfi_offset 7, -8
 149              		.cfi_offset 14, -4
 150 0002 00AF     		add	r7, sp, #0
 151              	.LCFI8:
 152              		.cfi_def_cfa_register 7
 145:.\Generated_Source\PSoC5/isr.c ****     /*  Place your Interrupt code here. */
 146:.\Generated_Source\PSoC5/isr.c ****     /* `#START isr_Interrupt` */
 147:.\Generated_Source\PSoC5/isr.c ****     
 148:.\Generated_Source\PSoC5/isr.c ****     Timer_ReadStatusRegister();         //reads from status register to clear interrupt
 153              		.loc 1 148 0
 154 0004 FFF7FEFF 		bl	Timer_ReadStatusRegister
 149:.\Generated_Source\PSoC5/isr.c ****     toggle_flag = 1;
 155              		.loc 1 149 0
 156 0008 40F20003 		movw	r3, #:lower16:toggle_flag
 157 000c C0F20003 		movt	r3, #:upper16:toggle_flag
 158 0010 4FF00102 		mov	r2, #1
 159 0014 1A70     		strb	r2, [r3, #0]
 150:.\Generated_Source\PSoC5/isr.c ****     
 151:.\Generated_Source\PSoC5/isr.c ****     /* `#END` */
 152:.\Generated_Source\PSoC5/isr.c **** }
 160              		.loc 1 152 0
 161 0016 80BD     		pop	{r7, pc}
 162              		.cfi_endproc
 163              	.LFE3:
 164              		.size	isr_Interrupt, .-isr_Interrupt
 165              		.section	.text.isr_SetVector,"ax",%progbits
 166              		.align	2
 167              		.global	isr_SetVector
 168              		.thumb
 169              		.thumb_func
 170              		.type	isr_SetVector, %function
 171              	isr_SetVector:
 172              	.LFB4:
 153:.\Generated_Source\PSoC5/isr.c **** 
 154:.\Generated_Source\PSoC5/isr.c **** 
 155:.\Generated_Source\PSoC5/isr.c **** /*******************************************************************************
 156:.\Generated_Source\PSoC5/isr.c **** * Function Name: isr_SetVector
 157:.\Generated_Source\PSoC5/isr.c **** ********************************************************************************
 158:.\Generated_Source\PSoC5/isr.c **** *
 159:.\Generated_Source\PSoC5/isr.c **** * Summary:
 160:.\Generated_Source\PSoC5/isr.c **** *   Change the ISR vector for the Interrupt. Note calling isr_Start
 161:.\Generated_Source\PSoC5/isr.c **** *   will override any effect this method would have had. To set the vector 
 162:.\Generated_Source\PSoC5/isr.c **** *   before the component has been started use isr_StartEx instead.
 163:.\Generated_Source\PSoC5/isr.c **** *
 164:.\Generated_Source\PSoC5/isr.c **** * Parameters:
 165:.\Generated_Source\PSoC5/isr.c **** *   address: Address of the ISR to set in the interrupt vector table.
 166:.\Generated_Source\PSoC5/isr.c **** *
 167:.\Generated_Source\PSoC5/isr.c **** * Return:
 168:.\Generated_Source\PSoC5/isr.c **** *   None
 169:.\Generated_Source\PSoC5/isr.c **** *
 170:.\Generated_Source\PSoC5/isr.c **** *******************************************************************************/
ARM GAS  C:\Users\CHAIYA~1\AppData\Local\Temp\ccF06XUs.s 			page 7


 171:.\Generated_Source\PSoC5/isr.c **** void isr_SetVector(cyisraddress address)
 172:.\Generated_Source\PSoC5/isr.c **** {
 173              		.loc 1 172 0
 174              		.cfi_startproc
 175              		@ args = 0, pretend = 0, frame = 16
 176              		@ frame_needed = 1, uses_anonymous_args = 0
 177              		@ link register save eliminated.
 178 0000 80B4     		push	{r7}
 179              	.LCFI9:
 180              		.cfi_def_cfa_offset 4
 181              		.cfi_offset 7, -4
 182 0002 85B0     		sub	sp, sp, #20
 183              	.LCFI10:
 184              		.cfi_def_cfa_offset 24
 185 0004 00AF     		add	r7, sp, #0
 186              	.LCFI11:
 187              		.cfi_def_cfa_register 7
 188 0006 7860     		str	r0, [r7, #4]
 173:.\Generated_Source\PSoC5/isr.c ****     cyisraddress * ramVectorTable;
 174:.\Generated_Source\PSoC5/isr.c **** 
 175:.\Generated_Source\PSoC5/isr.c ****     ramVectorTable = (cyisraddress *) *CYINT_VECT_TABLE;
 189              		.loc 1 175 0
 190 0008 4EF60853 		movw	r3, #60680
 191 000c CEF20003 		movt	r3, 57344
 192 0010 1B68     		ldr	r3, [r3, #0]
 193 0012 FB60     		str	r3, [r7, #12]
 176:.\Generated_Source\PSoC5/isr.c **** 
 177:.\Generated_Source\PSoC5/isr.c ****     ramVectorTable[CYINT_IRQ_BASE + (uint32)isr__INTC_NUMBER] = address;
 194              		.loc 1 177 0
 195 0014 FB68     		ldr	r3, [r7, #12]
 196 0016 03F14403 		add	r3, r3, #68
 197 001a 7A68     		ldr	r2, [r7, #4]
 198 001c 1A60     		str	r2, [r3, #0]
 178:.\Generated_Source\PSoC5/isr.c **** }
 199              		.loc 1 178 0
 200 001e 07F11407 		add	r7, r7, #20
 201 0022 BD46     		mov	sp, r7
 202 0024 80BC     		pop	{r7}
 203 0026 7047     		bx	lr
 204              		.cfi_endproc
 205              	.LFE4:
 206              		.size	isr_SetVector, .-isr_SetVector
 207              		.section	.text.isr_GetVector,"ax",%progbits
 208              		.align	2
 209              		.global	isr_GetVector
 210              		.thumb
 211              		.thumb_func
 212              		.type	isr_GetVector, %function
 213              	isr_GetVector:
 214              	.LFB5:
 179:.\Generated_Source\PSoC5/isr.c **** 
 180:.\Generated_Source\PSoC5/isr.c **** 
 181:.\Generated_Source\PSoC5/isr.c **** /*******************************************************************************
 182:.\Generated_Source\PSoC5/isr.c **** * Function Name: isr_GetVector
 183:.\Generated_Source\PSoC5/isr.c **** ********************************************************************************
 184:.\Generated_Source\PSoC5/isr.c **** *
 185:.\Generated_Source\PSoC5/isr.c **** * Summary:
ARM GAS  C:\Users\CHAIYA~1\AppData\Local\Temp\ccF06XUs.s 			page 8


 186:.\Generated_Source\PSoC5/isr.c **** *   Gets the "address" of the current ISR vector for the Interrupt.
 187:.\Generated_Source\PSoC5/isr.c **** *
 188:.\Generated_Source\PSoC5/isr.c **** * Parameters:
 189:.\Generated_Source\PSoC5/isr.c **** *   None
 190:.\Generated_Source\PSoC5/isr.c **** *
 191:.\Generated_Source\PSoC5/isr.c **** * Return:
 192:.\Generated_Source\PSoC5/isr.c **** *   Address of the ISR in the interrupt vector table.
 193:.\Generated_Source\PSoC5/isr.c **** *
 194:.\Generated_Source\PSoC5/isr.c **** *******************************************************************************/
 195:.\Generated_Source\PSoC5/isr.c **** cyisraddress isr_GetVector(void)
 196:.\Generated_Source\PSoC5/isr.c **** {
 215              		.loc 1 196 0
 216              		.cfi_startproc
 217              		@ args = 0, pretend = 0, frame = 8
 218              		@ frame_needed = 1, uses_anonymous_args = 0
 219              		@ link register save eliminated.
 220 0000 80B4     		push	{r7}
 221              	.LCFI12:
 222              		.cfi_def_cfa_offset 4
 223              		.cfi_offset 7, -4
 224 0002 83B0     		sub	sp, sp, #12
 225              	.LCFI13:
 226              		.cfi_def_cfa_offset 16
 227 0004 00AF     		add	r7, sp, #0
 228              	.LCFI14:
 229              		.cfi_def_cfa_register 7
 197:.\Generated_Source\PSoC5/isr.c ****     cyisraddress * ramVectorTable;
 198:.\Generated_Source\PSoC5/isr.c **** 
 199:.\Generated_Source\PSoC5/isr.c ****     ramVectorTable = (cyisraddress *) *CYINT_VECT_TABLE;
 230              		.loc 1 199 0
 231 0006 4EF60853 		movw	r3, #60680
 232 000a CEF20003 		movt	r3, 57344
 233 000e 1B68     		ldr	r3, [r3, #0]
 234 0010 7B60     		str	r3, [r7, #4]
 200:.\Generated_Source\PSoC5/isr.c **** 
 201:.\Generated_Source\PSoC5/isr.c ****     return ramVectorTable[CYINT_IRQ_BASE + (uint32)isr__INTC_NUMBER];
 235              		.loc 1 201 0
 236 0012 7B68     		ldr	r3, [r7, #4]
 237 0014 5B6C     		ldr	r3, [r3, #68]
 202:.\Generated_Source\PSoC5/isr.c **** }
 238              		.loc 1 202 0
 239 0016 1846     		mov	r0, r3
 240 0018 07F10C07 		add	r7, r7, #12
 241 001c BD46     		mov	sp, r7
 242 001e 80BC     		pop	{r7}
 243 0020 7047     		bx	lr
 244              		.cfi_endproc
 245              	.LFE5:
 246              		.size	isr_GetVector, .-isr_GetVector
 247 0022 00BF     		.section	.text.isr_SetPriority,"ax",%progbits
 248              		.align	2
 249              		.global	isr_SetPriority
 250              		.thumb
 251              		.thumb_func
 252              		.type	isr_SetPriority, %function
 253              	isr_SetPriority:
 254              	.LFB6:
ARM GAS  C:\Users\CHAIYA~1\AppData\Local\Temp\ccF06XUs.s 			page 9


 203:.\Generated_Source\PSoC5/isr.c **** 
 204:.\Generated_Source\PSoC5/isr.c **** 
 205:.\Generated_Source\PSoC5/isr.c **** /*******************************************************************************
 206:.\Generated_Source\PSoC5/isr.c **** * Function Name: isr_SetPriority
 207:.\Generated_Source\PSoC5/isr.c **** ********************************************************************************
 208:.\Generated_Source\PSoC5/isr.c **** *
 209:.\Generated_Source\PSoC5/isr.c **** * Summary:
 210:.\Generated_Source\PSoC5/isr.c **** *   Sets the Priority of the Interrupt. Note calling isr_Start
 211:.\Generated_Source\PSoC5/isr.c **** *   or isr_StartEx will override any effect this method 
 212:.\Generated_Source\PSoC5/isr.c **** *   would have had. This method should only be called after 
 213:.\Generated_Source\PSoC5/isr.c **** *   isr_Start or isr_StartEx has been called. To set 
 214:.\Generated_Source\PSoC5/isr.c **** *   the initial priority for the component use the cydwr file in the tool.
 215:.\Generated_Source\PSoC5/isr.c **** *
 216:.\Generated_Source\PSoC5/isr.c **** * Parameters:
 217:.\Generated_Source\PSoC5/isr.c **** *   priority: Priority of the interrupt. 0 - 7, 0 being the highest.
 218:.\Generated_Source\PSoC5/isr.c **** *
 219:.\Generated_Source\PSoC5/isr.c **** * Return:
 220:.\Generated_Source\PSoC5/isr.c **** *   None
 221:.\Generated_Source\PSoC5/isr.c **** *
 222:.\Generated_Source\PSoC5/isr.c **** *******************************************************************************/
 223:.\Generated_Source\PSoC5/isr.c **** void isr_SetPriority(uint8 priority)
 224:.\Generated_Source\PSoC5/isr.c **** {
 255              		.loc 1 224 0
 256              		.cfi_startproc
 257              		@ args = 0, pretend = 0, frame = 8
 258              		@ frame_needed = 1, uses_anonymous_args = 0
 259              		@ link register save eliminated.
 260 0000 80B4     		push	{r7}
 261              	.LCFI15:
 262              		.cfi_def_cfa_offset 4
 263              		.cfi_offset 7, -4
 264 0002 83B0     		sub	sp, sp, #12
 265              	.LCFI16:
 266              		.cfi_def_cfa_offset 16
 267 0004 00AF     		add	r7, sp, #0
 268              	.LCFI17:
 269              		.cfi_def_cfa_register 7
 270 0006 0346     		mov	r3, r0
 271 0008 FB71     		strb	r3, [r7, #7]
 225:.\Generated_Source\PSoC5/isr.c ****     *isr_INTC_PRIOR = priority << 5;
 272              		.loc 1 225 0
 273 000a 4EF20143 		movw	r3, #58369
 274 000e CEF20003 		movt	r3, 57344
 275 0012 FA79     		ldrb	r2, [r7, #7]
 276 0014 4FEA4212 		lsl	r2, r2, #5
 277 0018 D2B2     		uxtb	r2, r2
 278 001a 1A70     		strb	r2, [r3, #0]
 226:.\Generated_Source\PSoC5/isr.c **** }
 279              		.loc 1 226 0
 280 001c 07F10C07 		add	r7, r7, #12
 281 0020 BD46     		mov	sp, r7
 282 0022 80BC     		pop	{r7}
 283 0024 7047     		bx	lr
 284              		.cfi_endproc
 285              	.LFE6:
 286              		.size	isr_SetPriority, .-isr_SetPriority
 287 0026 00BF     		.section	.text.isr_GetPriority,"ax",%progbits
ARM GAS  C:\Users\CHAIYA~1\AppData\Local\Temp\ccF06XUs.s 			page 10


 288              		.align	2
 289              		.global	isr_GetPriority
 290              		.thumb
 291              		.thumb_func
 292              		.type	isr_GetPriority, %function
 293              	isr_GetPriority:
 294              	.LFB7:
 227:.\Generated_Source\PSoC5/isr.c **** 
 228:.\Generated_Source\PSoC5/isr.c **** 
 229:.\Generated_Source\PSoC5/isr.c **** /*******************************************************************************
 230:.\Generated_Source\PSoC5/isr.c **** * Function Name: isr_GetPriority
 231:.\Generated_Source\PSoC5/isr.c **** ********************************************************************************
 232:.\Generated_Source\PSoC5/isr.c **** *
 233:.\Generated_Source\PSoC5/isr.c **** * Summary:
 234:.\Generated_Source\PSoC5/isr.c **** *   Gets the Priority of the Interrupt.
 235:.\Generated_Source\PSoC5/isr.c **** *
 236:.\Generated_Source\PSoC5/isr.c **** * Parameters:
 237:.\Generated_Source\PSoC5/isr.c **** *   None
 238:.\Generated_Source\PSoC5/isr.c **** *
 239:.\Generated_Source\PSoC5/isr.c **** * Return:
 240:.\Generated_Source\PSoC5/isr.c **** *   Priority of the interrupt. 0 - 7, 0 being the highest.
 241:.\Generated_Source\PSoC5/isr.c **** *
 242:.\Generated_Source\PSoC5/isr.c **** *******************************************************************************/
 243:.\Generated_Source\PSoC5/isr.c **** uint8 isr_GetPriority(void)
 244:.\Generated_Source\PSoC5/isr.c **** {
 295              		.loc 1 244 0
 296              		.cfi_startproc
 297              		@ args = 0, pretend = 0, frame = 8
 298              		@ frame_needed = 1, uses_anonymous_args = 0
 299              		@ link register save eliminated.
 300 0000 80B4     		push	{r7}
 301              	.LCFI18:
 302              		.cfi_def_cfa_offset 4
 303              		.cfi_offset 7, -4
 304 0002 83B0     		sub	sp, sp, #12
 305              	.LCFI19:
 306              		.cfi_def_cfa_offset 16
 307 0004 00AF     		add	r7, sp, #0
 308              	.LCFI20:
 309              		.cfi_def_cfa_register 7
 245:.\Generated_Source\PSoC5/isr.c ****     uint8 priority;
 246:.\Generated_Source\PSoC5/isr.c **** 
 247:.\Generated_Source\PSoC5/isr.c **** 
 248:.\Generated_Source\PSoC5/isr.c ****     priority = *isr_INTC_PRIOR >> 5;
 310              		.loc 1 248 0
 311 0006 4EF20143 		movw	r3, #58369
 312 000a CEF20003 		movt	r3, 57344
 313 000e 1B78     		ldrb	r3, [r3, #0]
 314 0010 DBB2     		uxtb	r3, r3
 315 0012 4FEA5313 		lsr	r3, r3, #5
 316 0016 FB71     		strb	r3, [r7, #7]
 249:.\Generated_Source\PSoC5/isr.c **** 
 250:.\Generated_Source\PSoC5/isr.c ****     return priority;
 317              		.loc 1 250 0
 318 0018 FB79     		ldrb	r3, [r7, #7]	@ zero_extendqisi2
 251:.\Generated_Source\PSoC5/isr.c **** }
 319              		.loc 1 251 0
ARM GAS  C:\Users\CHAIYA~1\AppData\Local\Temp\ccF06XUs.s 			page 11


 320 001a 1846     		mov	r0, r3
 321 001c 07F10C07 		add	r7, r7, #12
 322 0020 BD46     		mov	sp, r7
 323 0022 80BC     		pop	{r7}
 324 0024 7047     		bx	lr
 325              		.cfi_endproc
 326              	.LFE7:
 327              		.size	isr_GetPriority, .-isr_GetPriority
 328 0026 00BF     		.section	.text.isr_Enable,"ax",%progbits
 329              		.align	2
 330              		.global	isr_Enable
 331              		.thumb
 332              		.thumb_func
 333              		.type	isr_Enable, %function
 334              	isr_Enable:
 335              	.LFB8:
 252:.\Generated_Source\PSoC5/isr.c **** 
 253:.\Generated_Source\PSoC5/isr.c **** 
 254:.\Generated_Source\PSoC5/isr.c **** /*******************************************************************************
 255:.\Generated_Source\PSoC5/isr.c **** * Function Name: isr_Enable
 256:.\Generated_Source\PSoC5/isr.c **** ********************************************************************************
 257:.\Generated_Source\PSoC5/isr.c **** *
 258:.\Generated_Source\PSoC5/isr.c **** * Summary:
 259:.\Generated_Source\PSoC5/isr.c **** *   Enables the interrupt.
 260:.\Generated_Source\PSoC5/isr.c **** *
 261:.\Generated_Source\PSoC5/isr.c **** * Parameters:
 262:.\Generated_Source\PSoC5/isr.c **** *   None
 263:.\Generated_Source\PSoC5/isr.c **** *
 264:.\Generated_Source\PSoC5/isr.c **** * Return:
 265:.\Generated_Source\PSoC5/isr.c **** *   None
 266:.\Generated_Source\PSoC5/isr.c **** *
 267:.\Generated_Source\PSoC5/isr.c **** *******************************************************************************/
 268:.\Generated_Source\PSoC5/isr.c **** void isr_Enable(void)
 269:.\Generated_Source\PSoC5/isr.c **** {
 336              		.loc 1 269 0
 337              		.cfi_startproc
 338              		@ args = 0, pretend = 0, frame = 0
 339              		@ frame_needed = 1, uses_anonymous_args = 0
 340              		@ link register save eliminated.
 341 0000 80B4     		push	{r7}
 342              	.LCFI21:
 343              		.cfi_def_cfa_offset 4
 344              		.cfi_offset 7, -4
 345 0002 00AF     		add	r7, sp, #0
 346              	.LCFI22:
 347              		.cfi_def_cfa_register 7
 270:.\Generated_Source\PSoC5/isr.c ****     /* Enable the general interrupt. */
 271:.\Generated_Source\PSoC5/isr.c ****     *isr_INTC_SET_EN = isr__INTC_MASK;
 348              		.loc 1 271 0
 349 0004 4FF46143 		mov	r3, #57600
 350 0008 CEF20003 		movt	r3, 57344
 351 000c 4FF00202 		mov	r2, #2
 352 0010 1A60     		str	r2, [r3, #0]
 272:.\Generated_Source\PSoC5/isr.c **** }
 353              		.loc 1 272 0
 354 0012 BD46     		mov	sp, r7
 355 0014 80BC     		pop	{r7}
ARM GAS  C:\Users\CHAIYA~1\AppData\Local\Temp\ccF06XUs.s 			page 12


 356 0016 7047     		bx	lr
 357              		.cfi_endproc
 358              	.LFE8:
 359              		.size	isr_Enable, .-isr_Enable
 360              		.section	.text.isr_GetState,"ax",%progbits
 361              		.align	2
 362              		.global	isr_GetState
 363              		.thumb
 364              		.thumb_func
 365              		.type	isr_GetState, %function
 366              	isr_GetState:
 367              	.LFB9:
 273:.\Generated_Source\PSoC5/isr.c **** 
 274:.\Generated_Source\PSoC5/isr.c **** 
 275:.\Generated_Source\PSoC5/isr.c **** /*******************************************************************************
 276:.\Generated_Source\PSoC5/isr.c **** * Function Name: isr_GetState
 277:.\Generated_Source\PSoC5/isr.c **** ********************************************************************************
 278:.\Generated_Source\PSoC5/isr.c **** *
 279:.\Generated_Source\PSoC5/isr.c **** * Summary:
 280:.\Generated_Source\PSoC5/isr.c **** *   Gets the state (enabled, disabled) of the Interrupt.
 281:.\Generated_Source\PSoC5/isr.c **** *
 282:.\Generated_Source\PSoC5/isr.c **** * Parameters:
 283:.\Generated_Source\PSoC5/isr.c **** *   None
 284:.\Generated_Source\PSoC5/isr.c **** *
 285:.\Generated_Source\PSoC5/isr.c **** * Return:
 286:.\Generated_Source\PSoC5/isr.c **** *   1 if enabled, 0 if disabled.
 287:.\Generated_Source\PSoC5/isr.c **** *
 288:.\Generated_Source\PSoC5/isr.c **** *******************************************************************************/
 289:.\Generated_Source\PSoC5/isr.c **** uint8 isr_GetState(void)
 290:.\Generated_Source\PSoC5/isr.c **** {
 368              		.loc 1 290 0
 369              		.cfi_startproc
 370              		@ args = 0, pretend = 0, frame = 0
 371              		@ frame_needed = 1, uses_anonymous_args = 0
 372              		@ link register save eliminated.
 373 0000 80B4     		push	{r7}
 374              	.LCFI23:
 375              		.cfi_def_cfa_offset 4
 376              		.cfi_offset 7, -4
 377 0002 00AF     		add	r7, sp, #0
 378              	.LCFI24:
 379              		.cfi_def_cfa_register 7
 291:.\Generated_Source\PSoC5/isr.c ****     /* Get the state of the general interrupt. */
 292:.\Generated_Source\PSoC5/isr.c ****     return ((*isr_INTC_SET_EN & (uint32)isr__INTC_MASK) != 0u) ? 1u:0u;
 380              		.loc 1 292 0
 381 0004 4FF46143 		mov	r3, #57600
 382 0008 CEF20003 		movt	r3, 57344
 383 000c 1B68     		ldr	r3, [r3, #0]
 384 000e 03F00203 		and	r3, r3, #2
 385 0012 002B     		cmp	r3, #0
 386 0014 02D0     		beq	.L13
 387              		.loc 1 292 0 is_stmt 0 discriminator 1
 388 0016 4FF00103 		mov	r3, #1
 389 001a 01E0     		b	.L14
 390              	.L13:
 391              		.loc 1 292 0 discriminator 2
 392 001c 4FF00003 		mov	r3, #0
ARM GAS  C:\Users\CHAIYA~1\AppData\Local\Temp\ccF06XUs.s 			page 13


 393              	.L14:
 293:.\Generated_Source\PSoC5/isr.c **** }
 394              		.loc 1 293 0 is_stmt 1 discriminator 3
 395 0020 1846     		mov	r0, r3
 396 0022 BD46     		mov	sp, r7
 397 0024 80BC     		pop	{r7}
 398 0026 7047     		bx	lr
 399              		.cfi_endproc
 400              	.LFE9:
 401              		.size	isr_GetState, .-isr_GetState
 402              		.section	.text.isr_Disable,"ax",%progbits
 403              		.align	2
 404              		.global	isr_Disable
 405              		.thumb
 406              		.thumb_func
 407              		.type	isr_Disable, %function
 408              	isr_Disable:
 409              	.LFB10:
 294:.\Generated_Source\PSoC5/isr.c **** 
 295:.\Generated_Source\PSoC5/isr.c **** 
 296:.\Generated_Source\PSoC5/isr.c **** /*******************************************************************************
 297:.\Generated_Source\PSoC5/isr.c **** * Function Name: isr_Disable
 298:.\Generated_Source\PSoC5/isr.c **** ********************************************************************************
 299:.\Generated_Source\PSoC5/isr.c **** *
 300:.\Generated_Source\PSoC5/isr.c **** * Summary:
 301:.\Generated_Source\PSoC5/isr.c **** *   Disables the Interrupt.
 302:.\Generated_Source\PSoC5/isr.c **** *
 303:.\Generated_Source\PSoC5/isr.c **** * Parameters:
 304:.\Generated_Source\PSoC5/isr.c **** *   None
 305:.\Generated_Source\PSoC5/isr.c **** *
 306:.\Generated_Source\PSoC5/isr.c **** * Return:
 307:.\Generated_Source\PSoC5/isr.c **** *   None
 308:.\Generated_Source\PSoC5/isr.c **** *
 309:.\Generated_Source\PSoC5/isr.c **** *******************************************************************************/
 310:.\Generated_Source\PSoC5/isr.c **** void isr_Disable(void)
 311:.\Generated_Source\PSoC5/isr.c **** {
 410              		.loc 1 311 0
 411              		.cfi_startproc
 412              		@ args = 0, pretend = 0, frame = 0
 413              		@ frame_needed = 1, uses_anonymous_args = 0
 414              		@ link register save eliminated.
 415 0000 80B4     		push	{r7}
 416              	.LCFI25:
 417              		.cfi_def_cfa_offset 4
 418              		.cfi_offset 7, -4
 419 0002 00AF     		add	r7, sp, #0
 420              	.LCFI26:
 421              		.cfi_def_cfa_register 7
 312:.\Generated_Source\PSoC5/isr.c ****     /* Disable the general interrupt. */
 313:.\Generated_Source\PSoC5/isr.c ****     *isr_INTC_CLR_EN = isr__INTC_MASK;
 422              		.loc 1 313 0
 423 0004 4EF28013 		movw	r3, #57728
 424 0008 CEF20003 		movt	r3, 57344
 425 000c 4FF00202 		mov	r2, #2
 426 0010 1A60     		str	r2, [r3, #0]
 314:.\Generated_Source\PSoC5/isr.c **** }
 427              		.loc 1 314 0
ARM GAS  C:\Users\CHAIYA~1\AppData\Local\Temp\ccF06XUs.s 			page 14


 428 0012 BD46     		mov	sp, r7
 429 0014 80BC     		pop	{r7}
 430 0016 7047     		bx	lr
 431              		.cfi_endproc
 432              	.LFE10:
 433              		.size	isr_Disable, .-isr_Disable
 434              		.section	.text.isr_SetPending,"ax",%progbits
 435              		.align	2
 436              		.global	isr_SetPending
 437              		.thumb
 438              		.thumb_func
 439              		.type	isr_SetPending, %function
 440              	isr_SetPending:
 441              	.LFB11:
 315:.\Generated_Source\PSoC5/isr.c **** 
 316:.\Generated_Source\PSoC5/isr.c **** 
 317:.\Generated_Source\PSoC5/isr.c **** /*******************************************************************************
 318:.\Generated_Source\PSoC5/isr.c **** * Function Name: isr_SetPending
 319:.\Generated_Source\PSoC5/isr.c **** ********************************************************************************
 320:.\Generated_Source\PSoC5/isr.c **** *
 321:.\Generated_Source\PSoC5/isr.c **** * Summary:
 322:.\Generated_Source\PSoC5/isr.c **** *   Causes the Interrupt to enter the pending state, a software method of
 323:.\Generated_Source\PSoC5/isr.c **** *   generating the interrupt.
 324:.\Generated_Source\PSoC5/isr.c **** *
 325:.\Generated_Source\PSoC5/isr.c **** * Parameters:
 326:.\Generated_Source\PSoC5/isr.c **** *   None
 327:.\Generated_Source\PSoC5/isr.c **** *
 328:.\Generated_Source\PSoC5/isr.c **** * Return:
 329:.\Generated_Source\PSoC5/isr.c **** *   None
 330:.\Generated_Source\PSoC5/isr.c **** *
 331:.\Generated_Source\PSoC5/isr.c **** *******************************************************************************/
 332:.\Generated_Source\PSoC5/isr.c **** void isr_SetPending(void)
 333:.\Generated_Source\PSoC5/isr.c **** {
 442              		.loc 1 333 0
 443              		.cfi_startproc
 444              		@ args = 0, pretend = 0, frame = 0
 445              		@ frame_needed = 1, uses_anonymous_args = 0
 446              		@ link register save eliminated.
 447 0000 80B4     		push	{r7}
 448              	.LCFI27:
 449              		.cfi_def_cfa_offset 4
 450              		.cfi_offset 7, -4
 451 0002 00AF     		add	r7, sp, #0
 452              	.LCFI28:
 453              		.cfi_def_cfa_register 7
 334:.\Generated_Source\PSoC5/isr.c ****     *isr_INTC_SET_PD = isr__INTC_MASK;
 454              		.loc 1 334 0
 455 0004 4FF46243 		mov	r3, #57856
 456 0008 CEF20003 		movt	r3, 57344
 457 000c 4FF00202 		mov	r2, #2
 458 0010 1A60     		str	r2, [r3, #0]
 335:.\Generated_Source\PSoC5/isr.c **** }
 459              		.loc 1 335 0
 460 0012 BD46     		mov	sp, r7
 461 0014 80BC     		pop	{r7}
 462 0016 7047     		bx	lr
 463              		.cfi_endproc
ARM GAS  C:\Users\CHAIYA~1\AppData\Local\Temp\ccF06XUs.s 			page 15


 464              	.LFE11:
 465              		.size	isr_SetPending, .-isr_SetPending
 466              		.section	.text.isr_ClearPending,"ax",%progbits
 467              		.align	2
 468              		.global	isr_ClearPending
 469              		.thumb
 470              		.thumb_func
 471              		.type	isr_ClearPending, %function
 472              	isr_ClearPending:
 473              	.LFB12:
 336:.\Generated_Source\PSoC5/isr.c **** 
 337:.\Generated_Source\PSoC5/isr.c **** 
 338:.\Generated_Source\PSoC5/isr.c **** /*******************************************************************************
 339:.\Generated_Source\PSoC5/isr.c **** * Function Name: isr_ClearPending
 340:.\Generated_Source\PSoC5/isr.c **** ********************************************************************************
 341:.\Generated_Source\PSoC5/isr.c **** *
 342:.\Generated_Source\PSoC5/isr.c **** * Summary:
 343:.\Generated_Source\PSoC5/isr.c **** *   Clears a pending interrupt.
 344:.\Generated_Source\PSoC5/isr.c **** *
 345:.\Generated_Source\PSoC5/isr.c **** * Parameters:
 346:.\Generated_Source\PSoC5/isr.c **** *   None
 347:.\Generated_Source\PSoC5/isr.c **** *
 348:.\Generated_Source\PSoC5/isr.c **** * Return:
 349:.\Generated_Source\PSoC5/isr.c **** *   None
 350:.\Generated_Source\PSoC5/isr.c **** *
 351:.\Generated_Source\PSoC5/isr.c **** *******************************************************************************/
 352:.\Generated_Source\PSoC5/isr.c **** void isr_ClearPending(void)
 353:.\Generated_Source\PSoC5/isr.c **** {
 474              		.loc 1 353 0
 475              		.cfi_startproc
 476              		@ args = 0, pretend = 0, frame = 0
 477              		@ frame_needed = 1, uses_anonymous_args = 0
 478              		@ link register save eliminated.
 479 0000 80B4     		push	{r7}
 480              	.LCFI29:
 481              		.cfi_def_cfa_offset 4
 482              		.cfi_offset 7, -4
 483 0002 00AF     		add	r7, sp, #0
 484              	.LCFI30:
 485              		.cfi_def_cfa_register 7
 354:.\Generated_Source\PSoC5/isr.c ****     *isr_INTC_CLR_PD = isr__INTC_MASK;
 486              		.loc 1 354 0
 487 0004 4EF28023 		movw	r3, #57984
 488 0008 CEF20003 		movt	r3, 57344
 489 000c 4FF00202 		mov	r2, #2
 490 0010 1A60     		str	r2, [r3, #0]
 355:.\Generated_Source\PSoC5/isr.c **** }
 491              		.loc 1 355 0
 492 0012 BD46     		mov	sp, r7
 493 0014 80BC     		pop	{r7}
 494 0016 7047     		bx	lr
 495              		.cfi_endproc
 496              	.LFE12:
 497              		.size	isr_ClearPending, .-isr_ClearPending
 498              		.text
 499              	.Letext0:
 500              		.file 2 "./Generated_Source/PSoC5/cytypes.h"
ARM GAS  C:\Users\CHAIYA~1\AppData\Local\Temp\ccF06XUs.s 			page 16


 501              		.section	.debug_info,"",%progbits
 502              	.Ldebug_info0:
 503 0000 86020000 		.4byte	0x286
 504 0004 0200     		.2byte	0x2
 505 0006 00000000 		.4byte	.Ldebug_abbrev0
 506 000a 04       		.byte	0x4
 507 000b 01       		.uleb128 0x1
 508 000c E0010000 		.4byte	.LASF33
 509 0010 01       		.byte	0x1
 510 0011 26000000 		.4byte	.LASF34
 511 0015 55010000 		.4byte	.LASF35
 512 0019 00000000 		.4byte	.Ldebug_ranges0+0
 513 001d 00000000 		.4byte	0
 514 0021 00000000 		.4byte	0
 515 0025 00000000 		.4byte	.Ldebug_line0
 516 0029 02       		.uleb128 0x2
 517 002a 01       		.byte	0x1
 518 002b 06       		.byte	0x6
 519 002c 32020000 		.4byte	.LASF0
 520 0030 02       		.uleb128 0x2
 521 0031 01       		.byte	0x1
 522 0032 08       		.byte	0x8
 523 0033 7E000000 		.4byte	.LASF1
 524 0037 02       		.uleb128 0x2
 525 0038 02       		.byte	0x2
 526 0039 05       		.byte	0x5
 527 003a D4000000 		.4byte	.LASF2
 528 003e 02       		.uleb128 0x2
 529 003f 02       		.byte	0x2
 530 0040 07       		.byte	0x7
 531 0041 06000000 		.4byte	.LASF3
 532 0045 03       		.uleb128 0x3
 533 0046 04       		.byte	0x4
 534 0047 05       		.byte	0x5
 535 0048 696E7400 		.ascii	"int\000"
 536 004c 02       		.uleb128 0x2
 537 004d 04       		.byte	0x4
 538 004e 07       		.byte	0x7
 539 004f 00010000 		.4byte	.LASF4
 540 0053 02       		.uleb128 0x2
 541 0054 08       		.byte	0x8
 542 0055 05       		.byte	0x5
 543 0056 B2010000 		.4byte	.LASF5
 544 005a 02       		.uleb128 0x2
 545 005b 08       		.byte	0x8
 546 005c 07       		.byte	0x7
 547 005d 15010000 		.4byte	.LASF6
 548 0061 02       		.uleb128 0x2
 549 0062 04       		.byte	0x4
 550 0063 05       		.byte	0x5
 551 0064 29020000 		.4byte	.LASF7
 552 0068 02       		.uleb128 0x2
 553 0069 04       		.byte	0x4
 554 006a 07       		.byte	0x7
 555 006b A9010000 		.4byte	.LASF8
 556 006f 02       		.uleb128 0x2
 557 0070 04       		.byte	0x4
ARM GAS  C:\Users\CHAIYA~1\AppData\Local\Temp\ccF06XUs.s 			page 17


 558 0071 07       		.byte	0x7
 559 0072 91000000 		.4byte	.LASF9
 560 0076 04       		.uleb128 0x4
 561 0077 01       		.byte	0x1
 562 0078 05       		.uleb128 0x5
 563 0079 04       		.byte	0x4
 564 007a 76000000 		.4byte	0x76
 565 007e 02       		.uleb128 0x2
 566 007f 01       		.byte	0x1
 567 0080 08       		.byte	0x8
 568 0081 C0010000 		.4byte	.LASF10
 569 0085 06       		.uleb128 0x6
 570 0086 AD000000 		.4byte	.LASF11
 571 008a 02       		.byte	0x2
 572 008b 5B       		.byte	0x5b
 573 008c 30000000 		.4byte	0x30
 574 0090 06       		.uleb128 0x6
 575 0091 F9000000 		.4byte	.LASF12
 576 0095 02       		.byte	0x2
 577 0096 5D       		.byte	0x5d
 578 0097 6F000000 		.4byte	0x6f
 579 009b 02       		.uleb128 0x2
 580 009c 04       		.byte	0x4
 581 009d 04       		.byte	0x4
 582 009e 5E000000 		.4byte	.LASF13
 583 00a2 02       		.uleb128 0x2
 584 00a3 08       		.byte	0x8
 585 00a4 04       		.byte	0x4
 586 00a5 CD000000 		.4byte	.LASF14
 587 00a9 06       		.uleb128 0x6
 588 00aa 8C000000 		.4byte	.LASF15
 589 00ae 02       		.byte	0x2
 590 00af F0       		.byte	0xf0
 591 00b0 B4000000 		.4byte	0xb4
 592 00b4 07       		.uleb128 0x7
 593 00b5 85000000 		.4byte	0x85
 594 00b9 06       		.uleb128 0x6
 595 00ba 00000000 		.4byte	.LASF16
 596 00be 02       		.byte	0x2
 597 00bf F2       		.byte	0xf2
 598 00c0 C4000000 		.4byte	0xc4
 599 00c4 07       		.uleb128 0x7
 600 00c5 90000000 		.4byte	0x90
 601 00c9 08       		.uleb128 0x8
 602 00ca 2C010000 		.4byte	.LASF17
 603 00ce 02       		.byte	0x2
 604 00cf 0201     		.2byte	0x102
 605 00d1 78000000 		.4byte	0x78
 606 00d5 09       		.uleb128 0x9
 607 00d6 01       		.byte	0x1
 608 00d7 A3000000 		.4byte	.LASF18
 609 00db 01       		.byte	0x1
 610 00dc 3A       		.byte	0x3a
 611 00dd 01       		.byte	0x1
 612 00de 00000000 		.4byte	.LFB0
 613 00e2 22000000 		.4byte	.LFE0
 614 00e6 00000000 		.4byte	.LLST0
ARM GAS  C:\Users\CHAIYA~1\AppData\Local\Temp\ccF06XUs.s 			page 18


 615 00ea 01       		.byte	0x1
 616 00eb 0A       		.uleb128 0xa
 617 00ec 01       		.byte	0x1
 618 00ed ED000000 		.4byte	.LASF21
 619 00f1 01       		.byte	0x1
 620 00f2 58       		.byte	0x58
 621 00f3 01       		.byte	0x1
 622 00f4 00000000 		.4byte	.LFB1
 623 00f8 26000000 		.4byte	.LFE1
 624 00fc 2C000000 		.4byte	.LLST1
 625 0100 01       		.byte	0x1
 626 0101 14010000 		.4byte	0x114
 627 0105 0B       		.uleb128 0xb
 628 0106 0D010000 		.4byte	.LASF23
 629 010a 01       		.byte	0x1
 630 010b 58       		.byte	0x58
 631 010c C9000000 		.4byte	0xc9
 632 0110 02       		.byte	0x2
 633 0111 91       		.byte	0x91
 634 0112 74       		.sleb128 -12
 635 0113 00       		.byte	0
 636 0114 09       		.uleb128 0x9
 637 0115 01       		.byte	0x1
 638 0116 55000000 		.4byte	.LASF19
 639 011a 01       		.byte	0x1
 640 011b 75       		.byte	0x75
 641 011c 01       		.byte	0x1
 642 011d 00000000 		.4byte	.LFB2
 643 0121 16000000 		.4byte	.LFE2
 644 0125 64000000 		.4byte	.LLST2
 645 0129 01       		.byte	0x1
 646 012a 09       		.uleb128 0x9
 647 012b 01       		.byte	0x1
 648 012c 47010000 		.4byte	.LASF20
 649 0130 01       		.byte	0x1
 650 0131 8F       		.byte	0x8f
 651 0132 01       		.byte	0x1
 652 0133 00000000 		.4byte	.LFB3
 653 0137 18000000 		.4byte	.LFE3
 654 013b 90000000 		.4byte	.LLST3
 655 013f 01       		.byte	0x1
 656 0140 0C       		.uleb128 0xc
 657 0141 01       		.byte	0x1
 658 0142 64000000 		.4byte	.LASF22
 659 0146 01       		.byte	0x1
 660 0147 AB       		.byte	0xab
 661 0148 01       		.byte	0x1
 662 0149 00000000 		.4byte	.LFB4
 663 014d 28000000 		.4byte	.LFE4
 664 0151 BC000000 		.4byte	.LLST4
 665 0155 01       		.byte	0x1
 666 0156 77010000 		.4byte	0x177
 667 015a 0B       		.uleb128 0xb
 668 015b 0D010000 		.4byte	.LASF23
 669 015f 01       		.byte	0x1
 670 0160 AB       		.byte	0xab
 671 0161 C9000000 		.4byte	0xc9
ARM GAS  C:\Users\CHAIYA~1\AppData\Local\Temp\ccF06XUs.s 			page 19


 672 0165 02       		.byte	0x2
 673 0166 91       		.byte	0x91
 674 0167 6C       		.sleb128 -20
 675 0168 0D       		.uleb128 0xd
 676 0169 C5010000 		.4byte	.LASF24
 677 016d 01       		.byte	0x1
 678 016e AD       		.byte	0xad
 679 016f 77010000 		.4byte	0x177
 680 0173 02       		.byte	0x2
 681 0174 91       		.byte	0x91
 682 0175 74       		.sleb128 -12
 683 0176 00       		.byte	0
 684 0177 05       		.uleb128 0x5
 685 0178 04       		.byte	0x4
 686 0179 C9000000 		.4byte	0xc9
 687 017d 0E       		.uleb128 0xe
 688 017e 01       		.byte	0x1
 689 017f 39010000 		.4byte	.LASF27
 690 0183 01       		.byte	0x1
 691 0184 C3       		.byte	0xc3
 692 0185 01       		.byte	0x1
 693 0186 C9000000 		.4byte	0xc9
 694 018a 00000000 		.4byte	.LFB5
 695 018e 22000000 		.4byte	.LFE5
 696 0192 F4000000 		.4byte	.LLST5
 697 0196 01       		.byte	0x1
 698 0197 AA010000 		.4byte	0x1aa
 699 019b 0D       		.uleb128 0xd
 700 019c C5010000 		.4byte	.LASF24
 701 01a0 01       		.byte	0x1
 702 01a1 C5       		.byte	0xc5
 703 01a2 77010000 		.4byte	0x177
 704 01a6 02       		.byte	0x2
 705 01a7 91       		.byte	0x91
 706 01a8 74       		.sleb128 -12
 707 01a9 00       		.byte	0
 708 01aa 0C       		.uleb128 0xc
 709 01ab 01       		.byte	0x1
 710 01ac 45000000 		.4byte	.LASF25
 711 01b0 01       		.byte	0x1
 712 01b1 DF       		.byte	0xdf
 713 01b2 01       		.byte	0x1
 714 01b3 00000000 		.4byte	.LFB6
 715 01b7 26000000 		.4byte	.LFE6
 716 01bb 2C010000 		.4byte	.LLST6
 717 01bf 01       		.byte	0x1
 718 01c0 D3010000 		.4byte	0x1d3
 719 01c4 0B       		.uleb128 0xb
 720 01c5 B3000000 		.4byte	.LASF26
 721 01c9 01       		.byte	0x1
 722 01ca DF       		.byte	0xdf
 723 01cb 85000000 		.4byte	0x85
 724 01cf 02       		.byte	0x2
 725 01d0 91       		.byte	0x91
 726 01d1 77       		.sleb128 -9
 727 01d2 00       		.byte	0
 728 01d3 0E       		.uleb128 0xe
ARM GAS  C:\Users\CHAIYA~1\AppData\Local\Temp\ccF06XUs.s 			page 20


 729 01d4 01       		.byte	0x1
 730 01d5 49020000 		.4byte	.LASF28
 731 01d9 01       		.byte	0x1
 732 01da F3       		.byte	0xf3
 733 01db 01       		.byte	0x1
 734 01dc 85000000 		.4byte	0x85
 735 01e0 00000000 		.4byte	.LFB7
 736 01e4 26000000 		.4byte	.LFE7
 737 01e8 64010000 		.4byte	.LLST7
 738 01ec 01       		.byte	0x1
 739 01ed 00020000 		.4byte	0x200
 740 01f1 0D       		.uleb128 0xd
 741 01f2 B3000000 		.4byte	.LASF26
 742 01f6 01       		.byte	0x1
 743 01f7 F5       		.byte	0xf5
 744 01f8 85000000 		.4byte	0x85
 745 01fc 02       		.byte	0x2
 746 01fd 91       		.byte	0x91
 747 01fe 77       		.sleb128 -9
 748 01ff 00       		.byte	0
 749 0200 0F       		.uleb128 0xf
 750 0201 01       		.byte	0x1
 751 0202 3E020000 		.4byte	.LASF29
 752 0206 01       		.byte	0x1
 753 0207 0C01     		.2byte	0x10c
 754 0209 01       		.byte	0x1
 755 020a 00000000 		.4byte	.LFB8
 756 020e 18000000 		.4byte	.LFE8
 757 0212 9C010000 		.4byte	.LLST8
 758 0216 01       		.byte	0x1
 759 0217 10       		.uleb128 0x10
 760 0218 01       		.byte	0x1
 761 0219 19000000 		.4byte	.LASF36
 762 021d 01       		.byte	0x1
 763 021e 2101     		.2byte	0x121
 764 0220 01       		.byte	0x1
 765 0221 85000000 		.4byte	0x85
 766 0225 00000000 		.4byte	.LFB9
 767 0229 28000000 		.4byte	.LFE9
 768 022d C8010000 		.4byte	.LLST9
 769 0231 01       		.byte	0x1
 770 0232 0F       		.uleb128 0xf
 771 0233 01       		.byte	0x1
 772 0234 D4010000 		.4byte	.LASF30
 773 0238 01       		.byte	0x1
 774 0239 3601     		.2byte	0x136
 775 023b 01       		.byte	0x1
 776 023c 00000000 		.4byte	.LFB10
 777 0240 18000000 		.4byte	.LFE10
 778 0244 F4010000 		.4byte	.LLST10
 779 0248 01       		.byte	0x1
 780 0249 0F       		.uleb128 0xf
 781 024a 01       		.byte	0x1
 782 024b DE000000 		.4byte	.LASF31
 783 024f 01       		.byte	0x1
 784 0250 4C01     		.2byte	0x14c
 785 0252 01       		.byte	0x1
ARM GAS  C:\Users\CHAIYA~1\AppData\Local\Temp\ccF06XUs.s 			page 21


 786 0253 00000000 		.4byte	.LFB11
 787 0257 18000000 		.4byte	.LFE11
 788 025b 20020000 		.4byte	.LLST11
 789 025f 01       		.byte	0x1
 790 0260 0F       		.uleb128 0xf
 791 0261 01       		.byte	0x1
 792 0262 BC000000 		.4byte	.LASF32
 793 0266 01       		.byte	0x1
 794 0267 6001     		.2byte	0x160
 795 0269 01       		.byte	0x1
 796 026a 00000000 		.4byte	.LFB12
 797 026e 18000000 		.4byte	.LFE12
 798 0272 4C020000 		.4byte	.LLST12
 799 0276 01       		.byte	0x1
 800 0277 11       		.uleb128 0x11
 801 0278 72000000 		.4byte	.LASF37
 802 027c 01       		.byte	0x1
 803 027d 1E       		.byte	0x1e
 804 027e B4000000 		.4byte	0xb4
 805 0282 01       		.byte	0x1
 806 0283 05       		.byte	0x5
 807 0284 03       		.byte	0x3
 808 0285 00000000 		.4byte	toggle_flag
 809 0289 00       		.byte	0
 810              		.section	.debug_abbrev,"",%progbits
 811              	.Ldebug_abbrev0:
 812 0000 01       		.uleb128 0x1
 813 0001 11       		.uleb128 0x11
 814 0002 01       		.byte	0x1
 815 0003 25       		.uleb128 0x25
 816 0004 0E       		.uleb128 0xe
 817 0005 13       		.uleb128 0x13
 818 0006 0B       		.uleb128 0xb
 819 0007 03       		.uleb128 0x3
 820 0008 0E       		.uleb128 0xe
 821 0009 1B       		.uleb128 0x1b
 822 000a 0E       		.uleb128 0xe
 823 000b 55       		.uleb128 0x55
 824 000c 06       		.uleb128 0x6
 825 000d 11       		.uleb128 0x11
 826 000e 01       		.uleb128 0x1
 827 000f 52       		.uleb128 0x52
 828 0010 01       		.uleb128 0x1
 829 0011 10       		.uleb128 0x10
 830 0012 06       		.uleb128 0x6
 831 0013 00       		.byte	0
 832 0014 00       		.byte	0
 833 0015 02       		.uleb128 0x2
 834 0016 24       		.uleb128 0x24
 835 0017 00       		.byte	0
 836 0018 0B       		.uleb128 0xb
 837 0019 0B       		.uleb128 0xb
 838 001a 3E       		.uleb128 0x3e
 839 001b 0B       		.uleb128 0xb
 840 001c 03       		.uleb128 0x3
 841 001d 0E       		.uleb128 0xe
 842 001e 00       		.byte	0
ARM GAS  C:\Users\CHAIYA~1\AppData\Local\Temp\ccF06XUs.s 			page 22


 843 001f 00       		.byte	0
 844 0020 03       		.uleb128 0x3
 845 0021 24       		.uleb128 0x24
 846 0022 00       		.byte	0
 847 0023 0B       		.uleb128 0xb
 848 0024 0B       		.uleb128 0xb
 849 0025 3E       		.uleb128 0x3e
 850 0026 0B       		.uleb128 0xb
 851 0027 03       		.uleb128 0x3
 852 0028 08       		.uleb128 0x8
 853 0029 00       		.byte	0
 854 002a 00       		.byte	0
 855 002b 04       		.uleb128 0x4
 856 002c 15       		.uleb128 0x15
 857 002d 00       		.byte	0
 858 002e 27       		.uleb128 0x27
 859 002f 0C       		.uleb128 0xc
 860 0030 00       		.byte	0
 861 0031 00       		.byte	0
 862 0032 05       		.uleb128 0x5
 863 0033 0F       		.uleb128 0xf
 864 0034 00       		.byte	0
 865 0035 0B       		.uleb128 0xb
 866 0036 0B       		.uleb128 0xb
 867 0037 49       		.uleb128 0x49
 868 0038 13       		.uleb128 0x13
 869 0039 00       		.byte	0
 870 003a 00       		.byte	0
 871 003b 06       		.uleb128 0x6
 872 003c 16       		.uleb128 0x16
 873 003d 00       		.byte	0
 874 003e 03       		.uleb128 0x3
 875 003f 0E       		.uleb128 0xe
 876 0040 3A       		.uleb128 0x3a
 877 0041 0B       		.uleb128 0xb
 878 0042 3B       		.uleb128 0x3b
 879 0043 0B       		.uleb128 0xb
 880 0044 49       		.uleb128 0x49
 881 0045 13       		.uleb128 0x13
 882 0046 00       		.byte	0
 883 0047 00       		.byte	0
 884 0048 07       		.uleb128 0x7
 885 0049 35       		.uleb128 0x35
 886 004a 00       		.byte	0
 887 004b 49       		.uleb128 0x49
 888 004c 13       		.uleb128 0x13
 889 004d 00       		.byte	0
 890 004e 00       		.byte	0
 891 004f 08       		.uleb128 0x8
 892 0050 16       		.uleb128 0x16
 893 0051 00       		.byte	0
 894 0052 03       		.uleb128 0x3
 895 0053 0E       		.uleb128 0xe
 896 0054 3A       		.uleb128 0x3a
 897 0055 0B       		.uleb128 0xb
 898 0056 3B       		.uleb128 0x3b
 899 0057 05       		.uleb128 0x5
ARM GAS  C:\Users\CHAIYA~1\AppData\Local\Temp\ccF06XUs.s 			page 23


 900 0058 49       		.uleb128 0x49
 901 0059 13       		.uleb128 0x13
 902 005a 00       		.byte	0
 903 005b 00       		.byte	0
 904 005c 09       		.uleb128 0x9
 905 005d 2E       		.uleb128 0x2e
 906 005e 00       		.byte	0
 907 005f 3F       		.uleb128 0x3f
 908 0060 0C       		.uleb128 0xc
 909 0061 03       		.uleb128 0x3
 910 0062 0E       		.uleb128 0xe
 911 0063 3A       		.uleb128 0x3a
 912 0064 0B       		.uleb128 0xb
 913 0065 3B       		.uleb128 0x3b
 914 0066 0B       		.uleb128 0xb
 915 0067 27       		.uleb128 0x27
 916 0068 0C       		.uleb128 0xc
 917 0069 11       		.uleb128 0x11
 918 006a 01       		.uleb128 0x1
 919 006b 12       		.uleb128 0x12
 920 006c 01       		.uleb128 0x1
 921 006d 40       		.uleb128 0x40
 922 006e 06       		.uleb128 0x6
 923 006f 9642     		.uleb128 0x2116
 924 0071 0C       		.uleb128 0xc
 925 0072 00       		.byte	0
 926 0073 00       		.byte	0
 927 0074 0A       		.uleb128 0xa
 928 0075 2E       		.uleb128 0x2e
 929 0076 01       		.byte	0x1
 930 0077 3F       		.uleb128 0x3f
 931 0078 0C       		.uleb128 0xc
 932 0079 03       		.uleb128 0x3
 933 007a 0E       		.uleb128 0xe
 934 007b 3A       		.uleb128 0x3a
 935 007c 0B       		.uleb128 0xb
 936 007d 3B       		.uleb128 0x3b
 937 007e 0B       		.uleb128 0xb
 938 007f 27       		.uleb128 0x27
 939 0080 0C       		.uleb128 0xc
 940 0081 11       		.uleb128 0x11
 941 0082 01       		.uleb128 0x1
 942 0083 12       		.uleb128 0x12
 943 0084 01       		.uleb128 0x1
 944 0085 40       		.uleb128 0x40
 945 0086 06       		.uleb128 0x6
 946 0087 9642     		.uleb128 0x2116
 947 0089 0C       		.uleb128 0xc
 948 008a 01       		.uleb128 0x1
 949 008b 13       		.uleb128 0x13
 950 008c 00       		.byte	0
 951 008d 00       		.byte	0
 952 008e 0B       		.uleb128 0xb
 953 008f 05       		.uleb128 0x5
 954 0090 00       		.byte	0
 955 0091 03       		.uleb128 0x3
 956 0092 0E       		.uleb128 0xe
ARM GAS  C:\Users\CHAIYA~1\AppData\Local\Temp\ccF06XUs.s 			page 24


 957 0093 3A       		.uleb128 0x3a
 958 0094 0B       		.uleb128 0xb
 959 0095 3B       		.uleb128 0x3b
 960 0096 0B       		.uleb128 0xb
 961 0097 49       		.uleb128 0x49
 962 0098 13       		.uleb128 0x13
 963 0099 02       		.uleb128 0x2
 964 009a 0A       		.uleb128 0xa
 965 009b 00       		.byte	0
 966 009c 00       		.byte	0
 967 009d 0C       		.uleb128 0xc
 968 009e 2E       		.uleb128 0x2e
 969 009f 01       		.byte	0x1
 970 00a0 3F       		.uleb128 0x3f
 971 00a1 0C       		.uleb128 0xc
 972 00a2 03       		.uleb128 0x3
 973 00a3 0E       		.uleb128 0xe
 974 00a4 3A       		.uleb128 0x3a
 975 00a5 0B       		.uleb128 0xb
 976 00a6 3B       		.uleb128 0x3b
 977 00a7 0B       		.uleb128 0xb
 978 00a8 27       		.uleb128 0x27
 979 00a9 0C       		.uleb128 0xc
 980 00aa 11       		.uleb128 0x11
 981 00ab 01       		.uleb128 0x1
 982 00ac 12       		.uleb128 0x12
 983 00ad 01       		.uleb128 0x1
 984 00ae 40       		.uleb128 0x40
 985 00af 06       		.uleb128 0x6
 986 00b0 9742     		.uleb128 0x2117
 987 00b2 0C       		.uleb128 0xc
 988 00b3 01       		.uleb128 0x1
 989 00b4 13       		.uleb128 0x13
 990 00b5 00       		.byte	0
 991 00b6 00       		.byte	0
 992 00b7 0D       		.uleb128 0xd
 993 00b8 34       		.uleb128 0x34
 994 00b9 00       		.byte	0
 995 00ba 03       		.uleb128 0x3
 996 00bb 0E       		.uleb128 0xe
 997 00bc 3A       		.uleb128 0x3a
 998 00bd 0B       		.uleb128 0xb
 999 00be 3B       		.uleb128 0x3b
 1000 00bf 0B       		.uleb128 0xb
 1001 00c0 49       		.uleb128 0x49
 1002 00c1 13       		.uleb128 0x13
 1003 00c2 02       		.uleb128 0x2
 1004 00c3 0A       		.uleb128 0xa
 1005 00c4 00       		.byte	0
 1006 00c5 00       		.byte	0
 1007 00c6 0E       		.uleb128 0xe
 1008 00c7 2E       		.uleb128 0x2e
 1009 00c8 01       		.byte	0x1
 1010 00c9 3F       		.uleb128 0x3f
 1011 00ca 0C       		.uleb128 0xc
 1012 00cb 03       		.uleb128 0x3
 1013 00cc 0E       		.uleb128 0xe
ARM GAS  C:\Users\CHAIYA~1\AppData\Local\Temp\ccF06XUs.s 			page 25


 1014 00cd 3A       		.uleb128 0x3a
 1015 00ce 0B       		.uleb128 0xb
 1016 00cf 3B       		.uleb128 0x3b
 1017 00d0 0B       		.uleb128 0xb
 1018 00d1 27       		.uleb128 0x27
 1019 00d2 0C       		.uleb128 0xc
 1020 00d3 49       		.uleb128 0x49
 1021 00d4 13       		.uleb128 0x13
 1022 00d5 11       		.uleb128 0x11
 1023 00d6 01       		.uleb128 0x1
 1024 00d7 12       		.uleb128 0x12
 1025 00d8 01       		.uleb128 0x1
 1026 00d9 40       		.uleb128 0x40
 1027 00da 06       		.uleb128 0x6
 1028 00db 9742     		.uleb128 0x2117
 1029 00dd 0C       		.uleb128 0xc
 1030 00de 01       		.uleb128 0x1
 1031 00df 13       		.uleb128 0x13
 1032 00e0 00       		.byte	0
 1033 00e1 00       		.byte	0
 1034 00e2 0F       		.uleb128 0xf
 1035 00e3 2E       		.uleb128 0x2e
 1036 00e4 00       		.byte	0
 1037 00e5 3F       		.uleb128 0x3f
 1038 00e6 0C       		.uleb128 0xc
 1039 00e7 03       		.uleb128 0x3
 1040 00e8 0E       		.uleb128 0xe
 1041 00e9 3A       		.uleb128 0x3a
 1042 00ea 0B       		.uleb128 0xb
 1043 00eb 3B       		.uleb128 0x3b
 1044 00ec 05       		.uleb128 0x5
 1045 00ed 27       		.uleb128 0x27
 1046 00ee 0C       		.uleb128 0xc
 1047 00ef 11       		.uleb128 0x11
 1048 00f0 01       		.uleb128 0x1
 1049 00f1 12       		.uleb128 0x12
 1050 00f2 01       		.uleb128 0x1
 1051 00f3 40       		.uleb128 0x40
 1052 00f4 06       		.uleb128 0x6
 1053 00f5 9742     		.uleb128 0x2117
 1054 00f7 0C       		.uleb128 0xc
 1055 00f8 00       		.byte	0
 1056 00f9 00       		.byte	0
 1057 00fa 10       		.uleb128 0x10
 1058 00fb 2E       		.uleb128 0x2e
 1059 00fc 00       		.byte	0
 1060 00fd 3F       		.uleb128 0x3f
 1061 00fe 0C       		.uleb128 0xc
 1062 00ff 03       		.uleb128 0x3
 1063 0100 0E       		.uleb128 0xe
 1064 0101 3A       		.uleb128 0x3a
 1065 0102 0B       		.uleb128 0xb
 1066 0103 3B       		.uleb128 0x3b
 1067 0104 05       		.uleb128 0x5
 1068 0105 27       		.uleb128 0x27
 1069 0106 0C       		.uleb128 0xc
 1070 0107 49       		.uleb128 0x49
ARM GAS  C:\Users\CHAIYA~1\AppData\Local\Temp\ccF06XUs.s 			page 26


 1071 0108 13       		.uleb128 0x13
 1072 0109 11       		.uleb128 0x11
 1073 010a 01       		.uleb128 0x1
 1074 010b 12       		.uleb128 0x12
 1075 010c 01       		.uleb128 0x1
 1076 010d 40       		.uleb128 0x40
 1077 010e 06       		.uleb128 0x6
 1078 010f 9742     		.uleb128 0x2117
 1079 0111 0C       		.uleb128 0xc
 1080 0112 00       		.byte	0
 1081 0113 00       		.byte	0
 1082 0114 11       		.uleb128 0x11
 1083 0115 34       		.uleb128 0x34
 1084 0116 00       		.byte	0
 1085 0117 03       		.uleb128 0x3
 1086 0118 0E       		.uleb128 0xe
 1087 0119 3A       		.uleb128 0x3a
 1088 011a 0B       		.uleb128 0xb
 1089 011b 3B       		.uleb128 0x3b
 1090 011c 0B       		.uleb128 0xb
 1091 011d 49       		.uleb128 0x49
 1092 011e 13       		.uleb128 0x13
 1093 011f 3F       		.uleb128 0x3f
 1094 0120 0C       		.uleb128 0xc
 1095 0121 02       		.uleb128 0x2
 1096 0122 0A       		.uleb128 0xa
 1097 0123 00       		.byte	0
 1098 0124 00       		.byte	0
 1099 0125 00       		.byte	0
 1100              		.section	.debug_loc,"",%progbits
 1101              	.Ldebug_loc0:
 1102              	.LLST0:
 1103 0000 00000000 		.4byte	.LFB0
 1104 0004 02000000 		.4byte	.LCFI0
 1105 0008 0200     		.2byte	0x2
 1106 000a 7D       		.byte	0x7d
 1107 000b 00       		.sleb128 0
 1108 000c 02000000 		.4byte	.LCFI0
 1109 0010 04000000 		.4byte	.LCFI1
 1110 0014 0200     		.2byte	0x2
 1111 0016 7D       		.byte	0x7d
 1112 0017 08       		.sleb128 8
 1113 0018 04000000 		.4byte	.LCFI1
 1114 001c 22000000 		.4byte	.LFE0
 1115 0020 0200     		.2byte	0x2
 1116 0022 77       		.byte	0x77
 1117 0023 08       		.sleb128 8
 1118 0024 00000000 		.4byte	0
 1119 0028 00000000 		.4byte	0
 1120              	.LLST1:
 1121 002c 00000000 		.4byte	.LFB1
 1122 0030 02000000 		.4byte	.LCFI2
 1123 0034 0200     		.2byte	0x2
 1124 0036 7D       		.byte	0x7d
 1125 0037 00       		.sleb128 0
 1126 0038 02000000 		.4byte	.LCFI2
 1127 003c 04000000 		.4byte	.LCFI3
ARM GAS  C:\Users\CHAIYA~1\AppData\Local\Temp\ccF06XUs.s 			page 27


 1128 0040 0200     		.2byte	0x2
 1129 0042 7D       		.byte	0x7d
 1130 0043 08       		.sleb128 8
 1131 0044 04000000 		.4byte	.LCFI3
 1132 0048 06000000 		.4byte	.LCFI4
 1133 004c 0200     		.2byte	0x2
 1134 004e 7D       		.byte	0x7d
 1135 004f 10       		.sleb128 16
 1136 0050 06000000 		.4byte	.LCFI4
 1137 0054 26000000 		.4byte	.LFE1
 1138 0058 0200     		.2byte	0x2
 1139 005a 77       		.byte	0x77
 1140 005b 10       		.sleb128 16
 1141 005c 00000000 		.4byte	0
 1142 0060 00000000 		.4byte	0
 1143              	.LLST2:
 1144 0064 00000000 		.4byte	.LFB2
 1145 0068 02000000 		.4byte	.LCFI5
 1146 006c 0200     		.2byte	0x2
 1147 006e 7D       		.byte	0x7d
 1148 006f 00       		.sleb128 0
 1149 0070 02000000 		.4byte	.LCFI5
 1150 0074 04000000 		.4byte	.LCFI6
 1151 0078 0200     		.2byte	0x2
 1152 007a 7D       		.byte	0x7d
 1153 007b 08       		.sleb128 8
 1154 007c 04000000 		.4byte	.LCFI6
 1155 0080 16000000 		.4byte	.LFE2
 1156 0084 0200     		.2byte	0x2
 1157 0086 77       		.byte	0x77
 1158 0087 08       		.sleb128 8
 1159 0088 00000000 		.4byte	0
 1160 008c 00000000 		.4byte	0
 1161              	.LLST3:
 1162 0090 00000000 		.4byte	.LFB3
 1163 0094 02000000 		.4byte	.LCFI7
 1164 0098 0200     		.2byte	0x2
 1165 009a 7D       		.byte	0x7d
 1166 009b 00       		.sleb128 0
 1167 009c 02000000 		.4byte	.LCFI7
 1168 00a0 04000000 		.4byte	.LCFI8
 1169 00a4 0200     		.2byte	0x2
 1170 00a6 7D       		.byte	0x7d
 1171 00a7 08       		.sleb128 8
 1172 00a8 04000000 		.4byte	.LCFI8
 1173 00ac 18000000 		.4byte	.LFE3
 1174 00b0 0200     		.2byte	0x2
 1175 00b2 77       		.byte	0x77
 1176 00b3 08       		.sleb128 8
 1177 00b4 00000000 		.4byte	0
 1178 00b8 00000000 		.4byte	0
 1179              	.LLST4:
 1180 00bc 00000000 		.4byte	.LFB4
 1181 00c0 02000000 		.4byte	.LCFI9
 1182 00c4 0200     		.2byte	0x2
 1183 00c6 7D       		.byte	0x7d
 1184 00c7 00       		.sleb128 0
ARM GAS  C:\Users\CHAIYA~1\AppData\Local\Temp\ccF06XUs.s 			page 28


 1185 00c8 02000000 		.4byte	.LCFI9
 1186 00cc 04000000 		.4byte	.LCFI10
 1187 00d0 0200     		.2byte	0x2
 1188 00d2 7D       		.byte	0x7d
 1189 00d3 04       		.sleb128 4
 1190 00d4 04000000 		.4byte	.LCFI10
 1191 00d8 06000000 		.4byte	.LCFI11
 1192 00dc 0200     		.2byte	0x2
 1193 00de 7D       		.byte	0x7d
 1194 00df 18       		.sleb128 24
 1195 00e0 06000000 		.4byte	.LCFI11
 1196 00e4 28000000 		.4byte	.LFE4
 1197 00e8 0200     		.2byte	0x2
 1198 00ea 77       		.byte	0x77
 1199 00eb 18       		.sleb128 24
 1200 00ec 00000000 		.4byte	0
 1201 00f0 00000000 		.4byte	0
 1202              	.LLST5:
 1203 00f4 00000000 		.4byte	.LFB5
 1204 00f8 02000000 		.4byte	.LCFI12
 1205 00fc 0200     		.2byte	0x2
 1206 00fe 7D       		.byte	0x7d
 1207 00ff 00       		.sleb128 0
 1208 0100 02000000 		.4byte	.LCFI12
 1209 0104 04000000 		.4byte	.LCFI13
 1210 0108 0200     		.2byte	0x2
 1211 010a 7D       		.byte	0x7d
 1212 010b 04       		.sleb128 4
 1213 010c 04000000 		.4byte	.LCFI13
 1214 0110 06000000 		.4byte	.LCFI14
 1215 0114 0200     		.2byte	0x2
 1216 0116 7D       		.byte	0x7d
 1217 0117 10       		.sleb128 16
 1218 0118 06000000 		.4byte	.LCFI14
 1219 011c 22000000 		.4byte	.LFE5
 1220 0120 0200     		.2byte	0x2
 1221 0122 77       		.byte	0x77
 1222 0123 10       		.sleb128 16
 1223 0124 00000000 		.4byte	0
 1224 0128 00000000 		.4byte	0
 1225              	.LLST6:
 1226 012c 00000000 		.4byte	.LFB6
 1227 0130 02000000 		.4byte	.LCFI15
 1228 0134 0200     		.2byte	0x2
 1229 0136 7D       		.byte	0x7d
 1230 0137 00       		.sleb128 0
 1231 0138 02000000 		.4byte	.LCFI15
 1232 013c 04000000 		.4byte	.LCFI16
 1233 0140 0200     		.2byte	0x2
 1234 0142 7D       		.byte	0x7d
 1235 0143 04       		.sleb128 4
 1236 0144 04000000 		.4byte	.LCFI16
 1237 0148 06000000 		.4byte	.LCFI17
 1238 014c 0200     		.2byte	0x2
 1239 014e 7D       		.byte	0x7d
 1240 014f 10       		.sleb128 16
 1241 0150 06000000 		.4byte	.LCFI17
ARM GAS  C:\Users\CHAIYA~1\AppData\Local\Temp\ccF06XUs.s 			page 29


 1242 0154 26000000 		.4byte	.LFE6
 1243 0158 0200     		.2byte	0x2
 1244 015a 77       		.byte	0x77
 1245 015b 10       		.sleb128 16
 1246 015c 00000000 		.4byte	0
 1247 0160 00000000 		.4byte	0
 1248              	.LLST7:
 1249 0164 00000000 		.4byte	.LFB7
 1250 0168 02000000 		.4byte	.LCFI18
 1251 016c 0200     		.2byte	0x2
 1252 016e 7D       		.byte	0x7d
 1253 016f 00       		.sleb128 0
 1254 0170 02000000 		.4byte	.LCFI18
 1255 0174 04000000 		.4byte	.LCFI19
 1256 0178 0200     		.2byte	0x2
 1257 017a 7D       		.byte	0x7d
 1258 017b 04       		.sleb128 4
 1259 017c 04000000 		.4byte	.LCFI19
 1260 0180 06000000 		.4byte	.LCFI20
 1261 0184 0200     		.2byte	0x2
 1262 0186 7D       		.byte	0x7d
 1263 0187 10       		.sleb128 16
 1264 0188 06000000 		.4byte	.LCFI20
 1265 018c 26000000 		.4byte	.LFE7
 1266 0190 0200     		.2byte	0x2
 1267 0192 77       		.byte	0x77
 1268 0193 10       		.sleb128 16
 1269 0194 00000000 		.4byte	0
 1270 0198 00000000 		.4byte	0
 1271              	.LLST8:
 1272 019c 00000000 		.4byte	.LFB8
 1273 01a0 02000000 		.4byte	.LCFI21
 1274 01a4 0200     		.2byte	0x2
 1275 01a6 7D       		.byte	0x7d
 1276 01a7 00       		.sleb128 0
 1277 01a8 02000000 		.4byte	.LCFI21
 1278 01ac 04000000 		.4byte	.LCFI22
 1279 01b0 0200     		.2byte	0x2
 1280 01b2 7D       		.byte	0x7d
 1281 01b3 04       		.sleb128 4
 1282 01b4 04000000 		.4byte	.LCFI22
 1283 01b8 18000000 		.4byte	.LFE8
 1284 01bc 0200     		.2byte	0x2
 1285 01be 77       		.byte	0x77
 1286 01bf 04       		.sleb128 4
 1287 01c0 00000000 		.4byte	0
 1288 01c4 00000000 		.4byte	0
 1289              	.LLST9:
 1290 01c8 00000000 		.4byte	.LFB9
 1291 01cc 02000000 		.4byte	.LCFI23
 1292 01d0 0200     		.2byte	0x2
 1293 01d2 7D       		.byte	0x7d
 1294 01d3 00       		.sleb128 0
 1295 01d4 02000000 		.4byte	.LCFI23
 1296 01d8 04000000 		.4byte	.LCFI24
 1297 01dc 0200     		.2byte	0x2
 1298 01de 7D       		.byte	0x7d
ARM GAS  C:\Users\CHAIYA~1\AppData\Local\Temp\ccF06XUs.s 			page 30


 1299 01df 04       		.sleb128 4
 1300 01e0 04000000 		.4byte	.LCFI24
 1301 01e4 28000000 		.4byte	.LFE9
 1302 01e8 0200     		.2byte	0x2
 1303 01ea 77       		.byte	0x77
 1304 01eb 04       		.sleb128 4
 1305 01ec 00000000 		.4byte	0
 1306 01f0 00000000 		.4byte	0
 1307              	.LLST10:
 1308 01f4 00000000 		.4byte	.LFB10
 1309 01f8 02000000 		.4byte	.LCFI25
 1310 01fc 0200     		.2byte	0x2
 1311 01fe 7D       		.byte	0x7d
 1312 01ff 00       		.sleb128 0
 1313 0200 02000000 		.4byte	.LCFI25
 1314 0204 04000000 		.4byte	.LCFI26
 1315 0208 0200     		.2byte	0x2
 1316 020a 7D       		.byte	0x7d
 1317 020b 04       		.sleb128 4
 1318 020c 04000000 		.4byte	.LCFI26
 1319 0210 18000000 		.4byte	.LFE10
 1320 0214 0200     		.2byte	0x2
 1321 0216 77       		.byte	0x77
 1322 0217 04       		.sleb128 4
 1323 0218 00000000 		.4byte	0
 1324 021c 00000000 		.4byte	0
 1325              	.LLST11:
 1326 0220 00000000 		.4byte	.LFB11
 1327 0224 02000000 		.4byte	.LCFI27
 1328 0228 0200     		.2byte	0x2
 1329 022a 7D       		.byte	0x7d
 1330 022b 00       		.sleb128 0
 1331 022c 02000000 		.4byte	.LCFI27
 1332 0230 04000000 		.4byte	.LCFI28
 1333 0234 0200     		.2byte	0x2
 1334 0236 7D       		.byte	0x7d
 1335 0237 04       		.sleb128 4
 1336 0238 04000000 		.4byte	.LCFI28
 1337 023c 18000000 		.4byte	.LFE11
 1338 0240 0200     		.2byte	0x2
 1339 0242 77       		.byte	0x77
 1340 0243 04       		.sleb128 4
 1341 0244 00000000 		.4byte	0
 1342 0248 00000000 		.4byte	0
 1343              	.LLST12:
 1344 024c 00000000 		.4byte	.LFB12
 1345 0250 02000000 		.4byte	.LCFI29
 1346 0254 0200     		.2byte	0x2
 1347 0256 7D       		.byte	0x7d
 1348 0257 00       		.sleb128 0
 1349 0258 02000000 		.4byte	.LCFI29
 1350 025c 04000000 		.4byte	.LCFI30
 1351 0260 0200     		.2byte	0x2
 1352 0262 7D       		.byte	0x7d
 1353 0263 04       		.sleb128 4
 1354 0264 04000000 		.4byte	.LCFI30
 1355 0268 18000000 		.4byte	.LFE12
ARM GAS  C:\Users\CHAIYA~1\AppData\Local\Temp\ccF06XUs.s 			page 31


 1356 026c 0200     		.2byte	0x2
 1357 026e 77       		.byte	0x77
 1358 026f 04       		.sleb128 4
 1359 0270 00000000 		.4byte	0
 1360 0274 00000000 		.4byte	0
 1361              		.section	.debug_aranges,"",%progbits
 1362 0000 7C000000 		.4byte	0x7c
 1363 0004 0200     		.2byte	0x2
 1364 0006 00000000 		.4byte	.Ldebug_info0
 1365 000a 04       		.byte	0x4
 1366 000b 00       		.byte	0
 1367 000c 0000     		.2byte	0
 1368 000e 0000     		.2byte	0
 1369 0010 00000000 		.4byte	.LFB0
 1370 0014 22000000 		.4byte	.LFE0-.LFB0
 1371 0018 00000000 		.4byte	.LFB1
 1372 001c 26000000 		.4byte	.LFE1-.LFB1
 1373 0020 00000000 		.4byte	.LFB2
 1374 0024 16000000 		.4byte	.LFE2-.LFB2
 1375 0028 00000000 		.4byte	.LFB3
 1376 002c 18000000 		.4byte	.LFE3-.LFB3
 1377 0030 00000000 		.4byte	.LFB4
 1378 0034 28000000 		.4byte	.LFE4-.LFB4
 1379 0038 00000000 		.4byte	.LFB5
 1380 003c 22000000 		.4byte	.LFE5-.LFB5
 1381 0040 00000000 		.4byte	.LFB6
 1382 0044 26000000 		.4byte	.LFE6-.LFB6
 1383 0048 00000000 		.4byte	.LFB7
 1384 004c 26000000 		.4byte	.LFE7-.LFB7
 1385 0050 00000000 		.4byte	.LFB8
 1386 0054 18000000 		.4byte	.LFE8-.LFB8
 1387 0058 00000000 		.4byte	.LFB9
 1388 005c 28000000 		.4byte	.LFE9-.LFB9
 1389 0060 00000000 		.4byte	.LFB10
 1390 0064 18000000 		.4byte	.LFE10-.LFB10
 1391 0068 00000000 		.4byte	.LFB11
 1392 006c 18000000 		.4byte	.LFE11-.LFB11
 1393 0070 00000000 		.4byte	.LFB12
 1394 0074 18000000 		.4byte	.LFE12-.LFB12
 1395 0078 00000000 		.4byte	0
 1396 007c 00000000 		.4byte	0
 1397              		.section	.debug_ranges,"",%progbits
 1398              	.Ldebug_ranges0:
 1399 0000 00000000 		.4byte	.LFB0
 1400 0004 22000000 		.4byte	.LFE0
 1401 0008 00000000 		.4byte	.LFB1
 1402 000c 26000000 		.4byte	.LFE1
 1403 0010 00000000 		.4byte	.LFB2
 1404 0014 16000000 		.4byte	.LFE2
 1405 0018 00000000 		.4byte	.LFB3
 1406 001c 18000000 		.4byte	.LFE3
 1407 0020 00000000 		.4byte	.LFB4
 1408 0024 28000000 		.4byte	.LFE4
 1409 0028 00000000 		.4byte	.LFB5
 1410 002c 22000000 		.4byte	.LFE5
 1411 0030 00000000 		.4byte	.LFB6
 1412 0034 26000000 		.4byte	.LFE6
ARM GAS  C:\Users\CHAIYA~1\AppData\Local\Temp\ccF06XUs.s 			page 32


 1413 0038 00000000 		.4byte	.LFB7
 1414 003c 26000000 		.4byte	.LFE7
 1415 0040 00000000 		.4byte	.LFB8
 1416 0044 18000000 		.4byte	.LFE8
 1417 0048 00000000 		.4byte	.LFB9
 1418 004c 28000000 		.4byte	.LFE9
 1419 0050 00000000 		.4byte	.LFB10
 1420 0054 18000000 		.4byte	.LFE10
 1421 0058 00000000 		.4byte	.LFB11
 1422 005c 18000000 		.4byte	.LFE11
 1423 0060 00000000 		.4byte	.LFB12
 1424 0064 18000000 		.4byte	.LFE12
 1425 0068 00000000 		.4byte	0
 1426 006c 00000000 		.4byte	0
 1427              		.section	.debug_line,"",%progbits
 1428              	.Ldebug_line0:
 1429 0000 4C010000 		.section	.debug_str,"MS",%progbits,1
 1429      02004200 
 1429      00000201 
 1429      FB0E0D00 
 1429      01010101 
 1430              	.LASF16:
 1431 0000 72656733 		.ascii	"reg32\000"
 1431      3200
 1432              	.LASF3:
 1433 0006 73686F72 		.ascii	"short unsigned int\000"
 1433      7420756E 
 1433      7369676E 
 1433      65642069 
 1433      6E7400
 1434              	.LASF36:
 1435 0019 6973725F 		.ascii	"isr_GetState\000"
 1435      47657453 
 1435      74617465 
 1435      00
 1436              	.LASF34:
 1437 0026 2E5C4765 		.ascii	".\\Generated_Source\\PSoC5\\isr.c\000"
 1437      6E657261 
 1437      7465645F 
 1437      536F7572 
 1437      63655C50 
 1438              	.LASF25:
 1439 0045 6973725F 		.ascii	"isr_SetPriority\000"
 1439      53657450 
 1439      72696F72 
 1439      69747900 
 1440              	.LASF19:
 1441 0055 6973725F 		.ascii	"isr_Stop\000"
 1441      53746F70 
 1441      00
 1442              	.LASF13:
 1443 005e 666C6F61 		.ascii	"float\000"
 1443      7400
 1444              	.LASF22:
 1445 0064 6973725F 		.ascii	"isr_SetVector\000"
 1445      53657456 
 1445      6563746F 
ARM GAS  C:\Users\CHAIYA~1\AppData\Local\Temp\ccF06XUs.s 			page 33


 1445      7200
 1446              	.LASF37:
 1447 0072 746F6767 		.ascii	"toggle_flag\000"
 1447      6C655F66 
 1447      6C616700 
 1448              	.LASF1:
 1449 007e 756E7369 		.ascii	"unsigned char\000"
 1449      676E6564 
 1449      20636861 
 1449      7200
 1450              	.LASF15:
 1451 008c 72656738 		.ascii	"reg8\000"
 1451      00
 1452              	.LASF9:
 1453 0091 6C6F6E67 		.ascii	"long unsigned int\000"
 1453      20756E73 
 1453      69676E65 
 1453      6420696E 
 1453      7400
 1454              	.LASF18:
 1455 00a3 6973725F 		.ascii	"isr_Start\000"
 1455      53746172 
 1455      7400
 1456              	.LASF11:
 1457 00ad 75696E74 		.ascii	"uint8\000"
 1457      3800
 1458              	.LASF26:
 1459 00b3 7072696F 		.ascii	"priority\000"
 1459      72697479 
 1459      00
 1460              	.LASF32:
 1461 00bc 6973725F 		.ascii	"isr_ClearPending\000"
 1461      436C6561 
 1461      7250656E 
 1461      64696E67 
 1461      00
 1462              	.LASF14:
 1463 00cd 646F7562 		.ascii	"double\000"
 1463      6C6500
 1464              	.LASF2:
 1465 00d4 73686F72 		.ascii	"short int\000"
 1465      7420696E 
 1465      7400
 1466              	.LASF31:
 1467 00de 6973725F 		.ascii	"isr_SetPending\000"
 1467      53657450 
 1467      656E6469 
 1467      6E6700
 1468              	.LASF21:
 1469 00ed 6973725F 		.ascii	"isr_StartEx\000"
 1469      53746172 
 1469      74457800 
 1470              	.LASF12:
 1471 00f9 75696E74 		.ascii	"uint32\000"
 1471      333200
 1472              	.LASF4:
 1473 0100 756E7369 		.ascii	"unsigned int\000"
ARM GAS  C:\Users\CHAIYA~1\AppData\Local\Temp\ccF06XUs.s 			page 34


 1473      676E6564 
 1473      20696E74 
 1473      00
 1474              	.LASF23:
 1475 010d 61646472 		.ascii	"address\000"
 1475      65737300 
 1476              	.LASF6:
 1477 0115 6C6F6E67 		.ascii	"long long unsigned int\000"
 1477      206C6F6E 
 1477      6720756E 
 1477      7369676E 
 1477      65642069 
 1478              	.LASF17:
 1479 012c 63796973 		.ascii	"cyisraddress\000"
 1479      72616464 
 1479      72657373 
 1479      00
 1480              	.LASF27:
 1481 0139 6973725F 		.ascii	"isr_GetVector\000"
 1481      47657456 
 1481      6563746F 
 1481      7200
 1482              	.LASF20:
 1483 0147 6973725F 		.ascii	"isr_Interrupt\000"
 1483      496E7465 
 1483      72727570 
 1483      7400
 1484              	.LASF35:
 1485 0155 433A5C55 		.ascii	"C:\\Users\\Chai Yang\\Documents\\GitHub\\Node-Eleph"
 1485      73657273 
 1485      5C436861 
 1485      69205961 
 1485      6E675C44 
 1486 0183 616E745C 		.ascii	"ant\\Node-Elephant\\Node-Elephant.cydsn\000"
 1486      4E6F6465 
 1486      2D456C65 
 1486      7068616E 
 1486      745C4E6F 
 1487              	.LASF8:
 1488 01a9 73697A65 		.ascii	"sizetype\000"
 1488      74797065 
 1488      00
 1489              	.LASF5:
 1490 01b2 6C6F6E67 		.ascii	"long long int\000"
 1490      206C6F6E 
 1490      6720696E 
 1490      7400
 1491              	.LASF10:
 1492 01c0 63686172 		.ascii	"char\000"
 1492      00
 1493              	.LASF24:
 1494 01c5 72616D56 		.ascii	"ramVectorTable\000"
 1494      6563746F 
 1494      72546162 
 1494      6C6500
 1495              	.LASF30:
 1496 01d4 6973725F 		.ascii	"isr_Disable\000"
ARM GAS  C:\Users\CHAIYA~1\AppData\Local\Temp\ccF06XUs.s 			page 35


 1496      44697361 
 1496      626C6500 
 1497              	.LASF33:
 1498 01e0 474E5520 		.ascii	"GNU C 4.7.3 20130312 (release) [ARM/embedded-4_7-br"
 1498      4320342E 
 1498      372E3320 
 1498      32303133 
 1498      30333132 
 1499 0213 616E6368 		.ascii	"anch revision 196615]\000"
 1499      20726576 
 1499      6973696F 
 1499      6E203139 
 1499      36363135 
 1500              	.LASF7:
 1501 0229 6C6F6E67 		.ascii	"long int\000"
 1501      20696E74 
 1501      00
 1502              	.LASF0:
 1503 0232 7369676E 		.ascii	"signed char\000"
 1503      65642063 
 1503      68617200 
 1504              	.LASF29:
 1505 023e 6973725F 		.ascii	"isr_Enable\000"
 1505      456E6162 
 1505      6C6500
 1506              	.LASF28:
 1507 0249 6973725F 		.ascii	"isr_GetPriority\000"
 1507      47657450 
 1507      72696F72 
 1507      69747900 
 1508              		.ident	"GCC: (GNU Tools for ARM Embedded Processors) 4.7.3 20130312 (release) [ARM/embedded-4_7-br
