ARM GAS  C:\Users\CHAIYA~1\AppData\Local\Temp\ccqfhVqa.s 			page 1


   1              		.syntax unified
   2              		.cpu cortex-m3
   3              		.fpu softvfp
   4              		.eabi_attribute 20, 1
   5              		.eabi_attribute 21, 1
   6              		.eabi_attribute 23, 3
   7              		.eabi_attribute 24, 1
   8              		.eabi_attribute 25, 1
   9              		.eabi_attribute 26, 1
  10              		.eabi_attribute 30, 6
  11              		.eabi_attribute 34, 1
  12              		.eabi_attribute 18, 4
  13              		.thumb
  14              		.file	"isr_filter.c"
  15              		.text
  16              	.Ltext0:
  17              		.cfi_sections	.debug_frame
  18              		.global	toggle_flag2
  19              		.bss
  20              		.type	toggle_flag2, %object
  21              		.size	toggle_flag2, 1
  22              	toggle_flag2:
  23 0000 00       		.space	1
  24              		.section	.text.isr_filter_Start,"ax",%progbits
  25              		.align	2
  26              		.global	isr_filter_Start
  27              		.thumb
  28              		.thumb_func
  29              		.type	isr_filter_Start, %function
  30              	isr_filter_Start:
  31              	.LFB0:
  32              		.file 1 ".\\Generated_Source\\PSoC5\\isr_filter.c"
   1:.\Generated_Source\PSoC5/isr_filter.c **** /*******************************************************************************
   2:.\Generated_Source\PSoC5/isr_filter.c **** * File Name: isr_filter.c  
   3:.\Generated_Source\PSoC5/isr_filter.c **** * Version 1.70
   4:.\Generated_Source\PSoC5/isr_filter.c **** *
   5:.\Generated_Source\PSoC5/isr_filter.c **** *  Description:
   6:.\Generated_Source\PSoC5/isr_filter.c **** *   API for controlling the state of an interrupt.
   7:.\Generated_Source\PSoC5/isr_filter.c **** *
   8:.\Generated_Source\PSoC5/isr_filter.c **** *
   9:.\Generated_Source\PSoC5/isr_filter.c **** *  Note:
  10:.\Generated_Source\PSoC5/isr_filter.c **** *
  11:.\Generated_Source\PSoC5/isr_filter.c **** ********************************************************************************
  12:.\Generated_Source\PSoC5/isr_filter.c **** * Copyright 2008-2012, Cypress Semiconductor Corporation.  All rights reserved.
  13:.\Generated_Source\PSoC5/isr_filter.c **** * You may use this file only in accordance with the license, terms, conditions, 
  14:.\Generated_Source\PSoC5/isr_filter.c **** * disclaimers, and limitations in the end user license agreement accompanying 
  15:.\Generated_Source\PSoC5/isr_filter.c **** * the software package with which this file was provided.
  16:.\Generated_Source\PSoC5/isr_filter.c **** *******************************************************************************/
  17:.\Generated_Source\PSoC5/isr_filter.c **** 
  18:.\Generated_Source\PSoC5/isr_filter.c **** 
  19:.\Generated_Source\PSoC5/isr_filter.c **** #include <cydevice_trm.h>
  20:.\Generated_Source\PSoC5/isr_filter.c **** #include <CyLib.h>
  21:.\Generated_Source\PSoC5/isr_filter.c **** #include <isr_filter.h>
  22:.\Generated_Source\PSoC5/isr_filter.c **** 
  23:.\Generated_Source\PSoC5/isr_filter.c **** #if !defined(isr_filter__REMOVED) /* Check for removal by optimization */
  24:.\Generated_Source\PSoC5/isr_filter.c **** 
  25:.\Generated_Source\PSoC5/isr_filter.c **** /*******************************************************************************
ARM GAS  C:\Users\CHAIYA~1\AppData\Local\Temp\ccqfhVqa.s 			page 2


  26:.\Generated_Source\PSoC5/isr_filter.c **** *  Place your includes, defines and code here 
  27:.\Generated_Source\PSoC5/isr_filter.c **** ********************************************************************************/
  28:.\Generated_Source\PSoC5/isr_filter.c **** /* `#START isr_filter_intc` */
  29:.\Generated_Source\PSoC5/isr_filter.c **** #include <Filter.h>
  30:.\Generated_Source\PSoC5/isr_filter.c **** volatile uint8 toggle_flag2 = 0;
  31:.\Generated_Source\PSoC5/isr_filter.c **** /* `#END` */
  32:.\Generated_Source\PSoC5/isr_filter.c **** 
  33:.\Generated_Source\PSoC5/isr_filter.c **** #ifndef CYINT_IRQ_BASE
  34:.\Generated_Source\PSoC5/isr_filter.c **** #define CYINT_IRQ_BASE      16
  35:.\Generated_Source\PSoC5/isr_filter.c **** #endif /* CYINT_IRQ_BASE */
  36:.\Generated_Source\PSoC5/isr_filter.c **** #ifndef CYINT_VECT_TABLE
  37:.\Generated_Source\PSoC5/isr_filter.c **** #define CYINT_VECT_TABLE    ((cyisraddress **) CYREG_NVIC_VECT_OFFSET)
  38:.\Generated_Source\PSoC5/isr_filter.c **** #endif /* CYINT_VECT_TABLE */
  39:.\Generated_Source\PSoC5/isr_filter.c **** 
  40:.\Generated_Source\PSoC5/isr_filter.c **** /* Declared in startup, used to set unused interrupts to. */
  41:.\Generated_Source\PSoC5/isr_filter.c **** CY_ISR_PROTO(IntDefaultHandler);
  42:.\Generated_Source\PSoC5/isr_filter.c **** 
  43:.\Generated_Source\PSoC5/isr_filter.c **** 
  44:.\Generated_Source\PSoC5/isr_filter.c **** /*******************************************************************************
  45:.\Generated_Source\PSoC5/isr_filter.c **** * Function Name: isr_filter_Start
  46:.\Generated_Source\PSoC5/isr_filter.c **** ********************************************************************************
  47:.\Generated_Source\PSoC5/isr_filter.c **** *
  48:.\Generated_Source\PSoC5/isr_filter.c **** * Summary:
  49:.\Generated_Source\PSoC5/isr_filter.c **** *  Set up the interrupt and enable it.
  50:.\Generated_Source\PSoC5/isr_filter.c **** *
  51:.\Generated_Source\PSoC5/isr_filter.c **** * Parameters:  
  52:.\Generated_Source\PSoC5/isr_filter.c **** *   None
  53:.\Generated_Source\PSoC5/isr_filter.c **** *
  54:.\Generated_Source\PSoC5/isr_filter.c **** * Return:
  55:.\Generated_Source\PSoC5/isr_filter.c **** *   None
  56:.\Generated_Source\PSoC5/isr_filter.c **** *
  57:.\Generated_Source\PSoC5/isr_filter.c **** *******************************************************************************/
  58:.\Generated_Source\PSoC5/isr_filter.c **** void isr_filter_Start(void)
  59:.\Generated_Source\PSoC5/isr_filter.c **** {
  33              		.loc 1 59 0
  34              		.cfi_startproc
  35              		@ args = 0, pretend = 0, frame = 0
  36              		@ frame_needed = 1, uses_anonymous_args = 0
  37 0000 80B5     		push	{r7, lr}
  38              	.LCFI0:
  39              		.cfi_def_cfa_offset 8
  40              		.cfi_offset 7, -8
  41              		.cfi_offset 14, -4
  42 0002 00AF     		add	r7, sp, #0
  43              	.LCFI1:
  44              		.cfi_def_cfa_register 7
  60:.\Generated_Source\PSoC5/isr_filter.c ****     /* For all we know the interrupt is active. */
  61:.\Generated_Source\PSoC5/isr_filter.c ****     isr_filter_Disable();
  45              		.loc 1 61 0
  46 0004 FFF7FEFF 		bl	isr_filter_Disable
  62:.\Generated_Source\PSoC5/isr_filter.c **** 
  63:.\Generated_Source\PSoC5/isr_filter.c ****     /* Set the ISR to point to the isr_filter Interrupt. */
  64:.\Generated_Source\PSoC5/isr_filter.c ****     isr_filter_SetVector(&isr_filter_Interrupt);
  47              		.loc 1 64 0
  48 0008 40F20000 		movw	r0, #:lower16:isr_filter_Interrupt
  49 000c C0F20000 		movt	r0, #:upper16:isr_filter_Interrupt
  50 0010 FFF7FEFF 		bl	isr_filter_SetVector
ARM GAS  C:\Users\CHAIYA~1\AppData\Local\Temp\ccqfhVqa.s 			page 3


  65:.\Generated_Source\PSoC5/isr_filter.c **** 
  66:.\Generated_Source\PSoC5/isr_filter.c ****     /* Set the priority. */
  67:.\Generated_Source\PSoC5/isr_filter.c ****     isr_filter_SetPriority((uint8)isr_filter_INTC_PRIOR_NUMBER);
  51              		.loc 1 67 0
  52 0014 4FF00700 		mov	r0, #7
  53 0018 FFF7FEFF 		bl	isr_filter_SetPriority
  68:.\Generated_Source\PSoC5/isr_filter.c **** 
  69:.\Generated_Source\PSoC5/isr_filter.c ****     /* Enable it. */
  70:.\Generated_Source\PSoC5/isr_filter.c ****     isr_filter_Enable();
  54              		.loc 1 70 0
  55 001c FFF7FEFF 		bl	isr_filter_Enable
  71:.\Generated_Source\PSoC5/isr_filter.c **** }
  56              		.loc 1 71 0
  57 0020 80BD     		pop	{r7, pc}
  58              		.cfi_endproc
  59              	.LFE0:
  60              		.size	isr_filter_Start, .-isr_filter_Start
  61 0022 00BF     		.section	.text.isr_filter_StartEx,"ax",%progbits
  62              		.align	2
  63              		.global	isr_filter_StartEx
  64              		.thumb
  65              		.thumb_func
  66              		.type	isr_filter_StartEx, %function
  67              	isr_filter_StartEx:
  68              	.LFB1:
  72:.\Generated_Source\PSoC5/isr_filter.c **** 
  73:.\Generated_Source\PSoC5/isr_filter.c **** 
  74:.\Generated_Source\PSoC5/isr_filter.c **** /*******************************************************************************
  75:.\Generated_Source\PSoC5/isr_filter.c **** * Function Name: isr_filter_StartEx
  76:.\Generated_Source\PSoC5/isr_filter.c **** ********************************************************************************
  77:.\Generated_Source\PSoC5/isr_filter.c **** *
  78:.\Generated_Source\PSoC5/isr_filter.c **** * Summary:
  79:.\Generated_Source\PSoC5/isr_filter.c **** *  Set up the interrupt and enable it.
  80:.\Generated_Source\PSoC5/isr_filter.c **** *
  81:.\Generated_Source\PSoC5/isr_filter.c **** * Parameters:  
  82:.\Generated_Source\PSoC5/isr_filter.c **** *   address: Address of the ISR to set in the interrupt vector table.
  83:.\Generated_Source\PSoC5/isr_filter.c **** *
  84:.\Generated_Source\PSoC5/isr_filter.c **** * Return:
  85:.\Generated_Source\PSoC5/isr_filter.c **** *   None
  86:.\Generated_Source\PSoC5/isr_filter.c **** *
  87:.\Generated_Source\PSoC5/isr_filter.c **** *******************************************************************************/
  88:.\Generated_Source\PSoC5/isr_filter.c **** void isr_filter_StartEx(cyisraddress address)
  89:.\Generated_Source\PSoC5/isr_filter.c **** {
  69              		.loc 1 89 0
  70              		.cfi_startproc
  71              		@ args = 0, pretend = 0, frame = 8
  72              		@ frame_needed = 1, uses_anonymous_args = 0
  73 0000 80B5     		push	{r7, lr}
  74              	.LCFI2:
  75              		.cfi_def_cfa_offset 8
  76              		.cfi_offset 7, -8
  77              		.cfi_offset 14, -4
  78 0002 82B0     		sub	sp, sp, #8
  79              	.LCFI3:
  80              		.cfi_def_cfa_offset 16
  81 0004 00AF     		add	r7, sp, #0
  82              	.LCFI4:
ARM GAS  C:\Users\CHAIYA~1\AppData\Local\Temp\ccqfhVqa.s 			page 4


  83              		.cfi_def_cfa_register 7
  84 0006 7860     		str	r0, [r7, #4]
  90:.\Generated_Source\PSoC5/isr_filter.c ****     /* For all we know the interrupt is active. */
  91:.\Generated_Source\PSoC5/isr_filter.c ****     isr_filter_Disable();
  85              		.loc 1 91 0
  86 0008 FFF7FEFF 		bl	isr_filter_Disable
  92:.\Generated_Source\PSoC5/isr_filter.c **** 
  93:.\Generated_Source\PSoC5/isr_filter.c ****     /* Set the ISR to point to the isr_filter Interrupt. */
  94:.\Generated_Source\PSoC5/isr_filter.c ****     isr_filter_SetVector(address);
  87              		.loc 1 94 0
  88 000c 7868     		ldr	r0, [r7, #4]
  89 000e FFF7FEFF 		bl	isr_filter_SetVector
  95:.\Generated_Source\PSoC5/isr_filter.c **** 
  96:.\Generated_Source\PSoC5/isr_filter.c ****     /* Set the priority. */
  97:.\Generated_Source\PSoC5/isr_filter.c ****     isr_filter_SetPriority((uint8)isr_filter_INTC_PRIOR_NUMBER);
  90              		.loc 1 97 0
  91 0012 4FF00700 		mov	r0, #7
  92 0016 FFF7FEFF 		bl	isr_filter_SetPriority
  98:.\Generated_Source\PSoC5/isr_filter.c **** 
  99:.\Generated_Source\PSoC5/isr_filter.c ****     /* Enable it. */
 100:.\Generated_Source\PSoC5/isr_filter.c ****     isr_filter_Enable();
  93              		.loc 1 100 0
  94 001a FFF7FEFF 		bl	isr_filter_Enable
 101:.\Generated_Source\PSoC5/isr_filter.c **** }
  95              		.loc 1 101 0
  96 001e 07F10807 		add	r7, r7, #8
  97 0022 BD46     		mov	sp, r7
  98 0024 80BD     		pop	{r7, pc}
  99              		.cfi_endproc
 100              	.LFE1:
 101              		.size	isr_filter_StartEx, .-isr_filter_StartEx
 102 0026 00BF     		.section	.text.isr_filter_Stop,"ax",%progbits
 103              		.align	2
 104              		.global	isr_filter_Stop
 105              		.thumb
 106              		.thumb_func
 107              		.type	isr_filter_Stop, %function
 108              	isr_filter_Stop:
 109              	.LFB2:
 102:.\Generated_Source\PSoC5/isr_filter.c **** 
 103:.\Generated_Source\PSoC5/isr_filter.c **** 
 104:.\Generated_Source\PSoC5/isr_filter.c **** /*******************************************************************************
 105:.\Generated_Source\PSoC5/isr_filter.c **** * Function Name: isr_filter_Stop
 106:.\Generated_Source\PSoC5/isr_filter.c **** ********************************************************************************
 107:.\Generated_Source\PSoC5/isr_filter.c **** *
 108:.\Generated_Source\PSoC5/isr_filter.c **** * Summary:
 109:.\Generated_Source\PSoC5/isr_filter.c **** *   Disables and removes the interrupt.
 110:.\Generated_Source\PSoC5/isr_filter.c **** *
 111:.\Generated_Source\PSoC5/isr_filter.c **** * Parameters:  
 112:.\Generated_Source\PSoC5/isr_filter.c **** *
 113:.\Generated_Source\PSoC5/isr_filter.c **** * Return:
 114:.\Generated_Source\PSoC5/isr_filter.c **** *   None
 115:.\Generated_Source\PSoC5/isr_filter.c **** *
 116:.\Generated_Source\PSoC5/isr_filter.c **** *******************************************************************************/
 117:.\Generated_Source\PSoC5/isr_filter.c **** void isr_filter_Stop(void)
 118:.\Generated_Source\PSoC5/isr_filter.c **** {
 110              		.loc 1 118 0
ARM GAS  C:\Users\CHAIYA~1\AppData\Local\Temp\ccqfhVqa.s 			page 5


 111              		.cfi_startproc
 112              		@ args = 0, pretend = 0, frame = 0
 113              		@ frame_needed = 1, uses_anonymous_args = 0
 114 0000 80B5     		push	{r7, lr}
 115              	.LCFI5:
 116              		.cfi_def_cfa_offset 8
 117              		.cfi_offset 7, -8
 118              		.cfi_offset 14, -4
 119 0002 00AF     		add	r7, sp, #0
 120              	.LCFI6:
 121              		.cfi_def_cfa_register 7
 119:.\Generated_Source\PSoC5/isr_filter.c ****     /* Disable this interrupt. */
 120:.\Generated_Source\PSoC5/isr_filter.c ****     isr_filter_Disable();
 122              		.loc 1 120 0
 123 0004 FFF7FEFF 		bl	isr_filter_Disable
 121:.\Generated_Source\PSoC5/isr_filter.c **** 
 122:.\Generated_Source\PSoC5/isr_filter.c ****     /* Set the ISR to point to the passive one. */
 123:.\Generated_Source\PSoC5/isr_filter.c ****     isr_filter_SetVector(&IntDefaultHandler);
 124              		.loc 1 123 0
 125 0008 40F20000 		movw	r0, #:lower16:IntDefaultHandler
 126 000c C0F20000 		movt	r0, #:upper16:IntDefaultHandler
 127 0010 FFF7FEFF 		bl	isr_filter_SetVector
 124:.\Generated_Source\PSoC5/isr_filter.c **** }
 128              		.loc 1 124 0
 129 0014 80BD     		pop	{r7, pc}
 130              		.cfi_endproc
 131              	.LFE2:
 132              		.size	isr_filter_Stop, .-isr_filter_Stop
 133 0016 00BF     		.section	.text.isr_filter_Interrupt,"ax",%progbits
 134              		.align	2
 135              		.global	isr_filter_Interrupt
 136              		.thumb
 137              		.thumb_func
 138              		.type	isr_filter_Interrupt, %function
 139              	isr_filter_Interrupt:
 140              	.LFB3:
 125:.\Generated_Source\PSoC5/isr_filter.c **** 
 126:.\Generated_Source\PSoC5/isr_filter.c **** 
 127:.\Generated_Source\PSoC5/isr_filter.c **** /*******************************************************************************
 128:.\Generated_Source\PSoC5/isr_filter.c **** * Function Name: isr_filter_Interrupt
 129:.\Generated_Source\PSoC5/isr_filter.c **** ********************************************************************************
 130:.\Generated_Source\PSoC5/isr_filter.c **** *
 131:.\Generated_Source\PSoC5/isr_filter.c **** * Summary:
 132:.\Generated_Source\PSoC5/isr_filter.c **** *   The default Interrupt Service Routine for isr_filter.
 133:.\Generated_Source\PSoC5/isr_filter.c **** *
 134:.\Generated_Source\PSoC5/isr_filter.c **** *   Add custom code between the coments to keep the next version of this file
 135:.\Generated_Source\PSoC5/isr_filter.c **** *   from over writting your code.
 136:.\Generated_Source\PSoC5/isr_filter.c **** *
 137:.\Generated_Source\PSoC5/isr_filter.c **** * Parameters:  
 138:.\Generated_Source\PSoC5/isr_filter.c **** *
 139:.\Generated_Source\PSoC5/isr_filter.c **** * Return:
 140:.\Generated_Source\PSoC5/isr_filter.c **** *   None
 141:.\Generated_Source\PSoC5/isr_filter.c **** *
 142:.\Generated_Source\PSoC5/isr_filter.c **** *******************************************************************************/
 143:.\Generated_Source\PSoC5/isr_filter.c **** CY_ISR(isr_filter_Interrupt)
 144:.\Generated_Source\PSoC5/isr_filter.c **** {
 141              		.loc 1 144 0
ARM GAS  C:\Users\CHAIYA~1\AppData\Local\Temp\ccqfhVqa.s 			page 6


 142              		.cfi_startproc
 143              		@ args = 0, pretend = 0, frame = 0
 144              		@ frame_needed = 1, uses_anonymous_args = 0
 145              		@ link register save eliminated.
 146 0000 80B4     		push	{r7}
 147              	.LCFI7:
 148              		.cfi_def_cfa_offset 4
 149              		.cfi_offset 7, -4
 150 0002 00AF     		add	r7, sp, #0
 151              	.LCFI8:
 152              		.cfi_def_cfa_register 7
 145:.\Generated_Source\PSoC5/isr_filter.c ****     /*  Place your Interrupt code here. */
 146:.\Generated_Source\PSoC5/isr_filter.c ****     /* `#START isr_filter_Interrupt` */
 147:.\Generated_Source\PSoC5/isr_filter.c **** 
 148:.\Generated_Source\PSoC5/isr_filter.c ****     if(Filter_IsInterruptChannelA());
 153              		.loc 1 148 0
 154 0004 4CF28473 		movw	r3, #51076
 155 0008 C4F20003 		movt	r3, 16384
 156 000c 1B78     		ldrb	r3, [r3, #0]
 149:.\Generated_Source\PSoC5/isr_filter.c ****     {
 150:.\Generated_Source\PSoC5/isr_filter.c ****         Filter_ClearInterruptSource();
 157              		.loc 1 150 0
 158 000e 4CF28473 		movw	r3, #51076
 159 0012 C4F20003 		movt	r3, 16384
 160 0016 4FF0F802 		mov	r2, #248
 161 001a 1A70     		strb	r2, [r3, #0]
 151:.\Generated_Source\PSoC5/isr_filter.c ****         toggle_flag2 = 1;
 162              		.loc 1 151 0
 163 001c 40F20003 		movw	r3, #:lower16:toggle_flag2
 164 0020 C0F20003 		movt	r3, #:upper16:toggle_flag2
 165 0024 4FF00102 		mov	r2, #1
 166 0028 1A70     		strb	r2, [r3, #0]
 152:.\Generated_Source\PSoC5/isr_filter.c ****     }
 153:.\Generated_Source\PSoC5/isr_filter.c ****         
 154:.\Generated_Source\PSoC5/isr_filter.c ****     /* `#END` */
 155:.\Generated_Source\PSoC5/isr_filter.c **** }
 167              		.loc 1 155 0
 168 002a BD46     		mov	sp, r7
 169 002c 80BC     		pop	{r7}
 170 002e 7047     		bx	lr
 171              		.cfi_endproc
 172              	.LFE3:
 173              		.size	isr_filter_Interrupt, .-isr_filter_Interrupt
 174              		.section	.text.isr_filter_SetVector,"ax",%progbits
 175              		.align	2
 176              		.global	isr_filter_SetVector
 177              		.thumb
 178              		.thumb_func
 179              		.type	isr_filter_SetVector, %function
 180              	isr_filter_SetVector:
 181              	.LFB4:
 156:.\Generated_Source\PSoC5/isr_filter.c **** 
 157:.\Generated_Source\PSoC5/isr_filter.c **** 
 158:.\Generated_Source\PSoC5/isr_filter.c **** /*******************************************************************************
 159:.\Generated_Source\PSoC5/isr_filter.c **** * Function Name: isr_filter_SetVector
 160:.\Generated_Source\PSoC5/isr_filter.c **** ********************************************************************************
 161:.\Generated_Source\PSoC5/isr_filter.c **** *
ARM GAS  C:\Users\CHAIYA~1\AppData\Local\Temp\ccqfhVqa.s 			page 7


 162:.\Generated_Source\PSoC5/isr_filter.c **** * Summary:
 163:.\Generated_Source\PSoC5/isr_filter.c **** *   Change the ISR vector for the Interrupt. Note calling isr_filter_Start
 164:.\Generated_Source\PSoC5/isr_filter.c **** *   will override any effect this method would have had. To set the vector 
 165:.\Generated_Source\PSoC5/isr_filter.c **** *   before the component has been started use isr_filter_StartEx instead.
 166:.\Generated_Source\PSoC5/isr_filter.c **** *
 167:.\Generated_Source\PSoC5/isr_filter.c **** * Parameters:
 168:.\Generated_Source\PSoC5/isr_filter.c **** *   address: Address of the ISR to set in the interrupt vector table.
 169:.\Generated_Source\PSoC5/isr_filter.c **** *
 170:.\Generated_Source\PSoC5/isr_filter.c **** * Return:
 171:.\Generated_Source\PSoC5/isr_filter.c **** *   None
 172:.\Generated_Source\PSoC5/isr_filter.c **** *
 173:.\Generated_Source\PSoC5/isr_filter.c **** *******************************************************************************/
 174:.\Generated_Source\PSoC5/isr_filter.c **** void isr_filter_SetVector(cyisraddress address)
 175:.\Generated_Source\PSoC5/isr_filter.c **** {
 182              		.loc 1 175 0
 183              		.cfi_startproc
 184              		@ args = 0, pretend = 0, frame = 16
 185              		@ frame_needed = 1, uses_anonymous_args = 0
 186              		@ link register save eliminated.
 187 0000 80B4     		push	{r7}
 188              	.LCFI9:
 189              		.cfi_def_cfa_offset 4
 190              		.cfi_offset 7, -4
 191 0002 85B0     		sub	sp, sp, #20
 192              	.LCFI10:
 193              		.cfi_def_cfa_offset 24
 194 0004 00AF     		add	r7, sp, #0
 195              	.LCFI11:
 196              		.cfi_def_cfa_register 7
 197 0006 7860     		str	r0, [r7, #4]
 176:.\Generated_Source\PSoC5/isr_filter.c ****     cyisraddress * ramVectorTable;
 177:.\Generated_Source\PSoC5/isr_filter.c **** 
 178:.\Generated_Source\PSoC5/isr_filter.c ****     ramVectorTable = (cyisraddress *) *CYINT_VECT_TABLE;
 198              		.loc 1 178 0
 199 0008 4EF60853 		movw	r3, #60680
 200 000c CEF20003 		movt	r3, 57344
 201 0010 1B68     		ldr	r3, [r3, #0]
 202 0012 FB60     		str	r3, [r7, #12]
 179:.\Generated_Source\PSoC5/isr_filter.c **** 
 180:.\Generated_Source\PSoC5/isr_filter.c ****     ramVectorTable[CYINT_IRQ_BASE + (uint32)isr_filter__INTC_NUMBER] = address;
 203              		.loc 1 180 0
 204 0014 FB68     		ldr	r3, [r7, #12]
 205 0016 03F14803 		add	r3, r3, #72
 206 001a 7A68     		ldr	r2, [r7, #4]
 207 001c 1A60     		str	r2, [r3, #0]
 181:.\Generated_Source\PSoC5/isr_filter.c **** }
 208              		.loc 1 181 0
 209 001e 07F11407 		add	r7, r7, #20
 210 0022 BD46     		mov	sp, r7
 211 0024 80BC     		pop	{r7}
 212 0026 7047     		bx	lr
 213              		.cfi_endproc
 214              	.LFE4:
 215              		.size	isr_filter_SetVector, .-isr_filter_SetVector
 216              		.section	.text.isr_filter_GetVector,"ax",%progbits
 217              		.align	2
 218              		.global	isr_filter_GetVector
ARM GAS  C:\Users\CHAIYA~1\AppData\Local\Temp\ccqfhVqa.s 			page 8


 219              		.thumb
 220              		.thumb_func
 221              		.type	isr_filter_GetVector, %function
 222              	isr_filter_GetVector:
 223              	.LFB5:
 182:.\Generated_Source\PSoC5/isr_filter.c **** 
 183:.\Generated_Source\PSoC5/isr_filter.c **** 
 184:.\Generated_Source\PSoC5/isr_filter.c **** /*******************************************************************************
 185:.\Generated_Source\PSoC5/isr_filter.c **** * Function Name: isr_filter_GetVector
 186:.\Generated_Source\PSoC5/isr_filter.c **** ********************************************************************************
 187:.\Generated_Source\PSoC5/isr_filter.c **** *
 188:.\Generated_Source\PSoC5/isr_filter.c **** * Summary:
 189:.\Generated_Source\PSoC5/isr_filter.c **** *   Gets the "address" of the current ISR vector for the Interrupt.
 190:.\Generated_Source\PSoC5/isr_filter.c **** *
 191:.\Generated_Source\PSoC5/isr_filter.c **** * Parameters:
 192:.\Generated_Source\PSoC5/isr_filter.c **** *   None
 193:.\Generated_Source\PSoC5/isr_filter.c **** *
 194:.\Generated_Source\PSoC5/isr_filter.c **** * Return:
 195:.\Generated_Source\PSoC5/isr_filter.c **** *   Address of the ISR in the interrupt vector table.
 196:.\Generated_Source\PSoC5/isr_filter.c **** *
 197:.\Generated_Source\PSoC5/isr_filter.c **** *******************************************************************************/
 198:.\Generated_Source\PSoC5/isr_filter.c **** cyisraddress isr_filter_GetVector(void)
 199:.\Generated_Source\PSoC5/isr_filter.c **** {
 224              		.loc 1 199 0
 225              		.cfi_startproc
 226              		@ args = 0, pretend = 0, frame = 8
 227              		@ frame_needed = 1, uses_anonymous_args = 0
 228              		@ link register save eliminated.
 229 0000 80B4     		push	{r7}
 230              	.LCFI12:
 231              		.cfi_def_cfa_offset 4
 232              		.cfi_offset 7, -4
 233 0002 83B0     		sub	sp, sp, #12
 234              	.LCFI13:
 235              		.cfi_def_cfa_offset 16
 236 0004 00AF     		add	r7, sp, #0
 237              	.LCFI14:
 238              		.cfi_def_cfa_register 7
 200:.\Generated_Source\PSoC5/isr_filter.c ****     cyisraddress * ramVectorTable;
 201:.\Generated_Source\PSoC5/isr_filter.c **** 
 202:.\Generated_Source\PSoC5/isr_filter.c ****     ramVectorTable = (cyisraddress *) *CYINT_VECT_TABLE;
 239              		.loc 1 202 0
 240 0006 4EF60853 		movw	r3, #60680
 241 000a CEF20003 		movt	r3, 57344
 242 000e 1B68     		ldr	r3, [r3, #0]
 243 0010 7B60     		str	r3, [r7, #4]
 203:.\Generated_Source\PSoC5/isr_filter.c **** 
 204:.\Generated_Source\PSoC5/isr_filter.c ****     return ramVectorTable[CYINT_IRQ_BASE + (uint32)isr_filter__INTC_NUMBER];
 244              		.loc 1 204 0
 245 0012 7B68     		ldr	r3, [r7, #4]
 246 0014 9B6C     		ldr	r3, [r3, #72]
 205:.\Generated_Source\PSoC5/isr_filter.c **** }
 247              		.loc 1 205 0
 248 0016 1846     		mov	r0, r3
 249 0018 07F10C07 		add	r7, r7, #12
 250 001c BD46     		mov	sp, r7
 251 001e 80BC     		pop	{r7}
ARM GAS  C:\Users\CHAIYA~1\AppData\Local\Temp\ccqfhVqa.s 			page 9


 252 0020 7047     		bx	lr
 253              		.cfi_endproc
 254              	.LFE5:
 255              		.size	isr_filter_GetVector, .-isr_filter_GetVector
 256 0022 00BF     		.section	.text.isr_filter_SetPriority,"ax",%progbits
 257              		.align	2
 258              		.global	isr_filter_SetPriority
 259              		.thumb
 260              		.thumb_func
 261              		.type	isr_filter_SetPriority, %function
 262              	isr_filter_SetPriority:
 263              	.LFB6:
 206:.\Generated_Source\PSoC5/isr_filter.c **** 
 207:.\Generated_Source\PSoC5/isr_filter.c **** 
 208:.\Generated_Source\PSoC5/isr_filter.c **** /*******************************************************************************
 209:.\Generated_Source\PSoC5/isr_filter.c **** * Function Name: isr_filter_SetPriority
 210:.\Generated_Source\PSoC5/isr_filter.c **** ********************************************************************************
 211:.\Generated_Source\PSoC5/isr_filter.c **** *
 212:.\Generated_Source\PSoC5/isr_filter.c **** * Summary:
 213:.\Generated_Source\PSoC5/isr_filter.c **** *   Sets the Priority of the Interrupt. Note calling isr_filter_Start
 214:.\Generated_Source\PSoC5/isr_filter.c **** *   or isr_filter_StartEx will override any effect this method 
 215:.\Generated_Source\PSoC5/isr_filter.c **** *   would have had. This method should only be called after 
 216:.\Generated_Source\PSoC5/isr_filter.c **** *   isr_filter_Start or isr_filter_StartEx has been called. To set 
 217:.\Generated_Source\PSoC5/isr_filter.c **** *   the initial priority for the component use the cydwr file in the tool.
 218:.\Generated_Source\PSoC5/isr_filter.c **** *
 219:.\Generated_Source\PSoC5/isr_filter.c **** * Parameters:
 220:.\Generated_Source\PSoC5/isr_filter.c **** *   priority: Priority of the interrupt. 0 - 7, 0 being the highest.
 221:.\Generated_Source\PSoC5/isr_filter.c **** *
 222:.\Generated_Source\PSoC5/isr_filter.c **** * Return:
 223:.\Generated_Source\PSoC5/isr_filter.c **** *   None
 224:.\Generated_Source\PSoC5/isr_filter.c **** *
 225:.\Generated_Source\PSoC5/isr_filter.c **** *******************************************************************************/
 226:.\Generated_Source\PSoC5/isr_filter.c **** void isr_filter_SetPriority(uint8 priority)
 227:.\Generated_Source\PSoC5/isr_filter.c **** {
 264              		.loc 1 227 0
 265              		.cfi_startproc
 266              		@ args = 0, pretend = 0, frame = 8
 267              		@ frame_needed = 1, uses_anonymous_args = 0
 268              		@ link register save eliminated.
 269 0000 80B4     		push	{r7}
 270              	.LCFI15:
 271              		.cfi_def_cfa_offset 4
 272              		.cfi_offset 7, -4
 273 0002 83B0     		sub	sp, sp, #12
 274              	.LCFI16:
 275              		.cfi_def_cfa_offset 16
 276 0004 00AF     		add	r7, sp, #0
 277              	.LCFI17:
 278              		.cfi_def_cfa_register 7
 279 0006 0346     		mov	r3, r0
 280 0008 FB71     		strb	r3, [r7, #7]
 228:.\Generated_Source\PSoC5/isr_filter.c ****     *isr_filter_INTC_PRIOR = priority << 5;
 281              		.loc 1 228 0
 282 000a 4EF20243 		movw	r3, #58370
 283 000e CEF20003 		movt	r3, 57344
 284 0012 FA79     		ldrb	r2, [r7, #7]
 285 0014 4FEA4212 		lsl	r2, r2, #5
ARM GAS  C:\Users\CHAIYA~1\AppData\Local\Temp\ccqfhVqa.s 			page 10


 286 0018 D2B2     		uxtb	r2, r2
 287 001a 1A70     		strb	r2, [r3, #0]
 229:.\Generated_Source\PSoC5/isr_filter.c **** }
 288              		.loc 1 229 0
 289 001c 07F10C07 		add	r7, r7, #12
 290 0020 BD46     		mov	sp, r7
 291 0022 80BC     		pop	{r7}
 292 0024 7047     		bx	lr
 293              		.cfi_endproc
 294              	.LFE6:
 295              		.size	isr_filter_SetPriority, .-isr_filter_SetPriority
 296 0026 00BF     		.section	.text.isr_filter_GetPriority,"ax",%progbits
 297              		.align	2
 298              		.global	isr_filter_GetPriority
 299              		.thumb
 300              		.thumb_func
 301              		.type	isr_filter_GetPriority, %function
 302              	isr_filter_GetPriority:
 303              	.LFB7:
 230:.\Generated_Source\PSoC5/isr_filter.c **** 
 231:.\Generated_Source\PSoC5/isr_filter.c **** 
 232:.\Generated_Source\PSoC5/isr_filter.c **** /*******************************************************************************
 233:.\Generated_Source\PSoC5/isr_filter.c **** * Function Name: isr_filter_GetPriority
 234:.\Generated_Source\PSoC5/isr_filter.c **** ********************************************************************************
 235:.\Generated_Source\PSoC5/isr_filter.c **** *
 236:.\Generated_Source\PSoC5/isr_filter.c **** * Summary:
 237:.\Generated_Source\PSoC5/isr_filter.c **** *   Gets the Priority of the Interrupt.
 238:.\Generated_Source\PSoC5/isr_filter.c **** *
 239:.\Generated_Source\PSoC5/isr_filter.c **** * Parameters:
 240:.\Generated_Source\PSoC5/isr_filter.c **** *   None
 241:.\Generated_Source\PSoC5/isr_filter.c **** *
 242:.\Generated_Source\PSoC5/isr_filter.c **** * Return:
 243:.\Generated_Source\PSoC5/isr_filter.c **** *   Priority of the interrupt. 0 - 7, 0 being the highest.
 244:.\Generated_Source\PSoC5/isr_filter.c **** *
 245:.\Generated_Source\PSoC5/isr_filter.c **** *******************************************************************************/
 246:.\Generated_Source\PSoC5/isr_filter.c **** uint8 isr_filter_GetPriority(void)
 247:.\Generated_Source\PSoC5/isr_filter.c **** {
 304              		.loc 1 247 0
 305              		.cfi_startproc
 306              		@ args = 0, pretend = 0, frame = 8
 307              		@ frame_needed = 1, uses_anonymous_args = 0
 308              		@ link register save eliminated.
 309 0000 80B4     		push	{r7}
 310              	.LCFI18:
 311              		.cfi_def_cfa_offset 4
 312              		.cfi_offset 7, -4
 313 0002 83B0     		sub	sp, sp, #12
 314              	.LCFI19:
 315              		.cfi_def_cfa_offset 16
 316 0004 00AF     		add	r7, sp, #0
 317              	.LCFI20:
 318              		.cfi_def_cfa_register 7
 248:.\Generated_Source\PSoC5/isr_filter.c ****     uint8 priority;
 249:.\Generated_Source\PSoC5/isr_filter.c **** 
 250:.\Generated_Source\PSoC5/isr_filter.c **** 
 251:.\Generated_Source\PSoC5/isr_filter.c ****     priority = *isr_filter_INTC_PRIOR >> 5;
 319              		.loc 1 251 0
ARM GAS  C:\Users\CHAIYA~1\AppData\Local\Temp\ccqfhVqa.s 			page 11


 320 0006 4EF20243 		movw	r3, #58370
 321 000a CEF20003 		movt	r3, 57344
 322 000e 1B78     		ldrb	r3, [r3, #0]
 323 0010 DBB2     		uxtb	r3, r3
 324 0012 4FEA5313 		lsr	r3, r3, #5
 325 0016 FB71     		strb	r3, [r7, #7]
 252:.\Generated_Source\PSoC5/isr_filter.c **** 
 253:.\Generated_Source\PSoC5/isr_filter.c ****     return priority;
 326              		.loc 1 253 0
 327 0018 FB79     		ldrb	r3, [r7, #7]	@ zero_extendqisi2
 254:.\Generated_Source\PSoC5/isr_filter.c **** }
 328              		.loc 1 254 0
 329 001a 1846     		mov	r0, r3
 330 001c 07F10C07 		add	r7, r7, #12
 331 0020 BD46     		mov	sp, r7
 332 0022 80BC     		pop	{r7}
 333 0024 7047     		bx	lr
 334              		.cfi_endproc
 335              	.LFE7:
 336              		.size	isr_filter_GetPriority, .-isr_filter_GetPriority
 337 0026 00BF     		.section	.text.isr_filter_Enable,"ax",%progbits
 338              		.align	2
 339              		.global	isr_filter_Enable
 340              		.thumb
 341              		.thumb_func
 342              		.type	isr_filter_Enable, %function
 343              	isr_filter_Enable:
 344              	.LFB8:
 255:.\Generated_Source\PSoC5/isr_filter.c **** 
 256:.\Generated_Source\PSoC5/isr_filter.c **** 
 257:.\Generated_Source\PSoC5/isr_filter.c **** /*******************************************************************************
 258:.\Generated_Source\PSoC5/isr_filter.c **** * Function Name: isr_filter_Enable
 259:.\Generated_Source\PSoC5/isr_filter.c **** ********************************************************************************
 260:.\Generated_Source\PSoC5/isr_filter.c **** *
 261:.\Generated_Source\PSoC5/isr_filter.c **** * Summary:
 262:.\Generated_Source\PSoC5/isr_filter.c **** *   Enables the interrupt.
 263:.\Generated_Source\PSoC5/isr_filter.c **** *
 264:.\Generated_Source\PSoC5/isr_filter.c **** * Parameters:
 265:.\Generated_Source\PSoC5/isr_filter.c **** *   None
 266:.\Generated_Source\PSoC5/isr_filter.c **** *
 267:.\Generated_Source\PSoC5/isr_filter.c **** * Return:
 268:.\Generated_Source\PSoC5/isr_filter.c **** *   None
 269:.\Generated_Source\PSoC5/isr_filter.c **** *
 270:.\Generated_Source\PSoC5/isr_filter.c **** *******************************************************************************/
 271:.\Generated_Source\PSoC5/isr_filter.c **** void isr_filter_Enable(void)
 272:.\Generated_Source\PSoC5/isr_filter.c **** {
 345              		.loc 1 272 0
 346              		.cfi_startproc
 347              		@ args = 0, pretend = 0, frame = 0
 348              		@ frame_needed = 1, uses_anonymous_args = 0
 349              		@ link register save eliminated.
 350 0000 80B4     		push	{r7}
 351              	.LCFI21:
 352              		.cfi_def_cfa_offset 4
 353              		.cfi_offset 7, -4
 354 0002 00AF     		add	r7, sp, #0
 355              	.LCFI22:
ARM GAS  C:\Users\CHAIYA~1\AppData\Local\Temp\ccqfhVqa.s 			page 12


 356              		.cfi_def_cfa_register 7
 273:.\Generated_Source\PSoC5/isr_filter.c ****     /* Enable the general interrupt. */
 274:.\Generated_Source\PSoC5/isr_filter.c ****     *isr_filter_INTC_SET_EN = isr_filter__INTC_MASK;
 357              		.loc 1 274 0
 358 0004 4FF46143 		mov	r3, #57600
 359 0008 CEF20003 		movt	r3, 57344
 360 000c 4FF00402 		mov	r2, #4
 361 0010 1A60     		str	r2, [r3, #0]
 275:.\Generated_Source\PSoC5/isr_filter.c **** }
 362              		.loc 1 275 0
 363 0012 BD46     		mov	sp, r7
 364 0014 80BC     		pop	{r7}
 365 0016 7047     		bx	lr
 366              		.cfi_endproc
 367              	.LFE8:
 368              		.size	isr_filter_Enable, .-isr_filter_Enable
 369              		.section	.text.isr_filter_GetState,"ax",%progbits
 370              		.align	2
 371              		.global	isr_filter_GetState
 372              		.thumb
 373              		.thumb_func
 374              		.type	isr_filter_GetState, %function
 375              	isr_filter_GetState:
 376              	.LFB9:
 276:.\Generated_Source\PSoC5/isr_filter.c **** 
 277:.\Generated_Source\PSoC5/isr_filter.c **** 
 278:.\Generated_Source\PSoC5/isr_filter.c **** /*******************************************************************************
 279:.\Generated_Source\PSoC5/isr_filter.c **** * Function Name: isr_filter_GetState
 280:.\Generated_Source\PSoC5/isr_filter.c **** ********************************************************************************
 281:.\Generated_Source\PSoC5/isr_filter.c **** *
 282:.\Generated_Source\PSoC5/isr_filter.c **** * Summary:
 283:.\Generated_Source\PSoC5/isr_filter.c **** *   Gets the state (enabled, disabled) of the Interrupt.
 284:.\Generated_Source\PSoC5/isr_filter.c **** *
 285:.\Generated_Source\PSoC5/isr_filter.c **** * Parameters:
 286:.\Generated_Source\PSoC5/isr_filter.c **** *   None
 287:.\Generated_Source\PSoC5/isr_filter.c **** *
 288:.\Generated_Source\PSoC5/isr_filter.c **** * Return:
 289:.\Generated_Source\PSoC5/isr_filter.c **** *   1 if enabled, 0 if disabled.
 290:.\Generated_Source\PSoC5/isr_filter.c **** *
 291:.\Generated_Source\PSoC5/isr_filter.c **** *******************************************************************************/
 292:.\Generated_Source\PSoC5/isr_filter.c **** uint8 isr_filter_GetState(void)
 293:.\Generated_Source\PSoC5/isr_filter.c **** {
 377              		.loc 1 293 0
 378              		.cfi_startproc
 379              		@ args = 0, pretend = 0, frame = 0
 380              		@ frame_needed = 1, uses_anonymous_args = 0
 381              		@ link register save eliminated.
 382 0000 80B4     		push	{r7}
 383              	.LCFI23:
 384              		.cfi_def_cfa_offset 4
 385              		.cfi_offset 7, -4
 386 0002 00AF     		add	r7, sp, #0
 387              	.LCFI24:
 388              		.cfi_def_cfa_register 7
 294:.\Generated_Source\PSoC5/isr_filter.c ****     /* Get the state of the general interrupt. */
 295:.\Generated_Source\PSoC5/isr_filter.c ****     return ((*isr_filter_INTC_SET_EN & (uint32)isr_filter__INTC_MASK) != 0u) ? 1u:0u;
 389              		.loc 1 295 0
ARM GAS  C:\Users\CHAIYA~1\AppData\Local\Temp\ccqfhVqa.s 			page 13


 390 0004 4FF46143 		mov	r3, #57600
 391 0008 CEF20003 		movt	r3, 57344
 392 000c 1B68     		ldr	r3, [r3, #0]
 393 000e 03F00403 		and	r3, r3, #4
 394 0012 002B     		cmp	r3, #0
 395 0014 02D0     		beq	.L13
 396              		.loc 1 295 0 is_stmt 0 discriminator 1
 397 0016 4FF00103 		mov	r3, #1
 398 001a 01E0     		b	.L14
 399              	.L13:
 400              		.loc 1 295 0 discriminator 2
 401 001c 4FF00003 		mov	r3, #0
 402              	.L14:
 296:.\Generated_Source\PSoC5/isr_filter.c **** }
 403              		.loc 1 296 0 is_stmt 1 discriminator 3
 404 0020 1846     		mov	r0, r3
 405 0022 BD46     		mov	sp, r7
 406 0024 80BC     		pop	{r7}
 407 0026 7047     		bx	lr
 408              		.cfi_endproc
 409              	.LFE9:
 410              		.size	isr_filter_GetState, .-isr_filter_GetState
 411              		.section	.text.isr_filter_Disable,"ax",%progbits
 412              		.align	2
 413              		.global	isr_filter_Disable
 414              		.thumb
 415              		.thumb_func
 416              		.type	isr_filter_Disable, %function
 417              	isr_filter_Disable:
 418              	.LFB10:
 297:.\Generated_Source\PSoC5/isr_filter.c **** 
 298:.\Generated_Source\PSoC5/isr_filter.c **** 
 299:.\Generated_Source\PSoC5/isr_filter.c **** /*******************************************************************************
 300:.\Generated_Source\PSoC5/isr_filter.c **** * Function Name: isr_filter_Disable
 301:.\Generated_Source\PSoC5/isr_filter.c **** ********************************************************************************
 302:.\Generated_Source\PSoC5/isr_filter.c **** *
 303:.\Generated_Source\PSoC5/isr_filter.c **** * Summary:
 304:.\Generated_Source\PSoC5/isr_filter.c **** *   Disables the Interrupt.
 305:.\Generated_Source\PSoC5/isr_filter.c **** *
 306:.\Generated_Source\PSoC5/isr_filter.c **** * Parameters:
 307:.\Generated_Source\PSoC5/isr_filter.c **** *   None
 308:.\Generated_Source\PSoC5/isr_filter.c **** *
 309:.\Generated_Source\PSoC5/isr_filter.c **** * Return:
 310:.\Generated_Source\PSoC5/isr_filter.c **** *   None
 311:.\Generated_Source\PSoC5/isr_filter.c **** *
 312:.\Generated_Source\PSoC5/isr_filter.c **** *******************************************************************************/
 313:.\Generated_Source\PSoC5/isr_filter.c **** void isr_filter_Disable(void)
 314:.\Generated_Source\PSoC5/isr_filter.c **** {
 419              		.loc 1 314 0
 420              		.cfi_startproc
 421              		@ args = 0, pretend = 0, frame = 0
 422              		@ frame_needed = 1, uses_anonymous_args = 0
 423              		@ link register save eliminated.
 424 0000 80B4     		push	{r7}
 425              	.LCFI25:
 426              		.cfi_def_cfa_offset 4
 427              		.cfi_offset 7, -4
ARM GAS  C:\Users\CHAIYA~1\AppData\Local\Temp\ccqfhVqa.s 			page 14


 428 0002 00AF     		add	r7, sp, #0
 429              	.LCFI26:
 430              		.cfi_def_cfa_register 7
 315:.\Generated_Source\PSoC5/isr_filter.c ****     /* Disable the general interrupt. */
 316:.\Generated_Source\PSoC5/isr_filter.c ****     *isr_filter_INTC_CLR_EN = isr_filter__INTC_MASK;
 431              		.loc 1 316 0
 432 0004 4EF28013 		movw	r3, #57728
 433 0008 CEF20003 		movt	r3, 57344
 434 000c 4FF00402 		mov	r2, #4
 435 0010 1A60     		str	r2, [r3, #0]
 317:.\Generated_Source\PSoC5/isr_filter.c **** }
 436              		.loc 1 317 0
 437 0012 BD46     		mov	sp, r7
 438 0014 80BC     		pop	{r7}
 439 0016 7047     		bx	lr
 440              		.cfi_endproc
 441              	.LFE10:
 442              		.size	isr_filter_Disable, .-isr_filter_Disable
 443              		.section	.text.isr_filter_SetPending,"ax",%progbits
 444              		.align	2
 445              		.global	isr_filter_SetPending
 446              		.thumb
 447              		.thumb_func
 448              		.type	isr_filter_SetPending, %function
 449              	isr_filter_SetPending:
 450              	.LFB11:
 318:.\Generated_Source\PSoC5/isr_filter.c **** 
 319:.\Generated_Source\PSoC5/isr_filter.c **** 
 320:.\Generated_Source\PSoC5/isr_filter.c **** /*******************************************************************************
 321:.\Generated_Source\PSoC5/isr_filter.c **** * Function Name: isr_filter_SetPending
 322:.\Generated_Source\PSoC5/isr_filter.c **** ********************************************************************************
 323:.\Generated_Source\PSoC5/isr_filter.c **** *
 324:.\Generated_Source\PSoC5/isr_filter.c **** * Summary:
 325:.\Generated_Source\PSoC5/isr_filter.c **** *   Causes the Interrupt to enter the pending state, a software method of
 326:.\Generated_Source\PSoC5/isr_filter.c **** *   generating the interrupt.
 327:.\Generated_Source\PSoC5/isr_filter.c **** *
 328:.\Generated_Source\PSoC5/isr_filter.c **** * Parameters:
 329:.\Generated_Source\PSoC5/isr_filter.c **** *   None
 330:.\Generated_Source\PSoC5/isr_filter.c **** *
 331:.\Generated_Source\PSoC5/isr_filter.c **** * Return:
 332:.\Generated_Source\PSoC5/isr_filter.c **** *   None
 333:.\Generated_Source\PSoC5/isr_filter.c **** *
 334:.\Generated_Source\PSoC5/isr_filter.c **** *******************************************************************************/
 335:.\Generated_Source\PSoC5/isr_filter.c **** void isr_filter_SetPending(void)
 336:.\Generated_Source\PSoC5/isr_filter.c **** {
 451              		.loc 1 336 0
 452              		.cfi_startproc
 453              		@ args = 0, pretend = 0, frame = 0
 454              		@ frame_needed = 1, uses_anonymous_args = 0
 455              		@ link register save eliminated.
 456 0000 80B4     		push	{r7}
 457              	.LCFI27:
 458              		.cfi_def_cfa_offset 4
 459              		.cfi_offset 7, -4
 460 0002 00AF     		add	r7, sp, #0
 461              	.LCFI28:
 462              		.cfi_def_cfa_register 7
ARM GAS  C:\Users\CHAIYA~1\AppData\Local\Temp\ccqfhVqa.s 			page 15


 337:.\Generated_Source\PSoC5/isr_filter.c ****     *isr_filter_INTC_SET_PD = isr_filter__INTC_MASK;
 463              		.loc 1 337 0
 464 0004 4FF46243 		mov	r3, #57856
 465 0008 CEF20003 		movt	r3, 57344
 466 000c 4FF00402 		mov	r2, #4
 467 0010 1A60     		str	r2, [r3, #0]
 338:.\Generated_Source\PSoC5/isr_filter.c **** }
 468              		.loc 1 338 0
 469 0012 BD46     		mov	sp, r7
 470 0014 80BC     		pop	{r7}
 471 0016 7047     		bx	lr
 472              		.cfi_endproc
 473              	.LFE11:
 474              		.size	isr_filter_SetPending, .-isr_filter_SetPending
 475              		.section	.text.isr_filter_ClearPending,"ax",%progbits
 476              		.align	2
 477              		.global	isr_filter_ClearPending
 478              		.thumb
 479              		.thumb_func
 480              		.type	isr_filter_ClearPending, %function
 481              	isr_filter_ClearPending:
 482              	.LFB12:
 339:.\Generated_Source\PSoC5/isr_filter.c **** 
 340:.\Generated_Source\PSoC5/isr_filter.c **** 
 341:.\Generated_Source\PSoC5/isr_filter.c **** /*******************************************************************************
 342:.\Generated_Source\PSoC5/isr_filter.c **** * Function Name: isr_filter_ClearPending
 343:.\Generated_Source\PSoC5/isr_filter.c **** ********************************************************************************
 344:.\Generated_Source\PSoC5/isr_filter.c **** *
 345:.\Generated_Source\PSoC5/isr_filter.c **** * Summary:
 346:.\Generated_Source\PSoC5/isr_filter.c **** *   Clears a pending interrupt.
 347:.\Generated_Source\PSoC5/isr_filter.c **** *
 348:.\Generated_Source\PSoC5/isr_filter.c **** * Parameters:
 349:.\Generated_Source\PSoC5/isr_filter.c **** *   None
 350:.\Generated_Source\PSoC5/isr_filter.c **** *
 351:.\Generated_Source\PSoC5/isr_filter.c **** * Return:
 352:.\Generated_Source\PSoC5/isr_filter.c **** *   None
 353:.\Generated_Source\PSoC5/isr_filter.c **** *
 354:.\Generated_Source\PSoC5/isr_filter.c **** *******************************************************************************/
 355:.\Generated_Source\PSoC5/isr_filter.c **** void isr_filter_ClearPending(void)
 356:.\Generated_Source\PSoC5/isr_filter.c **** {
 483              		.loc 1 356 0
 484              		.cfi_startproc
 485              		@ args = 0, pretend = 0, frame = 0
 486              		@ frame_needed = 1, uses_anonymous_args = 0
 487              		@ link register save eliminated.
 488 0000 80B4     		push	{r7}
 489              	.LCFI29:
 490              		.cfi_def_cfa_offset 4
 491              		.cfi_offset 7, -4
 492 0002 00AF     		add	r7, sp, #0
 493              	.LCFI30:
 494              		.cfi_def_cfa_register 7
 357:.\Generated_Source\PSoC5/isr_filter.c ****     *isr_filter_INTC_CLR_PD = isr_filter__INTC_MASK;
 495              		.loc 1 357 0
 496 0004 4EF28023 		movw	r3, #57984
 497 0008 CEF20003 		movt	r3, 57344
 498 000c 4FF00402 		mov	r2, #4
ARM GAS  C:\Users\CHAIYA~1\AppData\Local\Temp\ccqfhVqa.s 			page 16


 499 0010 1A60     		str	r2, [r3, #0]
 358:.\Generated_Source\PSoC5/isr_filter.c **** }
 500              		.loc 1 358 0
 501 0012 BD46     		mov	sp, r7
 502 0014 80BC     		pop	{r7}
 503 0016 7047     		bx	lr
 504              		.cfi_endproc
 505              	.LFE12:
 506              		.size	isr_filter_ClearPending, .-isr_filter_ClearPending
 507              		.text
 508              	.Letext0:
 509              		.file 2 "./Generated_Source/PSoC5/cytypes.h"
 510              		.section	.debug_info,"",%progbits
 511              	.Ldebug_info0:
 512 0000 86020000 		.4byte	0x286
 513 0004 0200     		.2byte	0x2
 514 0006 00000000 		.4byte	.Ldebug_abbrev0
 515 000a 04       		.byte	0x4
 516 000b 01       		.uleb128 0x1
 517 000c 21020000 		.4byte	.LASF33
 518 0010 01       		.byte	0x1
 519 0011 1B000000 		.4byte	.LASF34
 520 0015 73010000 		.4byte	.LASF35
 521 0019 00000000 		.4byte	.Ldebug_ranges0+0
 522 001d 00000000 		.4byte	0
 523 0021 00000000 		.4byte	0
 524 0025 00000000 		.4byte	.Ldebug_line0
 525 0029 02       		.uleb128 0x2
 526 002a 01       		.byte	0x1
 527 002b 06       		.byte	0x6
 528 002c 8A020000 		.4byte	.LASF0
 529 0030 02       		.uleb128 0x2
 530 0031 01       		.byte	0x1
 531 0032 08       		.byte	0x8
 532 0033 BA000000 		.4byte	.LASF1
 533 0037 02       		.uleb128 0x2
 534 0038 02       		.byte	0x2
 535 0039 05       		.byte	0x5
 536 003a FF010000 		.4byte	.LASF2
 537 003e 02       		.uleb128 0x2
 538 003f 02       		.byte	0x2
 539 0040 07       		.byte	0x7
 540 0041 41000000 		.4byte	.LASF3
 541 0045 03       		.uleb128 0x3
 542 0046 04       		.byte	0x4
 543 0047 05       		.byte	0x5
 544 0048 696E7400 		.ascii	"int\000"
 545 004c 02       		.uleb128 0x2
 546 004d 04       		.byte	0x4
 547 004e 07       		.byte	0x7
 548 004f 0E010000 		.4byte	.LASF4
 549 0053 02       		.uleb128 0x2
 550 0054 08       		.byte	0x8
 551 0055 05       		.byte	0x5
 552 0056 D0010000 		.4byte	.LASF5
 553 005a 02       		.uleb128 0x2
 554 005b 08       		.byte	0x8
ARM GAS  C:\Users\CHAIYA~1\AppData\Local\Temp\ccqfhVqa.s 			page 17


 555 005c 07       		.byte	0x7
 556 005d 23010000 		.4byte	.LASF6
 557 0061 02       		.uleb128 0x2
 558 0062 04       		.byte	0x4
 559 0063 05       		.byte	0x5
 560 0064 81020000 		.4byte	.LASF7
 561 0068 02       		.uleb128 0x2
 562 0069 04       		.byte	0x4
 563 006a 07       		.byte	0x7
 564 006b C7010000 		.4byte	.LASF8
 565 006f 02       		.uleb128 0x2
 566 0070 04       		.byte	0x4
 567 0071 07       		.byte	0x7
 568 0072 DF000000 		.4byte	.LASF9
 569 0076 04       		.uleb128 0x4
 570 0077 01       		.byte	0x1
 571 0078 05       		.uleb128 0x5
 572 0079 04       		.byte	0x4
 573 007a 76000000 		.4byte	0x76
 574 007e 02       		.uleb128 0x2
 575 007f 01       		.byte	0x1
 576 0080 08       		.byte	0x8
 577 0081 EB010000 		.4byte	.LASF10
 578 0085 06       		.uleb128 0x6
 579 0086 F1000000 		.4byte	.LASF11
 580 008a 02       		.byte	0x2
 581 008b 5B       		.byte	0x5b
 582 008c 30000000 		.4byte	0x30
 583 0090 06       		.uleb128 0x6
 584 0091 07010000 		.4byte	.LASF12
 585 0095 02       		.byte	0x2
 586 0096 5D       		.byte	0x5d
 587 0097 6F000000 		.4byte	0x6f
 588 009b 02       		.uleb128 0x2
 589 009c 04       		.byte	0x4
 590 009d 04       		.byte	0x4
 591 009e 67000000 		.4byte	.LASF13
 592 00a2 02       		.uleb128 0x2
 593 00a3 08       		.byte	0x8
 594 00a4 04       		.byte	0x4
 595 00a5 00010000 		.4byte	.LASF14
 596 00a9 06       		.uleb128 0x6
 597 00aa DA000000 		.4byte	.LASF15
 598 00ae 02       		.byte	0x2
 599 00af F0       		.byte	0xf0
 600 00b0 B4000000 		.4byte	0xb4
 601 00b4 07       		.uleb128 0x7
 602 00b5 85000000 		.4byte	0x85
 603 00b9 06       		.uleb128 0x6
 604 00ba 15000000 		.4byte	.LASF16
 605 00be 02       		.byte	0x2
 606 00bf F2       		.byte	0xf2
 607 00c0 C4000000 		.4byte	0xc4
 608 00c4 07       		.uleb128 0x7
 609 00c5 90000000 		.4byte	0x90
 610 00c9 08       		.uleb128 0x8
 611 00ca 66010000 		.4byte	.LASF17
ARM GAS  C:\Users\CHAIYA~1\AppData\Local\Temp\ccqfhVqa.s 			page 18


 612 00ce 02       		.byte	0x2
 613 00cf 0201     		.2byte	0x102
 614 00d1 78000000 		.4byte	0x78
 615 00d5 09       		.uleb128 0x9
 616 00d6 01       		.byte	0x1
 617 00d7 96020000 		.4byte	.LASF18
 618 00db 01       		.byte	0x1
 619 00dc 3A       		.byte	0x3a
 620 00dd 01       		.byte	0x1
 621 00de 00000000 		.4byte	.LFB0
 622 00e2 22000000 		.4byte	.LFE0
 623 00e6 00000000 		.4byte	.LLST0
 624 00ea 01       		.byte	0x1
 625 00eb 0A       		.uleb128 0xa
 626 00ec 01       		.byte	0x1
 627 00ed 54000000 		.4byte	.LASF21
 628 00f1 01       		.byte	0x1
 629 00f2 58       		.byte	0x58
 630 00f3 01       		.byte	0x1
 631 00f4 00000000 		.4byte	.LFB1
 632 00f8 26000000 		.4byte	.LFE1
 633 00fc 2C000000 		.4byte	.LLST1
 634 0100 01       		.byte	0x1
 635 0101 14010000 		.4byte	0x114
 636 0105 0B       		.uleb128 0xb
 637 0106 1B010000 		.4byte	.LASF23
 638 010a 01       		.byte	0x1
 639 010b 58       		.byte	0x58
 640 010c C9000000 		.4byte	0xc9
 641 0110 02       		.byte	0x2
 642 0111 91       		.byte	0x91
 643 0112 74       		.sleb128 -12
 644 0113 00       		.byte	0
 645 0114 09       		.uleb128 0x9
 646 0115 01       		.byte	0x1
 647 0116 96000000 		.4byte	.LASF19
 648 011a 01       		.byte	0x1
 649 011b 75       		.byte	0x75
 650 011c 01       		.byte	0x1
 651 011d 00000000 		.4byte	.LFB2
 652 0121 16000000 		.4byte	.LFE2
 653 0125 64000000 		.4byte	.LLST2
 654 0129 01       		.byte	0x1
 655 012a 0C       		.uleb128 0xc
 656 012b 01       		.byte	0x1
 657 012c 00000000 		.4byte	.LASF20
 658 0130 01       		.byte	0x1
 659 0131 8F       		.byte	0x8f
 660 0132 01       		.byte	0x1
 661 0133 00000000 		.4byte	.LFB3
 662 0137 30000000 		.4byte	.LFE3
 663 013b 90000000 		.4byte	.LLST3
 664 013f 01       		.byte	0x1
 665 0140 0D       		.uleb128 0xd
 666 0141 01       		.byte	0x1
 667 0142 3A010000 		.4byte	.LASF22
 668 0146 01       		.byte	0x1
ARM GAS  C:\Users\CHAIYA~1\AppData\Local\Temp\ccqfhVqa.s 			page 19


 669 0147 AE       		.byte	0xae
 670 0148 01       		.byte	0x1
 671 0149 00000000 		.4byte	.LFB4
 672 014d 28000000 		.4byte	.LFE4
 673 0151 BC000000 		.4byte	.LLST4
 674 0155 01       		.byte	0x1
 675 0156 77010000 		.4byte	0x177
 676 015a 0B       		.uleb128 0xb
 677 015b 1B010000 		.4byte	.LASF23
 678 015f 01       		.byte	0x1
 679 0160 AE       		.byte	0xae
 680 0161 C9000000 		.4byte	0xc9
 681 0165 02       		.byte	0x2
 682 0166 91       		.byte	0x91
 683 0167 6C       		.sleb128 -20
 684 0168 0E       		.uleb128 0xe
 685 0169 F0010000 		.4byte	.LASF24
 686 016d 01       		.byte	0x1
 687 016e B0       		.byte	0xb0
 688 016f 77010000 		.4byte	0x177
 689 0173 02       		.byte	0x2
 690 0174 91       		.byte	0x91
 691 0175 74       		.sleb128 -12
 692 0176 00       		.byte	0
 693 0177 05       		.uleb128 0x5
 694 0178 04       		.byte	0x4
 695 0179 C9000000 		.4byte	0xc9
 696 017d 0F       		.uleb128 0xf
 697 017e 01       		.byte	0x1
 698 017f A7020000 		.4byte	.LASF27
 699 0183 01       		.byte	0x1
 700 0184 C6       		.byte	0xc6
 701 0185 01       		.byte	0x1
 702 0186 C9000000 		.4byte	0xc9
 703 018a 00000000 		.4byte	.LFB5
 704 018e 22000000 		.4byte	.LFE5
 705 0192 F4000000 		.4byte	.LLST5
 706 0196 01       		.byte	0x1
 707 0197 AA010000 		.4byte	0x1aa
 708 019b 0E       		.uleb128 0xe
 709 019c F0010000 		.4byte	.LASF24
 710 01a0 01       		.byte	0x1
 711 01a1 C8       		.byte	0xc8
 712 01a2 77010000 		.4byte	0x177
 713 01a6 02       		.byte	0x2
 714 01a7 91       		.byte	0x91
 715 01a8 74       		.sleb128 -12
 716 01a9 00       		.byte	0
 717 01aa 0D       		.uleb128 0xd
 718 01ab 01       		.byte	0x1
 719 01ac 6A020000 		.4byte	.LASF25
 720 01b0 01       		.byte	0x1
 721 01b1 E2       		.byte	0xe2
 722 01b2 01       		.byte	0x1
 723 01b3 00000000 		.4byte	.LFB6
 724 01b7 26000000 		.4byte	.LFE6
 725 01bb 2C010000 		.4byte	.LLST6
ARM GAS  C:\Users\CHAIYA~1\AppData\Local\Temp\ccqfhVqa.s 			page 20


 726 01bf 01       		.byte	0x1
 727 01c0 D3010000 		.4byte	0x1d3
 728 01c4 0B       		.uleb128 0xb
 729 01c5 F7000000 		.4byte	.LASF26
 730 01c9 01       		.byte	0x1
 731 01ca E2       		.byte	0xe2
 732 01cb 85000000 		.4byte	0x85
 733 01cf 02       		.byte	0x2
 734 01d0 91       		.byte	0x91
 735 01d1 77       		.sleb128 -9
 736 01d2 00       		.byte	0
 737 01d3 0F       		.uleb128 0xf
 738 01d4 01       		.byte	0x1
 739 01d5 4F010000 		.4byte	.LASF28
 740 01d9 01       		.byte	0x1
 741 01da F6       		.byte	0xf6
 742 01db 01       		.byte	0x1
 743 01dc 85000000 		.4byte	0x85
 744 01e0 00000000 		.4byte	.LFB7
 745 01e4 26000000 		.4byte	.LFE7
 746 01e8 64010000 		.4byte	.LLST7
 747 01ec 01       		.byte	0x1
 748 01ed 00020000 		.4byte	0x200
 749 01f1 0E       		.uleb128 0xe
 750 01f2 F7000000 		.4byte	.LASF26
 751 01f6 01       		.byte	0x1
 752 01f7 F8       		.byte	0xf8
 753 01f8 85000000 		.4byte	0x85
 754 01fc 02       		.byte	0x2
 755 01fd 91       		.byte	0x91
 756 01fe 77       		.sleb128 -9
 757 01ff 00       		.byte	0
 758 0200 10       		.uleb128 0x10
 759 0201 01       		.byte	0x1
 760 0202 C8000000 		.4byte	.LASF29
 761 0206 01       		.byte	0x1
 762 0207 0F01     		.2byte	0x10f
 763 0209 01       		.byte	0x1
 764 020a 00000000 		.4byte	.LFB8
 765 020e 18000000 		.4byte	.LFE8
 766 0212 9C010000 		.4byte	.LLST8
 767 0216 01       		.byte	0x1
 768 0217 11       		.uleb128 0x11
 769 0218 01       		.byte	0x1
 770 0219 A6000000 		.4byte	.LASF36
 771 021d 01       		.byte	0x1
 772 021e 2401     		.2byte	0x124
 773 0220 01       		.byte	0x1
 774 0221 85000000 		.4byte	0x85
 775 0225 00000000 		.4byte	.LFB9
 776 0229 28000000 		.4byte	.LFE9
 777 022d C8010000 		.4byte	.LLST9
 778 0231 01       		.byte	0x1
 779 0232 10       		.uleb128 0x10
 780 0233 01       		.byte	0x1
 781 0234 83000000 		.4byte	.LASF30
 782 0238 01       		.byte	0x1
ARM GAS  C:\Users\CHAIYA~1\AppData\Local\Temp\ccqfhVqa.s 			page 21


 783 0239 3901     		.2byte	0x139
 784 023b 01       		.byte	0x1
 785 023c 00000000 		.4byte	.LFB10
 786 0240 18000000 		.4byte	.LFE10
 787 0244 F4010000 		.4byte	.LLST10
 788 0248 01       		.byte	0x1
 789 0249 10       		.uleb128 0x10
 790 024a 01       		.byte	0x1
 791 024b 6D000000 		.4byte	.LASF31
 792 024f 01       		.byte	0x1
 793 0250 4F01     		.2byte	0x14f
 794 0252 01       		.byte	0x1
 795 0253 00000000 		.4byte	.LFB11
 796 0257 18000000 		.4byte	.LFE11
 797 025b 20020000 		.4byte	.LLST11
 798 025f 01       		.byte	0x1
 799 0260 10       		.uleb128 0x10
 800 0261 01       		.byte	0x1
 801 0262 09020000 		.4byte	.LASF32
 802 0266 01       		.byte	0x1
 803 0267 6301     		.2byte	0x163
 804 0269 01       		.byte	0x1
 805 026a 00000000 		.4byte	.LFB12
 806 026e 18000000 		.4byte	.LFE12
 807 0272 4C020000 		.4byte	.LLST12
 808 0276 01       		.byte	0x1
 809 0277 12       		.uleb128 0x12
 810 0278 DE010000 		.4byte	.LASF37
 811 027c 01       		.byte	0x1
 812 027d 1E       		.byte	0x1e
 813 027e B4000000 		.4byte	0xb4
 814 0282 01       		.byte	0x1
 815 0283 05       		.byte	0x5
 816 0284 03       		.byte	0x3
 817 0285 00000000 		.4byte	toggle_flag2
 818 0289 00       		.byte	0
 819              		.section	.debug_abbrev,"",%progbits
 820              	.Ldebug_abbrev0:
 821 0000 01       		.uleb128 0x1
 822 0001 11       		.uleb128 0x11
 823 0002 01       		.byte	0x1
 824 0003 25       		.uleb128 0x25
 825 0004 0E       		.uleb128 0xe
 826 0005 13       		.uleb128 0x13
 827 0006 0B       		.uleb128 0xb
 828 0007 03       		.uleb128 0x3
 829 0008 0E       		.uleb128 0xe
 830 0009 1B       		.uleb128 0x1b
 831 000a 0E       		.uleb128 0xe
 832 000b 55       		.uleb128 0x55
 833 000c 06       		.uleb128 0x6
 834 000d 11       		.uleb128 0x11
 835 000e 01       		.uleb128 0x1
 836 000f 52       		.uleb128 0x52
 837 0010 01       		.uleb128 0x1
 838 0011 10       		.uleb128 0x10
 839 0012 06       		.uleb128 0x6
ARM GAS  C:\Users\CHAIYA~1\AppData\Local\Temp\ccqfhVqa.s 			page 22


 840 0013 00       		.byte	0
 841 0014 00       		.byte	0
 842 0015 02       		.uleb128 0x2
 843 0016 24       		.uleb128 0x24
 844 0017 00       		.byte	0
 845 0018 0B       		.uleb128 0xb
 846 0019 0B       		.uleb128 0xb
 847 001a 3E       		.uleb128 0x3e
 848 001b 0B       		.uleb128 0xb
 849 001c 03       		.uleb128 0x3
 850 001d 0E       		.uleb128 0xe
 851 001e 00       		.byte	0
 852 001f 00       		.byte	0
 853 0020 03       		.uleb128 0x3
 854 0021 24       		.uleb128 0x24
 855 0022 00       		.byte	0
 856 0023 0B       		.uleb128 0xb
 857 0024 0B       		.uleb128 0xb
 858 0025 3E       		.uleb128 0x3e
 859 0026 0B       		.uleb128 0xb
 860 0027 03       		.uleb128 0x3
 861 0028 08       		.uleb128 0x8
 862 0029 00       		.byte	0
 863 002a 00       		.byte	0
 864 002b 04       		.uleb128 0x4
 865 002c 15       		.uleb128 0x15
 866 002d 00       		.byte	0
 867 002e 27       		.uleb128 0x27
 868 002f 0C       		.uleb128 0xc
 869 0030 00       		.byte	0
 870 0031 00       		.byte	0
 871 0032 05       		.uleb128 0x5
 872 0033 0F       		.uleb128 0xf
 873 0034 00       		.byte	0
 874 0035 0B       		.uleb128 0xb
 875 0036 0B       		.uleb128 0xb
 876 0037 49       		.uleb128 0x49
 877 0038 13       		.uleb128 0x13
 878 0039 00       		.byte	0
 879 003a 00       		.byte	0
 880 003b 06       		.uleb128 0x6
 881 003c 16       		.uleb128 0x16
 882 003d 00       		.byte	0
 883 003e 03       		.uleb128 0x3
 884 003f 0E       		.uleb128 0xe
 885 0040 3A       		.uleb128 0x3a
 886 0041 0B       		.uleb128 0xb
 887 0042 3B       		.uleb128 0x3b
 888 0043 0B       		.uleb128 0xb
 889 0044 49       		.uleb128 0x49
 890 0045 13       		.uleb128 0x13
 891 0046 00       		.byte	0
 892 0047 00       		.byte	0
 893 0048 07       		.uleb128 0x7
 894 0049 35       		.uleb128 0x35
 895 004a 00       		.byte	0
 896 004b 49       		.uleb128 0x49
ARM GAS  C:\Users\CHAIYA~1\AppData\Local\Temp\ccqfhVqa.s 			page 23


 897 004c 13       		.uleb128 0x13
 898 004d 00       		.byte	0
 899 004e 00       		.byte	0
 900 004f 08       		.uleb128 0x8
 901 0050 16       		.uleb128 0x16
 902 0051 00       		.byte	0
 903 0052 03       		.uleb128 0x3
 904 0053 0E       		.uleb128 0xe
 905 0054 3A       		.uleb128 0x3a
 906 0055 0B       		.uleb128 0xb
 907 0056 3B       		.uleb128 0x3b
 908 0057 05       		.uleb128 0x5
 909 0058 49       		.uleb128 0x49
 910 0059 13       		.uleb128 0x13
 911 005a 00       		.byte	0
 912 005b 00       		.byte	0
 913 005c 09       		.uleb128 0x9
 914 005d 2E       		.uleb128 0x2e
 915 005e 00       		.byte	0
 916 005f 3F       		.uleb128 0x3f
 917 0060 0C       		.uleb128 0xc
 918 0061 03       		.uleb128 0x3
 919 0062 0E       		.uleb128 0xe
 920 0063 3A       		.uleb128 0x3a
 921 0064 0B       		.uleb128 0xb
 922 0065 3B       		.uleb128 0x3b
 923 0066 0B       		.uleb128 0xb
 924 0067 27       		.uleb128 0x27
 925 0068 0C       		.uleb128 0xc
 926 0069 11       		.uleb128 0x11
 927 006a 01       		.uleb128 0x1
 928 006b 12       		.uleb128 0x12
 929 006c 01       		.uleb128 0x1
 930 006d 40       		.uleb128 0x40
 931 006e 06       		.uleb128 0x6
 932 006f 9642     		.uleb128 0x2116
 933 0071 0C       		.uleb128 0xc
 934 0072 00       		.byte	0
 935 0073 00       		.byte	0
 936 0074 0A       		.uleb128 0xa
 937 0075 2E       		.uleb128 0x2e
 938 0076 01       		.byte	0x1
 939 0077 3F       		.uleb128 0x3f
 940 0078 0C       		.uleb128 0xc
 941 0079 03       		.uleb128 0x3
 942 007a 0E       		.uleb128 0xe
 943 007b 3A       		.uleb128 0x3a
 944 007c 0B       		.uleb128 0xb
 945 007d 3B       		.uleb128 0x3b
 946 007e 0B       		.uleb128 0xb
 947 007f 27       		.uleb128 0x27
 948 0080 0C       		.uleb128 0xc
 949 0081 11       		.uleb128 0x11
 950 0082 01       		.uleb128 0x1
 951 0083 12       		.uleb128 0x12
 952 0084 01       		.uleb128 0x1
 953 0085 40       		.uleb128 0x40
ARM GAS  C:\Users\CHAIYA~1\AppData\Local\Temp\ccqfhVqa.s 			page 24


 954 0086 06       		.uleb128 0x6
 955 0087 9642     		.uleb128 0x2116
 956 0089 0C       		.uleb128 0xc
 957 008a 01       		.uleb128 0x1
 958 008b 13       		.uleb128 0x13
 959 008c 00       		.byte	0
 960 008d 00       		.byte	0
 961 008e 0B       		.uleb128 0xb
 962 008f 05       		.uleb128 0x5
 963 0090 00       		.byte	0
 964 0091 03       		.uleb128 0x3
 965 0092 0E       		.uleb128 0xe
 966 0093 3A       		.uleb128 0x3a
 967 0094 0B       		.uleb128 0xb
 968 0095 3B       		.uleb128 0x3b
 969 0096 0B       		.uleb128 0xb
 970 0097 49       		.uleb128 0x49
 971 0098 13       		.uleb128 0x13
 972 0099 02       		.uleb128 0x2
 973 009a 0A       		.uleb128 0xa
 974 009b 00       		.byte	0
 975 009c 00       		.byte	0
 976 009d 0C       		.uleb128 0xc
 977 009e 2E       		.uleb128 0x2e
 978 009f 00       		.byte	0
 979 00a0 3F       		.uleb128 0x3f
 980 00a1 0C       		.uleb128 0xc
 981 00a2 03       		.uleb128 0x3
 982 00a3 0E       		.uleb128 0xe
 983 00a4 3A       		.uleb128 0x3a
 984 00a5 0B       		.uleb128 0xb
 985 00a6 3B       		.uleb128 0x3b
 986 00a7 0B       		.uleb128 0xb
 987 00a8 27       		.uleb128 0x27
 988 00a9 0C       		.uleb128 0xc
 989 00aa 11       		.uleb128 0x11
 990 00ab 01       		.uleb128 0x1
 991 00ac 12       		.uleb128 0x12
 992 00ad 01       		.uleb128 0x1
 993 00ae 40       		.uleb128 0x40
 994 00af 06       		.uleb128 0x6
 995 00b0 9742     		.uleb128 0x2117
 996 00b2 0C       		.uleb128 0xc
 997 00b3 00       		.byte	0
 998 00b4 00       		.byte	0
 999 00b5 0D       		.uleb128 0xd
 1000 00b6 2E       		.uleb128 0x2e
 1001 00b7 01       		.byte	0x1
 1002 00b8 3F       		.uleb128 0x3f
 1003 00b9 0C       		.uleb128 0xc
 1004 00ba 03       		.uleb128 0x3
 1005 00bb 0E       		.uleb128 0xe
 1006 00bc 3A       		.uleb128 0x3a
 1007 00bd 0B       		.uleb128 0xb
 1008 00be 3B       		.uleb128 0x3b
 1009 00bf 0B       		.uleb128 0xb
 1010 00c0 27       		.uleb128 0x27
ARM GAS  C:\Users\CHAIYA~1\AppData\Local\Temp\ccqfhVqa.s 			page 25


 1011 00c1 0C       		.uleb128 0xc
 1012 00c2 11       		.uleb128 0x11
 1013 00c3 01       		.uleb128 0x1
 1014 00c4 12       		.uleb128 0x12
 1015 00c5 01       		.uleb128 0x1
 1016 00c6 40       		.uleb128 0x40
 1017 00c7 06       		.uleb128 0x6
 1018 00c8 9742     		.uleb128 0x2117
 1019 00ca 0C       		.uleb128 0xc
 1020 00cb 01       		.uleb128 0x1
 1021 00cc 13       		.uleb128 0x13
 1022 00cd 00       		.byte	0
 1023 00ce 00       		.byte	0
 1024 00cf 0E       		.uleb128 0xe
 1025 00d0 34       		.uleb128 0x34
 1026 00d1 00       		.byte	0
 1027 00d2 03       		.uleb128 0x3
 1028 00d3 0E       		.uleb128 0xe
 1029 00d4 3A       		.uleb128 0x3a
 1030 00d5 0B       		.uleb128 0xb
 1031 00d6 3B       		.uleb128 0x3b
 1032 00d7 0B       		.uleb128 0xb
 1033 00d8 49       		.uleb128 0x49
 1034 00d9 13       		.uleb128 0x13
 1035 00da 02       		.uleb128 0x2
 1036 00db 0A       		.uleb128 0xa
 1037 00dc 00       		.byte	0
 1038 00dd 00       		.byte	0
 1039 00de 0F       		.uleb128 0xf
 1040 00df 2E       		.uleb128 0x2e
 1041 00e0 01       		.byte	0x1
 1042 00e1 3F       		.uleb128 0x3f
 1043 00e2 0C       		.uleb128 0xc
 1044 00e3 03       		.uleb128 0x3
 1045 00e4 0E       		.uleb128 0xe
 1046 00e5 3A       		.uleb128 0x3a
 1047 00e6 0B       		.uleb128 0xb
 1048 00e7 3B       		.uleb128 0x3b
 1049 00e8 0B       		.uleb128 0xb
 1050 00e9 27       		.uleb128 0x27
 1051 00ea 0C       		.uleb128 0xc
 1052 00eb 49       		.uleb128 0x49
 1053 00ec 13       		.uleb128 0x13
 1054 00ed 11       		.uleb128 0x11
 1055 00ee 01       		.uleb128 0x1
 1056 00ef 12       		.uleb128 0x12
 1057 00f0 01       		.uleb128 0x1
 1058 00f1 40       		.uleb128 0x40
 1059 00f2 06       		.uleb128 0x6
 1060 00f3 9742     		.uleb128 0x2117
 1061 00f5 0C       		.uleb128 0xc
 1062 00f6 01       		.uleb128 0x1
 1063 00f7 13       		.uleb128 0x13
 1064 00f8 00       		.byte	0
 1065 00f9 00       		.byte	0
 1066 00fa 10       		.uleb128 0x10
 1067 00fb 2E       		.uleb128 0x2e
ARM GAS  C:\Users\CHAIYA~1\AppData\Local\Temp\ccqfhVqa.s 			page 26


 1068 00fc 00       		.byte	0
 1069 00fd 3F       		.uleb128 0x3f
 1070 00fe 0C       		.uleb128 0xc
 1071 00ff 03       		.uleb128 0x3
 1072 0100 0E       		.uleb128 0xe
 1073 0101 3A       		.uleb128 0x3a
 1074 0102 0B       		.uleb128 0xb
 1075 0103 3B       		.uleb128 0x3b
 1076 0104 05       		.uleb128 0x5
 1077 0105 27       		.uleb128 0x27
 1078 0106 0C       		.uleb128 0xc
 1079 0107 11       		.uleb128 0x11
 1080 0108 01       		.uleb128 0x1
 1081 0109 12       		.uleb128 0x12
 1082 010a 01       		.uleb128 0x1
 1083 010b 40       		.uleb128 0x40
 1084 010c 06       		.uleb128 0x6
 1085 010d 9742     		.uleb128 0x2117
 1086 010f 0C       		.uleb128 0xc
 1087 0110 00       		.byte	0
 1088 0111 00       		.byte	0
 1089 0112 11       		.uleb128 0x11
 1090 0113 2E       		.uleb128 0x2e
 1091 0114 00       		.byte	0
 1092 0115 3F       		.uleb128 0x3f
 1093 0116 0C       		.uleb128 0xc
 1094 0117 03       		.uleb128 0x3
 1095 0118 0E       		.uleb128 0xe
 1096 0119 3A       		.uleb128 0x3a
 1097 011a 0B       		.uleb128 0xb
 1098 011b 3B       		.uleb128 0x3b
 1099 011c 05       		.uleb128 0x5
 1100 011d 27       		.uleb128 0x27
 1101 011e 0C       		.uleb128 0xc
 1102 011f 49       		.uleb128 0x49
 1103 0120 13       		.uleb128 0x13
 1104 0121 11       		.uleb128 0x11
 1105 0122 01       		.uleb128 0x1
 1106 0123 12       		.uleb128 0x12
 1107 0124 01       		.uleb128 0x1
 1108 0125 40       		.uleb128 0x40
 1109 0126 06       		.uleb128 0x6
 1110 0127 9742     		.uleb128 0x2117
 1111 0129 0C       		.uleb128 0xc
 1112 012a 00       		.byte	0
 1113 012b 00       		.byte	0
 1114 012c 12       		.uleb128 0x12
 1115 012d 34       		.uleb128 0x34
 1116 012e 00       		.byte	0
 1117 012f 03       		.uleb128 0x3
 1118 0130 0E       		.uleb128 0xe
 1119 0131 3A       		.uleb128 0x3a
 1120 0132 0B       		.uleb128 0xb
 1121 0133 3B       		.uleb128 0x3b
 1122 0134 0B       		.uleb128 0xb
 1123 0135 49       		.uleb128 0x49
 1124 0136 13       		.uleb128 0x13
ARM GAS  C:\Users\CHAIYA~1\AppData\Local\Temp\ccqfhVqa.s 			page 27


 1125 0137 3F       		.uleb128 0x3f
 1126 0138 0C       		.uleb128 0xc
 1127 0139 02       		.uleb128 0x2
 1128 013a 0A       		.uleb128 0xa
 1129 013b 00       		.byte	0
 1130 013c 00       		.byte	0
 1131 013d 00       		.byte	0
 1132              		.section	.debug_loc,"",%progbits
 1133              	.Ldebug_loc0:
 1134              	.LLST0:
 1135 0000 00000000 		.4byte	.LFB0
 1136 0004 02000000 		.4byte	.LCFI0
 1137 0008 0200     		.2byte	0x2
 1138 000a 7D       		.byte	0x7d
 1139 000b 00       		.sleb128 0
 1140 000c 02000000 		.4byte	.LCFI0
 1141 0010 04000000 		.4byte	.LCFI1
 1142 0014 0200     		.2byte	0x2
 1143 0016 7D       		.byte	0x7d
 1144 0017 08       		.sleb128 8
 1145 0018 04000000 		.4byte	.LCFI1
 1146 001c 22000000 		.4byte	.LFE0
 1147 0020 0200     		.2byte	0x2
 1148 0022 77       		.byte	0x77
 1149 0023 08       		.sleb128 8
 1150 0024 00000000 		.4byte	0
 1151 0028 00000000 		.4byte	0
 1152              	.LLST1:
 1153 002c 00000000 		.4byte	.LFB1
 1154 0030 02000000 		.4byte	.LCFI2
 1155 0034 0200     		.2byte	0x2
 1156 0036 7D       		.byte	0x7d
 1157 0037 00       		.sleb128 0
 1158 0038 02000000 		.4byte	.LCFI2
 1159 003c 04000000 		.4byte	.LCFI3
 1160 0040 0200     		.2byte	0x2
 1161 0042 7D       		.byte	0x7d
 1162 0043 08       		.sleb128 8
 1163 0044 04000000 		.4byte	.LCFI3
 1164 0048 06000000 		.4byte	.LCFI4
 1165 004c 0200     		.2byte	0x2
 1166 004e 7D       		.byte	0x7d
 1167 004f 10       		.sleb128 16
 1168 0050 06000000 		.4byte	.LCFI4
 1169 0054 26000000 		.4byte	.LFE1
 1170 0058 0200     		.2byte	0x2
 1171 005a 77       		.byte	0x77
 1172 005b 10       		.sleb128 16
 1173 005c 00000000 		.4byte	0
 1174 0060 00000000 		.4byte	0
 1175              	.LLST2:
 1176 0064 00000000 		.4byte	.LFB2
 1177 0068 02000000 		.4byte	.LCFI5
 1178 006c 0200     		.2byte	0x2
 1179 006e 7D       		.byte	0x7d
 1180 006f 00       		.sleb128 0
 1181 0070 02000000 		.4byte	.LCFI5
ARM GAS  C:\Users\CHAIYA~1\AppData\Local\Temp\ccqfhVqa.s 			page 28


 1182 0074 04000000 		.4byte	.LCFI6
 1183 0078 0200     		.2byte	0x2
 1184 007a 7D       		.byte	0x7d
 1185 007b 08       		.sleb128 8
 1186 007c 04000000 		.4byte	.LCFI6
 1187 0080 16000000 		.4byte	.LFE2
 1188 0084 0200     		.2byte	0x2
 1189 0086 77       		.byte	0x77
 1190 0087 08       		.sleb128 8
 1191 0088 00000000 		.4byte	0
 1192 008c 00000000 		.4byte	0
 1193              	.LLST3:
 1194 0090 00000000 		.4byte	.LFB3
 1195 0094 02000000 		.4byte	.LCFI7
 1196 0098 0200     		.2byte	0x2
 1197 009a 7D       		.byte	0x7d
 1198 009b 00       		.sleb128 0
 1199 009c 02000000 		.4byte	.LCFI7
 1200 00a0 04000000 		.4byte	.LCFI8
 1201 00a4 0200     		.2byte	0x2
 1202 00a6 7D       		.byte	0x7d
 1203 00a7 04       		.sleb128 4
 1204 00a8 04000000 		.4byte	.LCFI8
 1205 00ac 30000000 		.4byte	.LFE3
 1206 00b0 0200     		.2byte	0x2
 1207 00b2 77       		.byte	0x77
 1208 00b3 04       		.sleb128 4
 1209 00b4 00000000 		.4byte	0
 1210 00b8 00000000 		.4byte	0
 1211              	.LLST4:
 1212 00bc 00000000 		.4byte	.LFB4
 1213 00c0 02000000 		.4byte	.LCFI9
 1214 00c4 0200     		.2byte	0x2
 1215 00c6 7D       		.byte	0x7d
 1216 00c7 00       		.sleb128 0
 1217 00c8 02000000 		.4byte	.LCFI9
 1218 00cc 04000000 		.4byte	.LCFI10
 1219 00d0 0200     		.2byte	0x2
 1220 00d2 7D       		.byte	0x7d
 1221 00d3 04       		.sleb128 4
 1222 00d4 04000000 		.4byte	.LCFI10
 1223 00d8 06000000 		.4byte	.LCFI11
 1224 00dc 0200     		.2byte	0x2
 1225 00de 7D       		.byte	0x7d
 1226 00df 18       		.sleb128 24
 1227 00e0 06000000 		.4byte	.LCFI11
 1228 00e4 28000000 		.4byte	.LFE4
 1229 00e8 0200     		.2byte	0x2
 1230 00ea 77       		.byte	0x77
 1231 00eb 18       		.sleb128 24
 1232 00ec 00000000 		.4byte	0
 1233 00f0 00000000 		.4byte	0
 1234              	.LLST5:
 1235 00f4 00000000 		.4byte	.LFB5
 1236 00f8 02000000 		.4byte	.LCFI12
 1237 00fc 0200     		.2byte	0x2
 1238 00fe 7D       		.byte	0x7d
ARM GAS  C:\Users\CHAIYA~1\AppData\Local\Temp\ccqfhVqa.s 			page 29


 1239 00ff 00       		.sleb128 0
 1240 0100 02000000 		.4byte	.LCFI12
 1241 0104 04000000 		.4byte	.LCFI13
 1242 0108 0200     		.2byte	0x2
 1243 010a 7D       		.byte	0x7d
 1244 010b 04       		.sleb128 4
 1245 010c 04000000 		.4byte	.LCFI13
 1246 0110 06000000 		.4byte	.LCFI14
 1247 0114 0200     		.2byte	0x2
 1248 0116 7D       		.byte	0x7d
 1249 0117 10       		.sleb128 16
 1250 0118 06000000 		.4byte	.LCFI14
 1251 011c 22000000 		.4byte	.LFE5
 1252 0120 0200     		.2byte	0x2
 1253 0122 77       		.byte	0x77
 1254 0123 10       		.sleb128 16
 1255 0124 00000000 		.4byte	0
 1256 0128 00000000 		.4byte	0
 1257              	.LLST6:
 1258 012c 00000000 		.4byte	.LFB6
 1259 0130 02000000 		.4byte	.LCFI15
 1260 0134 0200     		.2byte	0x2
 1261 0136 7D       		.byte	0x7d
 1262 0137 00       		.sleb128 0
 1263 0138 02000000 		.4byte	.LCFI15
 1264 013c 04000000 		.4byte	.LCFI16
 1265 0140 0200     		.2byte	0x2
 1266 0142 7D       		.byte	0x7d
 1267 0143 04       		.sleb128 4
 1268 0144 04000000 		.4byte	.LCFI16
 1269 0148 06000000 		.4byte	.LCFI17
 1270 014c 0200     		.2byte	0x2
 1271 014e 7D       		.byte	0x7d
 1272 014f 10       		.sleb128 16
 1273 0150 06000000 		.4byte	.LCFI17
 1274 0154 26000000 		.4byte	.LFE6
 1275 0158 0200     		.2byte	0x2
 1276 015a 77       		.byte	0x77
 1277 015b 10       		.sleb128 16
 1278 015c 00000000 		.4byte	0
 1279 0160 00000000 		.4byte	0
 1280              	.LLST7:
 1281 0164 00000000 		.4byte	.LFB7
 1282 0168 02000000 		.4byte	.LCFI18
 1283 016c 0200     		.2byte	0x2
 1284 016e 7D       		.byte	0x7d
 1285 016f 00       		.sleb128 0
 1286 0170 02000000 		.4byte	.LCFI18
 1287 0174 04000000 		.4byte	.LCFI19
 1288 0178 0200     		.2byte	0x2
 1289 017a 7D       		.byte	0x7d
 1290 017b 04       		.sleb128 4
 1291 017c 04000000 		.4byte	.LCFI19
 1292 0180 06000000 		.4byte	.LCFI20
 1293 0184 0200     		.2byte	0x2
 1294 0186 7D       		.byte	0x7d
 1295 0187 10       		.sleb128 16
ARM GAS  C:\Users\CHAIYA~1\AppData\Local\Temp\ccqfhVqa.s 			page 30


 1296 0188 06000000 		.4byte	.LCFI20
 1297 018c 26000000 		.4byte	.LFE7
 1298 0190 0200     		.2byte	0x2
 1299 0192 77       		.byte	0x77
 1300 0193 10       		.sleb128 16
 1301 0194 00000000 		.4byte	0
 1302 0198 00000000 		.4byte	0
 1303              	.LLST8:
 1304 019c 00000000 		.4byte	.LFB8
 1305 01a0 02000000 		.4byte	.LCFI21
 1306 01a4 0200     		.2byte	0x2
 1307 01a6 7D       		.byte	0x7d
 1308 01a7 00       		.sleb128 0
 1309 01a8 02000000 		.4byte	.LCFI21
 1310 01ac 04000000 		.4byte	.LCFI22
 1311 01b0 0200     		.2byte	0x2
 1312 01b2 7D       		.byte	0x7d
 1313 01b3 04       		.sleb128 4
 1314 01b4 04000000 		.4byte	.LCFI22
 1315 01b8 18000000 		.4byte	.LFE8
 1316 01bc 0200     		.2byte	0x2
 1317 01be 77       		.byte	0x77
 1318 01bf 04       		.sleb128 4
 1319 01c0 00000000 		.4byte	0
 1320 01c4 00000000 		.4byte	0
 1321              	.LLST9:
 1322 01c8 00000000 		.4byte	.LFB9
 1323 01cc 02000000 		.4byte	.LCFI23
 1324 01d0 0200     		.2byte	0x2
 1325 01d2 7D       		.byte	0x7d
 1326 01d3 00       		.sleb128 0
 1327 01d4 02000000 		.4byte	.LCFI23
 1328 01d8 04000000 		.4byte	.LCFI24
 1329 01dc 0200     		.2byte	0x2
 1330 01de 7D       		.byte	0x7d
 1331 01df 04       		.sleb128 4
 1332 01e0 04000000 		.4byte	.LCFI24
 1333 01e4 28000000 		.4byte	.LFE9
 1334 01e8 0200     		.2byte	0x2
 1335 01ea 77       		.byte	0x77
 1336 01eb 04       		.sleb128 4
 1337 01ec 00000000 		.4byte	0
 1338 01f0 00000000 		.4byte	0
 1339              	.LLST10:
 1340 01f4 00000000 		.4byte	.LFB10
 1341 01f8 02000000 		.4byte	.LCFI25
 1342 01fc 0200     		.2byte	0x2
 1343 01fe 7D       		.byte	0x7d
 1344 01ff 00       		.sleb128 0
 1345 0200 02000000 		.4byte	.LCFI25
 1346 0204 04000000 		.4byte	.LCFI26
 1347 0208 0200     		.2byte	0x2
 1348 020a 7D       		.byte	0x7d
 1349 020b 04       		.sleb128 4
 1350 020c 04000000 		.4byte	.LCFI26
 1351 0210 18000000 		.4byte	.LFE10
 1352 0214 0200     		.2byte	0x2
ARM GAS  C:\Users\CHAIYA~1\AppData\Local\Temp\ccqfhVqa.s 			page 31


 1353 0216 77       		.byte	0x77
 1354 0217 04       		.sleb128 4
 1355 0218 00000000 		.4byte	0
 1356 021c 00000000 		.4byte	0
 1357              	.LLST11:
 1358 0220 00000000 		.4byte	.LFB11
 1359 0224 02000000 		.4byte	.LCFI27
 1360 0228 0200     		.2byte	0x2
 1361 022a 7D       		.byte	0x7d
 1362 022b 00       		.sleb128 0
 1363 022c 02000000 		.4byte	.LCFI27
 1364 0230 04000000 		.4byte	.LCFI28
 1365 0234 0200     		.2byte	0x2
 1366 0236 7D       		.byte	0x7d
 1367 0237 04       		.sleb128 4
 1368 0238 04000000 		.4byte	.LCFI28
 1369 023c 18000000 		.4byte	.LFE11
 1370 0240 0200     		.2byte	0x2
 1371 0242 77       		.byte	0x77
 1372 0243 04       		.sleb128 4
 1373 0244 00000000 		.4byte	0
 1374 0248 00000000 		.4byte	0
 1375              	.LLST12:
 1376 024c 00000000 		.4byte	.LFB12
 1377 0250 02000000 		.4byte	.LCFI29
 1378 0254 0200     		.2byte	0x2
 1379 0256 7D       		.byte	0x7d
 1380 0257 00       		.sleb128 0
 1381 0258 02000000 		.4byte	.LCFI29
 1382 025c 04000000 		.4byte	.LCFI30
 1383 0260 0200     		.2byte	0x2
 1384 0262 7D       		.byte	0x7d
 1385 0263 04       		.sleb128 4
 1386 0264 04000000 		.4byte	.LCFI30
 1387 0268 18000000 		.4byte	.LFE12
 1388 026c 0200     		.2byte	0x2
 1389 026e 77       		.byte	0x77
 1390 026f 04       		.sleb128 4
 1391 0270 00000000 		.4byte	0
 1392 0274 00000000 		.4byte	0
 1393              		.section	.debug_aranges,"",%progbits
 1394 0000 7C000000 		.4byte	0x7c
 1395 0004 0200     		.2byte	0x2
 1396 0006 00000000 		.4byte	.Ldebug_info0
 1397 000a 04       		.byte	0x4
 1398 000b 00       		.byte	0
 1399 000c 0000     		.2byte	0
 1400 000e 0000     		.2byte	0
 1401 0010 00000000 		.4byte	.LFB0
 1402 0014 22000000 		.4byte	.LFE0-.LFB0
 1403 0018 00000000 		.4byte	.LFB1
 1404 001c 26000000 		.4byte	.LFE1-.LFB1
 1405 0020 00000000 		.4byte	.LFB2
 1406 0024 16000000 		.4byte	.LFE2-.LFB2
 1407 0028 00000000 		.4byte	.LFB3
 1408 002c 30000000 		.4byte	.LFE3-.LFB3
 1409 0030 00000000 		.4byte	.LFB4
ARM GAS  C:\Users\CHAIYA~1\AppData\Local\Temp\ccqfhVqa.s 			page 32


 1410 0034 28000000 		.4byte	.LFE4-.LFB4
 1411 0038 00000000 		.4byte	.LFB5
 1412 003c 22000000 		.4byte	.LFE5-.LFB5
 1413 0040 00000000 		.4byte	.LFB6
 1414 0044 26000000 		.4byte	.LFE6-.LFB6
 1415 0048 00000000 		.4byte	.LFB7
 1416 004c 26000000 		.4byte	.LFE7-.LFB7
 1417 0050 00000000 		.4byte	.LFB8
 1418 0054 18000000 		.4byte	.LFE8-.LFB8
 1419 0058 00000000 		.4byte	.LFB9
 1420 005c 28000000 		.4byte	.LFE9-.LFB9
 1421 0060 00000000 		.4byte	.LFB10
 1422 0064 18000000 		.4byte	.LFE10-.LFB10
 1423 0068 00000000 		.4byte	.LFB11
 1424 006c 18000000 		.4byte	.LFE11-.LFB11
 1425 0070 00000000 		.4byte	.LFB12
 1426 0074 18000000 		.4byte	.LFE12-.LFB12
 1427 0078 00000000 		.4byte	0
 1428 007c 00000000 		.4byte	0
 1429              		.section	.debug_ranges,"",%progbits
 1430              	.Ldebug_ranges0:
 1431 0000 00000000 		.4byte	.LFB0
 1432 0004 22000000 		.4byte	.LFE0
 1433 0008 00000000 		.4byte	.LFB1
 1434 000c 26000000 		.4byte	.LFE1
 1435 0010 00000000 		.4byte	.LFB2
 1436 0014 16000000 		.4byte	.LFE2
 1437 0018 00000000 		.4byte	.LFB3
 1438 001c 30000000 		.4byte	.LFE3
 1439 0020 00000000 		.4byte	.LFB4
 1440 0024 28000000 		.4byte	.LFE4
 1441 0028 00000000 		.4byte	.LFB5
 1442 002c 22000000 		.4byte	.LFE5
 1443 0030 00000000 		.4byte	.LFB6
 1444 0034 26000000 		.4byte	.LFE6
 1445 0038 00000000 		.4byte	.LFB7
 1446 003c 26000000 		.4byte	.LFE7
 1447 0040 00000000 		.4byte	.LFB8
 1448 0044 18000000 		.4byte	.LFE8
 1449 0048 00000000 		.4byte	.LFB9
 1450 004c 28000000 		.4byte	.LFE9
 1451 0050 00000000 		.4byte	.LFB10
 1452 0054 18000000 		.4byte	.LFE10
 1453 0058 00000000 		.4byte	.LFB11
 1454 005c 18000000 		.4byte	.LFE11
 1455 0060 00000000 		.4byte	.LFB12
 1456 0064 18000000 		.4byte	.LFE12
 1457 0068 00000000 		.4byte	0
 1458 006c 00000000 		.4byte	0
 1459              		.section	.debug_line,"",%progbits
 1460              	.Ldebug_line0:
 1461 0000 54010000 		.section	.debug_str,"MS",%progbits,1
 1461      02004900 
 1461      00000201 
 1461      FB0E0D00 
 1461      01010101 
 1462              	.LASF20:
ARM GAS  C:\Users\CHAIYA~1\AppData\Local\Temp\ccqfhVqa.s 			page 33


 1463 0000 6973725F 		.ascii	"isr_filter_Interrupt\000"
 1463      66696C74 
 1463      65725F49 
 1463      6E746572 
 1463      72757074 
 1464              	.LASF16:
 1465 0015 72656733 		.ascii	"reg32\000"
 1465      3200
 1466              	.LASF34:
 1467 001b 2E5C4765 		.ascii	".\\Generated_Source\\PSoC5\\isr_filter.c\000"
 1467      6E657261 
 1467      7465645F 
 1467      536F7572 
 1467      63655C50 
 1468              	.LASF3:
 1469 0041 73686F72 		.ascii	"short unsigned int\000"
 1469      7420756E 
 1469      7369676E 
 1469      65642069 
 1469      6E7400
 1470              	.LASF21:
 1471 0054 6973725F 		.ascii	"isr_filter_StartEx\000"
 1471      66696C74 
 1471      65725F53 
 1471      74617274 
 1471      457800
 1472              	.LASF13:
 1473 0067 666C6F61 		.ascii	"float\000"
 1473      7400
 1474              	.LASF31:
 1475 006d 6973725F 		.ascii	"isr_filter_SetPending\000"
 1475      66696C74 
 1475      65725F53 
 1475      65745065 
 1475      6E64696E 
 1476              	.LASF30:
 1477 0083 6973725F 		.ascii	"isr_filter_Disable\000"
 1477      66696C74 
 1477      65725F44 
 1477      69736162 
 1477      6C6500
 1478              	.LASF19:
 1479 0096 6973725F 		.ascii	"isr_filter_Stop\000"
 1479      66696C74 
 1479      65725F53 
 1479      746F7000 
 1480              	.LASF36:
 1481 00a6 6973725F 		.ascii	"isr_filter_GetState\000"
 1481      66696C74 
 1481      65725F47 
 1481      65745374 
 1481      61746500 
 1482              	.LASF1:
 1483 00ba 756E7369 		.ascii	"unsigned char\000"
 1483      676E6564 
 1483      20636861 
 1483      7200
ARM GAS  C:\Users\CHAIYA~1\AppData\Local\Temp\ccqfhVqa.s 			page 34


 1484              	.LASF29:
 1485 00c8 6973725F 		.ascii	"isr_filter_Enable\000"
 1485      66696C74 
 1485      65725F45 
 1485      6E61626C 
 1485      6500
 1486              	.LASF15:
 1487 00da 72656738 		.ascii	"reg8\000"
 1487      00
 1488              	.LASF9:
 1489 00df 6C6F6E67 		.ascii	"long unsigned int\000"
 1489      20756E73 
 1489      69676E65 
 1489      6420696E 
 1489      7400
 1490              	.LASF11:
 1491 00f1 75696E74 		.ascii	"uint8\000"
 1491      3800
 1492              	.LASF26:
 1493 00f7 7072696F 		.ascii	"priority\000"
 1493      72697479 
 1493      00
 1494              	.LASF14:
 1495 0100 646F7562 		.ascii	"double\000"
 1495      6C6500
 1496              	.LASF12:
 1497 0107 75696E74 		.ascii	"uint32\000"
 1497      333200
 1498              	.LASF4:
 1499 010e 756E7369 		.ascii	"unsigned int\000"
 1499      676E6564 
 1499      20696E74 
 1499      00
 1500              	.LASF23:
 1501 011b 61646472 		.ascii	"address\000"
 1501      65737300 
 1502              	.LASF6:
 1503 0123 6C6F6E67 		.ascii	"long long unsigned int\000"
 1503      206C6F6E 
 1503      6720756E 
 1503      7369676E 
 1503      65642069 
 1504              	.LASF22:
 1505 013a 6973725F 		.ascii	"isr_filter_SetVector\000"
 1505      66696C74 
 1505      65725F53 
 1505      65745665 
 1505      63746F72 
 1506              	.LASF28:
 1507 014f 6973725F 		.ascii	"isr_filter_GetPriority\000"
 1507      66696C74 
 1507      65725F47 
 1507      65745072 
 1507      696F7269 
 1508              	.LASF17:
 1509 0166 63796973 		.ascii	"cyisraddress\000"
 1509      72616464 
ARM GAS  C:\Users\CHAIYA~1\AppData\Local\Temp\ccqfhVqa.s 			page 35


 1509      72657373 
 1509      00
 1510              	.LASF35:
 1511 0173 433A5C55 		.ascii	"C:\\Users\\Chai Yang\\Documents\\GitHub\\Node-Eleph"
 1511      73657273 
 1511      5C436861 
 1511      69205961 
 1511      6E675C44 
 1512 01a1 616E745C 		.ascii	"ant\\Node-Elephant\\Node-Elephant.cydsn\000"
 1512      4E6F6465 
 1512      2D456C65 
 1512      7068616E 
 1512      745C4E6F 
 1513              	.LASF8:
 1514 01c7 73697A65 		.ascii	"sizetype\000"
 1514      74797065 
 1514      00
 1515              	.LASF5:
 1516 01d0 6C6F6E67 		.ascii	"long long int\000"
 1516      206C6F6E 
 1516      6720696E 
 1516      7400
 1517              	.LASF37:
 1518 01de 746F6767 		.ascii	"toggle_flag2\000"
 1518      6C655F66 
 1518      6C616732 
 1518      00
 1519              	.LASF10:
 1520 01eb 63686172 		.ascii	"char\000"
 1520      00
 1521              	.LASF24:
 1522 01f0 72616D56 		.ascii	"ramVectorTable\000"
 1522      6563746F 
 1522      72546162 
 1522      6C6500
 1523              	.LASF2:
 1524 01ff 73686F72 		.ascii	"short int\000"
 1524      7420696E 
 1524      7400
 1525              	.LASF32:
 1526 0209 6973725F 		.ascii	"isr_filter_ClearPending\000"
 1526      66696C74 
 1526      65725F43 
 1526      6C656172 
 1526      50656E64 
 1527              	.LASF33:
 1528 0221 474E5520 		.ascii	"GNU C 4.7.3 20130312 (release) [ARM/embedded-4_7-br"
 1528      4320342E 
 1528      372E3320 
 1528      32303133 
 1528      30333132 
 1529 0254 616E6368 		.ascii	"anch revision 196615]\000"
 1529      20726576 
 1529      6973696F 
 1529      6E203139 
 1529      36363135 
 1530              	.LASF25:
ARM GAS  C:\Users\CHAIYA~1\AppData\Local\Temp\ccqfhVqa.s 			page 36


 1531 026a 6973725F 		.ascii	"isr_filter_SetPriority\000"
 1531      66696C74 
 1531      65725F53 
 1531      65745072 
 1531      696F7269 
 1532              	.LASF7:
 1533 0281 6C6F6E67 		.ascii	"long int\000"
 1533      20696E74 
 1533      00
 1534              	.LASF0:
 1535 028a 7369676E 		.ascii	"signed char\000"
 1535      65642063 
 1535      68617200 
 1536              	.LASF18:
 1537 0296 6973725F 		.ascii	"isr_filter_Start\000"
 1537      66696C74 
 1537      65725F53 
 1537      74617274 
 1537      00
 1538              	.LASF27:
 1539 02a7 6973725F 		.ascii	"isr_filter_GetVector\000"
 1539      66696C74 
 1539      65725F47 
 1539      65745665 
 1539      63746F72 
 1540              		.ident	"GCC: (GNU Tools for ARM Embedded Processors) 4.7.3 20130312 (release) [ARM/embedded-4_7-br
