ARM GAS  C:\Users\CHAIYA~1\AppData\Local\Temp\ccprHINw.s 			page 1


   1              		.syntax unified
   2              		.cpu cortex-m3
   3              		.fpu softvfp
   4              		.eabi_attribute 20, 1
   5              		.eabi_attribute 21, 1
   6              		.eabi_attribute 23, 3
   7              		.eabi_attribute 24, 1
   8              		.eabi_attribute 25, 1
   9              		.eabi_attribute 26, 1
  10              		.eabi_attribute 30, 6
  11              		.eabi_attribute 34, 1
  12              		.eabi_attribute 18, 4
  13              		.thumb
  14              		.file	"main.c"
  15              		.text
  16              	.Ltext0:
  17              		.cfi_sections	.debug_frame
  18              		.section	.text.main,"ax",%progbits
  19              		.align	2
  20              		.global	main
  21              		.thumb
  22              		.thumb_func
  23              		.type	main, %function
  24              	main:
  25              	.LFB56:
  26              		.file 1 ".\\main.c"
   1:.\main.c      **** /* ========================================
   2:.\main.c      ****  *
   3:.\main.c      ****  * Copyright YOUR COMPANY, THE YEAR
   4:.\main.c      ****  * All Rights Reserved
   5:.\main.c      ****  * UNPUBLISHED, LICENSED SOFTWARE.
   6:.\main.c      ****  *
   7:.\main.c      ****  * CONFIDENTIAL AND PROPRIETARY INFORMATION
   8:.\main.c      ****  * WHICH IS THE PROPERTY OF your company.
   9:.\main.c      ****  *
  10:.\main.c      ****  * 
  11:.\main.c      ****  * ========================================
  12:.\main.c      **** */
  13:.\main.c      **** 
  14:.\main.c      **** #include <project.h>
  15:.\main.c      **** #include <stdio.h>
  16:.\main.c      **** #include "calibrate.h"
  17:.\main.c      **** 
  18:.\main.c      **** #define DMA_BYTES_PER_BURST     12
  19:.\main.c      **** #define DMA_REQUEST_PER_BURST   1
  20:.\main.c      **** #define DMA_SRC_ADDRESS        CYDEV_PERIPH_BASE
  21:.\main.c      **** #define DMA_DEST_ADDRESS       CYDEV_PERIPH_BASE
  22:.\main.c      **** 
  23:.\main.c      **** void calAll(void);          //calibrate all sensors
  24:.\main.c      **** 
  25:.\main.c      **** extern volatile uint8 toggle_flag;      //external variable declared in isr.c for triggering interr
  26:.\main.c      **** extern volatile uint8 toggle_flag2;
  27:.\main.c      **** 
  28:.\main.c      **** int main()
  29:.\main.c      **** {
  27              		.loc 1 29 0
  28              		.cfi_startproc
ARM GAS  C:\Users\CHAIYA~1\AppData\Local\Temp\ccprHINw.s 			page 2


  29              		@ args = 0, pretend = 0, frame = 32
  30              		@ frame_needed = 1, uses_anonymous_args = 0
  31 0000 80B5     		push	{r7, lr}
  32              	.LCFI0:
  33              		.cfi_def_cfa_offset 8
  34              		.cfi_offset 7, -8
  35              		.cfi_offset 14, -4
  36 0002 88B0     		sub	sp, sp, #32
  37              	.LCFI1:
  38              		.cfi_def_cfa_offset 40
  39 0004 00AF     		add	r7, sp, #0
  40              	.LCFI2:
  41              		.cfi_def_cfa_register 7
  30:.\main.c      ****     LCD_Start();
  42              		.loc 1 30 0
  43 0006 FFF7FEFF 		bl	LCD_Start
  31:.\main.c      ****     ADC_SAR_Start();
  44              		.loc 1 31 0
  45 000a FFF7FEFF 		bl	ADC_SAR_Start
  32:.\main.c      ****     ADC_SAR_StartConvert();
  46              		.loc 1 32 0
  47 000e FFF7FEFF 		bl	ADC_SAR_StartConvert
  33:.\main.c      ****     EEPROM_Start();
  48              		.loc 1 33 0
  49 0012 FFF7FEFF 		bl	EEPROM_Start
  34:.\main.c      ****     isr_Start();
  50              		.loc 1 34 0
  51 0016 FFF7FEFF 		bl	isr_Start
  35:.\main.c      ****     isr_filter_Start();
  52              		.loc 1 35 0
  53 001a FFF7FEFF 		bl	isr_filter_Start
  36:.\main.c      ****     Timer_Start();
  54              		.loc 1 36 0
  55 001e FFF7FEFF 		bl	Timer_Start
  37:.\main.c      ****     Filter_Start();
  56              		.loc 1 37 0
  57 0022 FFF7FEFF 		bl	Filter_Start
  38:.\main.c      ****     CyGlobalIntEnable;          //enable global interrupts 
  58              		.loc 1 38 0
  59              	@ 38 ".\main.c" 1
  60 0026 62B6     		CPSIE   i
  61              	@ 0 "" 2
  39:.\main.c      ****     
  40:.\main.c      ****     uint32 throttle = 0;
  62              		.loc 1 40 0
  63              		.thumb
  64 0028 4FF00003 		mov	r3, #0
  65 002c FB61     		str	r3, [r7, #28]
  41:.\main.c      ****     uint32 throttle1 = 0;            //declared 32 bits for calculation, will cast to 16 bit when p
  66              		.loc 1 41 0
  67 002e 4FF00003 		mov	r3, #0
  68 0032 BB61     		str	r3, [r7, #24]
  42:.\main.c      ****     uint32 throttle2 = 0;
  69              		.loc 1 42 0
  70 0034 4FF00003 		mov	r3, #0
  71 0038 7B61     		str	r3, [r7, #20]
  43:.\main.c      ****     uint32 brake1 = 0;
ARM GAS  C:\Users\CHAIYA~1\AppData\Local\Temp\ccprHINw.s 			page 3


  72              		.loc 1 43 0
  73 003a 4FF00003 		mov	r3, #0
  74 003e 3B61     		str	r3, [r7, #16]
  44:.\main.c      ****     uint32 brake2 = 0;
  75              		.loc 1 44 0
  76 0040 4FF00003 		mov	r3, #0
  77 0044 FB60     		str	r3, [r7, #12]
  45:.\main.c      ****     uint32 steering = 0;
  78              		.loc 1 45 0
  79 0046 4FF00003 		mov	r3, #0
  80 004a BB60     		str	r3, [r7, #8]
  46:.\main.c      ****     uint32 averager = 0;         //counts number of times adc gets a result and used as divisor for
  81              		.loc 1 46 0
  82 004c 4FF00003 		mov	r3, #0
  83 0050 7B60     		str	r3, [r7, #4]
  47:.\main.c      ****     
  48:.\main.c      **** //    for(;;)
  49:.\main.c      **** //    {                  
  50:.\main.c      **** //        if(toggle_flag == 1)            //if interrupt fired
  51:.\main.c      **** //        {
  52:.\main.c      **** //            throttle = (float)(throttle1/averager) + 0.5;           //gets rounded average value 
  53:.\main.c      **** //            throttle2 =(float)(throttle2/averager) + 0.5;
  54:.\main.c      **** //            brake1 = (float)(brake1/averager) + 0.5;
  55:.\main.c      **** //            brake2 = (float)(brake2/averager) + 0.5;
  56:.\main.c      **** //            steering = (float)(steering/averager) + 0.5;
  57:.\main.c      **** //            
  58:.\main.c      **** //            LED_Write(~LED_Read());             //visual check is interrupt is running
  59:.\main.c      **** //            
  60:.\main.c      **** //            LCD_ClearDisplay();
  61:.\main.c      **** //            LCD_Position(0,0);              //displaying number of times values were retrieved 
  62:.\main.c      **** //            LCD_PrintNumber(averager);
  63:.\main.c      **** //            LCD_Position(1,0);              //displaying number of times values were retrieved 
  64:.\main.c      **** //            LCD_PrintNumber(throttle1);
  65:.\main.c      **** //            //CyDelay(2000);
  66:.\main.c      **** //            LCD_Position(0,7);              //displaying number of times values were retrieved 
  67:.\main.c      **** //            LCD_PrintNumber(throttle);
  68:.\main.c      **** //            averager = 0;
  69:.\main.c      **** //            toggle_flag = 0;
  70:.\main.c      **** //            throttle = 0;
  71:.\main.c      **** //            throttle1 = 0;
  72:.\main.c      **** //            throttle2 = 0;
  73:.\main.c      **** //            brake1 = 0;
  74:.\main.c      **** //            brake2 = 0;
  75:.\main.c      **** //            steering = 0;
  76:.\main.c      **** //            averager = 0;
  77:.\main.c      **** //        }
  78:.\main.c      **** //        
  79:.\main.c      **** //        if(ADC_SAR_IsEndConversion(ADC_SAR_WAIT_FOR_RESULT))
  80:.\main.c      **** //        {
  81:.\main.c      **** //            throttle1 = throttle1 + ADC_SAR_GetResult16(0);         //summing values over the tim
  82:.\main.c      **** //            throttle2 = throttle2 + ADC_SAR_GetResult16(1);
  83:.\main.c      **** //            brake1 = brake1 + ADC_SAR_GetResult16(2);
  84:.\main.c      **** //            brake2 = brake2 + ADC_SAR_GetResult16(3);
  85:.\main.c      **** //            steering = steering + ADC_SAR_GetResult16(4);
  86:.\main.c      **** ////            LCD_Position(1,5);              //displaying number of times values were retrieved 
  87:.\main.c      **** ////            LCD_PrintNumber(averager);
  88:.\main.c      **** //            averager++;
ARM GAS  C:\Users\CHAIYA~1\AppData\Local\Temp\ccprHINw.s 			page 4


  89:.\main.c      **** //            //CyDelay(2000);
  90:.\main.c      **** //        }
  91:.\main.c      **** //    }
  92:.\main.c      ****     
  93:.\main.c      ****     uint8 tdChanA;
  94:.\main.c      ****     uint8 myChannel;
  95:.\main.c      ****     
  96:.\main.c      ****     LCD_ClearDisplay();
  84              		.loc 1 96 0
  85 0052 4FF00100 		mov	r0, #1
  86 0056 FFF7FEFF 		bl	LCD_WriteControl
  97:.\main.c      ****     
  98:.\main.c      ****     myChannel = DMA_DmaInitialize(DMA_BYTES_PER_BURST, DMA_REQUEST_PER_BURST, HI16(ADC_SAR_COUNT_PT
  87              		.loc 1 98 0
  88 005a 4FF00C00 		mov	r0, #12
  89 005e 4FF00101 		mov	r1, #1
  90 0062 4FF48042 		mov	r2, #16384
  91 0066 4FF48043 		mov	r3, #16384
  92 006a FFF7FEFF 		bl	DMA_DmaInitialize
  93 006e 0346     		mov	r3, r0
  94 0070 FB70     		strb	r3, [r7, #3]
  99:.\main.c      ****     tdChanA = CyDmaTdAllocate();
  95              		.loc 1 99 0
  96 0072 FFF7FEFF 		bl	CyDmaTdAllocate
  97 0076 0346     		mov	r3, r0
  98 0078 BB70     		strb	r3, [r7, #2]
 100:.\main.c      ****     CyDmaTdSetConfiguration(tdChanA, DMA_BYTES_PER_BURST, tdChanA, 0);
  99              		.loc 1 100 0
 100 007a BA78     		ldrb	r2, [r7, #2]	@ zero_extendqisi2
 101 007c BB78     		ldrb	r3, [r7, #2]	@ zero_extendqisi2
 102 007e 1046     		mov	r0, r2
 103 0080 4FF00C01 		mov	r1, #12
 104 0084 1A46     		mov	r2, r3
 105 0086 4FF00003 		mov	r3, #0
 106 008a FFF7FEFF 		bl	CyDmaTdSetConfiguration
 101:.\main.c      ****     CyDmaTdSetAddress(tdChanA, LO16((uint32)ADC_SAR_COUNT_PTR), LO16((uint32)Filter_STAGEAH_PTR));
 107              		.loc 1 101 0
 108 008e BB78     		ldrb	r3, [r7, #2]	@ zero_extendqisi2
 109 0090 1846     		mov	r0, r3
 110 0092 46F27641 		movw	r1, #25718
 111 0096 4CF2A272 		movw	r2, #51106
 112 009a FFF7FEFF 		bl	CyDmaTdSetAddress
 102:.\main.c      **** //    CyDmaTdSetAddress(tdChanA, LO16(DMA_SRC_ADDRESS), LO16(DMA_DEST_ADDRESS));
 103:.\main.c      ****     CyDmaChSetInitialTd(myChannel, tdChanA);
 113              		.loc 1 103 0
 114 009e FA78     		ldrb	r2, [r7, #3]	@ zero_extendqisi2
 115 00a0 BB78     		ldrb	r3, [r7, #2]	@ zero_extendqisi2
 116 00a2 1046     		mov	r0, r2
 117 00a4 1946     		mov	r1, r3
 118 00a6 FFF7FEFF 		bl	CyDmaChSetInitialTd
 104:.\main.c      ****     CyDmaChEnable(myChannel, 1u);
 119              		.loc 1 104 0
 120 00aa FB78     		ldrb	r3, [r7, #3]	@ zero_extendqisi2
 121 00ac 1846     		mov	r0, r3
 122 00ae 4FF00101 		mov	r1, #1
 123 00b2 FFF7FEFF 		bl	CyDmaChEnable
 124 00b6 00E0     		b	.L3
ARM GAS  C:\Users\CHAIYA~1\AppData\Local\Temp\ccprHINw.s 			page 5


 125              	.L4:
 105:.\main.c      ****     
 106:.\main.c      ****     for(;;)
 107:.\main.c      ****     {
 108:.\main.c      ****         if(toggle_flag == 1)
 109:.\main.c      ****         {
 110:.\main.c      ****             throttle = Filter_Read16(Filter_CHANNEL_A );
 111:.\main.c      ****             
 112:.\main.c      ****             LCD_Position(0,0);
 113:.\main.c      ****             LCD_PrintNumber(throttle);
 114:.\main.c      ****         }
 115:.\main.c      ****     }
 126              		.loc 1 115 0
 127 00b8 00BF     		nop
 128              	.L3:
 108:.\main.c      ****         if(toggle_flag == 1)
 129              		.loc 1 108 0
 130 00ba 40F20003 		movw	r3, #:lower16:toggle_flag
 131 00be C0F20003 		movt	r3, #:upper16:toggle_flag
 132 00c2 1B78     		ldrb	r3, [r3, #0]
 133 00c4 DBB2     		uxtb	r3, r3
 134 00c6 012B     		cmp	r3, #1
 135 00c8 F6D1     		bne	.L4
 110:.\main.c      ****             throttle = Filter_Read16(Filter_CHANNEL_A );
 136              		.loc 1 110 0
 137 00ca 4FF00000 		mov	r0, #0
 138 00ce FFF7FEFF 		bl	Filter_Read16
 139 00d2 0346     		mov	r3, r0
 140 00d4 FB61     		str	r3, [r7, #28]
 112:.\main.c      ****             LCD_Position(0,0);
 141              		.loc 1 112 0
 142 00d6 4FF00000 		mov	r0, #0
 143 00da 4FF00001 		mov	r1, #0
 144 00de FFF7FEFF 		bl	LCD_Position
 113:.\main.c      ****             LCD_PrintNumber(throttle);
 145              		.loc 1 113 0
 146 00e2 FB69     		ldr	r3, [r7, #28]
 147 00e4 9BB2     		uxth	r3, r3
 148 00e6 1846     		mov	r0, r3
 149 00e8 FFF7FEFF 		bl	LCD_PrintU32Number
 150              		.loc 1 115 0
 151 00ec E4E7     		b	.L4
 152              		.cfi_endproc
 153              	.LFE56:
 154              		.size	main, .-main
 155 00ee 00BF     		.text
 156              	.Letext0:
 157              		.file 2 "c:\\program files (x86)\\cypress\\psoc creator\\3.0\\psoc creator\\import\\gnu_cs\\arm\\4
 158              		.file 3 "./Generated_Source/PSoC5/cytypes.h"
 159              		.file 4 "./Generated_Source/PSoC5/core_cm3.h"
 160              		.section	.debug_info,"",%progbits
 161              	.Ldebug_info0:
 162 0000 80010000 		.4byte	0x180
 163 0004 0200     		.2byte	0x2
 164 0006 00000000 		.4byte	.Ldebug_abbrev0
 165 000a 04       		.byte	0x4
 166 000b 01       		.uleb128 0x1
ARM GAS  C:\Users\CHAIYA~1\AppData\Local\Temp\ccprHINw.s 			page 6


 167 000c 75010000 		.4byte	.LASF29
 168 0010 01       		.byte	0x1
 169 0011 1D000000 		.4byte	.LASF30
 170 0015 F6000000 		.4byte	.LASF31
 171 0019 00000000 		.4byte	.Ldebug_ranges0+0
 172 001d 00000000 		.4byte	0
 173 0021 00000000 		.4byte	0
 174 0025 00000000 		.4byte	.Ldebug_line0
 175 0029 02       		.uleb128 0x2
 176 002a 01       		.byte	0x1
 177 002b 06       		.byte	0x6
 178 002c C7010000 		.4byte	.LASF0
 179 0030 02       		.uleb128 0x2
 180 0031 01       		.byte	0x1
 181 0032 08       		.byte	0x8
 182 0033 58000000 		.4byte	.LASF1
 183 0037 02       		.uleb128 0x2
 184 0038 02       		.byte	0x2
 185 0039 05       		.byte	0x5
 186 003a AD000000 		.4byte	.LASF2
 187 003e 02       		.uleb128 0x2
 188 003f 02       		.byte	0x2
 189 0040 07       		.byte	0x7
 190 0041 7D000000 		.4byte	.LASF3
 191 0045 03       		.uleb128 0x3
 192 0046 30000000 		.4byte	.LASF9
 193 004a 02       		.byte	0x2
 194 004b 4F       		.byte	0x4f
 195 004c 50000000 		.4byte	0x50
 196 0050 02       		.uleb128 0x2
 197 0051 04       		.byte	0x4
 198 0052 05       		.byte	0x5
 199 0053 BE010000 		.4byte	.LASF4
 200 0057 02       		.uleb128 0x2
 201 0058 04       		.byte	0x4
 202 0059 07       		.byte	0x7
 203 005a 6B000000 		.4byte	.LASF5
 204 005e 02       		.uleb128 0x2
 205 005f 08       		.byte	0x8
 206 0060 05       		.byte	0x5
 207 0061 53010000 		.4byte	.LASF6
 208 0065 02       		.uleb128 0x2
 209 0066 08       		.byte	0x8
 210 0067 07       		.byte	0x7
 211 0068 D7000000 		.4byte	.LASF7
 212 006c 04       		.uleb128 0x4
 213 006d 04       		.byte	0x4
 214 006e 05       		.byte	0x5
 215 006f 696E7400 		.ascii	"int\000"
 216 0073 02       		.uleb128 0x2
 217 0074 04       		.byte	0x4
 218 0075 07       		.byte	0x7
 219 0076 CA000000 		.4byte	.LASF8
 220 007a 03       		.uleb128 0x3
 221 007b 6F010000 		.4byte	.LASF10
 222 007f 03       		.byte	0x3
 223 0080 5B       		.byte	0x5b
ARM GAS  C:\Users\CHAIYA~1\AppData\Local\Temp\ccprHINw.s 			page 7


 224 0081 30000000 		.4byte	0x30
 225 0085 03       		.uleb128 0x3
 226 0086 B7000000 		.4byte	.LASF11
 227 008a 03       		.byte	0x3
 228 008b 5C       		.byte	0x5c
 229 008c 3E000000 		.4byte	0x3e
 230 0090 03       		.uleb128 0x3
 231 0091 BE000000 		.4byte	.LASF12
 232 0095 03       		.byte	0x3
 233 0096 5D       		.byte	0x5d
 234 0097 57000000 		.4byte	0x57
 235 009b 02       		.uleb128 0x2
 236 009c 04       		.byte	0x4
 237 009d 04       		.byte	0x4
 238 009e 46000000 		.4byte	.LASF13
 239 00a2 02       		.uleb128 0x2
 240 00a3 08       		.byte	0x8
 241 00a4 04       		.byte	0x4
 242 00a5 A6000000 		.4byte	.LASF14
 243 00a9 02       		.uleb128 0x2
 244 00aa 01       		.byte	0x1
 245 00ab 08       		.byte	0x8
 246 00ac 61010000 		.4byte	.LASF15
 247 00b0 03       		.uleb128 0x3
 248 00b1 66000000 		.4byte	.LASF16
 249 00b5 03       		.byte	0x3
 250 00b6 F0       		.byte	0xf0
 251 00b7 BB000000 		.4byte	0xbb
 252 00bb 05       		.uleb128 0x5
 253 00bc 7A000000 		.4byte	0x7a
 254 00c0 02       		.uleb128 0x2
 255 00c1 04       		.byte	0x4
 256 00c2 07       		.byte	0x7
 257 00c3 4A010000 		.4byte	.LASF17
 258 00c7 06       		.uleb128 0x6
 259 00c8 01       		.byte	0x1
 260 00c9 C5000000 		.4byte	.LASF32
 261 00cd 01       		.byte	0x1
 262 00ce 1C       		.byte	0x1c
 263 00cf 6C000000 		.4byte	0x6c
 264 00d3 00000000 		.4byte	.LFB56
 265 00d7 EE000000 		.4byte	.LFE56
 266 00db 00000000 		.4byte	.LLST0
 267 00df 01       		.byte	0x1
 268 00e0 63010000 		.4byte	0x163
 269 00e4 07       		.uleb128 0x7
 270 00e5 9D000000 		.4byte	.LASF18
 271 00e9 01       		.byte	0x1
 272 00ea 28       		.byte	0x28
 273 00eb 90000000 		.4byte	0x90
 274 00ef 02       		.byte	0x2
 275 00f0 91       		.byte	0x91
 276 00f1 74       		.sleb128 -12
 277 00f2 07       		.uleb128 0x7
 278 00f3 09000000 		.4byte	.LASF19
 279 00f7 01       		.byte	0x1
 280 00f8 29       		.byte	0x29
ARM GAS  C:\Users\CHAIYA~1\AppData\Local\Temp\ccprHINw.s 			page 8


 281 00f9 90000000 		.4byte	0x90
 282 00fd 02       		.byte	0x2
 283 00fe 91       		.byte	0x91
 284 00ff 70       		.sleb128 -16
 285 0100 07       		.uleb128 0x7
 286 0101 13000000 		.4byte	.LASF20
 287 0105 01       		.byte	0x1
 288 0106 2A       		.byte	0x2a
 289 0107 90000000 		.4byte	0x90
 290 010b 02       		.byte	0x2
 291 010c 91       		.byte	0x91
 292 010d 6C       		.sleb128 -20
 293 010e 07       		.uleb128 0x7
 294 010f 38000000 		.4byte	.LASF21
 295 0113 01       		.byte	0x1
 296 0114 2B       		.byte	0x2b
 297 0115 90000000 		.4byte	0x90
 298 0119 02       		.byte	0x2
 299 011a 91       		.byte	0x91
 300 011b 68       		.sleb128 -24
 301 011c 07       		.uleb128 0x7
 302 011d 3F000000 		.4byte	.LASF22
 303 0121 01       		.byte	0x1
 304 0122 2C       		.byte	0x2c
 305 0123 90000000 		.4byte	0x90
 306 0127 02       		.byte	0x2
 307 0128 91       		.byte	0x91
 308 0129 64       		.sleb128 -28
 309 012a 07       		.uleb128 0x7
 310 012b 00000000 		.4byte	.LASF23
 311 012f 01       		.byte	0x1
 312 0130 2D       		.byte	0x2d
 313 0131 90000000 		.4byte	0x90
 314 0135 02       		.byte	0x2
 315 0136 91       		.byte	0x91
 316 0137 60       		.sleb128 -32
 317 0138 07       		.uleb128 0x7
 318 0139 66010000 		.4byte	.LASF24
 319 013d 01       		.byte	0x1
 320 013e 2E       		.byte	0x2e
 321 013f 90000000 		.4byte	0x90
 322 0143 02       		.byte	0x2
 323 0144 91       		.byte	0x91
 324 0145 5C       		.sleb128 -36
 325 0146 07       		.uleb128 0x7
 326 0147 EE000000 		.4byte	.LASF25
 327 014b 01       		.byte	0x1
 328 014c 5D       		.byte	0x5d
 329 014d 7A000000 		.4byte	0x7a
 330 0151 02       		.byte	0x2
 331 0152 91       		.byte	0x91
 332 0153 5A       		.sleb128 -38
 333 0154 07       		.uleb128 0x7
 334 0155 26000000 		.4byte	.LASF26
 335 0159 01       		.byte	0x1
 336 015a 5E       		.byte	0x5e
 337 015b 7A000000 		.4byte	0x7a
ARM GAS  C:\Users\CHAIYA~1\AppData\Local\Temp\ccprHINw.s 			page 9


 338 015f 02       		.byte	0x2
 339 0160 91       		.byte	0x91
 340 0161 5B       		.sleb128 -37
 341 0162 00       		.byte	0
 342 0163 08       		.uleb128 0x8
 343 0164 90000000 		.4byte	.LASF27
 344 0168 04       		.byte	0x4
 345 0169 1606     		.2byte	0x616
 346 016b 71010000 		.4byte	0x171
 347 016f 01       		.byte	0x1
 348 0170 01       		.byte	0x1
 349 0171 05       		.uleb128 0x5
 350 0172 45000000 		.4byte	0x45
 351 0176 09       		.uleb128 0x9
 352 0177 4C000000 		.4byte	.LASF28
 353 017b 01       		.byte	0x1
 354 017c 19       		.byte	0x19
 355 017d BB000000 		.4byte	0xbb
 356 0181 01       		.byte	0x1
 357 0182 01       		.byte	0x1
 358 0183 00       		.byte	0
 359              		.section	.debug_abbrev,"",%progbits
 360              	.Ldebug_abbrev0:
 361 0000 01       		.uleb128 0x1
 362 0001 11       		.uleb128 0x11
 363 0002 01       		.byte	0x1
 364 0003 25       		.uleb128 0x25
 365 0004 0E       		.uleb128 0xe
 366 0005 13       		.uleb128 0x13
 367 0006 0B       		.uleb128 0xb
 368 0007 03       		.uleb128 0x3
 369 0008 0E       		.uleb128 0xe
 370 0009 1B       		.uleb128 0x1b
 371 000a 0E       		.uleb128 0xe
 372 000b 55       		.uleb128 0x55
 373 000c 06       		.uleb128 0x6
 374 000d 11       		.uleb128 0x11
 375 000e 01       		.uleb128 0x1
 376 000f 52       		.uleb128 0x52
 377 0010 01       		.uleb128 0x1
 378 0011 10       		.uleb128 0x10
 379 0012 06       		.uleb128 0x6
 380 0013 00       		.byte	0
 381 0014 00       		.byte	0
 382 0015 02       		.uleb128 0x2
 383 0016 24       		.uleb128 0x24
 384 0017 00       		.byte	0
 385 0018 0B       		.uleb128 0xb
 386 0019 0B       		.uleb128 0xb
 387 001a 3E       		.uleb128 0x3e
 388 001b 0B       		.uleb128 0xb
 389 001c 03       		.uleb128 0x3
 390 001d 0E       		.uleb128 0xe
 391 001e 00       		.byte	0
 392 001f 00       		.byte	0
 393 0020 03       		.uleb128 0x3
 394 0021 16       		.uleb128 0x16
ARM GAS  C:\Users\CHAIYA~1\AppData\Local\Temp\ccprHINw.s 			page 10


 395 0022 00       		.byte	0
 396 0023 03       		.uleb128 0x3
 397 0024 0E       		.uleb128 0xe
 398 0025 3A       		.uleb128 0x3a
 399 0026 0B       		.uleb128 0xb
 400 0027 3B       		.uleb128 0x3b
 401 0028 0B       		.uleb128 0xb
 402 0029 49       		.uleb128 0x49
 403 002a 13       		.uleb128 0x13
 404 002b 00       		.byte	0
 405 002c 00       		.byte	0
 406 002d 04       		.uleb128 0x4
 407 002e 24       		.uleb128 0x24
 408 002f 00       		.byte	0
 409 0030 0B       		.uleb128 0xb
 410 0031 0B       		.uleb128 0xb
 411 0032 3E       		.uleb128 0x3e
 412 0033 0B       		.uleb128 0xb
 413 0034 03       		.uleb128 0x3
 414 0035 08       		.uleb128 0x8
 415 0036 00       		.byte	0
 416 0037 00       		.byte	0
 417 0038 05       		.uleb128 0x5
 418 0039 35       		.uleb128 0x35
 419 003a 00       		.byte	0
 420 003b 49       		.uleb128 0x49
 421 003c 13       		.uleb128 0x13
 422 003d 00       		.byte	0
 423 003e 00       		.byte	0
 424 003f 06       		.uleb128 0x6
 425 0040 2E       		.uleb128 0x2e
 426 0041 01       		.byte	0x1
 427 0042 3F       		.uleb128 0x3f
 428 0043 0C       		.uleb128 0xc
 429 0044 03       		.uleb128 0x3
 430 0045 0E       		.uleb128 0xe
 431 0046 3A       		.uleb128 0x3a
 432 0047 0B       		.uleb128 0xb
 433 0048 3B       		.uleb128 0x3b
 434 0049 0B       		.uleb128 0xb
 435 004a 49       		.uleb128 0x49
 436 004b 13       		.uleb128 0x13
 437 004c 11       		.uleb128 0x11
 438 004d 01       		.uleb128 0x1
 439 004e 12       		.uleb128 0x12
 440 004f 01       		.uleb128 0x1
 441 0050 40       		.uleb128 0x40
 442 0051 06       		.uleb128 0x6
 443 0052 9642     		.uleb128 0x2116
 444 0054 0C       		.uleb128 0xc
 445 0055 01       		.uleb128 0x1
 446 0056 13       		.uleb128 0x13
 447 0057 00       		.byte	0
 448 0058 00       		.byte	0
 449 0059 07       		.uleb128 0x7
 450 005a 34       		.uleb128 0x34
 451 005b 00       		.byte	0
ARM GAS  C:\Users\CHAIYA~1\AppData\Local\Temp\ccprHINw.s 			page 11


 452 005c 03       		.uleb128 0x3
 453 005d 0E       		.uleb128 0xe
 454 005e 3A       		.uleb128 0x3a
 455 005f 0B       		.uleb128 0xb
 456 0060 3B       		.uleb128 0x3b
 457 0061 0B       		.uleb128 0xb
 458 0062 49       		.uleb128 0x49
 459 0063 13       		.uleb128 0x13
 460 0064 02       		.uleb128 0x2
 461 0065 0A       		.uleb128 0xa
 462 0066 00       		.byte	0
 463 0067 00       		.byte	0
 464 0068 08       		.uleb128 0x8
 465 0069 34       		.uleb128 0x34
 466 006a 00       		.byte	0
 467 006b 03       		.uleb128 0x3
 468 006c 0E       		.uleb128 0xe
 469 006d 3A       		.uleb128 0x3a
 470 006e 0B       		.uleb128 0xb
 471 006f 3B       		.uleb128 0x3b
 472 0070 05       		.uleb128 0x5
 473 0071 49       		.uleb128 0x49
 474 0072 13       		.uleb128 0x13
 475 0073 3F       		.uleb128 0x3f
 476 0074 0C       		.uleb128 0xc
 477 0075 3C       		.uleb128 0x3c
 478 0076 0C       		.uleb128 0xc
 479 0077 00       		.byte	0
 480 0078 00       		.byte	0
 481 0079 09       		.uleb128 0x9
 482 007a 34       		.uleb128 0x34
 483 007b 00       		.byte	0
 484 007c 03       		.uleb128 0x3
 485 007d 0E       		.uleb128 0xe
 486 007e 3A       		.uleb128 0x3a
 487 007f 0B       		.uleb128 0xb
 488 0080 3B       		.uleb128 0x3b
 489 0081 0B       		.uleb128 0xb
 490 0082 49       		.uleb128 0x49
 491 0083 13       		.uleb128 0x13
 492 0084 3F       		.uleb128 0x3f
 493 0085 0C       		.uleb128 0xc
 494 0086 3C       		.uleb128 0x3c
 495 0087 0C       		.uleb128 0xc
 496 0088 00       		.byte	0
 497 0089 00       		.byte	0
 498 008a 00       		.byte	0
 499              		.section	.debug_loc,"",%progbits
 500              	.Ldebug_loc0:
 501              	.LLST0:
 502 0000 00000000 		.4byte	.LFB56
 503 0004 02000000 		.4byte	.LCFI0
 504 0008 0200     		.2byte	0x2
 505 000a 7D       		.byte	0x7d
 506 000b 00       		.sleb128 0
 507 000c 02000000 		.4byte	.LCFI0
 508 0010 04000000 		.4byte	.LCFI1
ARM GAS  C:\Users\CHAIYA~1\AppData\Local\Temp\ccprHINw.s 			page 12


 509 0014 0200     		.2byte	0x2
 510 0016 7D       		.byte	0x7d
 511 0017 08       		.sleb128 8
 512 0018 04000000 		.4byte	.LCFI1
 513 001c 06000000 		.4byte	.LCFI2
 514 0020 0200     		.2byte	0x2
 515 0022 7D       		.byte	0x7d
 516 0023 28       		.sleb128 40
 517 0024 06000000 		.4byte	.LCFI2
 518 0028 EE000000 		.4byte	.LFE56
 519 002c 0200     		.2byte	0x2
 520 002e 77       		.byte	0x77
 521 002f 28       		.sleb128 40
 522 0030 00000000 		.4byte	0
 523 0034 00000000 		.4byte	0
 524              		.section	.debug_aranges,"",%progbits
 525 0000 1C000000 		.4byte	0x1c
 526 0004 0200     		.2byte	0x2
 527 0006 00000000 		.4byte	.Ldebug_info0
 528 000a 04       		.byte	0x4
 529 000b 00       		.byte	0
 530 000c 0000     		.2byte	0
 531 000e 0000     		.2byte	0
 532 0010 00000000 		.4byte	.LFB56
 533 0014 EE000000 		.4byte	.LFE56-.LFB56
 534 0018 00000000 		.4byte	0
 535 001c 00000000 		.4byte	0
 536              		.section	.debug_ranges,"",%progbits
 537              	.Ldebug_ranges0:
 538 0000 00000000 		.4byte	.LFB56
 539 0004 EE000000 		.4byte	.LFE56
 540 0008 00000000 		.4byte	0
 541 000c 00000000 		.4byte	0
 542              		.section	.debug_line,"",%progbits
 543              	.Ldebug_line0:
 544 0000 31010000 		.section	.debug_str,"MS",%progbits,1
 544      0200F900 
 544      00000201 
 544      FB0E0D00 
 544      01010101 
 545              	.LASF23:
 546 0000 73746565 		.ascii	"steering\000"
 546      72696E67 
 546      00
 547              	.LASF19:
 548 0009 7468726F 		.ascii	"throttle1\000"
 548      74746C65 
 548      3100
 549              	.LASF20:
 550 0013 7468726F 		.ascii	"throttle2\000"
 550      74746C65 
 550      3200
 551              	.LASF30:
 552 001d 2E5C6D61 		.ascii	".\\main.c\000"
 552      696E2E63 
 552      00
 553              	.LASF26:
ARM GAS  C:\Users\CHAIYA~1\AppData\Local\Temp\ccprHINw.s 			page 13


 554 0026 6D794368 		.ascii	"myChannel\000"
 554      616E6E65 
 554      6C00
 555              	.LASF9:
 556 0030 696E7433 		.ascii	"int32_t\000"
 556      325F7400 
 557              	.LASF21:
 558 0038 6272616B 		.ascii	"brake1\000"
 558      653100
 559              	.LASF22:
 560 003f 6272616B 		.ascii	"brake2\000"
 560      653200
 561              	.LASF13:
 562 0046 666C6F61 		.ascii	"float\000"
 562      7400
 563              	.LASF28:
 564 004c 746F6767 		.ascii	"toggle_flag\000"
 564      6C655F66 
 564      6C616700 
 565              	.LASF1:
 566 0058 756E7369 		.ascii	"unsigned char\000"
 566      676E6564 
 566      20636861 
 566      7200
 567              	.LASF16:
 568 0066 72656738 		.ascii	"reg8\000"
 568      00
 569              	.LASF5:
 570 006b 6C6F6E67 		.ascii	"long unsigned int\000"
 570      20756E73 
 570      69676E65 
 570      6420696E 
 570      7400
 571              	.LASF3:
 572 007d 73686F72 		.ascii	"short unsigned int\000"
 572      7420756E 
 572      7369676E 
 572      65642069 
 572      6E7400
 573              	.LASF27:
 574 0090 49544D5F 		.ascii	"ITM_RxBuffer\000"
 574      52784275 
 574      66666572 
 574      00
 575              	.LASF18:
 576 009d 7468726F 		.ascii	"throttle\000"
 576      74746C65 
 576      00
 577              	.LASF14:
 578 00a6 646F7562 		.ascii	"double\000"
 578      6C6500
 579              	.LASF2:
 580 00ad 73686F72 		.ascii	"short int\000"
 580      7420696E 
 580      7400
 581              	.LASF11:
 582 00b7 75696E74 		.ascii	"uint16\000"
ARM GAS  C:\Users\CHAIYA~1\AppData\Local\Temp\ccprHINw.s 			page 14


 582      313600
 583              	.LASF12:
 584 00be 75696E74 		.ascii	"uint32\000"
 584      333200
 585              	.LASF32:
 586 00c5 6D61696E 		.ascii	"main\000"
 586      00
 587              	.LASF8:
 588 00ca 756E7369 		.ascii	"unsigned int\000"
 588      676E6564 
 588      20696E74 
 588      00
 589              	.LASF7:
 590 00d7 6C6F6E67 		.ascii	"long long unsigned int\000"
 590      206C6F6E 
 590      6720756E 
 590      7369676E 
 590      65642069 
 591              	.LASF25:
 592 00ee 74644368 		.ascii	"tdChanA\000"
 592      616E4100 
 593              	.LASF31:
 594 00f6 433A5C55 		.ascii	"C:\\Users\\Chai Yang\\Documents\\GitHub\\Node-Eleph"
 594      73657273 
 594      5C436861 
 594      69205961 
 594      6E675C44 
 595 0124 616E745C 		.ascii	"ant\\Node-Elephant\\Node-Elephant.cydsn\000"
 595      4E6F6465 
 595      2D456C65 
 595      7068616E 
 595      745C4E6F 
 596              	.LASF17:
 597 014a 73697A65 		.ascii	"sizetype\000"
 597      74797065 
 597      00
 598              	.LASF6:
 599 0153 6C6F6E67 		.ascii	"long long int\000"
 599      206C6F6E 
 599      6720696E 
 599      7400
 600              	.LASF15:
 601 0161 63686172 		.ascii	"char\000"
 601      00
 602              	.LASF24:
 603 0166 61766572 		.ascii	"averager\000"
 603      61676572 
 603      00
 604              	.LASF10:
 605 016f 75696E74 		.ascii	"uint8\000"
 605      3800
 606              	.LASF29:
 607 0175 474E5520 		.ascii	"GNU C 4.7.3 20130312 (release) [ARM/embedded-4_7-br"
 607      4320342E 
 607      372E3320 
 607      32303133 
 607      30333132 
ARM GAS  C:\Users\CHAIYA~1\AppData\Local\Temp\ccprHINw.s 			page 15


 608 01a8 616E6368 		.ascii	"anch revision 196615]\000"
 608      20726576 
 608      6973696F 
 608      6E203139 
 608      36363135 
 609              	.LASF4:
 610 01be 6C6F6E67 		.ascii	"long int\000"
 610      20696E74 
 610      00
 611              	.LASF0:
 612 01c7 7369676E 		.ascii	"signed char\000"
 612      65642063 
 612      68617200 
 613              		.ident	"GCC: (GNU Tools for ARM Embedded Processors) 4.7.3 20130312 (release) [ARM/embedded-4_7-br
